=== NQL SDK Session Debug Log ===
started_local=2026-04-12 15:45:39.199
world_id=world_032
world_dir=WorldSaves\world_032
trace_jsonl=DebugRuns\live_world_creation_20260412_154535.jsonl
---
[TRACE] ms=0 event=trace_reset detail=nqlsdk_init frontend=0 session=0 worldgen_active=0 stage=0
[TRACE] ms=0 event=runtime_init_start detail=NQL SDK - D3D12 frontend=0 session=0 worldgen_active=0 stage=0
[TRACE] ms=125 event=window_created detail=NQL SDK - D3D12 frontend=0 session=0 worldgen_active=0 stage=0
[TRACE] ms=718 event=runtime_init_complete detail=renderer initialized frontend=0 session=0 worldgen_active=0 stage=0
[TRACE] ms=3547 event=bind_world frontend=0 session=0 worldgen_active=0 stage=0
[TRACE] ms=3547 event=begin_async_world_session_load detail=world_032 frontend=0 session=0 worldgen_active=0 stage=0
[TRACE] ms=3547 event=async_world_session_load_ready detail=Starting world session... frontend=20 session=0 worldgen_active=1 stage=2
[TRACE] ms=3547 event=update_async_world_generation_stage detail=Starting world session... frontend=20 session=0 worldgen_active=1 stage=2
[TRACE] ms=3547 event=start_world_session_begin detail=world_032 frontend=20 session=0 worldgen_active=1 stage=2
[TRACE] ms=3547 event=bind_world frontend=20 session=0 worldgen_active=1 stage=2
[TRACE] ms=3547 event=start_world_session_enter detail=world_032 frontend=20 session=0 worldgen_active=1 stage=2
[TRACE] ms=3547 event=gen_stage_begin detail=Opening world save frontend=20 session=0 worldgen_active=1 stage=2
[TRACE] ms=3547 event=world_generation_session_step detail=Opening world save... frontend=20 session=0 worldgen_active=1 stage=2
[TRACE] ms=3547 event=gen_stage_end detail=Opening world save frontend=20 session=0 worldgen_active=1 stage=2
[TRACE] ms=3562 event=gen_stage_begin detail=Initializing world generator frontend=20 session=0 worldgen_active=1 stage=2
[TRACE] ms=3562 event=world_generation_session_step detail=Initializing world generator... frontend=20 session=0 worldgen_active=1 stage=2
[TRACE] ms=3578 event=gen_stage_end detail=Initializing world generator frontend=20 session=0 worldgen_active=1 stage=2
[TRACE] ms=3578 event=gen_stage_begin detail=Preparing world systems frontend=20 session=0 worldgen_active=1 stage=2
[TRACE] ms=3578 event=world_generation_session_step detail=Preparing world systems... frontend=20 session=0 worldgen_active=1 stage=2
[TRACE] ms=3625 event=gen_stage_end detail=Preparing world systems frontend=20 session=0 worldgen_active=1 stage=2
[TRACE] ms=3625 event=gen_stage_begin detail=Loading station state frontend=20 session=0 worldgen_active=1 stage=2
[TRACE] ms=3625 event=world_generation_session_step detail=Loading station state... frontend=20 session=0 worldgen_active=1 stage=2
[TRACE] ms=3625 event=gen_stage_end detail=Loading station state frontend=20 session=0 worldgen_active=1 stage=2
[TRACE] ms=3625 event=gen_stage_begin detail=Preparing chunk systems frontend=20 session=0 worldgen_active=1 stage=2
[TRACE] ms=3625 event=world_generation_session_step detail=Preparing chunk systems... frontend=20 session=0 worldgen_active=1 stage=2
[STREAMER] Initializing with 16 worker threads
[TRACE] ms=3656 event=gen_stage_end detail=Preparing chunk systems frontend=20 session=0 worldgen_active=1 stage=2
[TRACE] ms=3656 event=gen_stage_begin detail=Initializing entities frontend=20 session=0 worldgen_active=1 stage=2
[TRACE] ms=3656 event=world_generation_session_step detail=Initializing entities... frontend=20 session=0 worldgen_active=1 stage=2
[TRACE] ms=3656 event=gen_stage_end detail=Initializing entities frontend=20 session=0 worldgen_active=1 stage=2
[TRACE] ms=3656 event=gen_stage_begin detail=Restoring world state frontend=20 session=0 worldgen_active=1 stage=2
[TRACE] ms=3656 event=world_generation_session_step detail=Restoring world state... frontend=20 session=0 worldgen_active=1 stage=2
[TRACE] ms=3656 event=world_generation_session_step detail=Choosing random spawn... frontend=20 session=0 worldgen_active=1 stage=2
[TRACE] ms=4234 event=gen_stage_end detail=Restoring world state frontend=20 session=0 worldgen_active=1 stage=2
[TRACE] ms=4234 event=gen_stage_begin detail=Planning visible chunks frontend=20 session=0 worldgen_active=1 stage=2
[TRACE] ms=4234 event=world_generation_session_step detail=Planning visible chunks... frontend=20 session=0 worldgen_active=1 stage=2
[TRACE] ms=4234 event=gen_stage_end detail=Planning visible chunks frontend=20 session=0 worldgen_active=1 stage=2
[TRACE] ms=4234 event=gen_stage_begin detail=Loading nearby chunks frontend=20 session=0 worldgen_active=1 stage=2
[TRACE] ms=4234 event=world_generation_session_step detail=Loading nearby chunks... frontend=20 session=0 worldgen_active=1 stage=2
[BOOTSTRAP] sync_target_total=9 safety_radius=1
[TRACE] ms=4234 event=world_generation_session_step detail=Loading nearby terrain 9/0/0 frontend=20 session=0 worldgen_active=1 stage=2
[WORKER] Processing job cx=-4 cz=-5 gen=1 space=superchunk_terrain type=GENERATE
[WORKER] Processing job cx=-5 cz=-6 gen=1 space=superchunk_terrain type=GENERATE
[WORKER] Processing job cx=-6 cz=-6 gen=1 space=superchunk_terrain type=GENERATE
[WORKER] Processing job cx=-3 cz=-5 gen=1 space=superchunk_terrain type=GENERATE
[WORKER] Processing job cx=-4 cz=-4 gen=1 space=superchunk_terrain type=GENERATE
[WORKER] Processing job cx=-5 cz=-4 gen=1 space=superchunk_terrain type=GENERATE
[WORKER] Processing job cx=-4 cz=-6 gen=1 space=superchunk_terrain type=GENERATE
[TRACE] ms=4234 event=world_generation_session_step detail=Loading nearby terrain 9/0/0 W0 frontend=20 session=0 worldgen_active=1 stage=2
[WORKER] Processing job cx=-5 cz=-3 gen=1 space=superchunk_terrain type=GENERATE
[WORKER] Processing job cx=-6 cz=-5 gen=1 space=superchunk_terrain type=GENERATE
[TRACE] ms=4265 event=world_generation_session_step detail=Loading nearby terrain 9/0/0 W11 frontend=20 session=0 worldgen_active=1 stage=2
[WORKER] Meshing cx=-3 cz=-5 (persisted=0)
[WORKER] Meshing cx=-4 cz=-5 (persisted=0)
[WORKER] Meshing cx=-4 cz=-4 (persisted=0)
[WORKER] Meshing cx=-5 cz=-3 (persisted=0)
[WORKER] Meshing cx=-5 cz=-4 (persisted=0)
[WORKER] Meshing cx=-4 cz=-6 (persisted=0)
[WORKER] Meshing cx=-5 cz=-5 (persisted=0)
[WORKER] Mesh complete cx=-4 cz=-5 built=000001E8B7175EB0
[WORKER] Queuing result cx=-4 cz=-5 gen=1 space=superchunk_terrain built=000001E8B7175EB0 results=0/768
[ADOPT] Adopting chunk (-4,-5) gen=1 role=1
[ADOPT] SUCCESS chunk (-4,-5) now resident. loaded_from_persist=0
[TRACE] ms=6062 event=world_generation_session_step detail=Loading nearby terrain 9/1/0 W10 frontend=20 session=0 worldgen_active=1 stage=2
[WORKER] Mesh complete cx=-3 cz=-5 built=000001E8B7277F70
[WORKER] Queuing result cx=-3 cz=-5 gen=1 space=superchunk_terrain built=000001E8B7277F70 results=0/768
[ADOPT] Adopting chunk (-3,-5) gen=1 role=1
[ADOPT] SUCCESS chunk (-3,-5) now resident. loaded_from_persist=0
[TRACE] ms=6109 event=world_generation_session_step detail=Loading nearby terrain 9/1/0 W9 frontend=20 session=0 worldgen_active=1 stage=2
[WORKER] Mesh complete cx=-4 cz=-4 built=000001E8A92EDBC0
[WORKER] Queuing result cx=-4 cz=-4 gen=1 space=superchunk_terrain built=000001E8A92EDBC0 results=0/768
[ADOPT] Adopting chunk (-4,-4) gen=1 role=1
[ADOPT] SUCCESS chunk (-4,-4) now resident. loaded_from_persist=0
[TRACE] ms=6140 event=world_generation_session_step detail=Loading nearby terrain 9/2/0 W8 frontend=20 session=0 worldgen_active=1 stage=2
[WORKER] Meshing cx=-5 cz=-6 (persisted=0)
[WORKER] Mesh complete cx=-5 cz=-3 built=000001E8A82FC150
[WORKER] Queuing result cx=-5 cz=-3 gen=1 space=superchunk_terrain built=000001E8A82FC150 results=0/768
[TRACE] ms=6203 event=world_generation_session_step detail=Loading nearby terrain 9/2/0 W7 frontend=20 session=0 worldgen_active=1 stage=2
[WORKER] Meshing cx=-6 cz=-4 (persisted=0)
[ADOPT] Adopting chunk (-5,-3) gen=1 role=1
[ADOPT] SUCCESS chunk (-5,-3) now resident. loaded_from_persist=0
[WORKER] Mesh complete cx=-4 cz=-6 built=000001E8B70F4A00
[WORKER] Queuing result cx=-4 cz=-6 gen=1 space=superchunk_terrain built=000001E8B70F4A00 results=0/768
[WORKER] Mesh complete cx=-5 cz=-4 built=000001E8B71F69B0
[WORKER] Queuing result cx=-5 cz=-4 gen=1 space=superchunk_terrain built=000001E8B71F69B0 results=1/768
[ADOPT] Adopting chunk (-4,-6) gen=1 role=1
[ADOPT] SUCCESS chunk (-4,-6) now resident. loaded_from_persist=0
[ADOPT] Adopting chunk (-5,-4) gen=1 role=1
[ADOPT] SUCCESS chunk (-5,-4) now resident. loaded_from_persist=0
[TRACE] ms=6359 event=world_generation_session_step detail=Loading nearby terrain 9/4/0 W5 frontend=20 session=0 worldgen_active=1 stage=2
[WORKER] Meshing cx=-6 cz=-6 (persisted=0)
[WORKER] Meshing cx=-6 cz=-5 (persisted=0)
[WORKER] Mesh complete cx=-5 cz=-5 built=000001E8B72F8A70
[WORKER] Queuing result cx=-5 cz=-5 gen=1 space=superchunk_terrain built=000001E8B72F8A70 results=0/768
[ADOPT] Adopting chunk (-5,-5) gen=1 role=1
[ADOPT] SUCCESS chunk (-5,-5) now resident. loaded_from_persist=0
[TRACE] ms=6609 event=world_generation_session_step detail=Loading nearby terrain 9/5/0 W4 frontend=20 session=0 worldgen_active=1 stage=2
[WORKER] Mesh complete cx=-6 cz=-4 built=000001E8A83534A0
[WORKER] Queuing result cx=-6 cz=-4 gen=1 space=superchunk_terrain built=000001E8A83534A0 results=0/768
[ADOPT] Adopting chunk (-6,-4) gen=1 role=1
[ADOPT] SUCCESS chunk (-6,-4) now resident. loaded_from_persist=0
[TRACE] ms=6859 event=world_generation_session_step detail=Loading nearby terrain 9/6/0 W3 frontend=20 session=0 worldgen_active=1 stage=2
[WORKER] Mesh complete cx=-5 cz=-6 built=000001E8B7696170
[WORKER] Queuing result cx=-5 cz=-6 gen=1 space=superchunk_terrain built=000001E8B7696170 results=0/768
[ADOPT] Adopting chunk (-5,-6) gen=1 role=1
[ADOPT] SUCCESS chunk (-5,-6) now resident. loaded_from_persist=0
[TRACE] ms=6922 event=world_generation_session_step detail=Loading nearby terrain 9/7/0 W2 frontend=20 session=0 worldgen_active=1 stage=2
[WORKER] Mesh complete cx=-6 cz=-6 built=000001E8B71F7470
[WORKER] Queuing result cx=-6 cz=-6 gen=1 space=superchunk_terrain built=000001E8B71F7470 results=0/768
[ADOPT] Adopting chunk (-6,-6) gen=1 role=1
[ADOPT] SUCCESS chunk (-6,-6) now resident. loaded_from_persist=0
[TRACE] ms=7062 event=world_generation_session_step detail=Loading nearby terrain 9/8/0 W1 frontend=20 session=0 worldgen_active=1 stage=2
[WORKER] Mesh complete cx=-6 cz=-5 built=000001E8B70AA110
[WORKER] Queuing result cx=-6 cz=-5 gen=1 space=superchunk_terrain built=000001E8B70AA110 results=0/768
[ADOPT] Adopting chunk (-6,-5) gen=1 role=1
[ADOPT] SUCCESS chunk (-6,-5) now resident. loaded_from_persist=0
[TRACE] ms=7172 event=world_generation_session_step detail=Loading nearby terrain 9/9/0 W0 frontend=20 session=0 worldgen_active=1 stage=2
[TRACE] ms=11968 event=world_generation_session_step detail=Loading nearby terrain 9/9/9 W0 frontend=20 session=0 worldgen_active=1 stage=2
