'NqlSDK.exe' (Win32): Loaded 'C:\GitHub\CPSS\PrimeNumberTools\Viewers\C\Windows\Windows\NQL\SDK\x64\Debug\NqlSDK.exe'. Symbols loaded.
'NqlSDK.exe' (Win32): Loaded 'C:\Windows\System32\ntdll.dll'. Symbol loading disabled by Include/Exclude setting.
'NqlSDK.exe' (Win32): Loaded 'C:\Windows\System32\kernel32.dll'. Symbol loading disabled by Include/Exclude setting.
'NqlSDK.exe' (Win32): Loaded 'C:\Windows\System32\KernelBase.dll'. Symbol loading disabled by Include/Exclude setting.
'NqlSDK.exe' (Win32): Loaded 'C:\Windows\System32\user32.dll'. Symbol loading disabled by Include/Exclude setting.
'NqlSDK.exe' (Win32): Loaded 'C:\Windows\System32\win32u.dll'. Symbol loading disabled by Include/Exclude setting.
'NqlSDK.exe' (Win32): Loaded 'C:\Windows\System32\dxgi.dll'. Symbol loading disabled by Include/Exclude setting.
'NqlSDK.exe' (Win32): Loaded 'C:\Windows\System32\D3DCompiler_47.dll'. Symbol loading disabled by Include/Exclude setting.
'NqlSDK.exe' (Win32): Loaded 'C:\Windows\System32\gdi32.dll'. Symbol loading disabled by Include/Exclude setting.
'NqlSDK.exe' (Win32): Loaded 'C:\Windows\System32\D3D12.dll'. Symbol loading disabled by Include/Exclude setting.
'NqlSDK.exe' (Win32): Loaded 'C:\Windows\System32\msvcp_win.dll'. Symbol loading disabled by Include/Exclude setting.
'NqlSDK.exe' (Win32): Loaded 'C:\Windows\System32\ucrtbase.dll'. Symbol loading disabled by Include/Exclude setting.
'NqlSDK.exe' (Win32): Loaded 'C:\Windows\System32\ucrtbase.dll'. Symbol loading disabled by Include/Exclude setting.
'NqlSDK.exe' (Win32): Loaded 'C:\Windows\System32\gdi32full.dll'. Symbol loading disabled by Include/Exclude setting.
'NqlSDK.exe' (Win32): Unloaded 'C:\Windows\System32\ucrtbase.dll'
'NqlSDK.exe' (Win32): Loaded 'C:\Windows\System32\rpcrt4.dll'. Symbol loading disabled by Include/Exclude setting.
'NqlSDK.exe' (Win32): Loaded 'C:\Windows\System32\ole32.dll'. Symbol loading disabled by Include/Exclude setting.
'NqlSDK.exe' (Win32): Loaded 'C:\Windows\System32\powrprof.dll'. Symbol loading disabled by Include/Exclude setting.
'NqlSDK.exe' (Win32): Loaded 'C:\Windows\System32\combase.dll'. Symbol loading disabled by Include/Exclude setting.
'NqlSDK.exe' (Win32): Loaded 'C:\Windows\System32\cryptsp.dll'. Symbol loading disabled by Include/Exclude setting.
'NqlSDK.exe' (Win32): Loaded 'C:\Windows\System32\vcruntime140_1d.dll'. Symbol loading disabled by Include/Exclude setting.
'NqlSDK.exe' (Win32): Loaded 'C:\Windows\System32\vcruntime140d.dll'. Symbol loading disabled by Include/Exclude setting.
'NqlSDK.exe' (Win32): Loaded 'C:\Windows\System32\ucrtbased.dll'. Symbol loading disabled by Include/Exclude setting.
'NqlSDK.exe' (Win32): Loaded 'C:\Windows\System32\msvcp140d.dll'. Symbol loading disabled by Include/Exclude setting.
'NqlSDK.exe' (Win32): Loaded 'C:\Windows\System32\umpdc.dll'. Symbol loading disabled by Include/Exclude setting.
'NqlSDK.exe' (Win32): Loaded 'C:\Windows\System32\imm32.dll'. Symbol loading disabled by Include/Exclude setting.
[SHARED_CACHE] Initialized global worldgen cache
'NqlSDK.exe' (Win32): Loaded 'C:\Windows\System32\uxtheme.dll'. Symbol loading disabled by Include/Exclude setting.
'NqlSDK.exe' (Win32): Loaded 'C:\Windows\System32\msctf.dll'. Symbol loading disabled by Include/Exclude setting.
'NqlSDK.exe' (Win32): Loaded 'C:\Windows\System32\msvcrt.dll'. Symbol loading disabled by Include/Exclude setting.
'NqlSDK.exe' (Win32): Loaded 'C:\Windows\System32\kernel.appcore.dll'. Symbol loading disabled by Include/Exclude setting.
'NqlSDK.exe' (Win32): Loaded 'C:\Windows\System32\bcryptprimitives.dll'. Symbol loading disabled by Include/Exclude setting.
'NqlSDK.exe' (Win32): Loaded 'C:\Windows\System32\oleaut32.dll'. Symbol loading disabled by Include/Exclude setting.
'NqlSDK.exe' (Win32): Loaded 'C:\Windows\System32\sechost.dll'. Symbol loading disabled by Include/Exclude setting.
'NqlSDK.exe' (Win32): Loaded 'C:\Windows\System32\TextInputFramework.dll'. Symbol loading disabled by Include/Exclude setting.
'NqlSDK.exe' (Win32): Loaded 'C:\Windows\System32\CoreMessaging.dll'. Symbol loading disabled by Include/Exclude setting.
'NqlSDK.exe' (Win32): Loaded 'C:\Windows\System32\CoreUIComponents.dll'. Symbol loading disabled by Include/Exclude setting.
'NqlSDK.exe' (Win32): Loaded 'C:\Windows\System32\WinTypes.dll'. Symbol loading disabled by Include/Exclude setting.
'NqlSDK.exe' (Win32): Loaded 'C:\Windows\System32\advapi32.dll'. Symbol loading disabled by Include/Exclude setting.
'NqlSDK.exe' (Win32): Loaded 'C:\Windows\System32\cryptbase.dll'. Symbol loading disabled by Include/Exclude setting.
'NqlSDK.exe' (Win32): Loaded 'C:\Windows\System32\oleacc.dll'. Symbol loading disabled by Include/Exclude setting.
The thread 'ShellHandwriting Delegate Thread' (43164) has exited with code 0 (0x0).
'NqlSDK.exe' (Win32): Loaded 'C:\Windows\System32\D3D12Core.dll'. Symbol loading disabled by Include/Exclude setting.
'NqlSDK.exe' (Win32): Loaded 'C:\Windows\System32\DXGIDebug.dll'. Symbol loading disabled by Include/Exclude setting.
'NqlSDK.exe' (Win32): Loaded 'C:\Windows\System32\d3d12SDKLayers.dll'. Symbol loading disabled by Include/Exclude setting.
'NqlSDK.exe' (Win32): Unloaded 'C:\Windows\System32\DXGIDebug.dll'
'NqlSDK.exe' (Win32): Unloaded 'C:\Windows\System32\d3d12SDKLayers.dll'
'NqlSDK.exe' (Win32): Loaded 'C:\Windows\System32\DXGIDebug.dll'. Symbol loading disabled by Include/Exclude setting.
'NqlSDK.exe' (Win32): Loaded 'C:\Windows\System32\DXCore.dll'. Symbol loading disabled by Include/Exclude setting.
'NqlSDK.exe' (Win32): Loaded 'C:\Windows\System32\ResourcePolicyClient.dll'. Symbol loading disabled by Include/Exclude setting.
'NqlSDK.exe' (Win32): Unloaded 'C:\Windows\System32\ResourcePolicyClient.dll'
'NqlSDK.exe' (Win32): Loaded 'C:\Windows\System32\directxdatabasehelper.dll'. Symbol loading disabled by Include/Exclude setting.
'NqlSDK.exe' (Win32): Loaded 'C:\Windows\System32\cfgmgr32.dll'. Symbol loading disabled by Include/Exclude setting.
'NqlSDK.exe' (Win32): Loaded 'C:\Windows\System32\DriverStore\FileRepository\nvamsi.inf_amd64_82cd5f0af3386fea\nvdlistx.dll'. Symbol loading disabled by Include/Exclude setting.
'NqlSDK.exe' (Win32): Loaded 'C:\Windows\System32\version.dll'. Symbol loading disabled by Include/Exclude setting.
'NqlSDK.exe' (Win32): Unloaded 'C:\Windows\System32\version.dll'
'NqlSDK.exe' (Win32): Unloaded 'C:\Windows\System32\DriverStore\FileRepository\nvamsi.inf_amd64_82cd5f0af3386fea\nvdlistx.dll'
'NqlSDK.exe' (Win32): Loaded 'C:\Windows\System32\DriverStore\FileRepository\nvamsi.inf_amd64_82cd5f0af3386fea\nvdlistx.dll'. Symbol loading disabled by Include/Exclude setting.
'NqlSDK.exe' (Win32): Loaded 'C:\Windows\System32\version.dll'. Symbol loading disabled by Include/Exclude setting.
'NqlSDK.exe' (Win32): Loaded 'C:\Windows\System32\DriverStore\FileRepository\u0414671.inf_amd64_d35a7e787428e027\B414600\amdxc64.dll'. Symbol loading disabled by Include/Exclude setting.
'NqlSDK.exe' (Win32): Loaded 'C:\Windows\System32\winmm.dll'. Symbol loading disabled by Include/Exclude setting.
'NqlSDK.exe' (Win32): Unloaded 'C:\Windows\System32\DriverStore\FileRepository\nvamsi.inf_amd64_82cd5f0af3386fea\nvdlistx.dll'
The thread 50288 has exited with code 0 (0x0).
'NqlSDK.exe' (Win32): Loaded 'C:\Windows\System32\shell32.dll'. Symbol loading disabled by Include/Exclude setting.
'NqlSDK.exe' (Win32): Loaded 'C:\Windows\System32\windows.storage.dll'. Symbol loading disabled by Include/Exclude setting.
'NqlSDK.exe' (Win32): Loaded 'C:\Windows\System32\SHCore.dll'. Symbol loading disabled by Include/Exclude setting.
'NqlSDK.exe' (Win32): Loaded 'C:\Windows\System32\shlwapi.dll'. Symbol loading disabled by Include/Exclude setting.
'NqlSDK.exe' (Win32): Loaded 'C:\Windows\System32\bcrypt.dll'. Symbol loading disabled by Include/Exclude setting.
'NqlSDK.exe' (Win32): Loaded 'C:\Windows\System32\DriverStore\FileRepository\u0414671.inf_amd64_d35a7e787428e027\B414600\amdihk64.dll'. Module was built without symbols.
'NqlSDK.exe' (Win32): Loaded 'C:\Windows\System32\d3d12SDKLayers.dll'. Symbol loading disabled by Include/Exclude setting.
'NqlSDK.exe' (Win32): Unloaded 'C:\Windows\System32\d3d12SDKLayers.dll'
'NqlSDK.exe' (Win32): Unloaded 'C:\Windows\System32\DriverStore\FileRepository\u0414671.inf_amd64_d35a7e787428e027\B414600\amdihk64.dll'
'NqlSDK.exe' (Win32): Unloaded 'C:\Windows\System32\winmm.dll'
'NqlSDK.exe' (Win32): Unloaded 'C:\Windows\System32\version.dll'
'NqlSDK.exe' (Win32): Unloaded 'C:\Windows\System32\DriverStore\FileRepository\u0414671.inf_amd64_d35a7e787428e027\B414600\amdxc64.dll'
'NqlSDK.exe' (Win32): Loaded 'C:\Windows\System32\DriverStore\FileRepository\u0414671.inf_amd64_d35a7e787428e027\B414600\amdxc64.dll'. Symbol loading disabled by Include/Exclude setting.
'NqlSDK.exe' (Win32): Loaded 'C:\Windows\System32\winmm.dll'. Symbol loading disabled by Include/Exclude setting.
'NqlSDK.exe' (Win32): Loaded 'C:\Windows\System32\version.dll'. Symbol loading disabled by Include/Exclude setting.
'NqlSDK.exe' (Win32): Loaded 'C:\Windows\System32\DriverStore\FileRepository\u0414671.inf_amd64_d35a7e787428e027\B414600\amdihk64.dll'. Module was built without symbols.
'NqlSDK.exe' (Win32): Loaded 'C:\Windows\System32\d3d12SDKLayers.dll'. Symbol loading disabled by Include/Exclude setting.
'NqlSDK.exe' (Win32): Loaded 'C:\Windows\System32\D3DSCache.dll'. Symbol loading disabled by Include/Exclude setting.
'NqlSDK.exe' (Win32): Loaded 'C:\Windows\System32\userenv.dll'. Symbol loading disabled by Include/Exclude setting.
'NqlSDK.exe' (Win32): Loaded 'C:\Windows\System32\dxilconv.dll'. Symbol loading disabled by Include/Exclude setting.
'NqlSDK.exe' (Win32): Unloaded 'C:\Windows\System32\dxilconv.dll'
'NqlSDK.exe' (Win32): Loaded 'C:\Windows\System32\dcomp.dll'. Symbol loading disabled by Include/Exclude setting.
'NqlSDK.exe' (Win32): Loaded 'C:\Windows\System32\Microsoft.Internal.WarpPal.dll'. Symbol loading disabled by Include/Exclude setting.
'NqlSDK.exe' (Win32): Loaded 'C:\Windows\System32\dwmapi.dll'. Symbol loading disabled by Include/Exclude setting.
'NqlSDK.exe' (Win32): Loaded 'C:\Windows\System32\rsaenh.dll'. Symbol loading disabled by Include/Exclude setting.
'NqlSDK.exe' (Win32): Loaded 'C:\Windows\System32\dxilconv.dll'. Symbol loading disabled by Include/Exclude setting.
'NqlSDK.exe' (Win32): Loaded 'C:\Windows\System32\clbcatq.dll'. Symbol loading disabled by Include/Exclude setting.
'NqlSDK.exe' (Win32): Loaded 'C:\Windows\System32\WindowsCodecs.dll'. Symbol loading disabled by Include/Exclude setting.
'NqlSDK.exe' (Win32): Loaded 'C:\Windows\System32\TextShaping.dll'. Symbol loading disabled by Include/Exclude setting.
[NQL SDK] Camera init: pos(0.00,200.00,0.00) tgt(0.00,180.00,64.00)
'NqlSDK.exe' (Win32): Loaded 'C:\Windows\System32\ApplicationTargetedFeatureDatabase.dll'. Symbol loading disabled by Include/Exclude setting.
'NqlSDK.exe' (Win32): Loaded 'C:\Windows\System32\twinapi.appcore.dll'. Symbol loading disabled by Include/Exclude setting.
The thread 'ShellHandwriting Delegate Thread' (42348) has exited with code 0 (0x0).
[GEN_STAGE] begin idx=0/16 name="Opening world save"
[GEN_STAGE] end idx=0 name="Opening world save" duration=15ms chunks=0 data_kb=0
[GEN_STAGE] begin idx=1/16 name="Initializing world generator"
[GEN_STAGE] end idx=1 name="Initializing world generator" duration=16ms chunks=0 data_kb=0
[GEN_STAGE] begin idx=2/16 name="Preparing world systems"
[GEN_STAGE] end idx=2 name="Preparing world systems" duration=47ms chunks=0 data_kb=0
[GEN_STAGE] begin idx=3/16 name="Loading station state"
[GEN_STAGE] end idx=3 name="Loading station state" duration=0ms chunks=0 data_kb=0
[GEN_STAGE] begin idx=4/16 name="Preparing chunk systems"
[STREAMER] Initializing with 16 worker threads
[GEN_STAGE] end idx=4 name="Preparing chunk systems" duration=15ms chunks=0 data_kb=0
[GEN_STAGE] begin idx=5/16 name="Initializing entities"
[GEN_STAGE] end idx=5 name="Initializing entities" duration=0ms chunks=0 data_kb=0
[GEN_STAGE] begin idx=6/16 name="Restoring world state"
[SPAWN] Random spawn at (-97,-149) top=115 surface=113 water=192 province=0 moisture=4 relief=0 score=0
[GEN_STAGE] end idx=6 name="Restoring world state" duration=563ms chunks=0 data_kb=0
[GEN_STAGE] begin idx=7/16 name="Planning visible chunks"
[GEN_STAGE] end idx=7 name="Planning visible chunks" duration=0ms chunks=0 data_kb=0
[GEN_STAGE] begin idx=8/16 name="Loading nearby chunks"
[BOOTSTRAP] sync_target_total=9 safety_radius=1
[WORKER] Processing job cx=-2 cz=-2 gen=2 type=GENERATE
[WORKER] Processing job cx=-1 cz=-3 gen=2 type=GENERATE
[WORKER] Processing job cx=-3 cz=-3 gen=2 type=GENERATE
[WORKER] Processing job cx=-2 cz=-3 gen=2 type=GENERATE
[WORKER] Processing job cx=-3 cz=-2 gen=2 type=GENERATE
[WORKER] Processing job cx=-3 cz=-4 gen=2 type=GENERATE
[WORKER] Processing job cx=-1 cz=-4 gen=2 type=GENERATE
[READINESS] desired=9 resident=0 gpu_ready=0 | skips: not_primary=144 outside_radius=247 no_chunk=9 no_blocks=0 | pending: workers=4 jobs=2 results=0
[WORKER] Processing job cx=0 cz=-3 gen=2 type=GENERATE
[WORKER] Processing job cx=-4 cz=-3 gen=2 type=GENERATE
[WORKER] Processing job cx=-2 cz=-4 gen=2 type=GENERATE
[WORKER] Processing job cx=-1 cz=-2 gen=2 type=GENERATE
[READINESS] desired=9 resident=0 gpu_ready=0 | skips: not_primary=144 outside_radius=247 no_chunk=9 no_blocks=0 | pending: workers=11 jobs=0 results=0
[READINESS] desired=9 resident=0 gpu_ready=0 | skips: not_primary=144 outside_radius=247 no_chunk=9 no_blocks=0 | pending: workers=11 jobs=0 results=0
[READINESS] desired=9 resident=0 gpu_ready=0 | skips: not_primary=144 outside_radius=247 no_chunk=9 no_blocks=0 | pending: workers=11 jobs=0 results=0
[READINESS] desired=9 resident=0 gpu_ready=0 | skips: not_primary=144 outside_radius=247 no_chunk=9 no_blocks=0 | pending: workers=11 jobs=0 results=0
[READINESS] desired=9 resident=0 gpu_ready=0 | skips: not_primary=144 outside_radius=247 no_chunk=9 no_blocks=0 | pending: workers=11 jobs=0 results=0
[READINESS] desired=9 resident=0 gpu_ready=0 | skips: not_primary=144 outside_radius=247 no_chunk=9 no_blocks=0 | pending: workers=11 jobs=0 results=0
[READINESS] desired=9 resident=0 gpu_ready=0 | skips: not_primary=144 outside_radius=247 no_chunk=9 no_blocks=0 | pending: workers=11 jobs=0 results=0
[READINESS] desired=9 resident=0 gpu_ready=0 | skips: not_primary=144 outside_radius=247 no_chunk=9 no_blocks=0 | pending: workers=11 jobs=0 results=0
[READINESS] desired=9 resident=0 gpu_ready=0 | skips: not_primary=144 outside_radius=247 no_chunk=9 no_blocks=0 | pending: workers=11 jobs=0 results=0
[READINESS] desired=9 resident=0 gpu_ready=0 | skips: not_primary=144 outside_radius=247 no_chunk=9 no_blocks=0 | pending: workers=11 jobs=0 results=0
[READINESS] desired=9 resident=0 gpu_ready=0 | skips: not_primary=144 outside_radius=247 no_chunk=9 no_blocks=0 | pending: workers=11 jobs=0 results=0
[READINESS] desired=9 resident=0 gpu_ready=0 | skips: not_primary=144 outside_radius=247 no_chunk=9 no_blocks=0 | pending: workers=11 jobs=0 results=0
[READINESS] desired=9 resident=0 gpu_ready=0 | skips: not_primary=144 outside_radius=247 no_chunk=9 no_blocks=0 | pending: workers=11 jobs=0 results=0
[WORKER] Meshing cx=0 cz=-3 (persisted=0)
[READINESS] desired=9 resident=0 gpu_ready=0 | skips: not_primary=144 outside_radius=247 no_chunk=9 no_blocks=0 | pending: workers=11 jobs=0 results=0
[WORKER] Mesh complete cx=0 cz=-3 built=00000251E87827E0
[WORKER] Queuing result cx=0 cz=-3 gen=2 built=00000251E87827E0 results=0/768
[PROCESS] Popped result cx=0 cz=-3 gen=2 type=GENERATE built=00000251E87827E0
[ADOPT] Adopting chunk (0,-3) gen=2 role=2
[ADOPT] SUCCESS chunk (0,-3) now resident. loaded_from_persist=0
[PROCESS] Adoption result: adopted=1 for cx=0 cz=-3
[READINESS] desired=9 resident=0 gpu_ready=0 | skips: not_primary=144 outside_radius=247 no_chunk=9 no_blocks=0 | pending: workers=10 jobs=0 results=0
[READINESS] desired=9 resident=0 gpu_ready=0 | skips: not_primary=144 outside_radius=247 no_chunk=9 no_blocks=0 | pending: workers=10 jobs=0 results=0
[READINESS] desired=9 resident=0 gpu_ready=0 | skips: not_primary=144 outside_radius=247 no_chunk=9 no_blocks=0 | pending: workers=10 jobs=0 results=0
[READINESS] desired=9 resident=0 gpu_ready=0 | skips: not_primary=144 outside_radius=247 no_chunk=9 no_blocks=0 | pending: workers=10 jobs=0 results=0
[READINESS] desired=9 resident=0 gpu_ready=0 | skips: not_primary=144 outside_radius=247 no_chunk=9 no_blocks=0 | pending: workers=10 jobs=0 results=0
[READINESS] desired=9 resident=0 gpu_ready=0 | skips: not_primary=144 outside_radius=247 no_chunk=9 no_blocks=0 | pending: workers=10 jobs=0 results=0
[READINESS] desired=9 resident=0 gpu_ready=0 | skips: not_primary=144 outside_radius=247 no_chunk=9 no_blocks=0 | pending: workers=10 jobs=0 results=0
[READINESS] desired=9 resident=0 gpu_ready=0 | skips: not_primary=144 outside_radius=247 no_chunk=9 no_blocks=0 | pending: workers=10 jobs=0 results=0
[READINESS] desired=9 resident=0 gpu_ready=0 | skips: not_primary=144 outside_radius=247 no_chunk=9 no_blocks=0 | pending: workers=10 jobs=0 results=0
[READINESS] desired=9 resident=0 gpu_ready=0 | skips: not_primary=144 outside_radius=247 no_chunk=9 no_blocks=0 | pending: workers=10 jobs=0 results=0
[READINESS] desired=9 resident=0 gpu_ready=0 | skips: not_primary=144 outside_radius=247 no_chunk=9 no_blocks=0 | pending: workers=10 jobs=0 results=0
[READINESS] desired=9 resident=0 gpu_ready=0 | skips: not_primary=144 outside_radius=247 no_chunk=9 no_blocks=0 | pending: workers=10 jobs=0 results=0
[READINESS] desired=9 resident=0 gpu_ready=0 | skips: not_primary=144 outside_radius=247 no_chunk=9 no_blocks=0 | pending: workers=10 jobs=0 results=0
[READINESS] desired=9 resident=0 gpu_ready=0 | skips: not_primary=144 outside_radius=247 no_chunk=9 no_blocks=0 | pending: workers=10 jobs=0 results=0
[READINESS] desired=9 resident=0 gpu_ready=0 | skips: not_primary=144 outside_radius=247 no_chunk=9 no_blocks=0 | pending: workers=10 jobs=0 results=0
[READINESS] desired=9 resident=0 gpu_ready=0 | skips: not_primary=144 outside_radius=247 no_chunk=9 no_blocks=0 | pending: workers=10 jobs=0 results=0
[READINESS] desired=9 resident=0 gpu_ready=0 | skips: not_primary=144 outside_radius=247 no_chunk=9 no_blocks=0 | pending: workers=10 jobs=0 results=0
[READINESS] desired=9 resident=0 gpu_ready=0 | skips: not_primary=144 outside_radius=247 no_chunk=9 no_blocks=0 | pending: workers=10 jobs=0 results=0
[READINESS] desired=9 resident=0 gpu_ready=0 | skips: not_primary=144 outside_radius=247 no_chunk=9 no_blocks=0 | pending: workers=10 jobs=0 results=0
[READINESS] desired=9 resident=0 gpu_ready=0 | skips: not_primary=144 outside_radius=247 no_chunk=9 no_blocks=0 | pending: workers=10 jobs=0 results=0
[READINESS] desired=9 resident=0 gpu_ready=0 | skips: not_primary=144 outside_radius=247 no_chunk=9 no_blocks=0 | pending: workers=10 jobs=0 results=0
[READINESS] desired=9 resident=0 gpu_ready=0 | skips: not_primary=144 outside_radius=247 no_chunk=9 no_blocks=0 | pending: workers=10 jobs=0 results=0
[READINESS] desired=9 resident=0 gpu_ready=0 | skips: not_primary=144 outside_radius=247 no_chunk=9 no_blocks=0 | pending: workers=10 jobs=0 results=0
[READINESS] desired=9 resident=0 gpu_ready=0 | skips: not_primary=144 outside_radius=247 no_chunk=9 no_blocks=0 | pending: workers=10 jobs=0 results=0
[WORKER] Meshing cx=-1 cz=-4 (persisted=0)
[READINESS] desired=9 resident=0 gpu_ready=0 | skips: not_primary=144 outside_radius=247 no_chunk=9 no_blocks=0 | pending: workers=10 jobs=0 results=0
[WORKER] Mesh complete cx=-1 cz=-4 built=00000251E8787580
[WORKER] Queuing result cx=-1 cz=-4 gen=2 built=00000251E8787580 results=0/768
[PROCESS] Popped result cx=-1 cz=-4 gen=2 type=GENERATE built=00000251E8787580
[ADOPT] Adopting chunk (-1,-4) gen=2 role=1
[ADOPT] SUCCESS chunk (-1,-4) now resident. loaded_from_persist=0
[PROCESS] Adoption result: adopted=1 for cx=-1 cz=-4
[READINESS] desired=9 resident=1 gpu_ready=0 | skips: not_primary=144 outside_radius=247 no_chunk=8 no_blocks=0 | pending: workers=9 jobs=0 results=0
[READINESS] desired=9 resident=1 gpu_ready=0 | skips: not_primary=144 outside_radius=247 no_chunk=8 no_blocks=0 | pending: workers=9 jobs=0 results=0
[WORKER] Meshing cx=-1 cz=-3 (persisted=0)
[WORKER] Meshing cx=-2 cz=-2 (persisted=0)
[READINESS] desired=9 resident=1 gpu_ready=0 | skips: not_primary=144 outside_radius=247 no_chunk=8 no_blocks=0 | pending: workers=9 jobs=0 results=0
[WORKER] Mesh complete cx=-1 cz=-3 built=00000251DEE08230
[WORKER] Queuing result cx=-1 cz=-3 gen=2 built=00000251DEE08230 results=0/768
[PROCESS] Popped result cx=-1 cz=-3 gen=2 type=GENERATE built=00000251DEE08230
[ADOPT] Adopting chunk (-1,-3) gen=2 role=1
[ADOPT] SUCCESS chunk (-1,-3) now resident. loaded_from_persist=0
[PROCESS] Adoption result: adopted=1 for cx=-1 cz=-3
[WORKER] Mesh complete cx=-2 cz=-2 built=00000251ED55F600
[WORKER] Queuing result cx=-2 cz=-2 gen=2 built=00000251ED55F600 results=0/768
[PROCESS] Popped result cx=-2 cz=-2 gen=2 type=GENERATE built=00000251ED55F600
[ADOPT] Adopting chunk (-2,-2) gen=2 role=1
[ADOPT] SUCCESS chunk (-2,-2) now resident. loaded_from_persist=0
[PROCESS] Adoption result: adopted=1 for cx=-2 cz=-2
[WORKER] Meshing cx=-2 cz=-3 (persisted=0)
[READINESS] desired=9 resident=3 gpu_ready=0 | skips: not_primary=144 outside_radius=247 no_chunk=6 no_blocks=0 | pending: workers=7 jobs=0 results=0
[WORKER] Mesh complete cx=-2 cz=-3 built=00000251FBC4F0F0
[WORKER] Queuing result cx=-2 cz=-3 gen=2 built=00000251FBC4F0F0 results=0/768
[PROCESS] Popped result cx=-2 cz=-3 gen=2 type=GENERATE built=00000251FBC4F0F0
[ADOPT] Adopting chunk (-2,-3) gen=2 role=1
[ADOPT] SUCCESS chunk (-2,-3) now resident. loaded_from_persist=0
[PROCESS] Adoption result: adopted=1 for cx=-2 cz=-3
[READINESS] desired=9 resident=4 gpu_ready=0 | skips: not_primary=144 outside_radius=247 no_chunk=5 no_blocks=0 | pending: workers=6 jobs=0 results=0
[WORKER] Meshing cx=-2 cz=-4 (persisted=0)
[WORKER] Mesh complete cx=-2 cz=-4 built=00000251E8786AC0
[WORKER] Queuing result cx=-2 cz=-4 gen=2 built=00000251E8786AC0 results=0/768
[PROCESS] Popped result cx=-2 cz=-4 gen=2 type=GENERATE built=00000251E8786AC0
[ADOPT] Adopting chunk (-2,-4) gen=2 role=1
[ADOPT] SUCCESS chunk (-2,-4) now resident. loaded_from_persist=0
[PROCESS] Adoption result: adopted=1 for cx=-2 cz=-4
[READINESS] desired=9 resident=5 gpu_ready=0 | skips: not_primary=144 outside_radius=247 no_chunk=4 no_blocks=0 | pending: workers=5 jobs=0 results=0
[READINESS] desired=9 resident=5 gpu_ready=0 | skips: not_primary=144 outside_radius=247 no_chunk=4 no_blocks=0 | pending: workers=5 jobs=0 results=0
[WORKER] Meshing cx=-1 cz=-2 (persisted=0)
[READINESS] desired=9 resident=5 gpu_ready=0 | skips: not_primary=144 outside_radius=247 no_chunk=4 no_blocks=0 | pending: workers=5 jobs=0 results=0
[WORKER] Mesh complete cx=-1 cz=-2 built=00000251ED9912B0
[WORKER] Queuing result cx=-1 cz=-2 gen=2 built=00000251ED9912B0 results=0/768
[PROCESS] Popped result cx=-1 cz=-2 gen=2 type=GENERATE built=00000251ED9912B0
[ADOPT] Adopting chunk (-1,-2) gen=2 role=1
[ADOPT] SUCCESS chunk (-1,-2) now resident. loaded_from_persist=0
[PROCESS] Adoption result: adopted=1 for cx=-1 cz=-2
[READINESS] desired=9 resident=6 gpu_ready=0 | skips: not_primary=144 outside_radius=247 no_chunk=3 no_blocks=0 | pending: workers=4 jobs=0 results=0
[READINESS] desired=9 resident=6 gpu_ready=0 | skips: not_primary=144 outside_radius=247 no_chunk=3 no_blocks=0 | pending: workers=4 jobs=0 results=0
[READINESS] desired=9 resident=6 gpu_ready=0 | skips: not_primary=144 outside_radius=247 no_chunk=3 no_blocks=0 | pending: workers=4 jobs=0 results=0
[READINESS] desired=9 resident=6 gpu_ready=0 | skips: not_primary=144 outside_radius=247 no_chunk=3 no_blocks=0 | pending: workers=4 jobs=0 results=0
[READINESS] desired=9 resident=6 gpu_ready=0 | skips: not_primary=144 outside_radius=247 no_chunk=3 no_blocks=0 | pending: workers=4 jobs=0 results=0
[READINESS] desired=9 resident=6 gpu_ready=0 | skips: not_primary=144 outside_radius=247 no_chunk=3 no_blocks=0 | pending: workers=4 jobs=0 results=0
[READINESS] desired=9 resident=6 gpu_ready=0 | skips: not_primary=144 outside_radius=247 no_chunk=3 no_blocks=0 | pending: workers=4 jobs=0 results=0
[READINESS] desired=9 resident=6 gpu_ready=0 | skips: not_primary=144 outside_radius=247 no_chunk=3 no_blocks=0 | pending: workers=4 jobs=0 results=0
[READINESS] desired=9 resident=6 gpu_ready=0 | skips: not_primary=144 outside_radius=247 no_chunk=3 no_blocks=0 | pending: workers=4 jobs=0 results=0
[READINESS] desired=9 resident=6 gpu_ready=0 | skips: not_primary=144 outside_radius=247 no_chunk=3 no_blocks=0 | pending: workers=4 jobs=0 results=0
[READINESS] desired=9 resident=6 gpu_ready=0 | skips: not_primary=144 outside_radius=247 no_chunk=3 no_blocks=0 | pending: workers=4 jobs=0 results=0
[READINESS] desired=9 resident=6 gpu_ready=0 | skips: not_primary=144 outside_radius=247 no_chunk=3 no_blocks=0 | pending: workers=4 jobs=0 results=0
[READINESS] desired=9 resident=6 gpu_ready=0 | skips: not_primary=144 outside_radius=247 no_chunk=3 no_blocks=0 | pending: workers=4 jobs=0 results=0
[READINESS] desired=9 resident=6 gpu_ready=0 | skips: not_primary=144 outside_radius=247 no_chunk=3 no_blocks=0 | pending: workers=4 jobs=0 results=0
[READINESS] desired=9 resident=6 gpu_ready=0 | skips: not_primary=144 outside_radius=247 no_chunk=3 no_blocks=0 | pending: workers=4 jobs=0 results=0
[READINESS] desired=9 resident=6 gpu_ready=0 | skips: not_primary=144 outside_radius=247 no_chunk=3 no_blocks=0 | pending: workers=4 jobs=0 results=0
[READINESS] desired=9 resident=6 gpu_ready=0 | skips: not_primary=144 outside_radius=247 no_chunk=3 no_blocks=0 | pending: workers=4 jobs=0 results=0
[READINESS] desired=9 resident=6 gpu_ready=0 | skips: not_primary=144 outside_radius=247 no_chunk=3 no_blocks=0 | pending: workers=4 jobs=0 results=0
[READINESS] desired=9 resident=6 gpu_ready=0 | skips: not_primary=144 outside_radius=247 no_chunk=3 no_blocks=0 | pending: workers=4 jobs=0 results=0
[READINESS] desired=9 resident=6 gpu_ready=0 | skips: not_primary=144 outside_radius=247 no_chunk=3 no_blocks=0 | pending: workers=4 jobs=0 results=0
[READINESS] desired=9 resident=6 gpu_ready=0 | skips: not_primary=144 outside_radius=247 no_chunk=3 no_blocks=0 | pending: workers=4 jobs=0 results=0
[READINESS] desired=9 resident=6 gpu_ready=0 | skips: not_primary=144 outside_radius=247 no_chunk=3 no_blocks=0 | pending: workers=4 jobs=0 results=0
[READINESS] desired=9 resident=6 gpu_ready=0 | skips: not_primary=144 outside_radius=247 no_chunk=3 no_blocks=0 | pending: workers=4 jobs=0 results=0
[READINESS] desired=9 resident=6 gpu_ready=0 | skips: not_primary=144 outside_radius=247 no_chunk=3 no_blocks=0 | pending: workers=4 jobs=0 results=0
[READINESS] desired=9 resident=6 gpu_ready=0 | skips: not_primary=144 outside_radius=247 no_chunk=3 no_blocks=0 | pending: workers=4 jobs=0 results=0
[READINESS] desired=9 resident=6 gpu_ready=0 | skips: not_primary=144 outside_radius=247 no_chunk=3 no_blocks=0 | pending: workers=4 jobs=0 results=0
[READINESS] desired=9 resident=6 gpu_ready=0 | skips: not_primary=144 outside_radius=247 no_chunk=3 no_blocks=0 | pending: workers=4 jobs=0 results=0
[READINESS] desired=9 resident=6 gpu_ready=0 | skips: not_primary=144 outside_radius=247 no_chunk=3 no_blocks=0 | pending: workers=4 jobs=0 results=0
[READINESS] desired=9 resident=6 gpu_ready=0 | skips: not_primary=144 outside_radius=247 no_chunk=3 no_blocks=0 | pending: workers=4 jobs=0 results=0
The thread 47332 has exited with code 0 (0x0).
The thread 33976 has exited with code 0 (0x0).
The thread 49304 has exited with code 0 (0x0).
The thread 51760 has exited with code 0 (0x0).
The thread 'Internal D3D12 Sync Thread' (49632) has exited with code 0 (0x0).
The thread 53008 has exited with code 0 (0x0).
The thread 'D3D Background Thread 0' (28004) has exited with code 0 (0x0).
The thread 'D3D Background Thread 3' (11764) has exited with code 0 (0x0).
The thread 'Internal D3D12 Sync Thread' (29276) has exited with code 0 (0x0).
The thread 18256 has exited with code 0 (0x0).
The thread 26580 has exited with code 0 (0x0).
The thread 41840 has exited with code 0 (0x0).
The thread 40784 has exited with code 0 (0x0).
The thread 41648 has exited with code 0 (0x0).
The thread 49036 has exited with code 0 (0x0).
The thread 48304 has exited with code 0 (0x0).
The thread 'D3D Background Thread 2' (37336) has exited with code 0 (0x0).
The thread 'D3D Background Thread 1' (44288) has exited with code 0 (0x0).
The thread 34856 has exited with code 0 (0x0).
The thread 43592 has exited with code 0 (0x0).
The thread 51796 has exited with code 0 (0x0).
The thread 48604 has exited with code 0 (0x0).
The thread 46988 has exited with code 0 (0x0).
The thread 49240 has exited with code 0 (0x0).
The thread 21148 has exited with code 0 (0x0).
The thread 46932 has exited with code 0 (0x0).
The thread 5004 has exited with code 0 (0x0).
The thread 53224 has exited with code 0 (0x0).
The thread 43920 has exited with code 0 (0x0).
The thread 33828 has exited with code 0 (0x0).
The thread 28064 has exited with code 0 (0x0).
The thread 30428 has exited with code 0 (0x0).
The thread 49160 has exited with code 0 (0x0).
The thread 46176 has exited with code 0 (0x0).
The thread 33592 has exited with code 0 (0x0).
The thread 27284 has exited with code 0 (0x0).
The thread 43728 has exited with code 0 (0x0).
The thread 16636 has exited with code 0 (0x0).
The thread 49500 has exited with code 0 (0x0).
The thread 11144 has exited with code 0 (0x0).
The thread 41640 has exited with code 0 (0x0).
The thread 42884 has exited with code 0 (0x0).
The thread 33128 has exited with code 0 (0x0).
The thread 29096 has exited with code 0 (0x0).
The thread 48620 has exited with code 0 (0x0).
The thread 22884 has exited with code 0 (0x0).
The program '[41388] NqlSDK.exe' has exited with code 0 (0x0).
