'NqlSDK.exe' (Win32): Loaded 'C:\GitHub\CPSS\PrimeNumberTools\Viewers\C\Windows\Windows\NQL\SDK\x64\Debug\NqlSDK.exe'. Symbols loaded.
'NqlSDK.exe' (Win32): Loaded 'C:\Windows\System32\ntdll.dll'. Symbol loading disabled by Include/Exclude setting.
'NqlSDK.exe' (Win32): Loaded 'C:\Windows\System32\kernel32.dll'. Symbol loading disabled by Include/Exclude setting.
'NqlSDK.exe' (Win32): Loaded 'C:\Windows\System32\KernelBase.dll'. Symbol loading disabled by Include/Exclude setting.
'NqlSDK.exe' (Win32): Loaded 'C:\Windows\System32\user32.dll'. Symbol loading disabled by Include/Exclude setting.
'NqlSDK.exe' (Win32): Loaded 'C:\Windows\System32\win32u.dll'. Symbol loading disabled by Include/Exclude setting.
'NqlSDK.exe' (Win32): Loaded 'C:\Windows\System32\D3D12.dll'. Symbol loading disabled by Include/Exclude setting.
'NqlSDK.exe' (Win32): Loaded 'C:\Windows\System32\dxgi.dll'. Symbol loading disabled by Include/Exclude setting.
'NqlSDK.exe' (Win32): Loaded 'C:\Windows\System32\gdi32.dll'. Symbol loading disabled by Include/Exclude setting.
'NqlSDK.exe' (Win32): Loaded 'C:\Windows\System32\msvcp_win.dll'. Symbol loading disabled by Include/Exclude setting.
'NqlSDK.exe' (Win32): Loaded 'C:\Windows\System32\ucrtbase.dll'. Symbol loading disabled by Include/Exclude setting.
'NqlSDK.exe' (Win32): Loaded 'C:\Windows\System32\ucrtbase.dll'. Symbol loading disabled by Include/Exclude setting.
'NqlSDK.exe' (Win32): Unloaded 'C:\Windows\System32\ucrtbase.dll'
'NqlSDK.exe' (Win32): Loaded 'C:\Windows\System32\gdi32full.dll'. Symbol loading disabled by Include/Exclude setting.
'NqlSDK.exe' (Win32): Loaded 'C:\Windows\System32\D3DCompiler_47.dll'. Symbol loading disabled by Include/Exclude setting.
'NqlSDK.exe' (Win32): Loaded 'C:\Windows\System32\ole32.dll'. Symbol loading disabled by Include/Exclude setting.
'NqlSDK.exe' (Win32): Loaded 'C:\Windows\System32\powrprof.dll'. Symbol loading disabled by Include/Exclude setting.
'NqlSDK.exe' (Win32): Loaded 'C:\Windows\System32\rpcrt4.dll'. Symbol loading disabled by Include/Exclude setting.
'NqlSDK.exe' (Win32): Loaded 'C:\Windows\System32\combase.dll'. Symbol loading disabled by Include/Exclude setting.
'NqlSDK.exe' (Win32): Loaded 'C:\Windows\System32\cryptsp.dll'. Symbol loading disabled by Include/Exclude setting.
'NqlSDK.exe' (Win32): Loaded 'C:\Windows\System32\msvcp140d.dll'. Symbol loading disabled by Include/Exclude setting.
'NqlSDK.exe' (Win32): Loaded 'C:\Windows\System32\vcruntime140_1d.dll'. Symbol loading disabled by Include/Exclude setting.
'NqlSDK.exe' (Win32): Loaded 'C:\Windows\System32\vcruntime140d.dll'. Symbol loading disabled by Include/Exclude setting.
'NqlSDK.exe' (Win32): Loaded 'C:\Windows\System32\ucrtbased.dll'. Symbol loading disabled by Include/Exclude setting.
'NqlSDK.exe' (Win32): Loaded 'C:\Windows\System32\ucrtbased.dll'. Symbol loading disabled by Include/Exclude setting.
'NqlSDK.exe' (Win32): Unloaded 'C:\Windows\System32\ucrtbased.dll'
'NqlSDK.exe' (Win32): Loaded 'C:\Windows\System32\ucrtbased.dll'. Symbol loading disabled by Include/Exclude setting.
'NqlSDK.exe' (Win32): Loaded 'C:\Windows\System32\ucrtbased.dll'. Symbol loading disabled by Include/Exclude setting.
'NqlSDK.exe' (Win32): Unloaded 'C:\Windows\System32\ucrtbased.dll'
'NqlSDK.exe' (Win32): Unloaded 'C:\Windows\System32\ucrtbased.dll'
'NqlSDK.exe' (Win32): Loaded 'C:\Windows\System32\umpdc.dll'. Symbol loading disabled by Include/Exclude setting.
'NqlSDK.exe' (Win32): Loaded 'C:\Windows\System32\imm32.dll'. Symbol loading disabled by Include/Exclude setting.
[SHARED_CACHE] Initialized global worldgen cache
'NqlSDK.exe' (Win32): Loaded 'C:\Windows\System32\uxtheme.dll'. Symbol loading disabled by Include/Exclude setting.
'NqlSDK.exe' (Win32): Loaded 'C:\Windows\System32\msctf.dll'. Symbol loading disabled by Include/Exclude setting.
'NqlSDK.exe' (Win32): Loaded 'C:\Windows\System32\msvcrt.dll'. Symbol loading disabled by Include/Exclude setting.
'NqlSDK.exe' (Win32): Loaded 'C:\Windows\System32\kernel.appcore.dll'. Symbol loading disabled by Include/Exclude setting.
'NqlSDK.exe' (Win32): Loaded 'C:\Windows\System32\bcryptprimitives.dll'. Symbol loading disabled by Include/Exclude setting.
'NqlSDK.exe' (Win32): Loaded 'C:\Windows\System32\oleaut32.dll'. Symbol loading disabled by Include/Exclude setting.
'NqlSDK.exe' (Win32): Loaded 'C:\Windows\System32\sechost.dll'. Symbol loading disabled by Include/Exclude setting.
'NqlSDK.exe' (Win32): Loaded 'C:\Windows\System32\TextInputFramework.dll'. Symbol loading disabled by Include/Exclude setting.
'NqlSDK.exe' (Win32): Loaded 'C:\Windows\System32\CoreMessaging.dll'. Symbol loading disabled by Include/Exclude setting.
'NqlSDK.exe' (Win32): Loaded 'C:\Windows\System32\CoreUIComponents.dll'. Symbol loading disabled by Include/Exclude setting.
'NqlSDK.exe' (Win32): Loaded 'C:\Windows\System32\WinTypes.dll'. Symbol loading disabled by Include/Exclude setting.
'NqlSDK.exe' (Win32): Loaded 'C:\Windows\System32\advapi32.dll'. Symbol loading disabled by Include/Exclude setting.
'NqlSDK.exe' (Win32): Loaded 'C:\Windows\System32\cryptbase.dll'. Symbol loading disabled by Include/Exclude setting.
'NqlSDK.exe' (Win32): Loaded 'C:\Windows\System32\oleacc.dll'. Symbol loading disabled by Include/Exclude setting.
The thread 'ShellHandwriting Delegate Thread' (39760) has exited with code 0 (0x0).
'NqlSDK.exe' (Win32): Loaded 'C:\Windows\System32\D3D12Core.dll'. Symbol loading disabled by Include/Exclude setting.
'NqlSDK.exe' (Win32): Loaded 'C:\Windows\System32\DXGIDebug.dll'. Symbol loading disabled by Include/Exclude setting.
'NqlSDK.exe' (Win32): Loaded 'C:\Windows\System32\d3d12SDKLayers.dll'. Symbol loading disabled by Include/Exclude setting.
'NqlSDK.exe' (Win32): Unloaded 'C:\Windows\System32\DXGIDebug.dll'
'NqlSDK.exe' (Win32): Unloaded 'C:\Windows\System32\d3d12SDKLayers.dll'
'NqlSDK.exe' (Win32): Loaded 'C:\Windows\System32\DXGIDebug.dll'. Symbol loading disabled by Include/Exclude setting.
'NqlSDK.exe' (Win32): Loaded 'C:\Windows\System32\DXCore.dll'. Symbol loading disabled by Include/Exclude setting.
'NqlSDK.exe' (Win32): Loaded 'C:\Windows\System32\ResourcePolicyClient.dll'. Symbol loading disabled by Include/Exclude setting.
'NqlSDK.exe' (Win32): Unloaded 'C:\Windows\System32\ResourcePolicyClient.dll'
'NqlSDK.exe' (Win32): Loaded 'C:\Windows\System32\directxdatabasehelper.dll'. Symbol loading disabled by Include/Exclude setting.
'NqlSDK.exe' (Win32): Loaded 'C:\Windows\System32\cfgmgr32.dll'. Symbol loading disabled by Include/Exclude setting.
'NqlSDK.exe' (Win32): Loaded 'C:\Windows\System32\DriverStore\FileRepository\nvamsi.inf_amd64_82cd5f0af3386fea\nvdlistx.dll'. Symbol loading disabled by Include/Exclude setting.
'NqlSDK.exe' (Win32): Loaded 'C:\Windows\System32\version.dll'. Symbol loading disabled by Include/Exclude setting.
'NqlSDK.exe' (Win32): Unloaded 'C:\Windows\System32\version.dll'
'NqlSDK.exe' (Win32): Unloaded 'C:\Windows\System32\DriverStore\FileRepository\nvamsi.inf_amd64_82cd5f0af3386fea\nvdlistx.dll'
'NqlSDK.exe' (Win32): Loaded 'C:\Windows\System32\DriverStore\FileRepository\nvamsi.inf_amd64_82cd5f0af3386fea\nvdlistx.dll'. Symbol loading disabled by Include/Exclude setting.
'NqlSDK.exe' (Win32): Loaded 'C:\Windows\System32\version.dll'. Symbol loading disabled by Include/Exclude setting.
'NqlSDK.exe' (Win32): Loaded 'C:\Windows\System32\DriverStore\FileRepository\u0414671.inf_amd64_d35a7e787428e027\B414600\amdxc64.dll'. Symbol loading disabled by Include/Exclude setting.
'NqlSDK.exe' (Win32): Loaded 'C:\Windows\System32\winmm.dll'. Symbol loading disabled by Include/Exclude setting.
'NqlSDK.exe' (Win32): Unloaded 'C:\Windows\System32\DriverStore\FileRepository\nvamsi.inf_amd64_82cd5f0af3386fea\nvdlistx.dll'
The thread 30388 has exited with code 0 (0x0).
'NqlSDK.exe' (Win32): Loaded 'C:\Windows\System32\shell32.dll'. Symbol loading disabled by Include/Exclude setting.
'NqlSDK.exe' (Win32): Loaded 'C:\Windows\System32\windows.storage.dll'. Symbol loading disabled by Include/Exclude setting.
'NqlSDK.exe' (Win32): Loaded 'C:\Windows\System32\SHCore.dll'. Symbol loading disabled by Include/Exclude setting.
'NqlSDK.exe' (Win32): Loaded 'C:\Windows\System32\shlwapi.dll'. Symbol loading disabled by Include/Exclude setting.
'NqlSDK.exe' (Win32): Loaded 'C:\Windows\System32\bcrypt.dll'. Symbol loading disabled by Include/Exclude setting.
'NqlSDK.exe' (Win32): Loaded 'C:\Windows\System32\DriverStore\FileRepository\u0414671.inf_amd64_d35a7e787428e027\B414600\amdihk64.dll'. Module was built without symbols.
'NqlSDK.exe' (Win32): Loaded 'C:\Windows\System32\d3d12SDKLayers.dll'. Symbol loading disabled by Include/Exclude setting.
'NqlSDK.exe' (Win32): Unloaded 'C:\Windows\System32\d3d12SDKLayers.dll'
'NqlSDK.exe' (Win32): Unloaded 'C:\Windows\System32\DriverStore\FileRepository\u0414671.inf_amd64_d35a7e787428e027\B414600\amdihk64.dll'
'NqlSDK.exe' (Win32): Unloaded 'C:\Windows\System32\winmm.dll'
'NqlSDK.exe' (Win32): Unloaded 'C:\Windows\System32\version.dll'
'NqlSDK.exe' (Win32): Unloaded 'C:\Windows\System32\DriverStore\FileRepository\u0414671.inf_amd64_d35a7e787428e027\B414600\amdxc64.dll'
'NqlSDK.exe' (Win32): Loaded 'C:\Windows\System32\DriverStore\FileRepository\u0414671.inf_amd64_d35a7e787428e027\B414600\amdxc64.dll'. Symbol loading disabled by Include/Exclude setting.
'NqlSDK.exe' (Win32): Loaded 'C:\Windows\System32\version.dll'. Symbol loading disabled by Include/Exclude setting.
'NqlSDK.exe' (Win32): Loaded 'C:\Windows\System32\winmm.dll'. Symbol loading disabled by Include/Exclude setting.
'NqlSDK.exe' (Win32): Loaded 'C:\Windows\System32\DriverStore\FileRepository\u0414671.inf_amd64_d35a7e787428e027\B414600\amdihk64.dll'. Module was built without symbols.
'NqlSDK.exe' (Win32): Loaded 'C:\Windows\System32\d3d12SDKLayers.dll'. Symbol loading disabled by Include/Exclude setting.
'NqlSDK.exe' (Win32): Loaded 'C:\Windows\System32\D3DSCache.dll'. Symbol loading disabled by Include/Exclude setting.
'NqlSDK.exe' (Win32): Loaded 'C:\Windows\System32\userenv.dll'. Symbol loading disabled by Include/Exclude setting.
'NqlSDK.exe' (Win32): Loaded 'C:\Windows\System32\dxilconv.dll'. Symbol loading disabled by Include/Exclude setting.
'NqlSDK.exe' (Win32): Unloaded 'C:\Windows\System32\dxilconv.dll'
'NqlSDK.exe' (Win32): Loaded 'C:\Windows\System32\dcomp.dll'. Symbol loading disabled by Include/Exclude setting.
'NqlSDK.exe' (Win32): Loaded 'C:\Windows\System32\Microsoft.Internal.WarpPal.dll'. Symbol loading disabled by Include/Exclude setting.
'NqlSDK.exe' (Win32): Loaded 'C:\Windows\System32\dwmapi.dll'. Symbol loading disabled by Include/Exclude setting.
'NqlSDK.exe' (Win32): Loaded 'C:\Windows\System32\rsaenh.dll'. Symbol loading disabled by Include/Exclude setting.
'NqlSDK.exe' (Win32): Loaded 'C:\Windows\System32\dxilconv.dll'. Symbol loading disabled by Include/Exclude setting.
'NqlSDK.exe' (Win32): Loaded 'C:\Windows\System32\clbcatq.dll'. Symbol loading disabled by Include/Exclude setting.
'NqlSDK.exe' (Win32): Loaded 'C:\Windows\System32\WindowsCodecs.dll'. Symbol loading disabled by Include/Exclude setting.
'NqlSDK.exe' (Win32): Loaded 'C:\Windows\System32\TextShaping.dll'. Symbol loading disabled by Include/Exclude setting.
[NQL SDK] Camera init: pos(0.00,200.00,0.00) tgt(0.00,180.00,64.00)
'NqlSDK.exe' (Win32): Loaded 'C:\Windows\System32\ApplicationTargetedFeatureDatabase.dll'. Symbol loading disabled by Include/Exclude setting.
'NqlSDK.exe' (Win32): Loaded 'C:\Windows\System32\twinapi.appcore.dll'. Symbol loading disabled by Include/Exclude setting.
The thread 'ShellHandwriting Delegate Thread' (33556) has exited with code 0 (0x0).
[GEN_STAGE] begin idx=0/16 name="Opening world save"
[GEN_STAGE] end idx=0 name="Opening world save" duration=0ms chunks=0 data_kb=0
[GEN_STAGE] begin idx=1/16 name="Initializing world generator"
[GEN_STAGE] end idx=1 name="Initializing world generator" duration=15ms chunks=0 data_kb=0
[GEN_STAGE] begin idx=2/16 name="Preparing world systems"
[GEN_STAGE] end idx=2 name="Preparing world systems" duration=47ms chunks=0 data_kb=0
[GEN_STAGE] begin idx=3/16 name="Loading station state"
[GEN_STAGE] end idx=3 name="Loading station state" duration=0ms chunks=0 data_kb=0
[GEN_STAGE] begin idx=4/16 name="Preparing chunk systems"
[STREAMER] Initializing with 16 worker threads
[GEN_STAGE] end idx=4 name="Preparing chunk systems" duration=31ms chunks=0 data_kb=0
[GEN_STAGE] begin idx=5/16 name="Initializing entities"
[GEN_STAGE] end idx=5 name="Initializing entities" duration=0ms chunks=0 data_kb=0
[GEN_STAGE] begin idx=6/16 name="Restoring world state"
[SPAWN] Random spawn at (-241,230) top=466 surface=464 water=0 province=11 moisture=0 relief=0 score=0
[GEN_STAGE] end idx=6 name="Restoring world state" duration=610ms chunks=0 data_kb=0
[GEN_STAGE] begin idx=7/16 name="Planning visible chunks"
[GEN_STAGE] end idx=7 name="Planning visible chunks" duration=0ms chunks=0 data_kb=0
[GEN_STAGE] begin idx=8/16 name="Loading nearby chunks"
[BOOTSTRAP] sync_target_total=9 safety_radius=1
[WORKER] Processing job cx=-4 cz=3 gen=2 type=GENERATE
[READINESS] desired=9 resident=0 gpu_ready=0 | skips: not_primary=144 outside_radius=247 no_chunk=9 no_blocks=0 | pending: jobs=23 results=0
[WORKER] Processing job cx=-3 cz=2 gen=2 type=GENERATE
[WORKER] Processing job cx=-5 cz=2 gen=2 type=GENERATE
[WORKER] Processing job cx=-5 cz=4 gen=2 type=GENERATE
[WORKER] Processing job cx=-4 cz=4 gen=2 type=GENERATE
[WORKER] Processing job cx=-3 cz=4 gen=2 type=GENERATE
[WORKER] Processing job cx=-2 cz=3 gen=2 type=GENERATE
[WORKER] Processing job cx=-4 cz=2 gen=2 type=GENERATE
[WORKER] Processing job cx=-4 cz=5 gen=2 type=GENERATE
[WORKER] Processing job cx=-4 cz=1 gen=2 type=GENERATE
[WORKER] Processing job cx=-6 cz=4 gen=2 type=GENERATE
[WORKER] Processing job cx=-6 cz=2 gen=2 type=GENERATE
[WORKER] Processing job cx=-6 cz=3 gen=2 type=GENERATE
[WORKER] Processing job cx=-3 cz=3 gen=2 type=GENERATE
[WORKER] Processing job cx=-5 cz=3 gen=2 type=GENERATE
[WORKER] Processing job cx=-2 cz=2 gen=2 type=GENERATE
[READINESS] desired=9 resident=0 gpu_ready=0 | skips: not_primary=144 outside_radius=247 no_chunk=9 no_blocks=0 | pending: jobs=9 results=0
[READINESS] desired=9 resident=0 gpu_ready=0 | skips: not_primary=144 outside_radius=247 no_chunk=9 no_blocks=0 | pending: jobs=9 results=0
[READINESS] desired=9 resident=0 gpu_ready=0 | skips: not_primary=144 outside_radius=247 no_chunk=9 no_blocks=0 | pending: jobs=9 results=0
[READINESS] desired=9 resident=0 gpu_ready=0 | skips: not_primary=144 outside_radius=247 no_chunk=9 no_blocks=0 | pending: jobs=9 results=0
[READINESS] desired=9 resident=0 gpu_ready=0 | skips: not_primary=144 outside_radius=247 no_chunk=9 no_blocks=0 | pending: jobs=9 results=0
[READINESS] desired=9 resident=0 gpu_ready=0 | skips: not_primary=144 outside_radius=247 no_chunk=9 no_blocks=0 | pending: jobs=9 results=0
[READINESS] desired=9 resident=0 gpu_ready=0 | skips: not_primary=144 outside_radius=247 no_chunk=9 no_blocks=0 | pending: jobs=9 results=0
[READINESS] desired=9 resident=0 gpu_ready=0 | skips: not_primary=144 outside_radius=247 no_chunk=9 no_blocks=0 | pending: jobs=9 results=0
[READINESS] desired=9 resident=0 gpu_ready=0 | skips: not_primary=144 outside_radius=247 no_chunk=9 no_blocks=0 | pending: jobs=9 results=0
[READINESS] desired=9 resident=0 gpu_ready=0 | skips: not_primary=144 outside_radius=247 no_chunk=9 no_blocks=0 | pending: jobs=9 results=0
[READINESS] desired=9 resident=0 gpu_ready=0 | skips: not_primary=144 outside_radius=247 no_chunk=9 no_blocks=0 | pending: jobs=9 results=0
[READINESS] desired=9 resident=0 gpu_ready=0 | skips: not_primary=144 outside_radius=247 no_chunk=9 no_blocks=0 | pending: jobs=9 results=0
[READINESS] desired=9 resident=0 gpu_ready=0 | skips: not_primary=144 outside_radius=247 no_chunk=9 no_blocks=0 | pending: jobs=9 results=0
[READINESS] desired=9 resident=0 gpu_ready=0 | skips: not_primary=144 outside_radius=247 no_chunk=9 no_blocks=0 | pending: jobs=9 results=0
[READINESS] desired=9 resident=0 gpu_ready=0 | skips: not_primary=144 outside_radius=247 no_chunk=9 no_blocks=0 | pending: jobs=9 results=0
[STREAM] waiting for worker shutdown elapsed=2000ms pending_jobs=0 pending_results=0
[STREAM] waiting for worker shutdown elapsed=2985ms pending_jobs=0 pending_results=0
[STREAM] waiting for worker shutdown elapsed=3985ms pending_jobs=0 pending_results=0
[STREAM] waiting for worker shutdown elapsed=4985ms pending_jobs=0 pending_results=0
[STREAM] waiting for worker shutdown elapsed=5985ms pending_jobs=0 pending_results=0
[STREAM] waiting for worker shutdown elapsed=6985ms pending_jobs=0 pending_results=0
[STREAM] waiting for worker shutdown elapsed=8000ms pending_jobs=0 pending_results=0
[STREAM] waiting for worker shutdown elapsed=9000ms pending_jobs=0 pending_results=0
[STREAM] waiting for worker shutdown elapsed=9985ms pending_jobs=0 pending_results=0
[STREAM] waiting for worker shutdown elapsed=11000ms pending_jobs=0 pending_results=0
[STREAM] waiting for worker shutdown elapsed=11985ms pending_jobs=0 pending_results=0
[STREAM] waiting for worker shutdown elapsed=13000ms pending_jobs=0 pending_results=0
[STREAM] waiting for worker shutdown elapsed=14000ms pending_jobs=0 pending_results=0
[STREAM] waiting for worker shutdown elapsed=15000ms pending_jobs=0 pending_results=0
[STREAM] waiting for worker shutdown elapsed=16000ms pending_jobs=0 pending_results=0
[STREAM] waiting for worker shutdown elapsed=16985ms pending_jobs=0 pending_results=0
[STREAM] waiting for worker shutdown elapsed=17985ms pending_jobs=0 pending_results=0
[STREAM] waiting for worker shutdown elapsed=18985ms pending_jobs=0 pending_results=0
[STREAM] waiting for worker shutdown elapsed=20000ms pending_jobs=0 pending_results=0
[STREAM] waiting for worker shutdown elapsed=20985ms pending_jobs=0 pending_results=0
[STREAM] waiting for worker shutdown elapsed=21985ms pending_jobs=0 pending_results=0
[STREAM] waiting for worker shutdown elapsed=22985ms pending_jobs=0 pending_results=0
[STREAM] waiting for worker shutdown elapsed=24000ms pending_jobs=0 pending_results=0
[STREAM] waiting for worker shutdown elapsed=25000ms pending_jobs=0 pending_results=0
[STREAM] waiting for worker shutdown elapsed=25985ms pending_jobs=0 pending_results=0
[STREAM] waiting for worker shutdown elapsed=26985ms pending_jobs=0 pending_results=0
[STREAM] waiting for worker shutdown elapsed=27985ms pending_jobs=0 pending_results=0
[STREAM] waiting for worker shutdown elapsed=28985ms pending_jobs=0 pending_results=0
[STREAM] waiting for worker shutdown elapsed=30000ms pending_jobs=0 pending_results=0
[STREAM] waiting for worker shutdown elapsed=31000ms pending_jobs=0 pending_results=0
[STREAM] waiting for worker shutdown elapsed=31985ms pending_jobs=0 pending_results=0
[STREAM] waiting for worker shutdown elapsed=32985ms pending_jobs=0 pending_results=0
[STREAM] waiting for worker shutdown elapsed=33985ms pending_jobs=0 pending_results=0
[STREAM] waiting for worker shutdown elapsed=34985ms pending_jobs=0 pending_results=0
[STREAM] waiting for worker shutdown elapsed=35985ms pending_jobs=0 pending_results=0
[STREAM] waiting for worker shutdown elapsed=36985ms pending_jobs=0 pending_results=0
[STREAM] waiting for worker shutdown elapsed=38000ms pending_jobs=0 pending_results=0
[STREAM] waiting for worker shutdown elapsed=39000ms pending_jobs=0 pending_results=0
[STREAM] waiting for worker shutdown elapsed=40000ms pending_jobs=0 pending_results=0
[STREAM] waiting for worker shutdown elapsed=40985ms pending_jobs=0 pending_results=0
[STREAM] waiting for worker shutdown elapsed=41985ms pending_jobs=0 pending_results=0
[STREAM] waiting for worker shutdown elapsed=43000ms pending_jobs=0 pending_results=0
[STREAM] waiting for worker shutdown elapsed=43985ms pending_jobs=0 pending_results=0
[STREAM] waiting for worker shutdown elapsed=45000ms pending_jobs=0 pending_results=0
[STREAM] waiting for worker shutdown elapsed=45985ms pending_jobs=0 pending_results=0
[STREAM] waiting for worker shutdown elapsed=47000ms pending_jobs=0 pending_results=0
[STREAM] waiting for worker shutdown elapsed=47985ms pending_jobs=0 pending_results=0
[STREAM] waiting for worker shutdown elapsed=48985ms pending_jobs=0 pending_results=0
[STREAM] waiting for worker shutdown elapsed=49985ms pending_jobs=0 pending_results=0
[STREAM] waiting for worker shutdown elapsed=51000ms pending_jobs=0 pending_results=0
[STREAM] waiting for worker shutdown elapsed=52000ms pending_jobs=0 pending_results=0
[STREAM] waiting for worker shutdown elapsed=53000ms pending_jobs=0 pending_results=0
[STREAM] waiting for worker shutdown elapsed=53985ms pending_jobs=0 pending_results=0
[STREAM] waiting for worker shutdown elapsed=54985ms pending_jobs=0 pending_results=0
[STREAM] waiting for worker shutdown elapsed=55985ms pending_jobs=0 pending_results=0
[STREAM] waiting for worker shutdown elapsed=57000ms pending_jobs=0 pending_results=0
[STREAM] waiting for worker shutdown elapsed=58000ms pending_jobs=0 pending_results=0
[STREAM] waiting for worker shutdown elapsed=58985ms pending_jobs=0 pending_results=0
[STREAM] waiting for worker shutdown elapsed=60000ms pending_jobs=0 pending_results=0
[STREAM] waiting for worker shutdown elapsed=61000ms pending_jobs=0 pending_results=0
[STREAM] waiting for worker shutdown elapsed=62000ms pending_jobs=0 pending_results=0
[STREAM] waiting for worker shutdown elapsed=62985ms pending_jobs=0 pending_results=0
[STREAM] waiting for worker shutdown elapsed=63985ms pending_jobs=0 pending_results=0
[STREAM] waiting for worker shutdown elapsed=64985ms pending_jobs=0 pending_results=0
[STREAM] waiting for worker shutdown elapsed=65985ms pending_jobs=0 pending_results=0
[STREAM] waiting for worker shutdown elapsed=66985ms pending_jobs=0 pending_results=0
[STREAM] waiting for worker shutdown elapsed=68000ms pending_jobs=0 pending_results=0
[STREAM] waiting for worker shutdown elapsed=69000ms pending_jobs=0 pending_results=0
[STREAM] waiting for worker shutdown elapsed=69985ms pending_jobs=0 pending_results=0
[STREAM] waiting for worker shutdown elapsed=71000ms pending_jobs=0 pending_results=0
[STREAM] waiting for worker shutdown elapsed=71985ms pending_jobs=0 pending_results=0
[STREAM] waiting for worker shutdown elapsed=72985ms pending_jobs=0 pending_results=0
[STREAM] waiting for worker shutdown elapsed=73985ms pending_jobs=0 pending_results=0
[STREAM] waiting for worker shutdown elapsed=75000ms pending_jobs=0 pending_results=0
[STREAM] waiting for worker shutdown elapsed=75985ms pending_jobs=0 pending_results=0
[WORKER] Meshing cx=-2 cz=3 (persisted=0)
[STREAM] waiting for worker shutdown elapsed=76985ms pending_jobs=0 pending_results=0
[STREAM] waiting for worker shutdown elapsed=78000ms pending_jobs=0 pending_results=0
[STREAM] waiting for worker shutdown elapsed=79000ms pending_jobs=0 pending_results=0
[WORKER] Mesh complete cx=-2 cz=3 built=0000025750794E40
[WORKER] Queuing result cx=-2 cz=3 gen=2 built=0000025750794E40 results=0/768
The thread 38296 has exited with code 0 (0x0).
[STREAM] waiting for worker shutdown elapsed=79985ms pending_jobs=0 pending_results=1
[STREAM] waiting for worker shutdown elapsed=80985ms pending_jobs=0 pending_results=1
[STREAM] waiting for worker shutdown elapsed=81985ms pending_jobs=0 pending_results=1
[STREAM] waiting for worker shutdown elapsed=83000ms pending_jobs=0 pending_results=1
[STREAM] waiting for worker shutdown elapsed=83985ms pending_jobs=0 pending_results=1
[STREAM] waiting for worker shutdown elapsed=84985ms pending_jobs=0 pending_results=1
[STREAM] waiting for worker shutdown elapsed=85985ms pending_jobs=0 pending_results=1
[STREAM] waiting for worker shutdown elapsed=87000ms pending_jobs=0 pending_results=1
[STREAM] waiting for worker shutdown elapsed=88000ms pending_jobs=0 pending_results=1
[STREAM] waiting for worker shutdown elapsed=89000ms pending_jobs=0 pending_results=1
[STREAM] waiting for worker shutdown elapsed=90000ms pending_jobs=0 pending_results=1
[STREAM] waiting for worker shutdown elapsed=91000ms pending_jobs=0 pending_results=1
[STREAM] waiting for worker shutdown elapsed=91985ms pending_jobs=0 pending_results=1
[STREAM] waiting for worker shutdown elapsed=93000ms pending_jobs=0 pending_results=1
[WORKER] Meshing cx=-3 cz=4 (persisted=0)
[STREAM] waiting for worker shutdown elapsed=93985ms pending_jobs=0 pending_results=1
[STREAM] waiting for worker shutdown elapsed=94985ms pending_jobs=0 pending_results=1
[STREAM] waiting for worker shutdown elapsed=95985ms pending_jobs=0 pending_results=1
[WORKER] Mesh complete cx=-3 cz=4 built=0000025750798590
[WORKER] Queuing result cx=-3 cz=4 gen=2 built=0000025750798590 results=1/768
The thread 49084 has exited with code 0 (0x0).
[STREAM] waiting for worker shutdown elapsed=96985ms pending_jobs=0 pending_results=2
[STREAM] waiting for worker shutdown elapsed=98000ms pending_jobs=0 pending_results=2
[STREAM] waiting for worker shutdown elapsed=99000ms pending_jobs=0 pending_results=2
[STREAM] waiting for worker shutdown elapsed=100000ms pending_jobs=0 pending_results=2
[STREAM] waiting for worker shutdown elapsed=101000ms pending_jobs=0 pending_results=2
[STREAM] waiting for worker shutdown elapsed=101985ms pending_jobs=0 pending_results=2
[STREAM] waiting for worker shutdown elapsed=102985ms pending_jobs=0 pending_results=2
[STREAM] waiting for worker shutdown elapsed=103985ms pending_jobs=0 pending_results=2
[STREAM] waiting for worker shutdown elapsed=105000ms pending_jobs=0 pending_results=2
[WORKER] Meshing cx=-4 cz=5 (persisted=0)
[STREAM] waiting for worker shutdown elapsed=106000ms pending_jobs=0 pending_results=2
[STREAM] waiting for worker shutdown elapsed=107000ms pending_jobs=0 pending_results=2
[WORKER] Mesh complete cx=-4 cz=5 built=0000025750795950
[WORKER] Queuing result cx=-4 cz=5 gen=2 built=0000025750795950 results=2/768
The thread 43928 has exited with code 0 (0x0).
[STREAM] waiting for worker shutdown elapsed=108000ms pending_jobs=0 pending_results=3
[STREAM] waiting for worker shutdown elapsed=108985ms pending_jobs=0 pending_results=3
[WORKER] Meshing cx=-2 cz=2 (persisted=0)
[STREAM] waiting for worker shutdown elapsed=109985ms pending_jobs=0 pending_results=3
[STREAM] waiting for worker shutdown elapsed=111000ms pending_jobs=0 pending_results=3
[WORKER] Meshing cx=-3 cz=3 (persisted=0)
[STREAM] waiting for worker shutdown elapsed=112000ms pending_jobs=0 pending_results=3
[WORKER] Mesh complete cx=-2 cz=2 built=0000025750797A80
[WORKER] Queuing result cx=-2 cz=2 gen=2 built=0000025750797A80 results=3/768
The thread 37332 has exited with code 0 (0x0).
[STREAM] waiting for worker shutdown elapsed=112985ms pending_jobs=0 pending_results=4
[STREAM] waiting for worker shutdown elapsed=114000ms pending_jobs=0 pending_results=4
[WORKER] Mesh complete cx=-3 cz=3 built=00000257507990A0
[WORKER] Queuing result cx=-3 cz=3 gen=2 built=00000257507990A0 results=4/768
The thread 39444 has exited with code 0 (0x0).
[STREAM] waiting for worker shutdown elapsed=114985ms pending_jobs=0 pending_results=5
[STREAM] waiting for worker shutdown elapsed=115985ms pending_jobs=0 pending_results=5
[STREAM] waiting for worker shutdown elapsed=117000ms pending_jobs=0 pending_results=5
[STREAM] waiting for worker shutdown elapsed=118000ms pending_jobs=0 pending_results=5
[WORKER] Meshing cx=-4 cz=4 (persisted=0)
[STREAM] waiting for worker shutdown elapsed=118985ms pending_jobs=0 pending_results=5
[STREAM] waiting for worker shutdown elapsed=119985ms pending_jobs=0 pending_results=5
[STREAM] waiting for worker shutdown elapsed=120985ms pending_jobs=0 pending_results=5
[WORKER] Mesh complete cx=-4 cz=4 built=0000025750796460
[WORKER] Queuing result cx=-4 cz=4 gen=2 built=0000025750796460 results=5/768
The thread 25212 has exited with code 0 (0x0).
[STREAM] waiting for worker shutdown elapsed=122000ms pending_jobs=0 pending_results=6
[STREAM] waiting for worker shutdown elapsed=122985ms pending_jobs=0 pending_results=6
[STREAM] waiting for worker shutdown elapsed=123985ms pending_jobs=0 pending_results=6
[STREAM] waiting for worker shutdown elapsed=125000ms pending_jobs=0 pending_results=6
[STREAM] waiting for worker shutdown elapsed=125985ms pending_jobs=0 pending_results=6
[STREAM] waiting for worker shutdown elapsed=126985ms pending_jobs=0 pending_results=6
[STREAM] waiting for worker shutdown elapsed=127985ms pending_jobs=0 pending_results=6
[STREAM] waiting for worker shutdown elapsed=128985ms pending_jobs=0 pending_results=6
[STREAM] waiting for worker shutdown elapsed=129985ms pending_jobs=0 pending_results=6
[STREAM] waiting for worker shutdown elapsed=130985ms pending_jobs=0 pending_results=6
[STREAM] waiting for worker shutdown elapsed=131985ms pending_jobs=0 pending_results=6
[STREAM] waiting for worker shutdown elapsed=133000ms pending_jobs=0 pending_results=6
[STREAM] waiting for worker shutdown elapsed=134000ms pending_jobs=0 pending_results=6
[STREAM] waiting for worker shutdown elapsed=135000ms pending_jobs=0 pending_results=6
[STREAM] waiting for worker shutdown elapsed=136000ms pending_jobs=0 pending_results=6
[STREAM] waiting for worker shutdown elapsed=137000ms pending_jobs=0 pending_results=6
[STREAM] waiting for worker shutdown elapsed=137985ms pending_jobs=0 pending_results=6
[STREAM] waiting for worker shutdown elapsed=139000ms pending_jobs=0 pending_results=6
[STREAM] waiting for worker shutdown elapsed=139985ms pending_jobs=0 pending_results=6
[STREAM] waiting for worker shutdown elapsed=141000ms pending_jobs=0 pending_results=6
[STREAM] waiting for worker shutdown elapsed=142000ms pending_jobs=0 pending_results=6
[STREAM] waiting for worker shutdown elapsed=142985ms pending_jobs=0 pending_results=6
[STREAM] waiting for worker shutdown elapsed=144000ms pending_jobs=0 pending_results=6
[STREAM] waiting for worker shutdown elapsed=144985ms pending_jobs=0 pending_results=6
[WORKER] Meshing cx=-4 cz=2 (persisted=0)
[STREAM] waiting for worker shutdown elapsed=146000ms pending_jobs=0 pending_results=6
[WORKER] Meshing cx=-6 cz=3 (persisted=0)
[STREAM] waiting for worker shutdown elapsed=146985ms pending_jobs=0 pending_results=6
[STREAM] waiting for worker shutdown elapsed=148000ms pending_jobs=0 pending_results=6
[STREAM] waiting for worker shutdown elapsed=148985ms pending_jobs=0 pending_results=6
[WORKER] Mesh complete cx=-4 cz=2 built=0000025750799BB0
[WORKER] Queuing result cx=-4 cz=2 gen=2 built=0000025750799BB0 results=6/768
The thread 27572 has exited with code 0 (0x0).
[STREAM] waiting for worker shutdown elapsed=149985ms pending_jobs=0 pending_results=7
[STREAM] waiting for worker shutdown elapsed=151000ms pending_jobs=0 pending_results=7
[WORKER] Mesh complete cx=-6 cz=3 built=000002575079A6C0
[WORKER] Queuing result cx=-6 cz=3 gen=2 built=000002575079A6C0 results=7/768
The thread 40552 has exited with code 0 (0x0).
[STREAM] waiting for worker shutdown elapsed=152000ms pending_jobs=0 pending_results=8
[STREAM] waiting for worker shutdown elapsed=152985ms pending_jobs=0 pending_results=8
[STREAM] waiting for worker shutdown elapsed=154000ms pending_jobs=0 pending_results=8
[WORKER] Meshing cx=-6 cz=2 (persisted=0)
[STREAM] waiting for worker shutdown elapsed=155000ms pending_jobs=0 pending_results=8
The thread 47812 has exited with code 0 (0x0).
The thread 'D3D Background Thread 0' (23792) has exited with code 0 (0x0).
The thread 'D3D Background Thread 2' (31228) has exited with code 0 (0x0).
The thread 30752 has exited with code 0 (0x0).
The thread 'D3D Background Thread 1' (47088) has exited with code 0 (0x0).
The thread 'Internal D3D12 Sync Thread' (49772) has exited with code 0 (0x0).
The thread 5412 has exited with code 0 (0x0).
The thread 32460 has exited with code 0 (0x0).
The thread 53220 has exited with code 0 (0x0).
The thread 'Internal D3D12 Sync Thread' (45852) has exited with code 0 (0x0).
The thread 51736 has exited with code 0 (0x0).
The thread 22424 has exited with code 0 (0x0).
The thread 38644 has exited with code 0 (0x0).
The thread 34008 has exited with code 0 (0x0).
The thread 26132 has exited with code 0 (0x0).
The thread 6220 has exited with code 0 (0x0).
The thread 45776 has exited with code 0 (0x0).
The thread 50652 has exited with code 0 (0x0).
The thread 49224 has exited with code 0 (0x0).
The thread 2608 has exited with code 0 (0x0).
The thread 50384 has exited with code 0 (0x0).
The thread 'D3D Background Thread 3' (52244) has exited with code 0 (0x0).
The thread 49480 has exited with code 0 (0x0).
The thread 41572 has exited with code 0 (0x0).
The thread 34024 has exited with code 0 (0x0).
The thread 40580 has exited with code 0 (0x0).
The thread 4008 has exited with code 0 (0x0).
The thread 34340 has exited with code 0 (0x0).
The thread 45908 has exited with code 0 (0x0).
The thread 27368 has exited with code 0 (0x0).
The thread 21296 has exited with code 0 (0x0).
The thread 3224 has exited with code 0 (0x0).
The thread 50964 has exited with code 0 (0x0).
The thread 39912 has exited with code 0 (0x0).
The thread 12536 has exited with code 0 (0x0).
The thread 40780 has exited with code 0 (0x0).
The thread 50684 has exited with code 0 (0x0).
The thread 50256 has exited with code 0 (0x0).
The program '[21092] NqlSDK.exe' has exited with code 0 (0x0).
