'NqlSDK.exe' (Win32): Loaded 'C:\GitHub\CPSS\PrimeNumberTools\Viewers\C\Windows\Windows\NQL\SDK\x64\Debug\NqlSDK.exe'. Symbols loaded.
'NqlSDK.exe' (Win32): Loaded 'C:\Windows\System32\ntdll.dll'. Symbol loading disabled by Include/Exclude setting.
'NqlSDK.exe' (Win32): Loaded 'C:\Windows\System32\kernel32.dll'. Symbol loading disabled by Include/Exclude setting.
'NqlSDK.exe' (Win32): Loaded 'C:\Windows\System32\KernelBase.dll'. Symbol loading disabled by Include/Exclude setting.
'NqlSDK.exe' (Win32): Loaded 'C:\Windows\System32\user32.dll'. Symbol loading disabled by Include/Exclude setting.
'NqlSDK.exe' (Win32): Loaded 'C:\Windows\System32\D3D12.dll'. Symbol loading disabled by Include/Exclude setting.
'NqlSDK.exe' (Win32): Loaded 'C:\Windows\System32\win32u.dll'. Symbol loading disabled by Include/Exclude setting.
'NqlSDK.exe' (Win32): Loaded 'C:\Windows\System32\dxgi.dll'. Symbol loading disabled by Include/Exclude setting.
'NqlSDK.exe' (Win32): Loaded 'C:\Windows\System32\D3DCompiler_47.dll'. Symbol loading disabled by Include/Exclude setting.
'NqlSDK.exe' (Win32): Loaded 'C:\Windows\System32\msvcp_win.dll'. Symbol loading disabled by Include/Exclude setting.
'NqlSDK.exe' (Win32): Loaded 'C:\Windows\System32\gdi32.dll'. Symbol loading disabled by Include/Exclude setting.
'NqlSDK.exe' (Win32): Loaded 'C:\Windows\System32\ucrtbase.dll'. Symbol loading disabled by Include/Exclude setting.
'NqlSDK.exe' (Win32): Loaded 'C:\Windows\System32\ucrtbase.dll'. Symbol loading disabled by Include/Exclude setting.
'NqlSDK.exe' (Win32): Unloaded 'C:\Windows\System32\ucrtbase.dll'
'NqlSDK.exe' (Win32): Loaded 'C:\Windows\System32\gdi32full.dll'. Symbol loading disabled by Include/Exclude setting.
'NqlSDK.exe' (Win32): Loaded 'C:\Windows\System32\rpcrt4.dll'. Symbol loading disabled by Include/Exclude setting.
'NqlSDK.exe' (Win32): Loaded 'C:\Windows\System32\ole32.dll'. Symbol loading disabled by Include/Exclude setting.
'NqlSDK.exe' (Win32): Loaded 'C:\Windows\System32\powrprof.dll'. Symbol loading disabled by Include/Exclude setting.
'NqlSDK.exe' (Win32): Loaded 'C:\Windows\System32\combase.dll'. Symbol loading disabled by Include/Exclude setting.
'NqlSDK.exe' (Win32): Loaded 'C:\Windows\System32\cryptsp.dll'. Symbol loading disabled by Include/Exclude setting.
'NqlSDK.exe' (Win32): Loaded 'C:\Windows\System32\msvcp140d.dll'. Symbol loading disabled by Include/Exclude setting.
'NqlSDK.exe' (Win32): Loaded 'C:\Windows\System32\vcruntime140_1d.dll'. Symbol loading disabled by Include/Exclude setting.
'NqlSDK.exe' (Win32): Loaded 'C:\Windows\System32\ucrtbased.dll'. Symbol loading disabled by Include/Exclude setting.
'NqlSDK.exe' (Win32): Loaded 'C:\Windows\System32\vcruntime140d.dll'. Symbol loading disabled by Include/Exclude setting.
'NqlSDK.exe' (Win32): Loaded 'C:\Windows\System32\vcruntime140d.dll'. Symbol loading disabled by Include/Exclude setting.
'NqlSDK.exe' (Win32): Unloaded 'C:\Windows\System32\vcruntime140d.dll'
'NqlSDK.exe' (Win32): Unloaded 'C:\Windows\System32\vcruntime140d.dll'
'NqlSDK.exe' (Win32): Loaded 'C:\Windows\System32\vcruntime140d.dll'. Symbol loading disabled by Include/Exclude setting.
'NqlSDK.exe' (Win32): Loaded 'C:\Windows\System32\umpdc.dll'. Symbol loading disabled by Include/Exclude setting.
'NqlSDK.exe' (Win32): Loaded 'C:\Windows\System32\imm32.dll'. Symbol loading disabled by Include/Exclude setting.
[SHARED_CACHE] Initialized global worldgen cache
'NqlSDK.exe' (Win32): Loaded 'C:\Windows\System32\uxtheme.dll'. Symbol loading disabled by Include/Exclude setting.
'NqlSDK.exe' (Win32): Loaded 'C:\Windows\System32\msctf.dll'. Symbol loading disabled by Include/Exclude setting.
'NqlSDK.exe' (Win32): Loaded 'C:\Windows\System32\msvcrt.dll'. Symbol loading disabled by Include/Exclude setting.
'NqlSDK.exe' (Win32): Loaded 'C:\Windows\System32\kernel.appcore.dll'. Symbol loading disabled by Include/Exclude setting.
'NqlSDK.exe' (Win32): Loaded 'C:\Windows\System32\bcryptprimitives.dll'. Symbol loading disabled by Include/Exclude setting.
'NqlSDK.exe' (Win32): Loaded 'C:\Windows\System32\oleaut32.dll'. Symbol loading disabled by Include/Exclude setting.
'NqlSDK.exe' (Win32): Loaded 'C:\Windows\System32\sechost.dll'. Symbol loading disabled by Include/Exclude setting.
'NqlSDK.exe' (Win32): Loaded 'C:\Windows\System32\TextInputFramework.dll'. Symbol loading disabled by Include/Exclude setting.
'NqlSDK.exe' (Win32): Loaded 'C:\Windows\System32\CoreMessaging.dll'. Symbol loading disabled by Include/Exclude setting.
'NqlSDK.exe' (Win32): Loaded 'C:\Windows\System32\CoreUIComponents.dll'. Symbol loading disabled by Include/Exclude setting.
'NqlSDK.exe' (Win32): Loaded 'C:\Windows\System32\WinTypes.dll'. Symbol loading disabled by Include/Exclude setting.
'NqlSDK.exe' (Win32): Loaded 'C:\Windows\System32\advapi32.dll'. Symbol loading disabled by Include/Exclude setting.
'NqlSDK.exe' (Win32): Loaded 'C:\Windows\System32\cryptbase.dll'. Symbol loading disabled by Include/Exclude setting.
'NqlSDK.exe' (Win32): Loaded 'C:\Windows\System32\oleacc.dll'. Symbol loading disabled by Include/Exclude setting.
The thread 'ShellHandwriting Delegate Thread' (41132) has exited with code 0 (0x0).
'NqlSDK.exe' (Win32): Loaded 'C:\Windows\System32\D3D12Core.dll'. Symbol loading disabled by Include/Exclude setting.
'NqlSDK.exe' (Win32): Loaded 'C:\Windows\System32\DXGIDebug.dll'. Symbol loading disabled by Include/Exclude setting.
'NqlSDK.exe' (Win32): Loaded 'C:\Windows\System32\d3d12SDKLayers.dll'. Symbol loading disabled by Include/Exclude setting.
'NqlSDK.exe' (Win32): Unloaded 'C:\Windows\System32\DXGIDebug.dll'
'NqlSDK.exe' (Win32): Unloaded 'C:\Windows\System32\d3d12SDKLayers.dll'
'NqlSDK.exe' (Win32): Loaded 'C:\Windows\System32\DXGIDebug.dll'. Symbol loading disabled by Include/Exclude setting.
'NqlSDK.exe' (Win32): Loaded 'C:\Windows\System32\DXCore.dll'. Symbol loading disabled by Include/Exclude setting.
'NqlSDK.exe' (Win32): Loaded 'C:\Windows\System32\ResourcePolicyClient.dll'. Symbol loading disabled by Include/Exclude setting.
'NqlSDK.exe' (Win32): Unloaded 'C:\Windows\System32\ResourcePolicyClient.dll'
'NqlSDK.exe' (Win32): Loaded 'C:\Windows\System32\directxdatabasehelper.dll'. Symbol loading disabled by Include/Exclude setting.
'NqlSDK.exe' (Win32): Loaded 'C:\Windows\System32\cfgmgr32.dll'. Symbol loading disabled by Include/Exclude setting.
'NqlSDK.exe' (Win32): Loaded 'C:\Windows\System32\DriverStore\FileRepository\nvamsi.inf_amd64_82cd5f0af3386fea\nvdlistx.dll'. Symbol loading disabled by Include/Exclude setting.
'NqlSDK.exe' (Win32): Loaded 'C:\Windows\System32\version.dll'. Symbol loading disabled by Include/Exclude setting.
'NqlSDK.exe' (Win32): Unloaded 'C:\Windows\System32\version.dll'
'NqlSDK.exe' (Win32): Unloaded 'C:\Windows\System32\DriverStore\FileRepository\nvamsi.inf_amd64_82cd5f0af3386fea\nvdlistx.dll'
'NqlSDK.exe' (Win32): Loaded 'C:\Windows\System32\DriverStore\FileRepository\nvamsi.inf_amd64_82cd5f0af3386fea\nvdlistx.dll'. Symbol loading disabled by Include/Exclude setting.
'NqlSDK.exe' (Win32): Loaded 'C:\Windows\System32\version.dll'. Symbol loading disabled by Include/Exclude setting.
'NqlSDK.exe' (Win32): Loaded 'C:\Windows\System32\DriverStore\FileRepository\u0414671.inf_amd64_d35a7e787428e027\B414600\amdxc64.dll'. Symbol loading disabled by Include/Exclude setting.
'NqlSDK.exe' (Win32): Loaded 'C:\Windows\System32\winmm.dll'. Symbol loading disabled by Include/Exclude setting.
'NqlSDK.exe' (Win32): Loaded 'C:\Windows\System32\shell32.dll'. Symbol loading disabled by Include/Exclude setting.
'NqlSDK.exe' (Win32): Loaded 'C:\Windows\System32\windows.storage.dll'. Symbol loading disabled by Include/Exclude setting.
'NqlSDK.exe' (Win32): Unloaded 'C:\Windows\System32\DriverStore\FileRepository\nvamsi.inf_amd64_82cd5f0af3386fea\nvdlistx.dll'
'NqlSDK.exe' (Win32): Loaded 'C:\Windows\System32\SHCore.dll'. Symbol loading disabled by Include/Exclude setting.
The thread 7024 has exited with code 0 (0x0).
'NqlSDK.exe' (Win32): Loaded 'C:\Windows\System32\shlwapi.dll'. Symbol loading disabled by Include/Exclude setting.
'NqlSDK.exe' (Win32): Loaded 'C:\Windows\System32\bcrypt.dll'. Symbol loading disabled by Include/Exclude setting.
'NqlSDK.exe' (Win32): Loaded 'C:\Windows\System32\DriverStore\FileRepository\u0414671.inf_amd64_d35a7e787428e027\B414600\amdihk64.dll'. Module was built without symbols.
'NqlSDK.exe' (Win32): Loaded 'C:\Windows\System32\d3d12SDKLayers.dll'. Symbol loading disabled by Include/Exclude setting.
'NqlSDK.exe' (Win32): Unloaded 'C:\Windows\System32\d3d12SDKLayers.dll'
'NqlSDK.exe' (Win32): Unloaded 'C:\Windows\System32\DriverStore\FileRepository\u0414671.inf_amd64_d35a7e787428e027\B414600\amdihk64.dll'
'NqlSDK.exe' (Win32): Unloaded 'C:\Windows\System32\winmm.dll'
'NqlSDK.exe' (Win32): Unloaded 'C:\Windows\System32\version.dll'
'NqlSDK.exe' (Win32): Unloaded 'C:\Windows\System32\DriverStore\FileRepository\u0414671.inf_amd64_d35a7e787428e027\B414600\amdxc64.dll'
'NqlSDK.exe' (Win32): Loaded 'C:\Windows\System32\DriverStore\FileRepository\u0414671.inf_amd64_d35a7e787428e027\B414600\amdxc64.dll'. Symbol loading disabled by Include/Exclude setting.
'NqlSDK.exe' (Win32): Loaded 'C:\Windows\System32\version.dll'. Symbol loading disabled by Include/Exclude setting.
'NqlSDK.exe' (Win32): Loaded 'C:\Windows\System32\winmm.dll'. Symbol loading disabled by Include/Exclude setting.
'NqlSDK.exe' (Win32): Loaded 'C:\Windows\System32\DriverStore\FileRepository\u0414671.inf_amd64_d35a7e787428e027\B414600\amdihk64.dll'. Module was built without symbols.
'NqlSDK.exe' (Win32): Loaded 'C:\Windows\System32\d3d12SDKLayers.dll'. Symbol loading disabled by Include/Exclude setting.
'NqlSDK.exe' (Win32): Loaded 'C:\Windows\System32\D3DSCache.dll'. Symbol loading disabled by Include/Exclude setting.
'NqlSDK.exe' (Win32): Loaded 'C:\Windows\System32\userenv.dll'. Symbol loading disabled by Include/Exclude setting.
'NqlSDK.exe' (Win32): Loaded 'C:\Windows\System32\dxilconv.dll'. Symbol loading disabled by Include/Exclude setting.
'NqlSDK.exe' (Win32): Unloaded 'C:\Windows\System32\dxilconv.dll'
'NqlSDK.exe' (Win32): Loaded 'C:\Windows\System32\dcomp.dll'. Symbol loading disabled by Include/Exclude setting.
'NqlSDK.exe' (Win32): Loaded 'C:\Windows\System32\Microsoft.Internal.WarpPal.dll'. Symbol loading disabled by Include/Exclude setting.
'NqlSDK.exe' (Win32): Loaded 'C:\Windows\System32\dwmapi.dll'. Symbol loading disabled by Include/Exclude setting.
'NqlSDK.exe' (Win32): Loaded 'C:\Windows\System32\rsaenh.dll'. Symbol loading disabled by Include/Exclude setting.
'NqlSDK.exe' (Win32): Loaded 'C:\Windows\System32\dxilconv.dll'. Symbol loading disabled by Include/Exclude setting.
'NqlSDK.exe' (Win32): Loaded 'C:\Windows\System32\clbcatq.dll'. Symbol loading disabled by Include/Exclude setting.
'NqlSDK.exe' (Win32): Loaded 'C:\Windows\System32\WindowsCodecs.dll'. Symbol loading disabled by Include/Exclude setting.
'NqlSDK.exe' (Win32): Loaded 'C:\Windows\System32\TextShaping.dll'. Symbol loading disabled by Include/Exclude setting.
[NQL SDK] Camera init: pos(0.00,200.00,0.00) tgt(0.00,180.00,64.00)
'NqlSDK.exe' (Win32): Loaded 'C:\Windows\System32\ApplicationTargetedFeatureDatabase.dll'. Symbol loading disabled by Include/Exclude setting.
'NqlSDK.exe' (Win32): Loaded 'C:\Windows\System32\twinapi.appcore.dll'. Symbol loading disabled by Include/Exclude setting.
The thread 'ShellHandwriting Delegate Thread' (48580) has exited with code 0 (0x0).
[GEN_STAGE] begin idx=0/16 name="Opening world save"
[GEN_STAGE] end idx=0 name="Opening world save" duration=15ms chunks=0 data_kb=0
[GEN_STAGE] begin idx=1/16 name="Initializing world generator"
[GEN_STAGE] end idx=1 name="Initializing world generator" duration=16ms chunks=0 data_kb=0
[GEN_STAGE] begin idx=2/16 name="Preparing world systems"
[GEN_STAGE] end idx=2 name="Preparing world systems" duration=47ms chunks=0 data_kb=0
[GEN_STAGE] begin idx=3/16 name="Loading station state"
[GEN_STAGE] end idx=3 name="Loading station state" duration=0ms chunks=0 data_kb=0
[GEN_STAGE] begin idx=4/16 name="Preparing chunk systems"
[STREAMER] Initializing with 16 worker threads
[GEN_STAGE] end idx=4 name="Preparing chunk systems" duration=16ms chunks=0 data_kb=0
[GEN_STAGE] begin idx=5/16 name="Initializing entities"
[GEN_STAGE] end idx=5 name="Initializing entities" duration=0ms chunks=0 data_kb=0
[GEN_STAGE] begin idx=6/16 name="Restoring world state"
[SPAWN] Random spawn at (101,-280) top=331 surface=329 water=0 province=10 moisture=1 relief=0 score=0
[GEN_STAGE] end idx=6 name="Restoring world state" duration=578ms chunks=0 data_kb=0
[GEN_STAGE] begin idx=7/16 name="Planning visible chunks"
[GEN_STAGE] end idx=7 name="Planning visible chunks" duration=0ms chunks=0 data_kb=0
[GEN_STAGE] begin idx=8/16 name="Loading nearby chunks"
[BOOTSTRAP] sync_target_total=6 safety_radius=1
[WORKER] Processing job cx=1 cz=-4 gen=2 type=GENERATE
[READINESS] desired=6 resident=0 gpu_ready=0 | skips: not_primary=144 outside_radius=250 no_chunk=6 no_blocks=0 | pending: jobs=24 results=0
[WORKER] Processing job cx=1 cz=-6 gen=2 type=GENERATE
[WORKER] Processing job cx=2 cz=-5 gen=2 type=GENERATE
[WORKER] Processing job cx=1 cz=-5 gen=2 type=GENERATE
[WORKER] Processing job cx=0 cz=-5 gen=2 type=GENERATE
[WORKER] Processing job cx=2 cz=-6 gen=2 type=GENERATE
[WORKER] Processing job cx=0 cz=-6 gen=2 type=GENERATE
[WORKER] Processing job cx=-1 cz=-5 gen=2 type=GENERATE
[WORKER] Processing job cx=1 cz=-7 gen=2 type=GENERATE
[WORKER] Processing job cx=1 cz=-3 gen=2 type=GENERATE
[WORKER] Processing job cx=-1 cz=-6 gen=2 type=GENERATE
[WORKER] Processing job cx=0 cz=-3 gen=2 type=GENERATE
[WORKER] Processing job cx=2 cz=-4 gen=2 type=GENERATE
[WORKER] Processing job cx=3 cz=-6 gen=2 type=GENERATE
[WORKER] Processing job cx=3 cz=-5 gen=2 type=GENERATE
[WORKER] Processing job cx=0 cz=-4 gen=2 type=GENERATE
[WORLD_CELLS] Entry: chunk=(0,-4) enabled=1 registry=000001BD612C7AA0
[WORLD_CELLS] Proceeding with construction cell generation
[TERRAIN_EDGE] chunk=(0,-4) enabled=1 registry=000001BD612C7AA0
[WORLD_CELLS] Entry: chunk=(0,-3) enabled=1 registry=000001BD612C7AA0
[WORLD_CELLS] Proceeding with construction cell generation
[TERRAIN_EDGE] chunk=(0,-3) enabled=1 registry=000001BD612C7AA0
[WORLD_CELLS] Entry: chunk=(0,-5) enabled=1 registry=000001BD612C7AA0
[WORLD_CELLS] Proceeding with construction cell generation
[TERRAIN_EDGE] chunk=(0,-5) enabled=1 registry=000001BD612C7AA0
[WORLD_CELLS] Entry: chunk=(0,-6) enabled=1 registry=000001BD612C7AA0
[WORLD_CELLS] Proceeding with construction cell generation
[TERRAIN_EDGE] chunk=(0,-6) enabled=1 registry=000001BD612C7AA0
[TERRAIN_EDGE] chunk=(0,-4) placed=0 skipped=226
[WORLD_CELLS] Found settlement_data with 0 settlements
[STREAMER] Chunk (0,-4): blocks=000001BD098AC070, impl=000001BD70883130, construction_cells_enabled=1, registry=000001BD612C7AA0
[WORLD_CELLS] Entry: chunk=(0,-4) enabled=1 registry=000001BD612C7AA0
[WORLD_CELLS] Proceeding with construction cell generation
[TERRAIN_EDGE] chunk=(0,-4) enabled=1 registry=000001BD612C7AA0
[TERRAIN_EDGE] chunk=(0,-3) placed=0 skipped=226
[WORLD_CELLS] Found settlement_data with 0 settlements
[STREAMER] Chunk (0,-3): blocks=000001BD04031070, impl=000001BD70881F30, construction_cells_enabled=1, registry=000001BD612C7AA0
[WORLD_CELLS] Entry: chunk=(0,-3) enabled=1 registry=000001BD612C7AA0
[WORLD_CELLS] Proceeding with construction cell generation
[TERRAIN_EDGE] chunk=(0,-3) enabled=1 registry=000001BD612C7AA0
[TERRAIN_EDGE] chunk=(0,-5) placed=0 skipped=226
[WORLD_CELLS] Found settlement_data with 0 settlements
[STREAMER] Chunk (0,-5): blocks=000001BD01FFC070, impl=000001BD70881030, construction_cells_enabled=1, registry=000001BD612C7AA0
[WORLD_CELLS] Entry: chunk=(0,-5) enabled=1 registry=000001BD612C7AA0
[WORLD_CELLS] Proceeding with construction cell generation
[TERRAIN_EDGE] chunk=(0,-5) enabled=1 registry=000001BD612C7AA0
[WORLD_CELLS] Entry: chunk=(-1,-5) enabled=1 registry=000001BD612C7AA0
[WORLD_CELLS] Proceeding with construction cell generation
[TERRAIN_EDGE] chunk=(-1,-5) enabled=1 registry=000001BD612C7AA0
[TERRAIN_EDGE] chunk=(0,-6) placed=0 skipped=226
[WORLD_CELLS] Found settlement_data with 0 settlements
[STREAMER] Chunk (0,-6): blocks=000001BD02806070, impl=000001BD70883A30, construction_cells_enabled=1, registry=000001BD612C7AA0
[WORLD_CELLS] Entry: chunk=(0,-6) enabled=1 registry=000001BD612C7AA0
[WORLD_CELLS] Proceeding with construction cell generation
[TERRAIN_EDGE] chunk=(0,-6) enabled=1 registry=000001BD612C7AA0
[TERRAIN_EDGE] chunk=(0,-4) placed=0 skipped=226
[WORLD_CELLS] Found settlement_data with 0 settlements
[WORKER] Meshing cx=0 cz=-4 (persisted=0)
[TERRAIN_EDGE] chunk=(0,-3) placed=0 skipped=226
[WORLD_CELLS] Found settlement_data with 0 settlements
[WORKER] Meshing cx=0 cz=-3 (persisted=0)
[TERRAIN_EDGE] chunk=(0,-6) placed=0 skipped=226
[WORLD_CELLS] Found settlement_data with 0 settlements
[WORKER] Meshing cx=0 cz=-6 (persisted=0)
[TERRAIN_EDGE] chunk=(0,-5) placed=0 skipped=226
[WORLD_CELLS] Found settlement_data with 0 settlements
[WORKER] Meshing cx=0 cz=-5 (persisted=0)
[TERRAIN_EDGE] chunk=(-1,-5) placed=0 skipped=75
[WORLD_CELLS] Found settlement_data with 0 settlements
[STREAMER] Chunk (-1,-5): blocks=000001BD05868070, impl=000001BD70882E30, construction_cells_enabled=1, registry=000001BD612C7AA0
[WORLD_CELLS] Entry: chunk=(-1,-5) enabled=1 registry=000001BD612C7AA0
[WORLD_CELLS] Proceeding with construction cell generation
[TERRAIN_EDGE] chunk=(-1,-5) enabled=1 registry=000001BD612C7AA0
[TERRAIN_EDGE] chunk=(-1,-5) placed=0 skipped=75
[WORLD_CELLS] Found settlement_data with 0 settlements
[WORKER] Meshing cx=-1 cz=-5 (persisted=0)
[READINESS] desired=6 resident=0 gpu_ready=0 | skips: not_primary=144 outside_radius=250 no_chunk=6 no_blocks=0 | pending: jobs=9 results=0
[WORLD_CELLS] Entry: chunk=(-1,-6) enabled=1 registry=000001BD612C7AA0
[WORLD_CELLS] Proceeding with construction cell generation
[TERRAIN_EDGE] chunk=(-1,-6) enabled=1 registry=000001BD612C7AA0
[TERRAIN_EDGE] chunk=(-1,-6) placed=0 skipped=807
[WORLD_CELLS] Found settlement_data with 0 settlements
[STREAMER] Chunk (-1,-6): blocks=000001BD0688C070, impl=000001BD70880A30, construction_cells_enabled=1, registry=000001BD612C7AA0
[WORLD_CELLS] Entry: chunk=(-1,-6) enabled=1 registry=000001BD612C7AA0
[WORLD_CELLS] Proceeding with construction cell generation
[TERRAIN_EDGE] chunk=(-1,-6) enabled=1 registry=000001BD612C7AA0
[TERRAIN_EDGE] chunk=(-1,-6) placed=0 skipped=807
[WORLD_CELLS] Found settlement_data with 0 settlements
[WORKER] Meshing cx=-1 cz=-6 (persisted=0)
[WORKER] Mesh complete cx=-1 cz=-5 built=000001BD7A5ABD20
[WORKER] Queuing result cx=-1 cz=-5 gen=2 built=000001BD7A5ABD20 results=0/768
[WORKER] Processing job cx=2 cz=-7 gen=2 type=GENERATE
[PROCESS] Popped result cx=-1 cz=-5 gen=2 type=GENERATE built=000001BD7A5ABD20
[ADOPT] Adopting chunk (-1,-5) gen=2 role=2
[ADOPT] SUCCESS chunk (-1,-5) now resident. loaded_from_persist=0
[PROCESS] Adoption result: adopted=1 for cx=-1 cz=-5
[WORKER] Mesh complete cx=-1 cz=-6 built=000001BD7A5AB210
[WORKER] Queuing result cx=-1 cz=-6 gen=2 built=000001BD7A5AB210 results=0/768
[WORKER] Processing job cx=-1 cz=-4 gen=2 type=GENERATE
[PROCESS] Popped result cx=-1 cz=-6 gen=2 type=GENERATE built=000001BD7A5AB210
[ADOPT] Adopting chunk (-1,-6) gen=2 role=2
[ADOPT] SUCCESS chunk (-1,-6) now resident. loaded_from_persist=0
[PROCESS] Adoption result: adopted=1 for cx=-1 cz=-6
[READINESS] desired=6 resident=0 gpu_ready=0 | skips: not_primary=144 outside_radius=250 no_chunk=6 no_blocks=0 | pending: jobs=7 results=0
[WORKER] Mesh complete cx=0 cz=-5 built=000001BD7A5ADE50
[WORKER] Queuing result cx=0 cz=-5 gen=2 built=000001BD7A5ADE50 results=0/768
[WORKER] Processing job cx=2 cz=-3 gen=2 type=GENERATE
[PROCESS] Popped result cx=0 cz=-5 gen=2 type=GENERATE built=000001BD7A5ADE50
[ADOPT] Adopting chunk (0,-5) gen=2 role=2
[ADOPT] SUCCESS chunk (0,-5) now resident. loaded_from_persist=0
[PROCESS] Adoption result: adopted=1 for cx=0 cz=-5
[WORKER] Mesh complete cx=0 cz=-3 built=000001BD7A5AC830
[WORKER] Queuing result cx=0 cz=-3 gen=2 built=000001BD7A5AC830 results=0/768
[WORKER] Processing job cx=3 cz=-4 gen=2 type=GENERATE
[PROCESS] Popped result cx=0 cz=-3 gen=2 type=GENERATE built=000001BD7A5AC830
[ADOPT] Adopting chunk (0,-3) gen=2 role=2
[ADOPT] SUCCESS chunk (0,-3) now resident. loaded_from_persist=0
[PROCESS] Adoption result: adopted=1 for cx=0 cz=-3
[WORKER] Mesh complete cx=0 cz=-6 built=000001BD7A5AE960
[WORKER] Queuing result cx=0 cz=-6 gen=2 built=000001BD7A5AE960 results=0/768
[WORKER] Processing job cx=0 cz=-7 gen=2 type=GENERATE
[PROCESS] Popped result cx=0 cz=-6 gen=2 type=GENERATE built=000001BD7A5AE960
[ADOPT] Adopting chunk (0,-6) gen=2 role=2
[ADOPT] SUCCESS chunk (0,-6) now resident. loaded_from_persist=0
[PROCESS] Adoption result: adopted=1 for cx=0 cz=-6
[WORLD_CELLS] Entry: chunk=(3,-6) enabled=1 registry=000001BD612C7AA0
[WORLD_CELLS] Proceeding with construction cell generation
[TERRAIN_EDGE] chunk=(3,-6) enabled=1 registry=000001BD612C7AA0
[WORKER] Mesh complete cx=0 cz=-4 built=000001BD00916A70
[WORKER] Queuing result cx=0 cz=-4 gen=2 built=000001BD00916A70 results=0/768
[WORKER] Processing job cx=3 cz=-3 gen=2 type=GENERATE
[PROCESS] Popped result cx=0 cz=-4 gen=2 type=GENERATE built=000001BD00916A70
[ADOPT] Adopting chunk (0,-4) gen=2 role=2
[ADOPT] SUCCESS chunk (0,-4) now resident. loaded_from_persist=0
[PROCESS] Adoption result: adopted=1 for cx=0 cz=-4
[WORLD_CELLS] Entry: chunk=(3,-5) enabled=1 registry=000001BD612C7AA0
[WORLD_CELLS] Proceeding with construction cell generation
[TERRAIN_EDGE] chunk=(3,-5) enabled=1 registry=000001BD612C7AA0
[WORLD_CELLS] Entry: chunk=(2,-4) enabled=1 registry=000001BD612C7AA0
[WORLD_CELLS] Proceeding with construction cell generation
[TERRAIN_EDGE] chunk=(2,-4) enabled=1 registry=000001BD612C7AA0
[WORLD_CELLS] Entry: chunk=(1,-6) enabled=1 registry=000001BD612C7AA0
[WORLD_CELLS] Proceeding with construction cell generation
[TERRAIN_EDGE] chunk=(1,-6) enabled=1 registry=000001BD612C7AA0
[TERRAIN_EDGE] chunk=(3,-6) placed=0 skipped=2461
[WORLD_CELLS] Found settlement_data with 0 settlements
[STREAMER] Chunk (3,-6): blocks=000001BD0709F070, impl=000001BD70880730, construction_cells_enabled=1, registry=000001BD612C7AA0
[WORLD_CELLS] Entry: chunk=(3,-6) enabled=1 registry=000001BD612C7AA0
[WORLD_CELLS] Proceeding with construction cell generation
[TERRAIN_EDGE] chunk=(3,-6) enabled=1 registry=000001BD612C7AA0
[TERRAIN_EDGE] chunk=(2,-4) placed=0 skipped=2412
[WORLD_CELLS] Found settlement_data with 0 settlements
[TERRAIN_EDGE] chunk=(3,-5) placed=0 skipped=2361
[WORLD_CELLS] Found settlement_data with 0 settlements
[TERRAIN_EDGE] chunk=(1,-6) placed=0 skipped=2241
[WORLD_CELLS] Found settlement_data with 0 settlements
[READINESS] desired=6 resident=0 gpu_ready=0 | skips: not_primary=144 outside_radius=250 no_chunk=6 no_blocks=0 | pending: jobs=3 results=0
[STREAMER] Chunk (2,-4): blocks=000001BD04845070, impl=000001BD70882230, construction_cells_enabled=1, registry=000001BD612C7AA0
[WORLD_CELLS] Entry: chunk=(2,-4) enabled=1 registry=000001BD612C7AA0
[WORLD_CELLS] Proceeding with construction cell generation
[TERRAIN_EDGE] chunk=(2,-4) enabled=1 registry=000001BD612C7AA0
[STREAMER] Chunk (1,-6): blocks=000001BD00FDA070, impl=000001BD70883730, construction_cells_enabled=1, registry=000001BD612C7AA0
[WORLD_CELLS] Entry: chunk=(1,-6) enabled=1 registry=000001BD612C7AA0
[WORLD_CELLS] Proceeding with construction cell generation
[TERRAIN_EDGE] chunk=(1,-6) enabled=1 registry=000001BD612C7AA0
[STREAMER] Chunk (3,-5): blocks=000001BD0909A070, impl=000001BD70883D30, construction_cells_enabled=1, registry=000001BD612C7AA0
[WORLD_CELLS] Entry: chunk=(3,-5) enabled=1 registry=000001BD612C7AA0
[WORLD_CELLS] Proceeding with construction cell generation
[TERRAIN_EDGE] chunk=(3,-5) enabled=1 registry=000001BD612C7AA0
[WORLD_CELLS] Entry: chunk=(1,-5) enabled=1 registry=000001BD612C7AA0
[WORLD_CELLS] Proceeding with construction cell generation
[TERRAIN_EDGE] chunk=(1,-5) enabled=1 registry=000001BD612C7AA0
[WORLD_CELLS] Entry: chunk=(0,-7) enabled=1 registry=000001BD612C7AA0
[WORLD_CELLS] Proceeding with construction cell generation
[TERRAIN_EDGE] chunk=(0,-7) enabled=1 registry=000001BD612C7AA0
[TERRAIN_EDGE] chunk=(3,-6) placed=0 skipped=2461
[WORLD_CELLS] Found settlement_data with 0 settlements
[WORKER] Meshing cx=3 cz=-6 (persisted=0)
[WORLD_CELLS] Entry: chunk=(1,-3) enabled=1 registry=000001BD612C7AA0
[WORLD_CELLS] Proceeding with construction cell generation
[TERRAIN_EDGE] chunk=(1,-3) enabled=1 registry=000001BD612C7AA0
[WORLD_CELLS] Entry: chunk=(1,-7) enabled=1 registry=000001BD612C7AA0
[WORLD_CELLS] Proceeding with construction cell generation
[TERRAIN_EDGE] chunk=(1,-7) enabled=1 registry=000001BD612C7AA0
[WORLD_CELLS] Entry: chunk=(1,-4) enabled=1 registry=000001BD612C7AA0
[WORLD_CELLS] Proceeding with construction cell generation
[TERRAIN_EDGE] chunk=(1,-4) enabled=1 registry=000001BD612C7AA0
[TERRAIN_EDGE] chunk=(1,-6) placed=0 skipped=2241
[WORLD_CELLS] Found settlement_data with 0 settlements
[WORKER] Meshing cx=1 cz=-6 (persisted=0)
[TERRAIN_EDGE] chunk=(3,-5) placed=0 skipped=2361
[WORLD_CELLS] Found settlement_data with 0 settlements
[WORKER] Meshing cx=3 cz=-5 (persisted=0)
[TERRAIN_EDGE] chunk=(2,-4) placed=0 skipped=2412
[WORLD_CELLS] Found settlement_data with 0 settlements
[WORKER] Meshing cx=2 cz=-4 (persisted=0)
[TERRAIN_EDGE] chunk=(0,-7) placed=0 skipped=226
[WORLD_CELLS] Found settlement_data with 0 settlements
[STREAMER] Chunk (0,-7): blocks=000001BD145AA070, impl=000001BD70883A30, construction_cells_enabled=1, registry=000001BD612C7AA0
[WORLD_CELLS] Entry: chunk=(0,-7) enabled=1 registry=000001BD612C7AA0
[WORLD_CELLS] Proceeding with construction cell generation
[TERRAIN_EDGE] chunk=(0,-7) enabled=1 registry=000001BD612C7AA0
[TERRAIN_EDGE] chunk=(1,-5) placed=0 skipped=1734
[WORLD_CELLS] Found settlement_data with 0 settlements
[WORLD_CELLS] Entry: chunk=(2,-5) enabled=1 registry=000001BD612C7AA0
[WORLD_CELLS] Proceeding with construction cell generation
[TERRAIN_EDGE] chunk=(2,-5) enabled=1 registry=000001BD612C7AA0
[STREAMER] Chunk (1,-5): blocks=000001BD078B2070, impl=000001BD70882530, construction_cells_enabled=1, registry=000001BD612C7AA0
[WORLD_CELLS] Entry: chunk=(1,-5) enabled=1 registry=000001BD612C7AA0
[WORLD_CELLS] Proceeding with construction cell generation
[TERRAIN_EDGE] chunk=(1,-5) enabled=1 registry=000001BD612C7AA0
[TERRAIN_EDGE] chunk=(1,-3) placed=0 skipped=2517
[WORLD_CELLS] Found settlement_data with 0 settlements
[TERRAIN_EDGE] chunk=(1,-7) placed=0 skipped=2539
[WORLD_CELLS] Found settlement_data with 0 settlements
[STREAMER] Chunk (1,-3): blocks=000001BD0505D070, impl=000001BD70880D30, construction_cells_enabled=1, registry=000001BD612C7AA0
[WORLD_CELLS] Entry: chunk=(2,-6) enabled=1 registry=000001BD612C7AA0
[WORLD_CELLS] Proceeding with construction cell generation
[TERRAIN_EDGE] chunk=(2,-6) enabled=1 registry=000001BD612C7AA0
[WORLD_CELLS] Entry: chunk=(1,-3) enabled=1 registry=000001BD612C7AA0
[WORLD_CELLS] Proceeding with construction cell generation
[TERRAIN_EDGE] chunk=(1,-3) enabled=1 registry=000001BD612C7AA0
[TERRAIN_EDGE] chunk=(0,-7) placed=0 skipped=226
[WORLD_CELLS] Found settlement_data with 0 settlements
[WORKER] Meshing cx=0 cz=-7 (persisted=0)
[TERRAIN_EDGE] chunk=(1,-4) placed=0 skipped=2253
[WORLD_CELLS] Found settlement_data with 0 settlements
[STREAMER] Chunk (1,-7): blocks=000001BD03014070, impl=000001BD70884330, construction_cells_enabled=1, registry=000001BD612C7AA0
[WORLD_CELLS] Entry: chunk=(1,-7) enabled=1 registry=000001BD612C7AA0
[WORLD_CELLS] Proceeding with construction cell generation
[TERRAIN_EDGE] chunk=(1,-7) enabled=1 registry=000001BD612C7AA0
[STREAMER] Chunk (1,-4): blocks=000001BD03827070, impl=000001BD70883430, construction_cells_enabled=1, registry=000001BD612C7AA0
[WORLD_CELLS] Entry: chunk=(1,-4) enabled=1 registry=000001BD612C7AA0
[WORLD_CELLS] Proceeding with construction cell generation
[TERRAIN_EDGE] chunk=(1,-4) enabled=1 registry=000001BD612C7AA0
[TERRAIN_EDGE] chunk=(1,-5) placed=0 skipped=1734
[WORLD_CELLS] Found settlement_data with 0 settlements
[WORKER] Meshing cx=1 cz=-5 (persisted=0)
[TERRAIN_EDGE] chunk=(2,-5) placed=0 skipped=1999
[WORLD_CELLS] Found settlement_data with 0 settlements
[STREAMER] Chunk (2,-5): blocks=000001BD017EC070, impl=000001BD70881C30, construction_cells_enabled=1, registry=000001BD612C7AA0
[WORLD_CELLS] Entry: chunk=(2,-5) enabled=1 registry=000001BD612C7AA0
[WORLD_CELLS] Proceeding with construction cell generation
[TERRAIN_EDGE] chunk=(2,-5) enabled=1 registry=000001BD612C7AA0
[TERRAIN_EDGE] chunk=(1,-3) placed=0 skipped=2517
[WORLD_CELLS] Found settlement_data with 0 settlements
[WORKER] Meshing cx=1 cz=-3 (persisted=0)
[TERRAIN_EDGE] chunk=(1,-7) placed=0 skipped=2539
[WORLD_CELLS] Found settlement_data with 0 settlements
[WORKER] Meshing cx=1 cz=-7 (persisted=0)
[TERRAIN_EDGE] chunk=(2,-6) placed=0 skipped=1980
[WORLD_CELLS] Found settlement_data with 0 settlements
[STREAMER] Chunk (2,-6): blocks=000001BD0607C070, impl=000001BD70881330, construction_cells_enabled=1, registry=000001BD612C7AA0
[WORLD_CELLS] Entry: chunk=(2,-6) enabled=1 registry=000001BD612C7AA0
[WORLD_CELLS] Proceeding with construction cell generation
[TERRAIN_EDGE] chunk=(2,-6) enabled=1 registry=000001BD612C7AA0
[TERRAIN_EDGE] chunk=(1,-4) placed=0 skipped=2253
[WORLD_CELLS] Found settlement_data with 0 settlements
[WORKER] Meshing cx=1 cz=-4 (persisted=0)
[TERRAIN_EDGE] chunk=(2,-5) placed=0 skipped=1999
[WORLD_CELLS] Found settlement_data with 0 settlements
[WORKER] Meshing cx=2 cz=-5 (persisted=0)
[TERRAIN_EDGE] chunk=(2,-6) placed=0 skipped=1980
[WORLD_CELLS] Found settlement_data with 0 settlements
[WORKER] Meshing cx=2 cz=-6 (persisted=0)
[WORLD_CELLS] Entry: chunk=(2,-7) enabled=1 registry=000001BD612C7AA0
[WORLD_CELLS] Proceeding with construction cell generation
[TERRAIN_EDGE] chunk=(2,-7) enabled=1 registry=000001BD612C7AA0
[TERRAIN_EDGE] chunk=(2,-7) placed=0 skipped=2898
[WORLD_CELLS] Found settlement_data with 0 settlements
[STREAMER] Chunk (2,-7): blocks=000001BD0E7BB070, impl=000001BD70882E30, construction_cells_enabled=1, registry=000001BD612C7AA0
[WORLD_CELLS] Entry: chunk=(2,-7) enabled=1 registry=000001BD612C7AA0
[WORLD_CELLS] Proceeding with construction cell generation
[TERRAIN_EDGE] chunk=(2,-7) enabled=1 registry=000001BD612C7AA0
[READINESS] desired=6 resident=0 gpu_ready=0 | skips: not_primary=144 outside_radius=250 no_chunk=6 no_blocks=0 | pending: jobs=3 results=0
[TERRAIN_EDGE] chunk=(2,-7) placed=0 skipped=2898
[WORLD_CELLS] Found settlement_data with 0 settlements
[WORKER] Meshing cx=2 cz=-7 (persisted=0)
[WORKER] Mesh complete cx=3 cz=-5 built=000001BD00917580
[WORKER] Queuing result cx=3 cz=-5 gen=2 built=000001BD00917580 results=0/768
[WORKER] Processing job cx=3 cz=-7 gen=2 type=GENERATE
[PROCESS] Popped result cx=3 cz=-5 gen=2 type=GENERATE built=000001BD00917580
[ADOPT] Adopting chunk (3,-5) gen=2 role=1
[ADOPT] SUCCESS chunk (3,-5) now resident. loaded_from_persist=0
[PROCESS] Adoption result: adopted=1 for cx=3 cz=-5
[WORKER] Mesh complete cx=3 cz=-6 built=000001BD00915450
[WORKER] Queuing result cx=3 cz=-6 gen=2 built=000001BD00915450 results=0/768
[WORKER] Processing job cx=-1 cz=-7 gen=2 type=GENERATE
[PROCESS] Popped result cx=3 cz=-6 gen=2 type=GENERATE built=000001BD00915450
[ADOPT] Adopting chunk (3,-6) gen=2 role=1
[ADOPT] SUCCESS chunk (3,-6) now resident. loaded_from_persist=0
[PROCESS] Adoption result: adopted=1 for cx=3 cz=-6
[WORKER] Mesh complete cx=2 cz=-4 built=000001BD0091A1C0
[WORKER] Queuing result cx=2 cz=-4 gen=2 built=000001BD0091A1C0 results=0/768
[WORKER] Processing job cx=-1 cz=-3 gen=2 type=GENERATE
[PROCESS] Popped result cx=2 cz=-4 gen=2 type=GENERATE built=000001BD0091A1C0
[ADOPT] Adopting chunk (2,-4) gen=2 role=1
[ADOPT] SUCCESS chunk (2,-4) now resident. loaded_from_persist=0
[PROCESS] Adoption result: adopted=1 for cx=2 cz=-4
[WORKER] Mesh complete cx=1 cz=-6 built=000001BD0091B7E0
[WORKER] Queuing result cx=1 cz=-6 gen=2 built=000001BD0091B7E0 results=0/768
[PROCESS] Popped result cx=1 cz=-6 gen=2 type=GENERATE built=000001BD0091B7E0
[ADOPT] Adopting chunk (1,-6) gen=2 role=1
[ADOPT] SUCCESS chunk (1,-6) now resident. loaded_from_persist=0
[PROCESS] Adoption result: adopted=1 for cx=1 cz=-6
[WORKER] Mesh complete cx=2 cz=-5 built=000001BD00918BA0
[WORKER] Queuing result cx=2 cz=-5 gen=2 built=000001BD00918BA0 results=0/768
[PROCESS] Popped result cx=2 cz=-5 gen=2 type=GENERATE built=000001BD00918BA0
[ADOPT] Adopting chunk (2,-5) gen=2 role=1
[ADOPT] SUCCESS chunk (2,-5) now resident. loaded_from_persist=0
[PROCESS] Adoption result: adopted=1 for cx=2 cz=-5
[WORKER] Mesh complete cx=1 cz=-4 built=000001BD0091D910
[WORKER] Queuing result cx=1 cz=-4 gen=2 built=000001BD0091D910 results=0/768
[WORKER] Mesh complete cx=1 cz=-3 built=000001BD0091CE00
[WORKER] Queuing result cx=1 cz=-3 gen=2 built=000001BD0091CE00 results=1/768
[PROCESS] Popped result cx=1 cz=-4 gen=2 type=GENERATE built=000001BD0091D910
[ADOPT] Adopting chunk (1,-4) gen=2 role=1
[ADOPT] SUCCESS chunk (1,-4) now resident. loaded_from_persist=0
[PROCESS] Adoption result: adopted=1 for cx=1 cz=-4
[WORKER] Mesh complete cx=1 cz=-7 built=000001BD0091EF30
[WORKER] Queuing result cx=1 cz=-7 gen=2 built=000001BD0091EF30 results=1/768
[WORKER] Mesh complete cx=1 cz=-5 built=000001BD0091E420
[WORKER] Queuing result cx=1 cz=-5 gen=2 built=000001BD0091E420 results=2/768
[PROCESS] Popped result cx=1 cz=-3 gen=2 type=GENERATE built=000001BD0091CE00
[ADOPT] Adopting chunk (1,-3) gen=2 role=1
[ADOPT] SUCCESS chunk (1,-3) now resident. loaded_from_persist=0
[PROCESS] Adoption result: adopted=1 for cx=1 cz=-3
[WORLD_CELLS] Entry: chunk=(-1,-4) enabled=1 registry=000001BD612C7AA0
[WORLD_CELLS] Proceeding with construction cell generation
[TERRAIN_EDGE] chunk=(-1,-4) enabled=1 registry=000001BD612C7AA0
[PROCESS] Popped result cx=1 cz=-7 gen=2 type=GENERATE built=000001BD0091EF30
[ADOPT] Adopting chunk (1,-7) gen=2 role=1
[ADOPT] SUCCESS chunk (1,-7) now resident. loaded_from_persist=0
[PROCESS] Adoption result: adopted=1 for cx=1 cz=-7
[PROCESS] Popped result cx=1 cz=-5 gen=2 type=GENERATE built=000001BD0091E420
[ADOPT] Adopting chunk (1,-5) gen=2 role=1
[ADOPT] SUCCESS chunk (1,-5) now resident. loaded_from_persist=0
[PROCESS] Adoption result: adopted=1 for cx=1 cz=-5
[WORKER] Mesh complete cx=2 cz=-6 built=000001BD0091C2F0
[WORKER] Queuing result cx=2 cz=-6 gen=2 built=000001BD0091C2F0 results=0/768
[PROCESS] Popped result cx=2 cz=-6 gen=2 type=GENERATE built=000001BD0091C2F0
[ADOPT] Adopting chunk (2,-6) gen=2 role=1
[ADOPT] SUCCESS chunk (2,-6) now resident. loaded_from_persist=0
[PROCESS] Adoption result: adopted=1 for cx=2 cz=-6
[TERRAIN_EDGE] chunk=(-1,-4) placed=0 skipped=2312
[WORLD_CELLS] Found settlement_data with 0 settlements
[STREAMER] Chunk (-1,-4): blocks=000001BD12D71070, impl=000001BD70880A30, construction_cells_enabled=1, registry=000001BD612C7AA0
[WORLD_CELLS] Entry: chunk=(-1,-4) enabled=1 registry=000001BD612C7AA0
[WORLD_CELLS] Proceeding with construction cell generation
[TERRAIN_EDGE] chunk=(-1,-4) enabled=1 registry=000001BD612C7AA0
[TERRAIN_EDGE] chunk=(-1,-4) placed=0 skipped=2312
[WORLD_CELLS] Found settlement_data with 0 settlements
[WORKER] Meshing cx=-1 cz=-4 (persisted=0)
[WORKER] Mesh complete cx=0 cz=-7 built=000001BD0091FA40
[WORKER] Queuing result cx=0 cz=-7 gen=2 built=000001BD0091FA40 results=0/768
[WORLD_CELLS] Entry: chunk=(3,-4) enabled=1 registry=000001BD612C7AA0
[WORLD_CELLS] Proceeding with construction cell generation
[TERRAIN_EDGE] chunk=(3,-4) enabled=1 registry=000001BD612C7AA0
[WORKER] Mesh complete cx=2 cz=-7 built=000001BD00923190
[WORKER] Queuing result cx=2 cz=-7 gen=2 built=000001BD00923190 results=1/768
[TERRAIN_EDGE] chunk=(3,-4) placed=0 skipped=2510
[WORLD_CELLS] Found settlement_data with 0 settlements
[STREAMER] Chunk (3,-4): blocks=000001BD13D9D070, impl=000001BD70881F30, construction_cells_enabled=1, registry=000001BD612C7AA0
[WORLD_CELLS] Entry: chunk=(3,-4) enabled=1 registry=000001BD612C7AA0
[WORLD_CELLS] Proceeding with construction cell generation
[TERRAIN_EDGE] chunk=(3,-4) enabled=1 registry=000001BD612C7AA0
[TERRAIN_EDGE] chunk=(3,-4) placed=0 skipped=2510
[WORLD_CELLS] Found settlement_data with 0 settlements
[WORKER] Meshing cx=3 cz=-4 (persisted=0)
[WORLD_CELLS] Entry: chunk=(2,-3) enabled=1 registry=000001BD612C7AA0
[WORLD_CELLS] Proceeding with construction cell generation
[TERRAIN_EDGE] chunk=(2,-3) enabled=1 registry=000001BD612C7AA0
[WORLD_CELLS] Entry: chunk=(3,-3) enabled=1 registry=000001BD612C7AA0
[WORLD_CELLS] Proceeding with construction cell generation
[TERRAIN_EDGE] chunk=(3,-3) enabled=1 registry=000001BD612C7AA0
[TERRAIN_EDGE] chunk=(2,-3) placed=0 skipped=2671
[WORLD_CELLS] Found settlement_data with 0 settlements
[STREAMER] Chunk (2,-3): blocks=000001BD1358B070, impl=000001BD70881030, construction_cells_enabled=1, registry=000001BD612C7AA0
[WORLD_CELLS] Entry: chunk=(2,-3) enabled=1 registry=000001BD612C7AA0
[WORLD_CELLS] Proceeding with construction cell generation
[TERRAIN_EDGE] chunk=(2,-3) enabled=1 registry=000001BD612C7AA0
[TERRAIN_EDGE] chunk=(3,-3) placed=0 skipped=2182
[WORLD_CELLS] Found settlement_data with 0 settlements
[STREAMER] Chunk (3,-3): blocks=000001BD14DBE070, impl=000001BD70883130, construction_cells_enabled=1, registry=000001BD612C7AA0
[WORLD_CELLS] Entry: chunk=(3,-3) enabled=1 registry=000001BD612C7AA0
[WORLD_CELLS] Proceeding with construction cell generation
[TERRAIN_EDGE] chunk=(3,-3) enabled=1 registry=000001BD612C7AA0
[TERRAIN_EDGE] chunk=(3,-3) placed=0 skipped=2182
[WORLD_CELLS] Found settlement_data with 0 settlements
[WORKER] Meshing cx=3 cz=-3 (persisted=0)
[TERRAIN_EDGE] chunk=(2,-3) placed=0 skipped=2671
[WORLD_CELLS] Found settlement_data with 0 settlements
[WORKER] Meshing cx=2 cz=-3 (persisted=0)
[WORLD_CELLS] Entry: chunk=(3,-7) enabled=1 registry=000001BD612C7AA0
[WORLD_CELLS] Proceeding with construction cell generation
[TERRAIN_EDGE] chunk=(3,-7) enabled=1 registry=000001BD612C7AA0
[TERRAIN_EDGE] chunk=(3,-7) placed=0 skipped=2868
[WORLD_CELLS] Found settlement_data with 0 settlements
[STREAMER] Chunk (3,-7): blocks=000001BD747E1070, impl=000001BD70883D30, construction_cells_enabled=1, registry=000001BD612C7AA0
[WORLD_CELLS] Entry: chunk=(3,-7) enabled=1 registry=000001BD612C7AA0
[WORLD_CELLS] Proceeding with construction cell generation
[TERRAIN_EDGE] chunk=(3,-7) enabled=1 registry=000001BD612C7AA0
[TERRAIN_EDGE] chunk=(3,-7) placed=0 skipped=2868
[WORLD_CELLS] Found settlement_data with 0 settlements
[WORKER] Meshing cx=3 cz=-7 (persisted=0)
[WORKER] Mesh complete cx=-1 cz=-4 built=000001BD00918090
[WORKER] Queuing result cx=-1 cz=-4 gen=2 built=000001BD00918090 results=2/768
[WORKER] Mesh complete cx=3 cz=-4 built=000001BD00915F60
[WORKER] Queuing result cx=3 cz=-4 gen=2 built=000001BD00915F60 results=3/768
[WORKER] Mesh complete cx=3 cz=-3 built=000001BD00922680
[WORKER] Queuing result cx=3 cz=-3 gen=2 built=000001BD00922680 results=4/768
[WORKER] Mesh complete cx=2 cz=-3 built=000001BD00920550
[WORKER] Queuing result cx=2 cz=-3 gen=2 built=000001BD00920550 results=5/768
[WORLD_CELLS] Entry: chunk=(-1,-7) enabled=1 registry=000001BD612C7AA0
[WORLD_CELLS] Proceeding with construction cell generation
[TERRAIN_EDGE] chunk=(-1,-7) enabled=1 registry=000001BD612C7AA0
[TERRAIN_EDGE] chunk=(-1,-7) placed=0 skipped=2363
[WORLD_CELLS] Found settlement_data with 0 settlements
[STREAMER] Chunk (-1,-7): blocks=000001BD25B07070, impl=000001BD70880730, construction_cells_enabled=1, registry=000001BD612C7AA0
[WORLD_CELLS] Entry: chunk=(-1,-7) enabled=1 registry=000001BD612C7AA0
[WORLD_CELLS] Proceeding with construction cell generation
[TERRAIN_EDGE] chunk=(-1,-7) enabled=1 registry=000001BD612C7AA0
[TERRAIN_EDGE] chunk=(-1,-7) placed=0 skipped=2363
[WORLD_CELLS] Found settlement_data with 0 settlements
[WORKER] Meshing cx=-1 cz=-7 (persisted=0)
[WORLD_CELLS] Entry: chunk=(-1,-3) enabled=1 registry=000001BD612C7AA0
[WORLD_CELLS] Proceeding with construction cell generation
[TERRAIN_EDGE] chunk=(-1,-3) enabled=1 registry=000001BD612C7AA0
[TERRAIN_EDGE] chunk=(-1,-3) placed=0 skipped=2481
[WORLD_CELLS] Found settlement_data with 0 settlements
[STREAMER] Chunk (-1,-3): blocks=000001BD26319070, impl=000001BD70882230, construction_cells_enabled=1, registry=000001BD612C7AA0
[WORLD_CELLS] Entry: chunk=(-1,-3) enabled=1 registry=000001BD612C7AA0
[WORLD_CELLS] Proceeding with construction cell generation
[TERRAIN_EDGE] chunk=(-1,-3) enabled=1 registry=000001BD612C7AA0
[TERRAIN_EDGE] chunk=(-1,-3) placed=0 skipped=2481
[WORLD_CELLS] Found settlement_data with 0 settlements
[WORKER] Meshing cx=-1 cz=-3 (persisted=0)
[WORKER] Mesh complete cx=3 cz=-7 built=000001BD009196B0
[WORKER] Queuing result cx=3 cz=-7 gen=2 built=000001BD009196B0 results=6/768
[WORKER] Mesh complete cx=-1 cz=-7 built=000001BD0091ACD0
[WORKER] Queuing result cx=-1 cz=-7 gen=2 built=000001BD0091ACD0 results=7/768
[WORKER] Mesh complete cx=-1 cz=-3 built=000001BD00921060
[WORKER] Queuing result cx=-1 cz=-3 gen=2 built=000001BD00921060 results=8/768
[READINESS] desired=6 resident=6 gpu_ready=6 | skips: not_primary=144 outside_radius=250 no_chunk=0 no_blocks=0 | pending: jobs=0 results=9
[PROCESS] Popped result cx=0 cz=-7 gen=2 type=GENERATE built=000001BD0091FA40
[ADOPT] Adopting chunk (0,-7) gen=2 role=2
[ADOPT] SUCCESS chunk (0,-7) now resident. loaded_from_persist=0
[PROCESS] Adoption result: adopted=1 for cx=0 cz=-7
[GEN_STAGE] end idx=8 name="Loading nearby chunks" duration=16703ms chunks=17 data_kb=0
[READINESS] desired=6 resident=6 gpu_ready=5 | skips: not_primary=144 outside_radius=250 no_chunk=0 no_blocks=0 | pending: jobs=0 results=8
[PROCESS] Popped result cx=2 cz=-7 gen=2 type=GENERATE built=000001BD00923190
[ADOPT] Adopting chunk (2,-7) gen=2 role=1
[ADOPT] SUCCESS chunk (2,-7) now resident. loaded_from_persist=0
[PROCESS] Adoption result: adopted=1 for cx=2 cz=-7
[STARTUP] terrain desired=6 resident=6 ready=4 jobs=0 results=7 no_cpu=2 upload=0 stale=0 far_only=0 other=0
[PROCESS] Popped result cx=-1 cz=-4 gen=2 type=GENERATE built=000001BD00918090
[ADOPT] Adopting chunk (-1,-4) gen=2 role=2
[ADOPT] SUCCESS chunk (-1,-4) now resident. loaded_from_persist=0
[PROCESS] Adoption result: adopted=1 for cx=-1 cz=-4
[PROCESS] Popped result cx=3 cz=-4 gen=2 type=GENERATE built=000001BD00915F60
[ADOPT] Adopting chunk (3,-4) gen=2 role=1
[ADOPT] SUCCESS chunk (3,-4) now resident. loaded_from_persist=0
[PROCESS] Adoption result: adopted=1 for cx=3 cz=-4
[PROCESS] Popped result cx=3 cz=-3 gen=2 type=GENERATE built=000001BD00922680
[ADOPT] Adopting chunk (3,-3) gen=2 role=1
[ADOPT] SUCCESS chunk (3,-3) now resident. loaded_from_persist=0
[PROCESS] Adoption result: adopted=1 for cx=3 cz=-3
[PROCESS] Popped result cx=2 cz=-3 gen=2 type=GENERATE built=000001BD00920550
[ADOPT] Adopting chunk (2,-3) gen=2 role=1
[ADOPT] SUCCESS chunk (2,-3) now resident. loaded_from_persist=0
[PROCESS] Adoption result: adopted=1 for cx=2 cz=-3
[PROCESS] Popped result cx=3 cz=-7 gen=2 type=GENERATE built=000001BD009196B0
[ADOPT] Adopting chunk (3,-7) gen=2 role=1
[ADOPT] SUCCESS chunk (3,-7) now resident. loaded_from_persist=0
[PROCESS] Adoption result: adopted=1 for cx=3 cz=-7
[PROCESS] Popped result cx=-1 cz=-7 gen=2 type=GENERATE built=000001BD0091ACD0
[ADOPT] Adopting chunk (-1,-7) gen=2 role=2
[ADOPT] SUCCESS chunk (-1,-7) now resident. loaded_from_persist=0
[PROCESS] Adoption result: adopted=1 for cx=-1 cz=-7
[PROCESS] Popped result cx=-1 cz=-3 gen=2 type=GENERATE built=000001BD00921060
[ADOPT] Adopting chunk (-1,-3) gen=2 role=2
[ADOPT] SUCCESS chunk (-1,-3) now resident. loaded_from_persist=0
[PROCESS] Adoption result: adopted=1 for cx=-1 cz=-3
[RESIDENCY] STALL mode=superchunk desired=400(P256/F140/T4) resident=25(P15/F10/T0/E0) jobs=0 results=0 primary=(0,-1) desired_sc=(0,-1) transition=0
[RESIDENCY] missing desired chunks primary=241 ring=130 transition=4 desired=400 active=25
[READINESS] desired=6 resident=6 gpu_ready=1 | skips: not_primary=144 outside_radius=250 no_chunk=0 no_blocks=0 | pending: jobs=0 results=0
[STARTUP] terrain desired=6 resident=6 ready=1 jobs=0 results=0 no_cpu=5 upload=0 stale=0 far_only=0 other=0
[RESIDENCY] STALL mode=superchunk desired=400(P256/F140/T4) resident=25(P15/F10/T0/E0) jobs=0 results=0 primary=(0,-1) desired_sc=(0,-1) transition=0
[RESIDENCY] missing desired chunks primary=241 ring=130 transition=4 desired=400 active=25
[PLAYER] Test flight enabled (double SPACE, testing only)
[PLAYER] Test flight disabled
[READINESS] desired=6 resident=6 gpu_ready=1 | skips: not_primary=144 outside_radius=250 no_chunk=0 no_blocks=0 | pending: jobs=0 results=0
[STARTUP] terrain desired=6 resident=6 ready=1 jobs=0 results=0 no_cpu=5 upload=0 stale=0 far_only=0 other=0
[RESIDENCY] STALL mode=superchunk desired=400(P256/F140/T4) resident=25(P15/F10/T0/E0) jobs=0 results=0 primary=(0,-1) desired_sc=(0,-1) transition=0
[RESIDENCY] missing desired chunks primary=241 ring=130 transition=4 desired=400 active=25
[PLAYER] Test flight enabled (double SPACE, testing only)
[WORKER] Processing job cx=1 cz=-2 gen=2 type=GENERATE
[WALL] HEALTH W=16/5/0 N=16/0/0 E=16/0/0 S=16/0/0 (desired/resident/ready)
[WORKER] Processing job cx=4 cz=-5 gen=2 type=GENERATE
[WORKER] Processing job cx=1 cz=-8 gen=2 type=GENERATE
[WORKER] Processing job cx=4 cz=-6 gen=2 type=GENERATE
[WORKER] Processing job cx=4 cz=-7 gen=2 type=GENERATE
[WORKER] Processing job cx=4 cz=-4 gen=2 type=GENERATE
[WORKER] Processing job cx=3 cz=-8 gen=2 type=GENERATE
[WORKER] Processing job cx=1 cz=-1 gen=2 type=GENERATE
[WORKER] Processing job cx=3 cz=-2 gen=2 type=GENERATE
[WORKER] Processing job cx=5 cz=-5 gen=2 type=GENERATE
[WORKER] Processing job cx=5 cz=-6 gen=2 type=GENERATE
[WORKER] Processing job cx=5 cz=-4 gen=2 type=GENERATE
[WORKER] Processing job cx=4 cz=-3 gen=2 type=GENERATE
[WORKER] Processing job cx=2 cz=-2 gen=2 type=GENERATE
[WORKER] Processing job cx=1 cz=-9 gen=2 type=GENERATE
[WORKER] Processing job cx=2 cz=-8 gen=2 type=GENERATE
[READINESS] desired=6 resident=6 gpu_ready=1 | skips: not_primary=144 outside_radius=250 no_chunk=0 no_blocks=0 | pending: jobs=359 results=0
[READINESS] desired=6 resident=6 gpu_ready=1 | skips: not_primary=144 outside_radius=250 no_chunk=0 no_blocks=0 | pending: jobs=359 results=0
[WORLD_CELLS] Entry: chunk=(3,-8) enabled=1 registry=000001BD612C7AA0
[WORLD_CELLS] Proceeding with construction cell generation
[TERRAIN_EDGE] chunk=(3,-8) enabled=1 registry=000001BD612C7AA0
[WORLD_CELLS] Entry: chunk=(1,-9) enabled=1 registry=000001BD612C7AA0
[WORLD_CELLS] Proceeding with construction cell generation
[TERRAIN_EDGE] chunk=(1,-9) enabled=1 registry=000001BD612C7AA0
[TERRAIN_EDGE] chunk=(3,-8) placed=0 skipped=2219
[WORLD_CELLS] Found settlement_data with 0 settlements
[STREAMER] Chunk (3,-8): blocks=000001BD8607D070, impl=000001BD70882E30, construction_cells_enabled=1, registry=000001BD612C7AA0
[WORLD_CELLS] Entry: chunk=(3,-8) enabled=1 registry=000001BD612C7AA0
[WORLD_CELLS] Proceeding with construction cell generation
[TERRAIN_EDGE] chunk=(3,-8) enabled=1 registry=000001BD612C7AA0
[WORLD_CELLS] Entry: chunk=(2,-8) enabled=1 registry=000001BD612C7AA0
[WORLD_CELLS] Proceeding with construction cell generation
[TERRAIN_EDGE] chunk=(2,-8) enabled=1 registry=000001BD612C7AA0
[TERRAIN_EDGE] chunk=(1,-9) placed=0 skipped=2175
[WORLD_CELLS] Found settlement_data with 0 settlements
[STREAMER] Chunk (1,-9): blocks=000001BD8688E070, impl=000001BD70881030, construction_cells_enabled=1, registry=000001BD612C7AA0
[WORLD_CELLS] Entry: chunk=(1,-9) enabled=1 registry=000001BD612C7AA0
[WORLD_CELLS] Proceeding with construction cell generation
[TERRAIN_EDGE] chunk=(1,-9) enabled=1 registry=000001BD612C7AA0
[TERRAIN_EDGE] chunk=(3,-8) placed=0 skipped=2219
[WORLD_CELLS] Found settlement_data with 0 settlements
[WORKER] Meshing cx=3 cz=-8 (persisted=0)
[WORLD_CELLS] Entry: chunk=(4,-7) enabled=1 registry=000001BD612C7AA0
[WORLD_CELLS] Proceeding with construction cell generation
[TERRAIN_EDGE] chunk=(4,-7) enabled=1 registry=000001BD612C7AA0
[TERRAIN_EDGE] chunk=(2,-8) placed=0 skipped=2411
[WORLD_CELLS] Found settlement_data with 0 settlements
[STREAMER] Chunk (2,-8): blocks=000001BD878AB070, impl=000001BD70882530, construction_cells_enabled=1, registry=000001BD612C7AA0
[WORLD_CELLS] Entry: chunk=(2,-8) enabled=1 registry=000001BD612C7AA0
[WORLD_CELLS] Proceeding with construction cell generation
[TERRAIN_EDGE] chunk=(2,-8) enabled=1 registry=000001BD612C7AA0
[TERRAIN_EDGE] chunk=(1,-9) placed=0 skipped=2175
[WORLD_CELLS] Found settlement_data with 0 settlements
[WORKER] Meshing cx=1 cz=-9 (persisted=0)
[TERRAIN_EDGE] chunk=(4,-7) placed=0 skipped=2402
[WORLD_CELLS] Found settlement_data with 0 settlements
[TERRAIN_EDGE] chunk=(2,-8) placed=0 skipped=2411
[WORLD_CELLS] Found settlement_data with 0 settlements
[WORKER] Meshing cx=2 cz=-8 (persisted=0)
[STREAMER] Chunk (4,-7): blocks=000001BD817E0070, impl=000001BD70883A30, construction_cells_enabled=1, registry=000001BD612C7AA0
[WORLD_CELLS] Entry: chunk=(4,-7) enabled=1 registry=000001BD612C7AA0
[WORLD_CELLS] Proceeding with construction cell generation
[TERRAIN_EDGE] chunk=(4,-7) enabled=1 registry=000001BD612C7AA0
[TERRAIN_EDGE] chunk=(4,-7) placed=0 skipped=2402
[WORLD_CELLS] Found settlement_data with 0 settlements
[WORKER] Meshing cx=4 cz=-7 (persisted=0)
[READINESS] desired=6 resident=6 gpu_ready=1 | skips: not_primary=144 outside_radius=250 no_chunk=0 no_blocks=0 | pending: jobs=359 results=0
[WORLD_CELLS] Entry: chunk=(1,-8) enabled=1 registry=000001BD612C7AA0
[WORLD_CELLS] Proceeding with construction cell generation
[TERRAIN_EDGE] chunk=(1,-8) enabled=1 registry=000001BD612C7AA0
[TERRAIN_EDGE] chunk=(1,-8) placed=0 skipped=2496
[WORLD_CELLS] Found settlement_data with 0 settlements
[STREAMER] Chunk (1,-8): blocks=000001BD807B5070, impl=000001BD70881C30, construction_cells_enabled=1, registry=000001BD612C7AA0
[WORLD_CELLS] Entry: chunk=(1,-8) enabled=1 registry=000001BD612C7AA0
[WORLD_CELLS] Proceeding with construction cell generation
[TERRAIN_EDGE] chunk=(1,-8) enabled=1 registry=000001BD612C7AA0
[TERRAIN_EDGE] chunk=(1,-8) placed=0 skipped=2496
[WORLD_CELLS] Found settlement_data with 0 settlements
[WORKER] Meshing cx=1 cz=-8 (persisted=0)
[WORLD_CELLS] Entry: chunk=(4,-6) enabled=1 registry=000001BD612C7AA0
[WORLD_CELLS] Proceeding with construction cell generation
[TERRAIN_EDGE] chunk=(4,-6) enabled=1 registry=000001BD612C7AA0
[TERRAIN_EDGE] chunk=(4,-6) placed=0 skipped=3088
[WORLD_CELLS] Found settlement_data with 0 settlements
[STREAMER] Chunk (4,-6): blocks=000001BD85861070, impl=000001BD70880D30, construction_cells_enabled=1, registry=000001BD612C7AA0
[WORLD_CELLS] Entry: chunk=(4,-6) enabled=1 registry=000001BD612C7AA0
[WORLD_CELLS] Proceeding with construction cell generation
[TERRAIN_EDGE] chunk=(4,-6) enabled=1 registry=000001BD612C7AA0
[TERRAIN_EDGE] chunk=(4,-6) placed=0 skipped=3088
[WORLD_CELLS] Found settlement_data with 0 settlements
[WORKER] Meshing cx=4 cz=-6 (persisted=0)
[WORLD_CELLS] Entry: chunk=(5,-4) enabled=1 registry=000001BD612C7AA0
[WORLD_CELLS] Proceeding with construction cell generation
[TERRAIN_EDGE] chunk=(5,-4) enabled=1 registry=000001BD612C7AA0
[WORLD_CELLS] Entry: chunk=(4,-5) enabled=1 registry=000001BD612C7AA0
[WORLD_CELLS] Proceeding with construction cell generation
[TERRAIN_EDGE] chunk=(4,-5) enabled=1 registry=000001BD612C7AA0
[WORLD_CELLS] Entry: chunk=(3,-2) enabled=1 registry=000001BD612C7AA0
[WORLD_CELLS] Proceeding with construction cell generation
[TERRAIN_EDGE] chunk=(3,-2) enabled=1 registry=000001BD612C7AA0
[WORLD_CELLS] Entry: chunk=(1,-1) enabled=1 registry=000001BD612C7AA0
[WORLD_CELLS] Proceeding with construction cell generation
[TERRAIN_EDGE] chunk=(1,-1) enabled=1 registry=000001BD612C7AA0
[WORLD_CELLS] Entry: chunk=(2,-2) enabled=1 registry=000001BD612C7AA0
[WORLD_CELLS] Proceeding with construction cell generation
[TERRAIN_EDGE] chunk=(2,-2) enabled=1 registry=000001BD612C7AA0
[TERRAIN_EDGE] chunk=(5,-4) placed=0 skipped=2385
[WORLD_CELLS] Found settlement_data with 0 settlements
[TERRAIN_EDGE] chunk=(4,-5) placed=0 skipped=2375
[WORLD_CELLS] Found settlement_data with 0 settlements
[STREAMER] Chunk (5,-4): blocks=000001BD8505C070, impl=000001BD70882230, construction_cells_enabled=1, registry=000001BD612C7AA0
[WORLD_CELLS] Entry: chunk=(5,-4) enabled=1 registry=000001BD612C7AA0
[WORLD_CELLS] Proceeding with construction cell generation
[TERRAIN_EDGE] chunk=(5,-4) enabled=1 registry=000001BD612C7AA0
[WORLD_CELLS] Entry: chunk=(5,-6) enabled=1 registry=000001BD612C7AA0
[WORLD_CELLS] Proceeding with construction cell generation
[TERRAIN_EDGE] chunk=(5,-6) enabled=1 registry=000001BD612C7AA0
[STREAMER] Chunk (4,-5): blocks=000001BD7FFA2070, impl=000001BD70883430, construction_cells_enabled=1, registry=000001BD612C7AA0
[WORLD_CELLS] Entry: chunk=(4,-5) enabled=1 registry=000001BD612C7AA0
[WORLD_CELLS] Proceeding with construction cell generation
[TERRAIN_EDGE] chunk=(4,-5) enabled=1 registry=000001BD612C7AA0
[WORLD_CELLS] Entry: chunk=(4,-4) enabled=1 registry=000001BD612C7AA0
[WORLD_CELLS] Proceeding with construction cell generation
[TERRAIN_EDGE] chunk=(4,-4) enabled=1 registry=000001BD612C7AA0
[TERRAIN_EDGE] chunk=(3,-2) placed=0 skipped=2474
[WORLD_CELLS] Found settlement_data with 0 settlements
[WORLD_CELLS] Entry: chunk=(4,-3) enabled=1 registry=000001BD612C7AA0
[WORLD_CELLS] Proceeding with construction cell generation
[TERRAIN_EDGE] chunk=(4,-3) enabled=1 registry=000001BD612C7AA0
[STREAMER] Chunk (3,-2): blocks=000001BD83829070, impl=000001BD70881F30, construction_cells_enabled=1, registry=000001BD612C7AA0
[WORLD_CELLS] Entry: chunk=(3,-2) enabled=1 registry=000001BD612C7AA0
[WORLD_CELLS] Proceeding with construction cell generation
[TERRAIN_EDGE] chunk=(3,-2) enabled=1 registry=000001BD612C7AA0
[TERRAIN_EDGE] chunk=(1,-1) placed=0 skipped=2403
[WORLD_CELLS] Found settlement_data with 0 settlements
[STREAMER] Chunk (1,-1): blocks=000001BD81FF6070, impl=000001BD70880730, construction_cells_enabled=1, registry=000001BD612C7AA0
[WORLD_CELLS] Entry: chunk=(1,-1) enabled=1 registry=000001BD612C7AA0
[WORLD_CELLS] Proceeding with construction cell generation
[TERRAIN_EDGE] chunk=(1,-1) enabled=1 registry=000001BD612C7AA0
[TERRAIN_EDGE] chunk=(2,-2) placed=0 skipped=2264
[WORLD_CELLS] Found settlement_data with 0 settlements
[WORLD_CELLS] Entry: chunk=(1,-2) enabled=1 registry=000001BD612C7AA0
[WORLD_CELLS] Proceeding with construction cell generation
[TERRAIN_EDGE] chunk=(1,-2) enabled=1 registry=000001BD612C7AA0
[STREAMER] Chunk (2,-2): blocks=000001BD8484D070, impl=000001BD70884330, construction_cells_enabled=1, registry=000001BD612C7AA0
[WORLD_CELLS] Entry: chunk=(2,-2) enabled=1 registry=000001BD612C7AA0
[WORLD_CELLS] Proceeding with construction cell generation
[TERRAIN_EDGE] chunk=(2,-2) enabled=1 registry=000001BD612C7AA0
[WORLD_CELLS] Entry: chunk=(5,-5) enabled=1 registry=000001BD612C7AA0
[WORLD_CELLS] Proceeding with construction cell generation
[TERRAIN_EDGE] chunk=(5,-5) enabled=1 registry=000001BD612C7AA0
[TERRAIN_EDGE] chunk=(5,-4) placed=0 skipped=2385
[WORLD_CELLS] Found settlement_data with 0 settlements
[WORKER] Meshing cx=5 cz=-4 (persisted=0)
[TERRAIN_EDGE] chunk=(5,-6) placed=0 skipped=2976
[WORLD_CELLS] Found settlement_data with 0 settlements
[TERRAIN_EDGE] chunk=(4,-5) placed=0 skipped=2375
[WORLD_CELLS] Found settlement_data with 0 settlements
[WORKER] Meshing cx=4 cz=-5 (persisted=0)
[STREAMER] Chunk (5,-6): blocks=000001BD82809070, impl=000001BD70883D30, construction_cells_enabled=1, registry=000001BD612C7AA0
[WORLD_CELLS] Entry: chunk=(5,-6) enabled=1 registry=000001BD612C7AA0
[WORLD_CELLS] Proceeding with construction cell generation
[TERRAIN_EDGE] chunk=(5,-6) enabled=1 registry=000001BD612C7AA0
[TERRAIN_EDGE] chunk=(4,-4) placed=0 skipped=2402
[WORLD_CELLS] Found settlement_data with 0 settlements
[TERRAIN_EDGE] chunk=(4,-3) placed=0 skipped=2414
[WORLD_CELLS] Found settlement_data with 0 settlements
[STREAMER] Chunk (4,-4): blocks=000001BD87091070, impl=000001BD70881330, construction_cells_enabled=1, registry=000001BD612C7AA0
[WORLD_CELLS] Entry: chunk=(4,-4) enabled=1 registry=000001BD612C7AA0
[WORLD_CELLS] Proceeding with construction cell generation
[TERRAIN_EDGE] chunk=(4,-4) enabled=1 registry=000001BD612C7AA0
[TERRAIN_EDGE] chunk=(3,-2) placed=0 skipped=2474
[WORLD_CELLS] Found settlement_data with 0 settlements
[WORKER] Meshing cx=3 cz=-2 (persisted=0)
[STREAMER] Chunk (4,-3): blocks=000001BD8301B070, impl=000001BD70880A30, construction_cells_enabled=1, registry=000001BD612C7AA0
[WORLD_CELLS] Entry: chunk=(4,-3) enabled=1 registry=000001BD612C7AA0
[WORLD_CELLS] Proceeding with construction cell generation
[TERRAIN_EDGE] chunk=(4,-3) enabled=1 registry=000001BD612C7AA0
[TERRAIN_EDGE] chunk=(1,-1) placed=0 skipped=2403
[WORLD_CELLS] Found settlement_data with 0 settlements
[WORKER] Meshing cx=1 cz=-1 (persisted=0)
[TERRAIN_EDGE] chunk=(2,-2) placed=0 skipped=2264
[WORLD_CELLS] Found settlement_data with 0 settlements
[WORKER] Meshing cx=2 cz=-2 (persisted=0)
[TERRAIN_EDGE] chunk=(1,-2) placed=0 skipped=2554
[WORLD_CELLS] Found settlement_data with 0 settlements
[TERRAIN_EDGE] chunk=(5,-5) placed=0 skipped=2568
[WORLD_CELLS] Found settlement_data with 0 settlements
[STREAMER] Chunk (1,-2): blocks=000001BD80FCF070, impl=000001BD70883730, construction_cells_enabled=1, registry=000001BD612C7AA0
[WORLD_CELLS] Entry: chunk=(1,-2) enabled=1 registry=000001BD612C7AA0
[WORLD_CELLS] Proceeding with construction cell generation
[TERRAIN_EDGE] chunk=(1,-2) enabled=1 registry=000001BD612C7AA0
[READINESS] desired=6 resident=6 gpu_ready=1 | skips: not_primary=144 outside_radius=250 no_chunk=0 no_blocks=0 | pending: jobs=359 results=0
[STREAMER] Chunk (5,-5): blocks=000001BD8403E070, impl=000001BD70883130, construction_cells_enabled=1, registry=000001BD612C7AA0
[WORLD_CELLS] Entry: chunk=(5,-5) enabled=1 registry=000001BD612C7AA0
[WORLD_CELLS] Proceeding with construction cell generation
[TERRAIN_EDGE] chunk=(5,-5) enabled=1 registry=000001BD612C7AA0
[TERRAIN_EDGE] chunk=(5,-6) placed=0 skipped=2976
[WORLD_CELLS] Found settlement_data with 0 settlements
[WORKER] Meshing cx=5 cz=-6 (persisted=0)
[TERRAIN_EDGE] chunk=(4,-4) placed=0 skipped=2402
[WORLD_CELLS] Found settlement_data with 0 settlements
[WORKER] Meshing cx=4 cz=-4 (persisted=0)
[TERRAIN_EDGE] chunk=(4,-3) placed=0 skipped=2414
[WORLD_CELLS] Found settlement_data with 0 settlements
[WORKER] Meshing cx=4 cz=-3 (persisted=0)
[WORKER] Mesh complete cx=3 cz=-8 built=000001BD39FAE920
[WORKER] Queuing result cx=3 cz=-8 gen=2 built=000001BD39FAE920 results=0/768
[WORKER] Processing job cx=2 cz=-9 gen=2 type=GENERATE
[PROCESS] Popped result cx=3 cz=-8 gen=2 type=GENERATE built=000001BD39FAE920
[ADOPT] Adopting chunk (3,-8) gen=2 role=1
[ADOPT] SUCCESS chunk (3,-8) now resident. loaded_from_persist=0
[PROCESS] Adoption result: adopted=1 for cx=3 cz=-8
[TERRAIN_EDGE] chunk=(1,-2) placed=0 skipped=2554
[WORLD_CELLS] Found settlement_data with 0 settlements
[WORKER] Meshing cx=1 cz=-2 (persisted=0)
[TERRAIN_EDGE] chunk=(5,-5) placed=0 skipped=2568
[WORLD_CELLS] Found settlement_data with 0 settlements
[WORKER] Meshing cx=5 cz=-5 (persisted=0)
[WORKER] Mesh complete cx=2 cz=-8 built=000001BD39FAF430
[WORKER] Queuing result cx=2 cz=-8 gen=2 built=000001BD39FAF430 results=0/768
[WORKER] Processing job cx=2 cz=-1 gen=2 type=GENERATE
[PROCESS] Popped result cx=2 cz=-8 gen=2 type=GENERATE built=000001BD39FAF430
[ADOPT] Adopting chunk (2,-8) gen=2 role=1
[ADOPT] SUCCESS chunk (2,-8) now resident. loaded_from_persist=0
[PROCESS] Adoption result: adopted=1 for cx=2 cz=-8
[WORKER] Mesh complete cx=1 cz=-9 built=000001BD39FAD300
[WORKER] Queuing result cx=1 cz=-9 gen=2 built=000001BD39FAD300 results=0/768
[WORKER] Processing job cx=4 cz=-8 gen=2 type=GENERATE
[PROCESS] Popped result cx=1 cz=-9 gen=2 type=GENERATE built=000001BD39FAD300
[ADOPT] Adopting chunk (1,-9) gen=2 role=1
[ADOPT] SUCCESS chunk (1,-9) now resident. loaded_from_persist=0
[PROCESS] Adoption result: adopted=1 for cx=1 cz=-9
[WORKER] Mesh complete cx=4 cz=-7 built=000001BD39FB3690
[WORKER] Queuing result cx=4 cz=-7 gen=2 built=000001BD39FB3690 results=0/768
[WORKER] Processing job cx=4 cz=-2 gen=2 type=GENERATE
[PROCESS] Popped result cx=4 cz=-7 gen=2 type=GENERATE built=000001BD39FB3690
[ADOPT] Adopting chunk (4,-7) gen=2 role=1
[ADOPT] SUCCESS chunk (4,-7) now resident. loaded_from_persist=0
[PROCESS] Adoption result: adopted=1 for cx=4 cz=-7
[WORKER] Mesh complete cx=1 cz=-8 built=000001BD39FB1560
[WORKER] Queuing result cx=1 cz=-8 gen=2 built=000001BD39FB1560 results=0/768
[WORKER] Processing job cx=5 cz=-3 gen=2 type=GENERATE
[PROCESS] Popped result cx=1 cz=-8 gen=2 type=GENERATE built=000001BD39FB1560
[ADOPT] Adopting chunk (1,-8) gen=2 role=1
[ADOPT] SUCCESS chunk (1,-8) now resident. loaded_from_persist=0
[PROCESS] Adoption result: adopted=1 for cx=1 cz=-8
[READINESS] desired=6 resident=6 gpu_ready=1 | skips: not_primary=144 outside_radius=250 no_chunk=0 no_blocks=0 | pending: jobs=354 results=0
[WORKER] Mesh complete cx=4 cz=-6 built=000001BD39FB4CB0
[WORKER] Queuing result cx=4 cz=-6 gen=2 built=000001BD39FB4CB0 results=0/768
[WORKER] Processing job cx=5 cz=-7 gen=2 type=GENERATE
[PROCESS] Popped result cx=4 cz=-6 gen=2 type=GENERATE built=000001BD39FB4CB0
[ADOPT] Adopting chunk (4,-6) gen=2 role=1
[ADOPT] SUCCESS chunk (4,-6) now resident. loaded_from_persist=0
[PROCESS] Adoption result: adopted=1 for cx=4 cz=-6
[WORKER] Mesh complete cx=4 cz=-5 built=000001BD39FB78F0
[WORKER] Queuing result cx=4 cz=-5 gen=2 built=000001BD39FB78F0 results=0/768
[WORKER] Processing job cx=3 cz=-1 gen=2 type=GENERATE
[PROCESS] Popped result cx=4 cz=-5 gen=2 type=GENERATE built=000001BD39FB78F0
[ADOPT] Adopting chunk (4,-5) gen=2 role=1
[ADOPT] SUCCESS chunk (4,-5) now resident. loaded_from_persist=0
[PROCESS] Adoption result: adopted=1 for cx=4 cz=-5
[WORKER] Mesh complete cx=2 cz=-2 built=000001BD39FB8400
[WORKER] Queuing result cx=2 cz=-2 gen=2 built=000001BD39FB8400 results=0/768
[WORKER] Processing job cx=3 cz=-9 gen=2 type=GENERATE
[WORLD_CELLS] Entry: chunk=(2,-9) enabled=1 registry=000001BD612C7AA0
[WORLD_CELLS] Proceeding with construction cell generation
[TERRAIN_EDGE] chunk=(2,-9) enabled=1 registry=000001BD612C7AA0
[PROCESS] Popped result cx=2 cz=-2 gen=2 type=GENERATE built=000001BD39FB8400
[ADOPT] Adopting chunk (2,-2) gen=2 role=1
[ADOPT] SUCCESS chunk (2,-2) now resident. loaded_from_persist=0
[PROCESS] Adoption result: adopted=1 for cx=2 cz=-2
[WORKER] Mesh complete cx=5 cz=-4 built=000001BD39FB62D0
[WORKER] Queuing result cx=5 cz=-4 gen=2 built=000001BD39FB62D0 results=0/768
[WORKER] Processing job cx=4 cz=-1 gen=2 type=GENERATE
[PROCESS] Popped result cx=5 cz=-4 gen=2 type=GENERATE built=000001BD39FB62D0
[ADOPT] Adopting chunk (5,-4) gen=2 role=1
[ADOPT] SUCCESS chunk (5,-4) now resident. loaded_from_persist=0
[PROCESS] Adoption result: adopted=1 for cx=5 cz=-4
[WORKER] Mesh complete cx=3 cz=-2 built=000001BD39FBB040
[WORKER] Queuing result cx=3 cz=-2 gen=2 built=000001BD39FBB040 results=0/768
[WORKER] Processing job cx=6 cz=-5 gen=2 type=GENERATE
[TERRAIN_EDGE] chunk=(2,-9) placed=0 skipped=2181
[WORLD_CELLS] Found settlement_data with 0 settlements
[WORKER] Mesh complete cx=5 cz=-6 built=000001BD3DCFC550
[WORKER] Queuing result cx=5 cz=-6 gen=2 built=000001BD3DCFC550 results=1/768
[WORKER] Processing job cx=1 cz=-10 gen=2 type=GENERATE
[PROCESS] Popped result cx=3 cz=-2 gen=2 type=GENERATE built=000001BD39FBB040
[ADOPT] Adopting chunk (3,-2) gen=2 role=1
[STREAMER] Chunk (2,-9): blocks=000001BD8ABA4070, impl=000001BD70882E30, construction_cells_enabled=1, registry=000001BD612C7AA0
[WORLD_CELLS] Entry: chunk=(2,-9) enabled=1 registry=000001BD612C7AA0
[WORLD_CELLS] Proceeding with construction cell generation
[TERRAIN_EDGE] chunk=(2,-9) enabled=1 registry=000001BD612C7AA0
[ADOPT] SUCCESS chunk (3,-2) now resident. loaded_from_persist=0
[PROCESS] Adoption result: adopted=1 for cx=3 cz=-2
[PROCESS] Popped result cx=5 cz=-6 gen=2 type=GENERATE built=000001BD3DCFC550
[ADOPT] Adopting chunk (5,-6) gen=2 role=1
[ADOPT] SUCCESS chunk (5,-6) now resident. loaded_from_persist=0
[PROCESS] Adoption result: adopted=1 for cx=5 cz=-6
[WORKER] Mesh complete cx=4 cz=-4 built=000001BD3DCFBA40
[WORKER] Queuing result cx=4 cz=-4 gen=2 built=000001BD3DCFBA40 results=0/768
[WORKER] Processing job cx=5 cz=-2 gen=2 type=GENERATE
[PROCESS] Popped result cx=4 cz=-4 gen=2 type=GENERATE built=000001BD3DCFBA40
[ADOPT] Adopting chunk (4,-4) gen=2 role=1
[ADOPT] SUCCESS chunk (4,-4) now resident. loaded_from_persist=0
[PROCESS] Adoption result: adopted=1 for cx=4 cz=-4
[WORKER] Mesh complete cx=4 cz=-3 built=000001BD3DCFE680
[WORKER] Queuing result cx=4 cz=-3 gen=2 built=000001BD3DCFE680 results=0/768
[WORKER] Processing job cx=4 cz=-9 gen=2 type=GENERATE
[PROCESS] Popped result cx=4 cz=-3 gen=2 type=GENERATE built=000001BD3DCFE680
[ADOPT] Adopting chunk (4,-3) gen=2 role=1
[TERRAIN_EDGE] chunk=(2,-9) placed=0 skipped=2181
[WORLD_CELLS] Found settlement_data with 0 settlements
[WORKER] Meshing cx=2 cz=-9 (persisted=0)
[ADOPT] SUCCESS chunk (4,-3) now resident. loaded_from_persist=0
[PROCESS] Adoption result: adopted=1 for cx=4 cz=-3
[WORKER] Mesh complete cx=1 cz=-2 built=000001BD3DCFFCA0
[WORKER] Queuing result cx=1 cz=-2 gen=2 built=000001BD3DCFFCA0 results=0/768
[WORKER] Processing job cx=5 cz=-8 gen=2 type=GENERATE
[PROCESS] Popped result cx=1 cz=-2 gen=2 type=GENERATE built=000001BD3DCFFCA0
[ADOPT] Adopting chunk (1,-2) gen=2 role=1
[ADOPT] SUCCESS chunk (1,-2) now resident. loaded_from_persist=0
[PROCESS] Adoption result: adopted=1 for cx=1 cz=-2
[WORKER] Mesh complete cx=5 cz=-5 built=000001BD3DD007B0
[WORKER] Queuing result cx=5 cz=-5 gen=2 built=000001BD3DD007B0 results=0/768
[WORKER] Processing job cx=6 cz=-6 gen=2 type=GENERATE
[PROCESS] Popped result cx=5 cz=-5 gen=2 type=GENERATE built=000001BD3DD007B0
[ADOPT] Adopting chunk (5,-5) gen=2 role=1
[ADOPT] SUCCESS chunk (5,-5) now resident. loaded_from_persist=0
[PROCESS] Adoption result: adopted=1 for cx=5 cz=-5
[WORLD_CELLS] Entry: chunk=(4,-8) enabled=1 registry=000001BD612C7AA0
[WORLD_CELLS] Proceeding with construction cell generation
[TERRAIN_EDGE] chunk=(4,-8) enabled=1 registry=000001BD612C7AA0
[WORKER] Mesh complete cx=1 cz=-1 built=000001BD3DD033F0
[WORKER] Queuing result cx=1 cz=-1 gen=2 built=000001BD3DD033F0 results=0/768
[WORKER] Processing job cx=2 cz=-10 gen=2 type=GENERATE
[PROCESS] Popped result cx=1 cz=-1 gen=2 type=GENERATE built=000001BD3DD033F0
[ADOPT] Adopting chunk (1,-1) gen=2 role=1
[ADOPT] SUCCESS chunk (1,-1) now resident. loaded_from_persist=0
[PROCESS] Adoption result: adopted=1 for cx=1 cz=-1
[TERRAIN_EDGE] chunk=(4,-8) placed=0 skipped=2280
[WORLD_CELLS] Found settlement_data with 0 settlements
[STREAMER] Chunk (4,-8): blocks=000001BD8F659070, impl=000001BD70881030, construction_cells_enabled=1, registry=000001BD612C7AA0
[WORLD_CELLS] Entry: chunk=(4,-8) enabled=1 registry=000001BD612C7AA0
[WORLD_CELLS] Proceeding with construction cell generation
[TERRAIN_EDGE] chunk=(4,-8) enabled=1 registry=000001BD612C7AA0
[TERRAIN_EDGE] chunk=(4,-8) placed=0 skipped=2280
[WORLD_CELLS] Found settlement_data with 0 settlements
[WORKER] Meshing cx=4 cz=-8 (persisted=0)
[WALL] HEALTH W=16/5/0 N=16/0/0 E=16/0/0 S=16/0/0 (desired/resident/ready)
[READINESS] desired=6 resident=6 gpu_ready=1 | skips: not_primary=144 outside_radius=250 no_chunk=0 no_blocks=0 | pending: jobs=343 results=0
[READINESS] desired=6 resident=6 gpu_ready=1 | skips: not_primary=144 outside_radius=250 no_chunk=0 no_blocks=0 | pending: jobs=343 results=0
[WORLD_CELLS] Entry: chunk=(5,-7) enabled=1 registry=000001BD612C7AA0
[WORLD_CELLS] Proceeding with construction cell generation
[TERRAIN_EDGE] chunk=(5,-7) enabled=1 registry=000001BD612C7AA0
[WORLD_CELLS] Entry: chunk=(3,-9) enabled=1 registry=000001BD612C7AA0
[WORLD_CELLS] Proceeding with construction cell generation
[TERRAIN_EDGE] chunk=(3,-9) enabled=1 registry=000001BD612C7AA0
[TERRAIN_EDGE] chunk=(5,-7) placed=0 skipped=2273
[WORLD_CELLS] Found settlement_data with 0 settlements
[STREAMER] Chunk (5,-7): blocks=000001BD99406070, impl=000001BD70880D30, construction_cells_enabled=1, registry=000001BD612C7AA0
[WORLD_CELLS] Entry: chunk=(5,-7) enabled=1 registry=000001BD612C7AA0
[WORLD_CELLS] Proceeding with construction cell generation
[TERRAIN_EDGE] chunk=(5,-7) enabled=1 registry=000001BD612C7AA0
[TERRAIN_EDGE] chunk=(3,-9) placed=0 skipped=2331
[WORLD_CELLS] Found settlement_data with 0 settlements
[STREAMER] Chunk (3,-9): blocks=000001BD9A42F070, impl=000001BD70884330, construction_cells_enabled=1, registry=000001BD612C7AA0
[WORLD_CELLS] Entry: chunk=(3,-9) enabled=1 registry=000001BD612C7AA0
[WORLD_CELLS] Proceeding with construction cell generation
[TERRAIN_EDGE] chunk=(3,-9) enabled=1 registry=000001BD612C7AA0
[WORLD_CELLS] Entry: chunk=(1,-10) enabled=1 registry=000001BD612C7AA0
[WORLD_CELLS] Proceeding with construction cell generation
[TERRAIN_EDGE] chunk=(1,-10) enabled=1 registry=000001BD612C7AA0
[WORLD_CELLS] Entry: chunk=(2,-1) enabled=1 registry=000001BD612C7AA0
[WORLD_CELLS] Proceeding with construction cell generation
[TERRAIN_EDGE] chunk=(2,-1) enabled=1 registry=000001BD612C7AA0
[WORLD_CELLS] Entry: chunk=(4,-9) enabled=1 registry=000001BD612C7AA0
[WORLD_CELLS] Proceeding with construction cell generation
[TERRAIN_EDGE] chunk=(4,-9) enabled=1 registry=000001BD612C7AA0
[TERRAIN_EDGE] chunk=(5,-7) placed=0 skipped=2273
[WORLD_CELLS] Found settlement_data with 0 settlements
[WORKER] Meshing cx=5 cz=-7 (persisted=0)
[TERRAIN_EDGE] chunk=(3,-9) placed=0 skipped=2331
[WORLD_CELLS] Found settlement_data with 0 settlements
[WORKER] Meshing cx=3 cz=-9 (persisted=0)
[TERRAIN_EDGE] chunk=(1,-10) placed=0 skipped=2070
[WORLD_CELLS] Found settlement_data with 0 settlements
[STREAMER] Chunk (1,-10): blocks=000001BD9BC60070, impl=000001BD70883D30, construction_cells_enabled=1, registry=000001BD612C7AA0
[WORLD_CELLS] Entry: chunk=(1,-10) enabled=1 registry=000001BD612C7AA0
[WORLD_CELLS] Proceeding with construction cell generation
[TERRAIN_EDGE] chunk=(1,-10) enabled=1 registry=000001BD612C7AA0
[TERRAIN_EDGE] chunk=(2,-1) placed=0 skipped=2544
[WORLD_CELLS] Found settlement_data with 0 settlements
[STREAMER] Chunk (2,-1): blocks=000001BD8CFA5070, impl=000001BD70882530, construction_cells_enabled=1, registry=000001BD612C7AA0
[WORLD_CELLS] Entry: chunk=(2,-1) enabled=1 registry=000001BD612C7AA0
[WORLD_CELLS] Proceeding with construction cell generation
[TERRAIN_EDGE] chunk=(2,-1) enabled=1 registry=000001BD612C7AA0
[WORLD_CELLS] Entry: chunk=(5,-8) enabled=1 registry=000001BD612C7AA0
[WORLD_CELLS] Proceeding with construction cell generation
[TERRAIN_EDGE] chunk=(5,-8) enabled=1 registry=000001BD612C7AA0
[TERRAIN_EDGE] chunk=(4,-9) placed=0 skipped=2195
[WORLD_CELLS] Found settlement_data with 0 settlements
[STREAMER] Chunk (4,-9): blocks=000001BD9DE12070, impl=000001BD70880A30, construction_cells_enabled=1, registry=000001BD612C7AA0
[WORLD_CELLS] Entry: chunk=(4,-9) enabled=1 registry=000001BD612C7AA0
[WORLD_CELLS] Proceeding with construction cell generation
[TERRAIN_EDGE] chunk=(4,-9) enabled=1 registry=000001BD612C7AA0
[TERRAIN_EDGE] chunk=(1,-10) placed=0 skipped=2070
[WORLD_CELLS] Found settlement_data with 0 settlements
[WORKER] Meshing cx=1 cz=-10 (persisted=0)
[WORLD_CELLS] Entry: chunk=(2,-10) enabled=1 registry=000001BD612C7AA0
[WORLD_CELLS] Proceeding with construction cell generation
[TERRAIN_EDGE] chunk=(2,-10) enabled=1 registry=000001BD612C7AA0
[WORLD_CELLS] Entry: chunk=(4,-2) enabled=1 registry=000001BD612C7AA0
[WORLD_CELLS] Proceeding with construction cell generation
[TERRAIN_EDGE] chunk=(4,-2) enabled=1 registry=000001BD612C7AA0
[TERRAIN_EDGE] chunk=(2,-1) placed=0 skipped=2544
[WORLD_CELLS] Found settlement_data with 0 settlements
[WORKER] Meshing cx=2 cz=-1 (persisted=0)
[TERRAIN_EDGE] chunk=(5,-8) placed=0 skipped=2072
[WORLD_CELLS] Found settlement_data with 0 settlements
[STREAMER] Chunk (5,-8): blocks=000001BD49510070, impl=000001BD70883730, construction_cells_enabled=1, registry=000001BD612C7AA0
[WORLD_CELLS] Entry: chunk=(5,-8) enabled=1 registry=000001BD612C7AA0
[WORLD_CELLS] Proceeding with construction cell generation
[TERRAIN_EDGE] chunk=(5,-8) enabled=1 registry=000001BD612C7AA0
[WORKER] Mesh complete cx=2 cz=-9 built=000001BD3DCFAF30
[WORKER] Queuing result cx=2 cz=-9 gen=2 built=000001BD3DCFAF30 results=0/768
[WORKER] Processing job cx=6 cz=-4 gen=2 type=GENERATE
[TERRAIN_EDGE] chunk=(4,-9) placed=0 skipped=2195
[WORLD_CELLS] Found settlement_data with 0 settlements
[WORKER] Meshing cx=4 cz=-9 (persisted=0)
[PROCESS] Popped result cx=2 cz=-9 gen=2 type=GENERATE built=000001BD3DCFAF30
[ADOPT] Adopting chunk (2,-9) gen=2 role=1
[ADOPT] SUCCESS chunk (2,-9) now resident. loaded_from_persist=0
[PROCESS] Adoption result: adopted=1 for cx=2 cz=-9
[TERRAIN_EDGE] chunk=(2,-10) placed=0 skipped=2245
[WORLD_CELLS] Found settlement_data with 0 settlements
[TERRAIN_EDGE] chunk=(4,-2) placed=0 skipped=2499
[WORLD_CELLS] Found settlement_data with 0 settlements
[STREAMER] Chunk (4,-2): blocks=000001BD90626070, impl=000001BD70883A30, construction_cells_enabled=1, registry=000001BD612C7AA0
[STREAMER] Chunk (2,-10): blocks=000001BD9F771070, impl=000001BD70880730, construction_cells_enabled=1, registry=000001BD612C7AA0
[WORLD_CELLS] Entry: chunk=(4,-2) enabled=1 registry=000001BD612C7AA0
[WORLD_CELLS] Entry: chunk=(2,-10) enabled=1 registry=000001BD612C7AA0
[WORLD_CELLS] Proceeding with construction cell generation
[WORLD_CELLS] Proceeding with construction cell generation
[TERRAIN_EDGE] chunk=(4,-2) enabled=1 registry=000001BD612C7AA0
[TERRAIN_EDGE] chunk=(2,-10) enabled=1 registry=000001BD612C7AA0
[TERRAIN_EDGE] chunk=(5,-8) placed=0 skipped=2072
[WORLD_CELLS] Found settlement_data with 0 settlements
[WORKER] Meshing cx=5 cz=-8 (persisted=0)
[TERRAIN_EDGE] chunk=(2,-10) placed=0 skipped=2245
[WORLD_CELLS] Found settlement_data with 0 settlements
[WORKER] Meshing cx=2 cz=-10 (persisted=0)
[TERRAIN_EDGE] chunk=(4,-2) placed=0 skipped=2499
[WORLD_CELLS] Found settlement_data with 0 settlements
[WORKER] Meshing cx=4 cz=-2 (persisted=0)
[WORKER] Mesh complete cx=4 cz=-8 built=000001BD3DCFF190
[WORKER] Queuing result cx=4 cz=-8 gen=2 built=000001BD3DCFF190 results=0/768
[WORKER] Processing job cx=3 cz=-10 gen=2 type=GENERATE
[PROCESS] Popped result cx=4 cz=-8 gen=2 type=GENERATE built=000001BD3DCFF190
[ADOPT] Adopting chunk (4,-8) gen=2 role=1
[ADOPT] SUCCESS chunk (4,-8) now resident. loaded_from_persist=0
[PROCESS] Adoption result: adopted=1 for cx=4 cz=-8
[READINESS] desired=6 resident=6 gpu_ready=1 | skips: not_primary=144 outside_radius=250 no_chunk=0 no_blocks=0 | pending: jobs=341 results=0
[WORLD_CELLS] Entry: chunk=(5,-3) enabled=1 registry=000001BD612C7AA0
[WORLD_CELLS] Proceeding with construction cell generation
[TERRAIN_EDGE] chunk=(5,-3) enabled=1 registry=000001BD612C7AA0
[TERRAIN_EDGE] chunk=(5,-3) placed=0 skipped=2265
[WORLD_CELLS] Found settlement_data with 0 settlements
[STREAMER] Chunk (5,-3): blocks=000001BD98BF0070, impl=000001BD70881C30, construction_cells_enabled=1, registry=000001BD612C7AA0
[WORLD_CELLS] Entry: chunk=(5,-3) enabled=1 registry=000001BD612C7AA0
[WORLD_CELLS] Proceeding with construction cell generation
[TERRAIN_EDGE] chunk=(5,-3) enabled=1 registry=000001BD612C7AA0
[TERRAIN_EDGE] chunk=(5,-3) placed=0 skipped=2265
[WORLD_CELLS] Found settlement_data with 0 settlements
[WORKER] Meshing cx=5 cz=-3 (persisted=0)
The thread 'Internal D3D12 Sync Thread' (33964) has exited with code 0 (0x0).
The thread 'Internal D3D12 Sync Thread' (47732) has exited with code 0 (0x0).
The thread 12784 has exited with code 0 (0x0).
The thread 32204 has exited with code 0 (0x0).
The thread 11472 has exited with code 0 (0x0).
The thread 'D3D Background Thread 0' (43380) has exited with code 0 (0x0).
The thread 28780 has exited with code 0 (0x0).
The thread 'D3D Background Thread 3' (36336) has exited with code 0 (0x0).
The thread 'D3D Background Thread 1' (46872) has exited with code 0 (0x0).
The thread 'D3D Background Thread 2' (47792) has exited with code 0 (0x0).
The thread 29644 has exited with code 0 (0x0).
The thread 39444 has exited with code 0 (0x0).
The thread 48880 has exited with code 0 (0x0).
The thread 48112 has exited with code 0 (0x0).
The thread 13916 has exited with code 0 (0x0).
The thread 23804 has exited with code 0 (0x0).
The thread 43256 has exited with code 0 (0x0).
The thread 30572 has exited with code 0 (0x0).
The thread 14244 has exited with code 0 (0x0).
The thread 39468 has exited with code 0 (0x0).
The thread 44164 has exited with code 0 (0x0).
The thread 28256 has exited with code 0 (0x0).
The thread 47276 has exited with code 0 (0x0).
The thread 33044 has exited with code 0 (0x0).
The thread 47956 has exited with code 0 (0x0).
The thread 38468 has exited with code 0 (0x0).
The thread 12200 has exited with code 0 (0x0).
The thread 39044 has exited with code 0 (0x0).
The thread 45676 has exited with code 0 (0x0).
The thread 47848 has exited with code 0 (0x0).
The thread 39860 has exited with code 0 (0x0).
The thread 47280 has exited with code 0 (0x0).
The thread 47960 has exited with code 0 (0x0).
The thread 22060 has exited with code 0 (0x0).
The thread 10316 has exited with code 0 (0x0).
The thread 7896 has exited with code 0 (0x0).
The thread 21016 has exited with code 0 (0x0).
The thread 46328 has exited with code 0 (0x0).
The thread 28980 has exited with code 0 (0x0).
The thread 35744 has exited with code 0 (0x0).
The thread 35648 has exited with code 0 (0x0).
The thread 37600 has exited with code 0 (0x0).
The thread 49024 has exited with code 0 (0x0).
The thread 32964 has exited with code 0 (0x0).
The thread 36740 has exited with code 0 (0x0).
The program '[9672] NqlSDK.exe' has exited with code 0 (0x0).
