'NqlSDK.exe' (Win32): Loaded 'C:\GitHub\CPSS\PrimeNumberTools\Viewers\C\Windows\Windows\NQL\SDK\x64\Debug\NqlSDK.exe'. Symbols loaded.
'NqlSDK.exe' (Win32): Loaded 'C:\Windows\System32\ntdll.dll'. Symbol loading disabled by Include/Exclude setting.
'NqlSDK.exe' (Win32): Loaded 'C:\Windows\System32\kernel32.dll'. Symbol loading disabled by Include/Exclude setting.
'NqlSDK.exe' (Win32): Loaded 'C:\Windows\System32\KernelBase.dll'. Symbol loading disabled by Include/Exclude setting.
'NqlSDK.exe' (Win32): Loaded 'C:\Windows\System32\user32.dll'. Symbol loading disabled by Include/Exclude setting.
'NqlSDK.exe' (Win32): Loaded 'C:\Windows\System32\win32u.dll'. Symbol loading disabled by Include/Exclude setting.
'NqlSDK.exe' (Win32): Loaded 'C:\Windows\System32\D3D12.dll'. Symbol loading disabled by Include/Exclude setting.
'NqlSDK.exe' (Win32): Loaded 'C:\Windows\System32\gdi32.dll'. Symbol loading disabled by Include/Exclude setting.
'NqlSDK.exe' (Win32): Loaded 'C:\Windows\System32\dxgi.dll'. Symbol loading disabled by Include/Exclude setting.
'NqlSDK.exe' (Win32): Loaded 'C:\Windows\System32\msvcp_win.dll'. Symbol loading disabled by Include/Exclude setting.
'NqlSDK.exe' (Win32): Loaded 'C:\Windows\System32\D3DCompiler_47.dll'. Symbol loading disabled by Include/Exclude setting.
'NqlSDK.exe' (Win32): Loaded 'C:\Windows\System32\gdi32full.dll'. Symbol loading disabled by Include/Exclude setting.
'NqlSDK.exe' (Win32): Loaded 'C:\Windows\System32\ucrtbase.dll'. Symbol loading disabled by Include/Exclude setting.
'NqlSDK.exe' (Win32): Loaded 'C:\Windows\System32\ucrtbase.dll'. Symbol loading disabled by Include/Exclude setting.
'NqlSDK.exe' (Win32): Unloaded 'C:\Windows\System32\ucrtbase.dll'
'NqlSDK.exe' (Win32): Loaded 'C:\Windows\System32\ole32.dll'. Symbol loading disabled by Include/Exclude setting.
'NqlSDK.exe' (Win32): Loaded 'C:\Windows\System32\rpcrt4.dll'. Symbol loading disabled by Include/Exclude setting.
'NqlSDK.exe' (Win32): Loaded 'C:\Windows\System32\combase.dll'. Symbol loading disabled by Include/Exclude setting.
'NqlSDK.exe' (Win32): Loaded 'C:\Windows\System32\powrprof.dll'. Symbol loading disabled by Include/Exclude setting.
'NqlSDK.exe' (Win32): Loaded 'C:\Windows\System32\cryptsp.dll'. Symbol loading disabled by Include/Exclude setting.
'NqlSDK.exe' (Win32): Loaded 'C:\Windows\System32\vcruntime140_1d.dll'. Symbol loading disabled by Include/Exclude setting.
'NqlSDK.exe' (Win32): Loaded 'C:\Windows\System32\vcruntime140d.dll'. Symbol loading disabled by Include/Exclude setting.
'NqlSDK.exe' (Win32): Loaded 'C:\Windows\System32\msvcp140d.dll'. Symbol loading disabled by Include/Exclude setting.
'NqlSDK.exe' (Win32): Loaded 'C:\Windows\System32\ucrtbased.dll'. Symbol loading disabled by Include/Exclude setting.
'NqlSDK.exe' (Win32): Loaded 'C:\Windows\System32\ucrtbased.dll'. Symbol loading disabled by Include/Exclude setting.
'NqlSDK.exe' (Win32): Unloaded 'C:\Windows\System32\ucrtbased.dll'
'NqlSDK.exe' (Win32): Loaded 'C:\Windows\System32\ucrtbased.dll'. Symbol loading disabled by Include/Exclude setting.
'NqlSDK.exe' (Win32): Unloaded 'C:\Windows\System32\ucrtbased.dll'
'NqlSDK.exe' (Win32): Loaded 'C:\Windows\System32\umpdc.dll'. Symbol loading disabled by Include/Exclude setting.
'NqlSDK.exe' (Win32): Loaded 'C:\Windows\System32\imm32.dll'. Symbol loading disabled by Include/Exclude setting.
[SHARED_CACHE] Initialized global worldgen cache
'NqlSDK.exe' (Win32): Loaded 'C:\Windows\System32\uxtheme.dll'. Symbol loading disabled by Include/Exclude setting.
'NqlSDK.exe' (Win32): Loaded 'C:\Windows\System32\msctf.dll'. Symbol loading disabled by Include/Exclude setting.
'NqlSDK.exe' (Win32): Loaded 'C:\Windows\System32\msvcrt.dll'. Symbol loading disabled by Include/Exclude setting.
'NqlSDK.exe' (Win32): Loaded 'C:\Windows\System32\kernel.appcore.dll'. Symbol loading disabled by Include/Exclude setting.
'NqlSDK.exe' (Win32): Loaded 'C:\Windows\System32\bcryptprimitives.dll'. Symbol loading disabled by Include/Exclude setting.
'NqlSDK.exe' (Win32): Loaded 'C:\Windows\System32\oleaut32.dll'. Symbol loading disabled by Include/Exclude setting.
'NqlSDK.exe' (Win32): Loaded 'C:\Windows\System32\sechost.dll'. Symbol loading disabled by Include/Exclude setting.
'NqlSDK.exe' (Win32): Loaded 'C:\Windows\System32\TextInputFramework.dll'. Symbol loading disabled by Include/Exclude setting.
'NqlSDK.exe' (Win32): Loaded 'C:\Windows\System32\CoreMessaging.dll'. Symbol loading disabled by Include/Exclude setting.
'NqlSDK.exe' (Win32): Loaded 'C:\Windows\System32\CoreUIComponents.dll'. Symbol loading disabled by Include/Exclude setting.
'NqlSDK.exe' (Win32): Loaded 'C:\Windows\System32\WinTypes.dll'. Symbol loading disabled by Include/Exclude setting.
'NqlSDK.exe' (Win32): Loaded 'C:\Windows\System32\advapi32.dll'. Symbol loading disabled by Include/Exclude setting.
'NqlSDK.exe' (Win32): Loaded 'C:\Windows\System32\cryptbase.dll'. Symbol loading disabled by Include/Exclude setting.
'NqlSDK.exe' (Win32): Loaded 'C:\Windows\System32\oleacc.dll'. Symbol loading disabled by Include/Exclude setting.
The thread 'ShellHandwriting Delegate Thread' (8592) has exited with code 0 (0x0).
'NqlSDK.exe' (Win32): Loaded 'C:\Windows\System32\D3D12Core.dll'. Symbol loading disabled by Include/Exclude setting.
'NqlSDK.exe' (Win32): Loaded 'C:\Windows\System32\DXGIDebug.dll'. Symbol loading disabled by Include/Exclude setting.
'NqlSDK.exe' (Win32): Loaded 'C:\Windows\System32\d3d12SDKLayers.dll'. Symbol loading disabled by Include/Exclude setting.
'NqlSDK.exe' (Win32): Unloaded 'C:\Windows\System32\DXGIDebug.dll'
'NqlSDK.exe' (Win32): Unloaded 'C:\Windows\System32\d3d12SDKLayers.dll'
'NqlSDK.exe' (Win32): Loaded 'C:\Windows\System32\DXGIDebug.dll'. Symbol loading disabled by Include/Exclude setting.
'NqlSDK.exe' (Win32): Loaded 'C:\Windows\System32\DXCore.dll'. Symbol loading disabled by Include/Exclude setting.
'NqlSDK.exe' (Win32): Loaded 'C:\Windows\System32\ResourcePolicyClient.dll'. Symbol loading disabled by Include/Exclude setting.
'NqlSDK.exe' (Win32): Unloaded 'C:\Windows\System32\ResourcePolicyClient.dll'
'NqlSDK.exe' (Win32): Loaded 'C:\Windows\System32\directxdatabasehelper.dll'. Symbol loading disabled by Include/Exclude setting.
'NqlSDK.exe' (Win32): Loaded 'C:\Windows\System32\cfgmgr32.dll'. Symbol loading disabled by Include/Exclude setting.
'NqlSDK.exe' (Win32): Loaded 'C:\Windows\System32\DriverStore\FileRepository\nvamsi.inf_amd64_82cd5f0af3386fea\nvdlistx.dll'. Symbol loading disabled by Include/Exclude setting.
'NqlSDK.exe' (Win32): Loaded 'C:\Windows\System32\version.dll'. Symbol loading disabled by Include/Exclude setting.
'NqlSDK.exe' (Win32): Unloaded 'C:\Windows\System32\version.dll'
'NqlSDK.exe' (Win32): Unloaded 'C:\Windows\System32\DriverStore\FileRepository\nvamsi.inf_amd64_82cd5f0af3386fea\nvdlistx.dll'
'NqlSDK.exe' (Win32): Loaded 'C:\Windows\System32\DriverStore\FileRepository\nvamsi.inf_amd64_82cd5f0af3386fea\nvdlistx.dll'. Symbol loading disabled by Include/Exclude setting.
'NqlSDK.exe' (Win32): Loaded 'C:\Windows\System32\version.dll'. Symbol loading disabled by Include/Exclude setting.
'NqlSDK.exe' (Win32): Loaded 'C:\Windows\System32\DriverStore\FileRepository\u0414671.inf_amd64_d35a7e787428e027\B414600\amdxc64.dll'. Symbol loading disabled by Include/Exclude setting.
'NqlSDK.exe' (Win32): Loaded 'C:\Windows\System32\winmm.dll'. Symbol loading disabled by Include/Exclude setting.
'NqlSDK.exe' (Win32): Loaded 'C:\Windows\System32\shell32.dll'. Symbol loading disabled by Include/Exclude setting.
'NqlSDK.exe' (Win32): Unloaded 'C:\Windows\System32\DriverStore\FileRepository\nvamsi.inf_amd64_82cd5f0af3386fea\nvdlistx.dll'
'NqlSDK.exe' (Win32): Loaded 'C:\Windows\System32\windows.storage.dll'. Symbol loading disabled by Include/Exclude setting.
The thread 37248 has exited with code 0 (0x0).
'NqlSDK.exe' (Win32): Loaded 'C:\Windows\System32\SHCore.dll'. Symbol loading disabled by Include/Exclude setting.
'NqlSDK.exe' (Win32): Loaded 'C:\Windows\System32\shlwapi.dll'. Symbol loading disabled by Include/Exclude setting.
'NqlSDK.exe' (Win32): Loaded 'C:\Windows\System32\bcrypt.dll'. Symbol loading disabled by Include/Exclude setting.
'NqlSDK.exe' (Win32): Loaded 'C:\Windows\System32\DriverStore\FileRepository\u0414671.inf_amd64_d35a7e787428e027\B414600\amdihk64.dll'. Module was built without symbols.
'NqlSDK.exe' (Win32): Loaded 'C:\Windows\System32\d3d12SDKLayers.dll'. Symbol loading disabled by Include/Exclude setting.
'NqlSDK.exe' (Win32): Unloaded 'C:\Windows\System32\d3d12SDKLayers.dll'
'NqlSDK.exe' (Win32): Unloaded 'C:\Windows\System32\DriverStore\FileRepository\u0414671.inf_amd64_d35a7e787428e027\B414600\amdihk64.dll'
'NqlSDK.exe' (Win32): Unloaded 'C:\Windows\System32\winmm.dll'
'NqlSDK.exe' (Win32): Unloaded 'C:\Windows\System32\version.dll'
'NqlSDK.exe' (Win32): Unloaded 'C:\Windows\System32\DriverStore\FileRepository\u0414671.inf_amd64_d35a7e787428e027\B414600\amdxc64.dll'
'NqlSDK.exe' (Win32): Loaded 'C:\Windows\System32\DriverStore\FileRepository\u0414671.inf_amd64_d35a7e787428e027\B414600\amdxc64.dll'. Symbol loading disabled by Include/Exclude setting.
'NqlSDK.exe' (Win32): Loaded 'C:\Windows\System32\winmm.dll'. Symbol loading disabled by Include/Exclude setting.
'NqlSDK.exe' (Win32): Loaded 'C:\Windows\System32\version.dll'. Symbol loading disabled by Include/Exclude setting.
'NqlSDK.exe' (Win32): Loaded 'C:\Windows\System32\DriverStore\FileRepository\u0414671.inf_amd64_d35a7e787428e027\B414600\amdihk64.dll'. Module was built without symbols.
'NqlSDK.exe' (Win32): Loaded 'C:\Windows\System32\d3d12SDKLayers.dll'. Symbol loading disabled by Include/Exclude setting.
'NqlSDK.exe' (Win32): Loaded 'C:\Windows\System32\D3DSCache.dll'. Symbol loading disabled by Include/Exclude setting.
'NqlSDK.exe' (Win32): Loaded 'C:\Windows\System32\userenv.dll'. Symbol loading disabled by Include/Exclude setting.
'NqlSDK.exe' (Win32): Loaded 'C:\Windows\System32\dxilconv.dll'. Symbol loading disabled by Include/Exclude setting.
'NqlSDK.exe' (Win32): Unloaded 'C:\Windows\System32\dxilconv.dll'
'NqlSDK.exe' (Win32): Loaded 'C:\Windows\System32\dcomp.dll'. Symbol loading disabled by Include/Exclude setting.
'NqlSDK.exe' (Win32): Loaded 'C:\Windows\System32\Microsoft.Internal.WarpPal.dll'. Symbol loading disabled by Include/Exclude setting.
'NqlSDK.exe' (Win32): Loaded 'C:\Windows\System32\dwmapi.dll'. Symbol loading disabled by Include/Exclude setting.
'NqlSDK.exe' (Win32): Loaded 'C:\Windows\System32\rsaenh.dll'. Symbol loading disabled by Include/Exclude setting.
'NqlSDK.exe' (Win32): Loaded 'C:\Windows\System32\dxilconv.dll'. Symbol loading disabled by Include/Exclude setting.
'NqlSDK.exe' (Win32): Loaded 'C:\Windows\System32\clbcatq.dll'. Symbol loading disabled by Include/Exclude setting.
'NqlSDK.exe' (Win32): Loaded 'C:\Windows\System32\WindowsCodecs.dll'. Symbol loading disabled by Include/Exclude setting.
'NqlSDK.exe' (Win32): Loaded 'C:\Windows\System32\TextShaping.dll'. Symbol loading disabled by Include/Exclude setting.
[NQL SDK] Camera init: pos(0.00,200.00,0.00) tgt(0.00,180.00,64.00)
'NqlSDK.exe' (Win32): Loaded 'C:\Windows\System32\ApplicationTargetedFeatureDatabase.dll'. Symbol loading disabled by Include/Exclude setting.
'NqlSDK.exe' (Win32): Loaded 'C:\Windows\System32\twinapi.appcore.dll'. Symbol loading disabled by Include/Exclude setting.
The thread 'ShellHandwriting Delegate Thread' (41512) has exited with code 0 (0x0).
[GEN_STAGE] begin idx=0/16 name="Opening world save"
[GEN_STAGE] end idx=0 name="Opening world save" duration=16ms chunks=0 data_kb=0
[GEN_STAGE] begin idx=1/16 name="Initializing world generator"
[GEN_STAGE] end idx=1 name="Initializing world generator" duration=15ms chunks=0 data_kb=0
[GEN_STAGE] begin idx=2/16 name="Preparing world systems"
[GEN_STAGE] end idx=2 name="Preparing world systems" duration=47ms chunks=0 data_kb=0
[GEN_STAGE] begin idx=3/16 name="Loading station state"
[GEN_STAGE] end idx=3 name="Loading station state" duration=0ms chunks=0 data_kb=0
[GEN_STAGE] begin idx=4/16 name="Preparing chunk systems"
[STREAMER] Initializing with 16 worker threads
[GEN_STAGE] end idx=4 name="Preparing chunk systems" duration=16ms chunks=0 data_kb=0
[GEN_STAGE] begin idx=5/16 name="Initializing entities"
[GEN_STAGE] end idx=5 name="Initializing entities" duration=0ms chunks=0 data_kb=0
[GEN_STAGE] begin idx=6/16 name="Restoring world state"
[SPAWN] Random spawn at (300,135) top=252 surface=250 water=0 province=10 moisture=2 relief=0 score=0
[GEN_STAGE] end idx=6 name="Restoring world state" duration=578ms chunks=0 data_kb=0
[GEN_STAGE] begin idx=7/16 name="Planning visible chunks"
[GEN_STAGE] end idx=7 name="Planning visible chunks" duration=0ms chunks=0 data_kb=0
[GEN_STAGE] begin idx=8/16 name="Loading nearby chunks"
[BOOTSTRAP] sync_target_total=9 safety_radius=1
[WORKER] Processing job cx=4 cz=2 gen=2 type=GENERATE
[READINESS] desired=9 resident=0 gpu_ready=0 | skips: not_primary=144 outside_radius=247 no_chunk=9 no_blocks=0 | pending: jobs=24 results=0
[WORKER] Processing job cx=4 cz=3 gen=2 type=GENERATE
[WORKER] Processing job cx=5 cz=2 gen=2 type=GENERATE
[WORKER] Processing job cx=4 cz=1 gen=2 type=GENERATE
[WORKER] Processing job cx=5 cz=1 gen=2 type=GENERATE
[WORKER] Processing job cx=3 cz=1 gen=2 type=GENERATE
[WORKER] Processing job cx=3 cz=3 gen=2 type=GENERATE
[WORKER] Processing job cx=4 cz=0 gen=2 type=GENERATE
[WORKER] Processing job cx=4 cz=4 gen=2 type=GENERATE
[WORKER] Processing job cx=2 cz=2 gen=2 type=GENERATE
[WORKER] Processing job cx=6 cz=1 gen=2 type=GENERATE
[WORKER] Processing job cx=5 cz=0 gen=2 type=GENERATE
[WORKER] Processing job cx=3 cz=2 gen=2 type=GENERATE
[WORKER] Processing job cx=5 cz=3 gen=2 type=GENERATE
[WORKER] Processing job cx=3 cz=4 gen=2 type=GENERATE
[WORKER] Processing job cx=6 cz=2 gen=2 type=GENERATE
[WORLD_CELLS] Entry: chunk=(4,0) enabled=1 registry=00000227AD44C7A0
[WORLD_CELLS] Proceeding with construction cell generation
[WORLD_CELLS] Found settlement_data with 1 settlements
[WORLD_CELLS] Layout has 29 buildings
[STREAMER] Chunk (4,0): blocks=00000227CEF6E070, impl=00000227BCBB25A0, construction_cells_enabled=1, registry=00000227AD44C7A0
[WORLD_CELLS] Entry: chunk=(4,0) enabled=1 registry=00000227AD44C7A0
[WORLD_CELLS] Proceeding with construction cell generation
[WORLD_CELLS] Entry: chunk=(5,0) enabled=1 registry=00000227AD44C7A0
[WORLD_CELLS] Proceeding with construction cell generation
[WORLD_CELLS] Found settlement_data with 1 settlements
[WORLD_CELLS] Layout has 29 buildings
[STREAMER] Chunk (5,0): blocks=00000227D17B9070, impl=00000227BCBB37A0, construction_cells_enabled=1, registry=00000227AD44C7A0
[WORLD_CELLS] Entry: chunk=(5,0) enabled=1 registry=00000227AD44C7A0
[WORLD_CELLS] Proceeding with construction cell generation
[WORLD_CELLS] Found settlement_data with 1 settlements
[WORLD_CELLS] Layout has 29 buildings
[WORKER] Meshing cx=4 cz=0 (persisted=0)
[READINESS] desired=9 resident=0 gpu_ready=0 | skips: not_primary=144 outside_radius=247 no_chunk=9 no_blocks=0 | pending: jobs=9 results=0
[WORLD_CELLS] Found settlement_data with 1 settlements
[WORLD_CELLS] Layout has 29 buildings
[WORKER] Meshing cx=5 cz=0 (persisted=0)
[READINESS] desired=9 resident=0 gpu_ready=0 | skips: not_primary=144 outside_radius=247 no_chunk=9 no_blocks=0 | pending: jobs=9 results=0
[WORLD_CELLS] Entry: chunk=(2,2) enabled=1 registry=00000227AD44C7A0
[WORLD_CELLS] Proceeding with construction cell generation
[WORLD_CELLS] Entry: chunk=(5,1) enabled=1 registry=00000227AD44C7A0
[WORLD_CELLS] Proceeding with construction cell generation
[WORLD_CELLS] Entry: chunk=(3,1) enabled=1 registry=00000227AD44C7A0
[WORLD_CELLS] Proceeding with construction cell generation
[WORLD_CELLS] Entry: chunk=(3,4) enabled=1 registry=00000227AD44C7A0
[WORLD_CELLS] Proceeding with construction cell generation
[WORLD_CELLS] Found settlement_data with 1 settlements
[WORLD_CELLS] Layout has 29 buildings
[WORLD_CELLS] Entry: chunk=(3,2) enabled=1 registry=00000227AD44C7A0
[WORLD_CELLS] Proceeding with construction cell generation
[WORLD_CELLS] Found settlement_data with 1 settlements
[WORLD_CELLS] Layout has 29 buildings
[STREAMER] Chunk (5,1): blocks=00000227CE75A070, impl=00000227BCBB3DA0, construction_cells_enabled=1, registry=00000227AD44C7A0
[WORLD_CELLS] Entry: chunk=(5,1) enabled=1 registry=00000227AD44C7A0
[WORLD_CELLS] Proceeding with construction cell generation
[STREAMER] Chunk (2,2): blocks=00000227D1FCD070, impl=00000227BCBB28A0, construction_cells_enabled=1, registry=00000227AD44C7A0
[WORLD_CELLS] Entry: chunk=(2,2) enabled=1 registry=00000227AD44C7A0
[WORLD_CELLS] Proceeding with construction cell generation
[WORLD_CELLS] Found settlement_data with 1 settlements
[WORLD_CELLS] Layout has 29 buildings
[WORLD_CELLS] Entry: chunk=(5,3) enabled=1 registry=00000227AD44C7A0
[WORLD_CELLS] Proceeding with construction cell generation
[STREAMER] Chunk (3,1): blocks=00000227D27D2070, impl=00000227BCBB31A0, construction_cells_enabled=1, registry=00000227AD44C7A0
[WORLD_CELLS] Entry: chunk=(3,1) enabled=1 registry=00000227AD44C7A0
[WORLD_CELLS] Proceeding with construction cell generation
[WORLD_CELLS] Entry: chunk=(4,4) enabled=1 registry=00000227AD44C7A0
[WORLD_CELLS] Proceeding with construction cell generation
[WORLD_CELLS] Entry: chunk=(4,1) enabled=1 registry=00000227AD44C7A0
[WORLD_CELLS] Proceeding with construction cell generation
[WORLD_CELLS] Found settlement_data with 1 settlements
[WORLD_CELLS] Layout has 29 buildings
[STREAMER] Chunk (3,4): blocks=00000227D4FD1070, impl=00000227BCBB2BA0, construction_cells_enabled=1, registry=00000227AD44C7A0
[WORLD_CELLS] Entry: chunk=(3,4) enabled=1 registry=00000227AD44C7A0
[WORLD_CELLS] Proceeding with construction cell generation
[WORLD_CELLS] Found settlement_data with 1 settlements
[WORLD_CELLS] Layout has 29 buildings
[WORLD_CELLS] Entry: chunk=(4,3) enabled=1 registry=00000227AD44C7A0
[WORLD_CELLS] Proceeding with construction cell generation
[STREAMER] Chunk (3,2): blocks=00000227D079C070, impl=00000227BCBB0AA0, construction_cells_enabled=1, registry=00000227AD44C7A0
[WORLD_CELLS] Entry: chunk=(3,2) enabled=1 registry=00000227AD44C7A0
[WORLD_CELLS] Proceeding with construction cell generation
[WORLD_CELLS] Entry: chunk=(6,2) enabled=1 registry=00000227AD44C7A0
[WORLD_CELLS] Proceeding with construction cell generation
[WORLD_CELLS] Found settlement_data with 1 settlements
[WORLD_CELLS] Layout has 29 buildings
[WORKER] Meshing cx=2 cz=2 (persisted=0)
[WORLD_CELLS] Entry: chunk=(6,1) enabled=1 registry=00000227AD44C7A0
[WORLD_CELLS] Proceeding with construction cell generation
[WORLD_CELLS] Entry: chunk=(4,2) enabled=1 registry=00000227AD44C7A0
[WORLD_CELLS] Proceeding with construction cell generation
[WORLD_CELLS] Found settlement_data with 1 settlements
[WORLD_CELLS] Layout has 29 buildings
[WORKER] Meshing cx=5 cz=1 (persisted=0)
[WORLD_CELLS] Found settlement_data with 1 settlements
[WORLD_CELLS] Layout has 29 buildings
[WORLD_CELLS] Entry: chunk=(5,2) enabled=1 registry=00000227AD44C7A0
[WORLD_CELLS] Proceeding with construction cell generation
[STREAMER] Chunk (5,3): blocks=00000227D0FA3070, impl=00000227BCBB22A0, construction_cells_enabled=1, registry=00000227AD44C7A0
[WORLD_CELLS] Entry: chunk=(5,3) enabled=1 registry=00000227AD44C7A0
[WORLD_CELLS] Proceeding with construction cell generation
[WORLD_CELLS] Entry: chunk=(3,3) enabled=1 registry=00000227AD44C7A0
[WORLD_CELLS] Proceeding with construction cell generation
[WORLD_CELLS] Found settlement_data with 1 settlements
[WORLD_CELLS] Layout has 29 buildings
[WORKER] Meshing cx=3 cz=1 (persisted=0)
[WORLD_CELLS] Found settlement_data with 1 settlements
[WORLD_CELLS] Layout has 29 buildings
[STREAMER] Chunk (4,4): blocks=00000227D37FB070, impl=00000227BCBB2EA0, construction_cells_enabled=1, registry=00000227AD44C7A0
[WORLD_CELLS] Entry: chunk=(4,4) enabled=1 registry=00000227AD44C7A0
[WORLD_CELLS] Proceeding with construction cell generation
[WORLD_CELLS] Found settlement_data with 1 settlements
[WORLD_CELLS] Layout has 29 buildings
[WORLD_CELLS] Found settlement_data with 1 settlements
[WORLD_CELLS] Layout has 29 buildings
[WORKER] Meshing cx=3 cz=4 (persisted=0)
[STREAMER] Chunk (4,1): blocks=00000227CFF89070, impl=00000227BCBB1FA0, construction_cells_enabled=1, registry=00000227AD44C7A0
[WORLD_CELLS] Entry: chunk=(4,1) enabled=1 registry=00000227AD44C7A0
[WORLD_CELLS] Proceeding with construction cell generation
[READINESS] desired=9 resident=0 gpu_ready=0 | skips: not_primary=144 outside_radius=247 no_chunk=9 no_blocks=0 | pending: jobs=9 results=0
[WORLD_CELLS] Found settlement_data with 1 settlements
[WORLD_CELLS] Layout has 29 buildings
[WORLD_CELLS] Found settlement_data with 1 settlements
[WORLD_CELLS] Found settlement_data with 1 settlements
[WORLD_CELLS] Layout has 29 buildings
[WORLD_CELLS] Layout has 29 buildings
[WORKER] Meshing cx=3 cz=2 (persisted=0)
[STREAMER] Chunk (6,2): blocks=00000227D2FEE070, impl=00000227BCBB43A0, construction_cells_enabled=1, registry=00000227AD44C7A0
[WORLD_CELLS] Entry: chunk=(6,2) enabled=1 registry=00000227AD44C7A0
[WORLD_CELLS] Proceeding with construction cell generation
[WORLD_CELLS] Found settlement_data with 1 settlements
[WORLD_CELLS] Layout has 29 buildings
[STREAMER] Chunk (4,3): blocks=00000227CCF21070, impl=00000227BCBB1CA0, construction_cells_enabled=1, registry=00000227AD44C7A0
[WORLD_CELLS] Entry: chunk=(4,3) enabled=1 registry=00000227AD44C7A0
[WORLD_CELLS] Proceeding with construction cell generation
[STREAMER] Chunk (4,2): blocks=00000227CD733070, impl=00000227BCBB07A0, construction_cells_enabled=1, registry=00000227AD44C7A0
[WORLD_CELLS] Entry: chunk=(4,2) enabled=1 registry=00000227AD44C7A0
[WORLD_CELLS] Proceeding with construction cell generation
[WORLD_CELLS] Found settlement_data with 1 settlements
[WORLD_CELLS] Layout has 29 buildings
[STREAMER] Chunk (6,1): blocks=00000227CF77D070, impl=00000227BCBB13A0, construction_cells_enabled=1, registry=00000227AD44C7A0
[WORLD_CELLS] Entry: chunk=(6,1) enabled=1 registry=00000227AD44C7A0
[WORLD_CELLS] Proceeding with construction cell generation
[WORLD_CELLS] Found settlement_data with 1 settlements
[WORLD_CELLS] Layout has 29 buildings
[WORLD_CELLS] Found settlement_data with 1 settlements
[WORLD_CELLS] Layout has 29 buildings
[WORKER] Meshing cx=5 cz=3 (persisted=0)
[WORLD_CELLS] Found settlement_data with 1 settlements
[WORLD_CELLS] Layout has 29 buildings
[STREAMER] Chunk (5,2): blocks=00000227CDF47070, impl=00000227BCBB3AA0, construction_cells_enabled=1, registry=00000227AD44C7A0
[WORLD_CELLS] Entry: chunk=(5,2) enabled=1 registry=00000227AD44C7A0
[WORLD_CELLS] Proceeding with construction cell generation
[STREAMER] Chunk (3,3): blocks=00000227D57E1070, impl=00000227BCBB40A0, construction_cells_enabled=1, registry=00000227AD44C7A0
[WORLD_CELLS] Entry: chunk=(3,3) enabled=1 registry=00000227AD44C7A0
[WORLD_CELLS] Proceeding with construction cell generation
[WORLD_CELLS] Found settlement_data with 1 settlements
[WORLD_CELLS] Layout has 29 buildings
[WORKER] Meshing cx=4 cz=1 (persisted=0)
[WORLD_CELLS] Found settlement_data with 1 settlements
[WORLD_CELLS] Layout has 29 buildings
[WORKER] Meshing cx=4 cz=4 (persisted=0)
[WORLD_CELLS] Found settlement_data with 1 settlements
[WORLD_CELLS] Layout has 29 buildings
[WORKER] Meshing cx=4 cz=2 (persisted=0)
[WORLD_CELLS] Found settlement_data with 1 settlements
[WORLD_CELLS] Layout has 29 buildings
[WORKER] Meshing cx=6 cz=2 (persisted=0)
[WORLD_CELLS] Found settlement_data with 1 settlements
[WORLD_CELLS] Layout has 29 buildings
[WORKER] Meshing cx=4 cz=3 (persisted=0)
[WORLD_CELLS] Found settlement_data with 1 settlements
[WORLD_CELLS] Layout has 29 buildings
[WORKER] Meshing cx=5 cz=2 (persisted=0)
[WORLD_CELLS] Found settlement_data with 1 settlements
[WORLD_CELLS] Layout has 29 buildings
[WORKER] Meshing cx=6 cz=1 (persisted=0)
[WORLD_CELLS] Found settlement_data with 1 settlements
[WORLD_CELLS] Layout has 29 buildings
[WORKER] Meshing cx=3 cz=3 (persisted=0)
[WORKER] Mesh complete cx=5 cz=0 built=00000227CC2B0850
[WORKER] Queuing result cx=5 cz=0 gen=2 built=00000227CC2B0850 results=0/768
[WORKER] Processing job cx=2 cz=1 gen=2 type=GENERATE
[PROCESS] Popped result cx=5 cz=0 gen=2 type=GENERATE built=00000227CC2B0850
[ADOPT] Adopting chunk (5,0) gen=2 role=2
[ADOPT] SUCCESS chunk (5,0) now resident. loaded_from_persist=0
[PROCESS] Adoption result: adopted=1 for cx=5 cz=0
[WORKER] Mesh complete cx=4 cz=0 built=00000227CC2AFD40
[WORKER] Queuing result cx=4 cz=0 gen=2 built=00000227CC2AFD40 results=0/768
[WORKER] Processing job cx=5 cz=4 gen=2 type=GENERATE
[PROCESS] Popped result cx=4 cz=0 gen=2 type=GENERATE built=00000227CC2AFD40
[ADOPT] Adopting chunk (4,0) gen=2 role=2
[ADOPT] SUCCESS chunk (4,0) now resident. loaded_from_persist=0
[PROCESS] Adoption result: adopted=1 for cx=4 cz=0
[READINESS] desired=9 resident=0 gpu_ready=0 | skips: not_primary=144 outside_radius=247 no_chunk=9 no_blocks=0 | pending: jobs=7 results=0
[WORKER] Mesh complete cx=2 cz=2 built=00000227CC2B1E70
[WORKER] Queuing result cx=2 cz=2 gen=2 built=00000227CC2B1E70 results=0/768
[WORKER] Processing job cx=6 cz=3 gen=2 type=GENERATE
[PROCESS] Popped result cx=2 cz=2 gen=2 type=GENERATE built=00000227CC2B1E70
[ADOPT] Adopting chunk (2,2) gen=2 role=1
[ADOPT] SUCCESS chunk (2,2) now resident. loaded_from_persist=0
[PROCESS] Adoption result: adopted=1 for cx=2 cz=2
[WORKER] Mesh complete cx=3 cz=4 built=00000227CC2B3490
[WORKER] Queuing result cx=3 cz=4 gen=2 built=00000227CC2B3490 results=0/768
[WORKER] Processing job cx=2 cz=3 gen=2 type=GENERATE
[PROCESS] Popped result cx=3 cz=4 gen=2 type=GENERATE built=00000227CC2B3490
[ADOPT] Adopting chunk (3,4) gen=2 role=1
[ADOPT] SUCCESS chunk (3,4) now resident. loaded_from_persist=0
[PROCESS] Adoption result: adopted=1 for cx=3 cz=4
[WORKER] Mesh complete cx=3 cz=1 built=00000227CC2B4AB0
[WORKER] Queuing result cx=3 cz=1 gen=2 built=00000227CC2B4AB0 results=0/768
[WORKER] Processing job cx=3 cz=0 gen=2 type=GENERATE
[PROCESS] Popped result cx=3 cz=1 gen=2 type=GENERATE built=00000227CC2B4AB0
[ADOPT] Adopting chunk (3,1) gen=2 role=1
[ADOPT] SUCCESS chunk (3,1) now resident. loaded_from_persist=0
[PROCESS] Adoption result: adopted=1 for cx=3 cz=1
[WORKER] Mesh complete cx=5 cz=1 built=00000227CC2B60D0
[WORKER] Queuing result cx=5 cz=1 gen=2 built=00000227CC2B60D0 results=0/768
[WORKER] Processing job cx=6 cz=4 gen=2 type=GENERATE
[WORKER] Mesh complete cx=4 cz=3 built=00000227C66D60D0
[WORKER] Queuing result cx=4 cz=3 gen=2 built=00000227C66D60D0 results=1/768
[WORKER] Processing job cx=2 cz=4 gen=2 type=GENERATE
[WORKER] Mesh complete cx=3 cz=2 built=00000227C66D9820
[WORKER] Queuing result cx=3 cz=2 gen=2 built=00000227C66D9820 results=2/768
[WORKER] Processing job cx=6 cz=0 gen=2 type=GENERATE
[PROCESS] Popped result cx=5 cz=1 gen=2 type=GENERATE built=00000227CC2B60D0
[ADOPT] Adopting chunk (5,1) gen=2 role=1
[ADOPT] SUCCESS chunk (5,1) now resident. loaded_from_persist=0
[PROCESS] Adoption result: adopted=1 for cx=5 cz=1
[PROCESS] Popped result cx=4 cz=3 gen=2 type=GENERATE built=00000227C66D60D0
[ADOPT] Adopting chunk (4,3) gen=2 role=1
[ADOPT] SUCCESS chunk (4,3) now resident. loaded_from_persist=0
[PROCESS] Adoption result: adopted=1 for cx=4 cz=3
[WORKER] Mesh complete cx=4 cz=4 built=00000227C66D8200
[WORKER] Queuing result cx=4 cz=4 gen=2 built=00000227C66D8200 results=1/768
[WORKER] Processing job cx=2 cz=0 gen=2 type=GENERATE
[PROCESS] Popped result cx=3 cz=2 gen=2 type=GENERATE built=00000227C66D9820
[ADOPT] Adopting chunk (3,2) gen=2 role=1
[ADOPT] SUCCESS chunk (3,2) now resident. loaded_from_persist=0
[PROCESS] Adoption result: adopted=1 for cx=3 cz=2
[PROCESS] Popped result cx=4 cz=4 gen=2 type=GENERATE built=00000227C66D8200
[ADOPT] Adopting chunk (4,4) gen=2 role=1
[ADOPT] SUCCESS chunk (4,4) now resident. loaded_from_persist=0
[PROCESS] Adoption result: adopted=1 for cx=4 cz=4
[WORKER] Mesh complete cx=5 cz=3 built=00000227C66DDA80
[WORKER] Queuing result cx=5 cz=3 gen=2 built=00000227C66DDA80 results=0/768
[WORKER] Mesh complete cx=4 cz=2 built=00000227C66DCF70
[WORKER] Queuing result cx=4 cz=2 gen=2 built=00000227C66DCF70 results=1/768
[PROCESS] Popped result cx=5 cz=3 gen=2 type=GENERATE built=00000227C66DDA80
[ADOPT] Adopting chunk (5,3) gen=2 role=1
[ADOPT] SUCCESS chunk (5,3) now resident. loaded_from_persist=0
[PROCESS] Adoption result: adopted=1 for cx=5 cz=3
[WORKER] Mesh complete cx=4 cz=1 built=00000227C66DAE40
[WORKER] Queuing result cx=4 cz=1 gen=2 built=00000227C66DAE40 results=1/768
[PROCESS] Popped result cx=4 cz=2 gen=2 type=GENERATE built=00000227C66DCF70
[ADOPT] Adopting chunk (4,2) gen=2 role=1
[ADOPT] SUCCESS chunk (4,2) now resident. loaded_from_persist=0
[PROCESS] Adoption result: adopted=1 for cx=4 cz=2
[PROCESS] Popped result cx=4 cz=1 gen=2 type=GENERATE built=00000227C66DAE40
[ADOPT] Adopting chunk (4,1) gen=2 role=1
[ADOPT] SUCCESS chunk (4,1) now resident. loaded_from_persist=0
[PROCESS] Adoption result: adopted=1 for cx=4 cz=1
[WORKER] Mesh complete cx=6 cz=2 built=00000227C66DE590
[WORKER] Queuing result cx=6 cz=2 gen=2 built=00000227C66DE590 results=0/768
[WORKER] Mesh complete cx=5 cz=2 built=00000227C66DC460
[WORKER] Queuing result cx=5 cz=2 gen=2 built=00000227C66DC460 results=1/768
[PROCESS] Popped result cx=6 cz=2 gen=2 type=GENERATE built=00000227C66DE590
[ADOPT] Adopting chunk (6,2) gen=2 role=1
[ADOPT] SUCCESS chunk (6,2) now resident. loaded_from_persist=0
[PROCESS] Adoption result: adopted=1 for cx=6 cz=2
[PROCESS] Popped result cx=5 cz=2 gen=2 type=GENERATE built=00000227C66DC460
[ADOPT] Adopting chunk (5,2) gen=2 role=1
[ADOPT] SUCCESS chunk (5,2) now resident. loaded_from_persist=0
[PROCESS] Adoption result: adopted=1 for cx=5 cz=2
[WORKER] Mesh complete cx=3 cz=3 built=00000227C66DB950
[WORKER] Queuing result cx=3 cz=3 gen=2 built=00000227C66DB950 results=0/768
[PROCESS] Popped result cx=3 cz=3 gen=2 type=GENERATE built=00000227C66DB950
[ADOPT] Adopting chunk (3,3) gen=2 role=1
[ADOPT] SUCCESS chunk (3,3) now resident. loaded_from_persist=0
[PROCESS] Adoption result: adopted=1 for cx=3 cz=3
[WORKER] Mesh complete cx=6 cz=1 built=00000227C66E1CE0
[WORKER] Queuing result cx=6 cz=1 gen=2 built=00000227C66E1CE0 results=0/768
[PROCESS] Popped result cx=6 cz=1 gen=2 type=GENERATE built=00000227C66E1CE0
[ADOPT] Adopting chunk (6,1) gen=2 role=1
[ADOPT] SUCCESS chunk (6,1) now resident. loaded_from_persist=0
[PROCESS] Adoption result: adopted=1 for cx=6 cz=1
[WORLD_CELLS] Entry: chunk=(3,0) enabled=1 registry=00000227AD44C7A0
[WORLD_CELLS] Proceeding with construction cell generation
[WORLD_CELLS] Entry: chunk=(6,0) enabled=1 registry=00000227AD44C7A0
[WORLD_CELLS] Proceeding with construction cell generation
[WORLD_CELLS] Found settlement_data with 1 settlements
[WORLD_CELLS] Layout has 29 buildings
[STREAMER] Chunk (3,0): blocks=00000227ED1DD070, impl=00000227BCBB31A0, construction_cells_enabled=1, registry=00000227AD44C7A0
[WORLD_CELLS] Entry: chunk=(3,0) enabled=1 registry=00000227AD44C7A0
[WORLD_CELLS] Proceeding with construction cell generation
[WORLD_CELLS] Found settlement_data with 1 settlements
[WORLD_CELLS] Layout has 29 buildings
[STREAMER] Chunk (6,0): blocks=00000227EEE83070, impl=00000227BCBB0AA0, construction_cells_enabled=1, registry=00000227AD44C7A0
[WORLD_CELLS] Entry: chunk=(6,0) enabled=1 registry=00000227AD44C7A0
[WORLD_CELLS] Proceeding with construction cell generation
[WORLD_CELLS] Entry: chunk=(2,0) enabled=1 registry=00000227AD44C7A0
[WORLD_CELLS] Proceeding with construction cell generation
[WORLD_CELLS] Found settlement_data with 1 settlements
[WORLD_CELLS] Layout has 29 buildings
[WORKER] Meshing cx=3 cz=0 (persisted=0)
[WORLD_CELLS] Found settlement_data with 1 settlements
[WORLD_CELLS] Layout has 29 buildings
[WORKER] Meshing cx=6 cz=0 (persisted=0)
[WORLD_CELLS] Found settlement_data with 1 settlements
[WORLD_CELLS] Layout has 29 buildings
[STREAMER] Chunk (2,0): blocks=00000227EF693070, impl=00000227BCBB2EA0, construction_cells_enabled=1, registry=00000227AD44C7A0
[WORLD_CELLS] Entry: chunk=(2,0) enabled=1 registry=00000227AD44C7A0
[WORLD_CELLS] Proceeding with construction cell generation
[WORLD_CELLS] Found settlement_data with 1 settlements
[WORLD_CELLS] Layout has 29 buildings
[WORKER] Meshing cx=2 cz=0 (persisted=0)
[WORLD_CELLS] Entry: chunk=(5,4) enabled=1 registry=00000227AD44C7A0
[WORLD_CELLS] Proceeding with construction cell generation
[WORLD_CELLS] Entry: chunk=(2,1) enabled=1 registry=00000227AD44C7A0
[WORLD_CELLS] Proceeding with construction cell generation
[WORLD_CELLS] Found settlement_data with 1 settlements
[WORLD_CELLS] Layout has 29 buildings
[STREAMER] Chunk (5,4): blocks=00000227E71EE070, impl=00000227BCBB25A0, construction_cells_enabled=1, registry=00000227AD44C7A0
[WORLD_CELLS] Entry: chunk=(5,4) enabled=1 registry=00000227AD44C7A0
[WORLD_CELLS] Proceeding with construction cell generation
[WORLD_CELLS] Found settlement_data with 1 settlements
[WORLD_CELLS] Layout has 29 buildings
[STREAMER] Chunk (2,1): blocks=00000227E61CC070, impl=00000227BCBB37A0, construction_cells_enabled=1, registry=00000227AD44C7A0
[WORLD_CELLS] Entry: chunk=(2,1) enabled=1 registry=00000227AD44C7A0
[WORLD_CELLS] Proceeding with construction cell generation
[WORLD_CELLS] Found settlement_data with 1 settlements
[WORLD_CELLS] Layout has 29 buildings
[WORKER] Meshing cx=5 cz=4 (persisted=0)
[WORLD_CELLS] Found settlement_data with 1 settlements
[WORLD_CELLS] Layout has 29 buildings
[WORKER] Meshing cx=2 cz=1 (persisted=0)
[WORLD_CELLS] Entry: chunk=(6,3) enabled=1 registry=00000227AD44C7A0
[WORLD_CELLS] Proceeding with construction cell generation
[WORLD_CELLS] Found settlement_data with 1 settlements
[WORLD_CELLS] Layout has 29 buildings
[STREAMER] Chunk (6,3): blocks=00000227EC1A1070, impl=00000227BCBB28A0, construction_cells_enabled=1, registry=00000227AD44C7A0
[WORLD_CELLS] Entry: chunk=(6,3) enabled=1 registry=00000227AD44C7A0
[WORLD_CELLS] Proceeding with construction cell generation
[WORLD_CELLS] Found settlement_data with 1 settlements
[WORLD_CELLS] Layout has 29 buildings
[WORKER] Meshing cx=6 cz=3 (persisted=0)
[WORLD_CELLS] Entry: chunk=(2,4) enabled=1 registry=00000227AD44C7A0
[WORLD_CELLS] Proceeding with construction cell generation
[WORLD_CELLS] Entry: chunk=(2,3) enabled=1 registry=00000227AD44C7A0
[WORLD_CELLS] Proceeding with construction cell generation
[WORLD_CELLS] Found settlement_data with 1 settlements
[WORLD_CELLS] Layout has 29 buildings
[STREAMER] Chunk (2,3): blocks=00000227EC9BF070, impl=00000227BCBB2BA0, construction_cells_enabled=1, registry=00000227AD44C7A0
[WORLD_CELLS] Entry: chunk=(2,3) enabled=1 registry=00000227AD44C7A0
[WORLD_CELLS] Proceeding with construction cell generation
[WORLD_CELLS] Found settlement_data with 1 settlements
[WORLD_CELLS] Layout has 29 buildings
[STREAMER] Chunk (2,4): blocks=00000227EE679070, impl=00000227BCBB1CA0, construction_cells_enabled=1, registry=00000227AD44C7A0
[WORLD_CELLS] Entry: chunk=(2,4) enabled=1 registry=00000227AD44C7A0
[WORLD_CELLS] Proceeding with construction cell generation
[WORLD_CELLS] Found settlement_data with 1 settlements
[WORLD_CELLS] Layout has 29 buildings
[WORKER] Meshing cx=2 cz=3 (persisted=0)
[WORLD_CELLS] Found settlement_data with 1 settlements
[WORLD_CELLS] Layout has 29 buildings
[WORKER] Meshing cx=2 cz=4 (persisted=0)
[WORLD_CELLS] Entry: chunk=(6,4) enabled=1 registry=00000227AD44C7A0
[WORLD_CELLS] Proceeding with construction cell generation
[WORLD_CELLS] Found settlement_data with 1 settlements
[WORLD_CELLS] Layout has 29 buildings
[WORKER] Mesh complete cx=3 cz=0 built=00000227C66D6BE0
[WORKER] Queuing result cx=3 cz=0 gen=2 built=00000227C66D6BE0 results=0/768
[WORKER] Mesh complete cx=2 cz=0 built=00000227C66DA330
[WORKER] Queuing result cx=2 cz=0 gen=2 built=00000227C66DA330 results=1/768
[STREAMER] Chunk (6,4): blocks=00000227EDE67070, impl=00000227BCBB3DA0, construction_cells_enabled=1, registry=00000227AD44C7A0
[WORLD_CELLS] Entry: chunk=(6,4) enabled=1 registry=00000227AD44C7A0
[WORLD_CELLS] Proceeding with construction cell generation
[WORLD_CELLS] Found settlement_data with 1 settlements
[WORLD_CELLS] Layout has 29 buildings
[WORKER] Meshing cx=6 cz=4 (persisted=0)
[WORKER] Mesh complete cx=5 cz=4 built=00000227C66D76F0
[WORKER] Queuing result cx=5 cz=4 gen=2 built=00000227C66D76F0 results=2/768
[WORKER] Mesh complete cx=6 cz=0 built=00000227C66D8D10
[WORKER] Queuing result cx=6 cz=0 gen=2 built=00000227C66D8D10 results=3/768
[WORKER] Mesh complete cx=2 cz=1 built=00000227C66E06C0
[WORKER] Queuing result cx=2 cz=1 gen=2 built=00000227C66E06C0 results=4/768
[WORKER] Mesh complete cx=6 cz=3 built=00000227C66DF0A0
[WORKER] Queuing result cx=6 cz=3 gen=2 built=00000227C66DF0A0 results=5/768
[WORKER] Mesh complete cx=2 cz=4 built=00000227C66E11D0
[WORKER] Queuing result cx=2 cz=4 gen=2 built=00000227C66E11D0 results=6/768
[WORKER] Mesh complete cx=2 cz=3 built=00000227C66E27F0
[WORKER] Queuing result cx=2 cz=3 gen=2 built=00000227C66E27F0 results=7/768
[WORKER] Mesh complete cx=6 cz=4 built=00000227C66DFBB0
[WORKER] Queuing result cx=6 cz=4 gen=2 built=00000227C66DFBB0 results=8/768
[READINESS] desired=9 resident=9 gpu_ready=9 | skips: not_primary=144 outside_radius=247 no_chunk=0 no_blocks=0 | pending: jobs=0 results=9
[PROCESS] Popped result cx=3 cz=0 gen=2 type=GENERATE built=00000227C66D6BE0
[ADOPT] Adopting chunk (3,0) gen=2 role=2
[ADOPT] SUCCESS chunk (3,0) now resident. loaded_from_persist=0
[PROCESS] Adoption result: adopted=1 for cx=3 cz=0
[GEN_STAGE] end idx=8 name="Loading nearby chunks" duration=21016ms chunks=17 data_kb=0
[READINESS] desired=9 resident=9 gpu_ready=7 | skips: not_primary=144 outside_radius=247 no_chunk=0 no_blocks=0 | pending: jobs=0 results=8
[PROCESS] Popped result cx=2 cz=0 gen=2 type=GENERATE built=00000227C66DA330
[ADOPT] Adopting chunk (2,0) gen=2 role=2
[ADOPT] SUCCESS chunk (2,0) now resident. loaded_from_persist=0
[PROCESS] Adoption result: adopted=1 for cx=2 cz=0
[STARTUP] terrain desired=9 resident=9 ready=7 jobs=0 results=7 no_cpu=2 upload=0 stale=0 far_only=0 other=0
[PROCESS] Popped result cx=5 cz=4 gen=2 type=GENERATE built=00000227C66D76F0
[ADOPT] Adopting chunk (5,4) gen=2 role=1
[ADOPT] SUCCESS chunk (5,4) now resident. loaded_from_persist=0
[PROCESS] Adoption result: adopted=1 for cx=5 cz=4
[PROCESS] Popped result cx=6 cz=0 gen=2 type=GENERATE built=00000227C66D8D10
[ADOPT] Adopting chunk (6,0) gen=2 role=2
[ADOPT] SUCCESS chunk (6,0) now resident. loaded_from_persist=0
[PROCESS] Adoption result: adopted=1 for cx=6 cz=0
[PROCESS] Popped result cx=2 cz=1 gen=2 type=GENERATE built=00000227C66E06C0
[ADOPT] Adopting chunk (2,1) gen=2 role=1
[ADOPT] SUCCESS chunk (2,1) now resident. loaded_from_persist=0
[PROCESS] Adoption result: adopted=1 for cx=2 cz=1
[PROCESS] Popped result cx=6 cz=3 gen=2 type=GENERATE built=00000227C66DF0A0
[ADOPT] Adopting chunk (6,3) gen=2 role=1
[ADOPT] SUCCESS chunk (6,3) now resident. loaded_from_persist=0
[PROCESS] Adoption result: adopted=1 for cx=6 cz=3
[PROCESS] Popped result cx=2 cz=4 gen=2 type=GENERATE built=00000227C66E11D0
[ADOPT] Adopting chunk (2,4) gen=2 role=1
[ADOPT] SUCCESS chunk (2,4) now resident. loaded_from_persist=0
[PROCESS] Adoption result: adopted=1 for cx=2 cz=4
[PROCESS] Popped result cx=2 cz=3 gen=2 type=GENERATE built=00000227C66E27F0
[ADOPT] Adopting chunk (2,3) gen=2 role=1
[ADOPT] SUCCESS chunk (2,3) now resident. loaded_from_persist=0
[PROCESS] Adoption result: adopted=1 for cx=2 cz=3
[PROCESS] Popped result cx=6 cz=4 gen=2 type=GENERATE built=00000227C66DFBB0
[ADOPT] Adopting chunk (6,4) gen=2 role=1
[ADOPT] SUCCESS chunk (6,4) now resident. loaded_from_persist=0
[PROCESS] Adoption result: adopted=1 for cx=6 cz=4
[RESIDENCY] STALL mode=superchunk desired=400(P256/F140/T4) resident=25(P20/F5/T0/E0) jobs=0 results=0 primary=(0,0) desired_sc=(0,0) transition=0
[RESIDENCY] missing desired chunks primary=236 ring=135 transition=4 desired=400 active=25
[PLAYER] Test flight enabled (double SPACE, testing only)
[READINESS] desired=9 resident=9 gpu_ready=1 | skips: not_primary=144 outside_radius=247 no_chunk=0 no_blocks=0 | pending: jobs=0 results=0
[STARTUP] terrain desired=9 resident=9 ready=1 jobs=0 results=0 no_cpu=8 upload=0 stale=0 far_only=0 other=0
[RESIDENCY] STALL mode=superchunk desired=400(P256/F140/T4) resident=25(P20/F5/T0/E0) jobs=0 results=0 primary=(0,0) desired_sc=(0,0) transition=0
[RESIDENCY] missing desired chunks primary=236 ring=135 transition=4 desired=400 active=25
[READINESS] desired=9 resident=9 gpu_ready=1 | skips: not_primary=144 outside_radius=247 no_chunk=0 no_blocks=0 | pending: jobs=0 results=0
[STARTUP] terrain desired=9 resident=9 ready=1 jobs=0 results=0 no_cpu=8 upload=0 stale=0 far_only=0 other=0
[RESIDENCY] STALL mode=superchunk desired=400(P256/F140/T4) resident=25(P20/F5/T0/E0) jobs=0 results=0 primary=(0,0) desired_sc=(0,0) transition=0
[RESIDENCY] missing desired chunks primary=236 ring=135 transition=4 desired=400 active=25
[WORKER] Processing job cx=1 cz=2 gen=2 type=GENERATE
[WORKER] Processing job cx=4 cz=5 gen=2 type=GENERATE
[WALL] HEALTH W=16/0/0 N=16/5/0 E=16/0/0 S=16/0/0 (desired/resident/ready)
[WORKER] Processing job cx=7 cz=2 gen=2 type=GENERATE
[WORKER] Processing job cx=1 cz=1 gen=2 type=GENERATE
[WORKER] Processing job cx=3 cz=5 gen=2 type=GENERATE
[WORKER] Processing job cx=1 cz=3 gen=2 type=GENERATE
[WORKER] Processing job cx=7 cz=4 gen=2 type=GENERATE
[WORKER] Processing job cx=1 cz=4 gen=2 type=GENERATE
[WORKER] Processing job cx=6 cz=5 gen=2 type=GENERATE
[WORKER] Processing job cx=4 cz=6 gen=2 type=GENERATE
[WORKER] Processing job cx=8 cz=2 gen=2 type=GENERATE
[WORKER] Processing job cx=7 cz=1 gen=2 type=GENERATE
[WORKER] Processing job cx=5 cz=5 gen=2 type=GENERATE
[WORKER] Processing job cx=7 cz=3 gen=2 type=GENERATE
[WORKER] Processing job cx=2 cz=5 gen=2 type=GENERATE
[WORKER] Processing job cx=8 cz=3 gen=2 type=GENERATE
[READINESS] desired=9 resident=9 gpu_ready=1 | skips: not_primary=144 outside_radius=247 no_chunk=0 no_blocks=0 | pending: jobs=359 results=0
[READINESS] desired=9 resident=9 gpu_ready=1 | skips: not_primary=144 outside_radius=247 no_chunk=0 no_blocks=0 | pending: jobs=359 results=0
[READINESS] desired=9 resident=9 gpu_ready=1 | skips: not_primary=144 outside_radius=247 no_chunk=0 no_blocks=0 | pending: jobs=359 results=0
[WORLD_CELLS] Entry: chunk=(1,4) enabled=1 registry=00000227AD44C7A0
[WORLD_CELLS] Proceeding with construction cell generation
[WORLD_CELLS] Entry: chunk=(1,1) enabled=1 registry=00000227AD44C7A0
[WORLD_CELLS] Proceeding with construction cell generation
[WORLD_CELLS] Entry: chunk=(5,5) enabled=1 registry=00000227AD44C7A0
[WORLD_CELLS] Proceeding with construction cell generation
[WORLD_CELLS] Entry: chunk=(1,2) enabled=1 registry=00000227AD44C7A0
[WORLD_CELLS] Proceeding with construction cell generation
[WORLD_CELLS] Found settlement_data with 1 settlements
[WORLD_CELLS] Layout has 29 buildings
[WORLD_CELLS] Entry: chunk=(3,5) enabled=1 registry=00000227AD44C7A0
[WORLD_CELLS] Proceeding with construction cell generation
[STREAMER] Chunk (1,4): blocks=000002280CEE6070, impl=00000227BCBB25A0, construction_cells_enabled=1, registry=00000227AD44C7A0
[WORLD_CELLS] Entry: chunk=(1,4) enabled=1 registry=00000227AD44C7A0
[WORLD_CELLS] Proceeding with construction cell generation
[WORLD_CELLS] Entry: chunk=(7,2) enabled=1 registry=00000227AD44C7A0
[WORLD_CELLS] Proceeding with construction cell generation
[WORLD_CELLS] Entry: chunk=(8,2) enabled=1 registry=00000227AD44C7A0
[WORLD_CELLS] Proceeding with construction cell generation
[WORLD_CELLS] Found settlement_data with 1 settlements
[WORLD_CELLS] Layout has 29 buildings
[WORLD_CELLS] Found settlement_data with 1 settlements
[WORLD_CELLS] Layout has 29 buildings
[STREAMER] Chunk (1,1): blocks=000002280DF0D070, impl=00000227BCBB3AA0, construction_cells_enabled=1, registry=00000227AD44C7A0
[WORLD_CELLS] Entry: chunk=(1,1) enabled=1 registry=00000227AD44C7A0
[WORLD_CELLS] Proceeding with construction cell generation
[WORLD_CELLS] Entry: chunk=(2,5) enabled=1 registry=00000227AD44C7A0
[WORLD_CELLS] Proceeding with construction cell generation
[STREAMER] Chunk (5,5): blocks=000002280FF46070, impl=00000227BCBB40A0, construction_cells_enabled=1, registry=00000227AD44C7A0
[WORLD_CELLS] Entry: chunk=(5,5) enabled=1 registry=00000227AD44C7A0
[WORLD_CELLS] Proceeding with construction cell generation
[WORLD_CELLS] Entry: chunk=(1,3) enabled=1 registry=00000227AD44C7A0
[WORLD_CELLS] Proceeding with construction cell generation
[WORLD_CELLS] Found settlement_data with 1 settlements
[WORLD_CELLS] Layout has 29 buildings
[WORLD_CELLS] Found settlement_data with 1 settlements
[WORLD_CELLS] Layout has 29 buildings
[WORLD_CELLS] Found settlement_data with 1 settlements
[WORLD_CELLS] Layout has 29 buildings
[WORKER] Meshing cx=1 cz=4 (persisted=0)
[STREAMER] Chunk (3,5): blocks=000002280C6D0070, impl=00000227BCBB13A0, construction_cells_enabled=1, registry=00000227AD44C7A0
[WORLD_CELLS] Entry: chunk=(3,5) enabled=1 registry=00000227AD44C7A0
[WORLD_CELLS] Proceeding with construction cell generation
[STREAMER] Chunk (1,2): blocks=000002280AEAA070, impl=00000227BCBB22A0, construction_cells_enabled=1, registry=00000227AD44C7A0
[WORLD_CELLS] Entry: chunk=(1,2) enabled=1 registry=00000227AD44C7A0
[WORLD_CELLS] Proceeding with construction cell generation
[WORLD_CELLS] Found settlement_data with 1 settlements
[WORLD_CELLS] Layout has 29 buildings
[STREAMER] Chunk (7,2): blocks=000002280B6BB070, impl=00000227BCBB1FA0, construction_cells_enabled=1, registry=00000227AD44C7A0
[WORLD_CELLS] Entry: chunk=(7,2) enabled=1 registry=00000227AD44C7A0
[WORLD_CELLS] Proceeding with construction cell generation
[WORLD_CELLS] Found settlement_data with 1 settlements
[WORLD_CELLS] Layout has 29 buildings
[WORLD_CELLS] Found settlement_data with 1 settlements
[WORLD_CELLS] Layout has 29 buildings
[WORLD_CELLS] Found settlement_data with 1 settlements
[WORLD_CELLS] Layout has 29 buildings
[WORKER] Meshing cx=1 cz=1 (persisted=0)
[STREAMER] Chunk (2,5): blocks=0000022810F69070, impl=00000227BCBB28A0, construction_cells_enabled=1, registry=00000227AD44C7A0
[WORLD_CELLS] Entry: chunk=(2,5) enabled=1 registry=00000227AD44C7A0
[WORLD_CELLS] Proceeding with construction cell generation
[WORLD_CELLS] Found settlement_data with 1 settlements
[WORLD_CELLS] Layout has 29 buildings
[WORKER] Meshing cx=5 cz=5 (persisted=0)
[WORLD_CELLS] Found settlement_data with 1 settlements
[WORLD_CELLS] Layout has 29 buildings
[WORLD_CELLS] Entry: chunk=(4,6) enabled=1 registry=00000227AD44C7A0
[WORLD_CELLS] Proceeding with construction cell generation
[WORLD_CELLS] Found settlement_data with 1 settlements
[WORLD_CELLS] Layout has 29 buildings
[WORKER] Meshing cx=3 cz=5 (persisted=0)
[WORLD_CELLS] Entry: chunk=(7,1) enabled=1 registry=00000227AD44C7A0
[WORLD_CELLS] Proceeding with construction cell generation
[STREAMER] Chunk (1,3): blocks=000002280E719070, impl=00000227BCBB31A0, construction_cells_enabled=1, registry=00000227AD44C7A0
[WORLD_CELLS] Entry: chunk=(1,3) enabled=1 registry=00000227AD44C7A0
[WORLD_CELLS] Proceeding with construction cell generation
[STREAMER] Chunk (8,2): blocks=000002280F73A070, impl=00000227BCBB3DA0, construction_cells_enabled=1, registry=00000227AD44C7A0
[WORLD_CELLS] Entry: chunk=(8,2) enabled=1 registry=00000227AD44C7A0
[WORLD_CELLS] Proceeding with construction cell generation
[WORLD_CELLS] Found settlement_data with 1 settlements
[WORLD_CELLS] Layout has 29 buildings
[WORKER] Meshing cx=1 cz=2 (persisted=0)
[WORLD_CELLS] Entry: chunk=(4,5) enabled=1 registry=00000227AD44C7A0
[WORLD_CELLS] Proceeding with construction cell generation
[WORLD_CELLS] Found settlement_data with 1 settlements
[WORLD_CELLS] Layout has 29 buildings
[WORKER] Meshing cx=7 cz=2 (persisted=0)
[WORLD_CELLS] Found settlement_data with 1 settlements
[WORLD_CELLS] Layout has 29 buildings
[STREAMER] Chunk (4,6): blocks=000002280D6F0070, impl=00000227BCBB1CA0, construction_cells_enabled=1, registry=00000227AD44C7A0
[WORLD_CELLS] Entry: chunk=(4,6) enabled=1 registry=00000227AD44C7A0
[WORLD_CELLS] Proceeding with construction cell generation
[WORLD_CELLS] Found settlement_data with 1 settlements
[WORLD_CELLS] Layout has 29 buildings
[WORKER] Meshing cx=2 cz=5 (persisted=0)
[WORLD_CELLS] Found settlement_data with 1 settlements
[WORLD_CELLS] Layout has 29 buildings
[STREAMER] Chunk (7,1): blocks=000002281177F070, impl=00000227BCBB43A0, construction_cells_enabled=1, registry=00000227AD44C7A0
[WORLD_CELLS] Found settlement_data with 1 settlements
[WORLD_CELLS] Layout has 29 buildings
[WORLD_CELLS] Entry: chunk=(7,1) enabled=1 registry=00000227AD44C7A0
[WORLD_CELLS] Proceeding with construction cell generation
[WORLD_CELLS] Found settlement_data with 1 settlements
[WORLD_CELLS] Layout has 29 buildings
[WORKER] Meshing cx=1 cz=3 (persisted=0)
[STREAMER] Chunk (4,5): blocks=000002280BECE070, impl=00000227BCBB07A0, construction_cells_enabled=1, registry=00000227AD44C7A0
[WORLD_CELLS] Entry: chunk=(4,5) enabled=1 registry=00000227AD44C7A0
[WORLD_CELLS] Proceeding with construction cell generation
[WORLD_CELLS] Found settlement_data with 1 settlements
[WORLD_CELLS] Layout has 29 buildings
[WORKER] Meshing cx=8 cz=2 (persisted=0)
[WORLD_CELLS] Found settlement_data with 1 settlements
[WORLD_CELLS] Layout has 29 buildings
[WORKER] Meshing cx=4 cz=6 (persisted=0)
[WORLD_CELLS] Found settlement_data with 1 settlements
[WORLD_CELLS] Layout has 29 buildings
[WORKER] Meshing cx=7 cz=1 (persisted=0)
[WORLD_CELLS] Found settlement_data with 1 settlements
[WORLD_CELLS] Layout has 29 buildings
[WORKER] Meshing cx=4 cz=5 (persisted=0)
[WORLD_CELLS] Entry: chunk=(6,5) enabled=1 registry=00000227AD44C7A0
[WORLD_CELLS] Proceeding with construction cell generation
[WORLD_CELLS] Found settlement_data with 1 settlements
[WORLD_CELLS] Layout has 29 buildings
[READINESS] desired=9 resident=9 gpu_ready=1 | skips: not_primary=144 outside_radius=247 no_chunk=0 no_blocks=0 | pending: jobs=359 results=0
[WORLD_CELLS] Entry: chunk=(7,3) enabled=1 registry=00000227AD44C7A0
[WORLD_CELLS] Proceeding with construction cell generation
[WORLD_CELLS] Found settlement_data with 1 settlements
[WORLD_CELLS] Layout has 29 buildings
[WORLD_CELLS] Building 0 overlaps chunk (7,3) at (496,240)
[WORLD_CELLS] Generating construction cells for building
[WORLD_CELLS] Computed 2 markers for building
[WORLD_CELLS] Placing marker 0: type=1 pos=(500,70,248)
[WORLD_CELLS] place_marker: block at (52,70,56) is 25, not AIR
[WORLD_CELLS] Placing marker 1: type=3 pos=(500,71,244)
[WORLD_CELLS] place_marker: block at (52,71,52) is 12, not AIR
[STREAMER] Chunk (6,5): blocks=00000228127AC070, impl=00000227BCBB0AA0, construction_cells_enabled=1, registry=00000227AD44C7A0
[WORLD_CELLS] Entry: chunk=(6,5) enabled=1 registry=00000227AD44C7A0
[WORLD_CELLS] Proceeding with construction cell generation
[WORLD_CELLS] Found settlement_data with 1 settlements
[WORLD_CELLS] Layout has 29 buildings
[WORKER] Meshing cx=6 cz=5 (persisted=0)
[READINESS] desired=9 resident=9 gpu_ready=1 | skips: not_primary=144 outside_radius=247 no_chunk=0 no_blocks=0 | pending: jobs=359 results=0
[WORKER] Mesh complete cx=1 cz=4 built=00000227873E66C0
[WORKER] Queuing result cx=1 cz=4 gen=2 built=00000227873E66C0 results=0/768
[WORKER] Processing job cx=3 cz=6 gen=2 type=GENERATE
[PROCESS] Popped result cx=1 cz=4 gen=2 type=GENERATE built=00000227873E66C0
[ADOPT] Adopting chunk (1,4) gen=2 role=1
[WORKER] Mesh complete cx=4 cz=5 built=00000227873E7CE0
[WORKER] Queuing result cx=4 cz=5 gen=2 built=00000227873E7CE0 results=0/768
[WORKER] Processing job cx=5 cz=6 gen=2 type=GENERATE
[ADOPT] SUCCESS chunk (1,4) now resident. loaded_from_persist=0
[PROCESS] Adoption result: adopted=1 for cx=1 cz=4
[PROCESS] Popped result cx=4 cz=5 gen=2 type=GENERATE built=00000227873E7CE0
[ADOPT] Adopting chunk (4,5) gen=2 role=1
[ADOPT] SUCCESS chunk (4,5) now resident. loaded_from_persist=0
[PROCESS] Adoption result: adopted=1 for cx=4 cz=5
[WORKER] Mesh complete cx=5 cz=5 built=00000227873E9E10
[WORKER] Queuing result cx=5 cz=5 gen=2 built=00000227873E9E10 results=0/768
[WORKER] Processing job cx=8 cz=1 gen=2 type=GENERATE
[PROCESS] Popped result cx=5 cz=5 gen=2 type=GENERATE built=00000227873E9E10
[ADOPT] Adopting chunk (5,5) gen=2 role=1
[ADOPT] SUCCESS chunk (5,5) now resident. loaded_from_persist=0
[WORKER] Mesh complete cx=3 cz=5 built=00000227873EA920
[PROCESS] Adoption result: adopted=1 for cx=5 cz=5
[WORKER] Queuing result cx=3 cz=5 gen=2 built=00000227873EA920 results=0/768
[WORKER] Processing job cx=1 cz=5 gen=2 type=GENERATE
[STREAMER] Chunk (7,3): blocks=0000022810750070, impl=00000227BCBB2EA0, construction_cells_enabled=1, registry=00000227AD44C7A0
[WORLD_CELLS] Entry: chunk=(7,3) enabled=1 registry=00000227AD44C7A0
[WORLD_CELLS] Proceeding with construction cell generation
[PROCESS] Popped result cx=3 cz=5 gen=2 type=GENERATE built=00000227873EA920
[ADOPT] Adopting chunk (3,5) gen=2 role=1
[ADOPT] SUCCESS chunk (3,5) now resident. loaded_from_persist=0
[PROCESS] Adoption result: adopted=1 for cx=3 cz=5
[WORKER] Mesh complete cx=7 cz=2 built=00000227873E87F0
[WORKER] Queuing result cx=7 cz=2 gen=2 built=00000227873E87F0 results=0/768
[WORKER] Processing job cx=7 cz=5 gen=2 type=GENERATE
[PROCESS] Popped result cx=7 cz=2 gen=2 type=GENERATE built=00000227873E87F0
[ADOPT] Adopting chunk (7,2) gen=2 role=1
[WORKER] Mesh complete cx=1 cz=1 built=00000227873ECA50
[WORKER] Queuing result cx=1 cz=1 gen=2 built=00000227873ECA50 results=0/768
[WORKER] Processing job cx=8 cz=4 gen=2 type=GENERATE
[ADOPT] SUCCESS chunk (7,2) now resident. loaded_from_persist=0
[PROCESS] Adoption result: adopted=1 for cx=7 cz=2
[WORKER] Mesh complete cx=2 cz=5 built=00000227873F01A0
[PROCESS] Popped result cx=1 cz=1 gen=2 type=GENERATE built=00000227873ECA50
[WORKER] Queuing result cx=2 cz=5 gen=2 built=00000227873F01A0 results=0/768
[ADOPT] Adopting chunk (1,1) gen=2 role=1
[WORKER] Processing job cx=6 cz=6 gen=2 type=GENERATE
[ADOPT] SUCCESS chunk (1,1) now resident. loaded_from_persist=0
[PROCESS] Adoption result: adopted=1 for cx=1 cz=1
[PROCESS] Popped result cx=2 cz=5 gen=2 type=GENERATE built=00000227873F01A0
[ADOPT] Adopting chunk (2,5) gen=2 role=1
[ADOPT] SUCCESS chunk (2,5) now resident. loaded_from_persist=0
[PROCESS] Adoption result: adopted=1 for cx=2 cz=5
[WORKER] Mesh complete cx=1 cz=2 built=00000227873F2DE0
[WORKER] Queuing result cx=1 cz=2 gen=2 built=00000227873F2DE0 results=0/768
[WORKER] Processing job cx=2 cz=6 gen=2 type=GENERATE
[PROCESS] Popped result cx=1 cz=2 gen=2 type=GENERATE built=00000227873F2DE0
[ADOPT] Adopting chunk (1,2) gen=2 role=1
[ADOPT] SUCCESS chunk (1,2) now resident. loaded_from_persist=0
[PROCESS] Adoption result: adopted=1 for cx=1 cz=2
[WORLD_CELLS] Found settlement_data with 1 settlements
[WORLD_CELLS] Layout has 29 buildings
[WORLD_CELLS] Building 0 overlaps chunk (7,3) at (496,240)
[WORLD_CELLS] Generating construction cells for building
[WORLD_CELLS] Computed 2 markers for building
[WORLD_CELLS] Placing marker 0: type=1 pos=(500,70,248)
[WORLD_CELLS] place_marker: block at (52,70,56) is 25, not AIR
[WORLD_CELLS] Placing marker 1: type=3 pos=(500,71,244)
[WORLD_CELLS] place_marker: block at (52,71,52) is 12, not AIR
[WORKER] Meshing cx=7 cz=3 (persisted=0)
[WORKER] Mesh complete cx=7 cz=1 built=00000227873F17C0
[WORKER] Queuing result cx=7 cz=1 gen=2 built=00000227873F17C0 results=0/768
[WORKER] Processing job cx=4 cz=7 gen=2 type=GENERATE
[PROCESS] Popped result cx=7 cz=1 gen=2 type=GENERATE built=00000227873F17C0
[ADOPT] Adopting chunk (7,1) gen=2 role=1
[ADOPT] SUCCESS chunk (7,1) now resident. loaded_from_persist=0
[PROCESS] Adoption result: adopted=1 for cx=7 cz=1
[WORKER] Mesh complete cx=4 cz=6 built=00000227873EF690
[WORKER] Queuing result cx=4 cz=6 gen=2 built=00000227873EF690 results=0/768
[WORKER] Processing job cx=7 cz=6 gen=2 type=GENERATE
[PROCESS] Popped result cx=4 cz=6 gen=2 type=GENERATE built=00000227873EF690
[ADOPT] Adopting chunk (4,6) gen=2 role=1
[ADOPT] SUCCESS chunk (4,6) now resident. loaded_from_persist=0
[PROCESS] Adoption result: adopted=1 for cx=4 cz=6
[WORLD_CELLS] Entry: chunk=(8,3) enabled=1 registry=00000227AD44C7A0
[WORLD_CELLS] Proceeding with construction cell generation
[WORKER] Mesh complete cx=8 cz=2 built=0000022789BA5720
[WORKER] Queuing result cx=8 cz=2 gen=2 built=0000022789BA5720 results=0/768
[WORKER] Processing job cx=8 cz=5 gen=2 type=GENERATE
[WORKER] Mesh complete cx=1 cz=3 built=0000022789BA8360
[WORKER] Queuing result cx=1 cz=3 gen=2 built=0000022789BA8360 results=1/768
[WORKER] Processing job cx=9 cz=2 gen=2 type=GENERATE
[PROCESS] Popped result cx=8 cz=2 gen=2 type=GENERATE built=0000022789BA5720
[ADOPT] Adopting chunk (8,2) gen=2 role=1
[ADOPT] SUCCESS chunk (8,2) now resident. loaded_from_persist=0
[PROCESS] Adoption result: adopted=1 for cx=8 cz=2
[PROCESS] Popped result cx=1 cz=3 gen=2 type=GENERATE built=0000022789BA8360
[ADOPT] Adopting chunk (1,3) gen=2 role=1
[ADOPT] SUCCESS chunk (1,3) now resident. loaded_from_persist=0
[PROCESS] Adoption result: adopted=1 for cx=1 cz=3
[WORLD_CELLS] Found settlement_data with 1 settlements
[WORLD_CELLS] Layout has 29 buildings
[WORLD_CELLS] Building 5 overlaps chunk (8,3) at (512,240)
[WORLD_CELLS] Generating construction cells for building
[WORLD_CELLS] Computed 2 markers for building
[WORLD_CELLS] Placing marker 0: type=1 pos=(516,70,248)
[WORLD_CELLS] place_marker: block at (4,70,56) is 25, not AIR
[WORLD_CELLS] Placing marker 1: type=3 pos=(516,71,244)
[WORLD_CELLS] place_marker: block at (4,71,52) is 12, not AIR
[WORLD_CELLS] Building 10 overlaps chunk (8,3) at (528,240)
[WORLD_CELLS] Generating construction cells for building
[WORLD_CELLS] Computed 3 markers for building
[WORLD_CELLS] Placing marker 0: type=1 pos=(531,64,247)
[WORLD_CELLS] place_marker: block at (19,64,55) is 25, not AIR
[WORLD_CELLS] Placing marker 1: type=7 pos=(531,65,243)
[WORLD_CELLS] place_marker: block at (19,65,51) is 14, not AIR
[WORLD_CELLS] Placing marker 2: type=2 pos=(531,65,244)
[WORLD_CELLS] place_marker: block at (19,65,52) is 13, not AIR
[WORLD_CELLS] Building 15 overlaps chunk (8,3) at (544,240)
[WORLD_CELLS] Generating construction cells for building
[WORLD_CELLS] Computed 3 markers for building
[WORLD_CELLS] Placing marker 0: type=1 pos=(548,64,248)
[WORLD_CELLS] place_marker: block at (36,64,56) is 25, not AIR
[WORLD_CELLS] Placing marker 1: type=2 pos=(548,64,250)
[WORLD_CELLS] place_marker: block at (36,64,58) is 25, not AIR
[WORLD_CELLS] Placing marker 2: type=3 pos=(548,64,244)
[WORLD_CELLS] place_marker: block at (36,64,52) is 25, not AIR
[WORLD_CELLS] Building 20 overlaps chunk (8,3) at (560,240)
[WORLD_CELLS] Generating construction cells for building
[WORLD_CELLS] Computed 2 markers for building
[WORLD_CELLS] Placing marker 0: type=1 pos=(563,75,246)
[WORLD_CELLS] place_marker: block at (51,75,54) is 25, not AIR
[WORLD_CELLS] Placing marker 1: type=4 pos=(563,76,243)
[WORLD_CELLS] place_marker: block at (51,76,51) is 13, not AIR
[WORLD_CELLS] Entry: chunk=(7,4) enabled=1 registry=00000227AD44C7A0
[WORLD_CELLS] Proceeding with construction cell generation
[WORLD_CELLS] Found settlement_data with 1 settlements
[WORLD_CELLS] Layout has 29 buildings
[WORLD_CELLS] Building 1 overlaps chunk (7,4) at (496,256)
[WORLD_CELLS] Generating construction cells for building
[WORLD_CELLS] Computed 3 markers for building
[WORLD_CELLS] Placing marker 0: type=1 pos=(499,64,263)
[WORLD_CELLS] place_marker: block at (51,64,7) is 25, not AIR
[WORLD_CELLS] Placing marker 1: type=7 pos=(499,65,259)
[WORLD_CELLS] place_marker: block at (51,65,3) is 14, not AIR
[WORLD_CELLS] Placing marker 2: type=2 pos=(499,65,260)
[WORLD_CELLS] place_marker: block at (51,65,4) is 13, not AIR
[WORLD_CELLS] Building 2 overlaps chunk (7,4) at (496,272)
[WORLD_CELLS] Generating construction cells for building
[WORLD_CELLS] Computed 3 markers for building
[WORLD_CELLS] Placing marker 0: type=1 pos=(500,70,280)
[WORLD_CELLS] place_marker: block at (52,70,24) is 25, not AIR
[WORLD_CELLS] Placing marker 1: type=2 pos=(500,70,282)
[WORLD_CELLS] place_marker: block at (52,70,26) is 25, not AIR
[WORLD_CELLS] Placing marker 2: type=3 pos=(500,70,276)
[WORLD_CELLS] place_marker: block at (52,70,20) is 25, not AIR
[WORLD_CELLS] Building 3 overlaps chunk (7,4) at (496,288)
[WORLD_CELLS] Generating construction cells for building
[WORLD_CELLS] Computed 2 markers for building
[WORLD_CELLS] Placing marker 0: type=1 pos=(500,70,296)
[WORLD_CELLS] place_marker: block at (52,70,40) is 25, not AIR
[WORLD_CELLS] Placing marker 1: type=3 pos=(500,71,292)
[WORLD_CELLS] place_marker: block at (52,71,36) is 12, not AIR
[WORLD_CELLS] Building 4 overlaps chunk (7,4) at (496,304)
[WORLD_CELLS] Generating construction cells for building
[WORLD_CELLS] Computed 2 markers for building
[WORLD_CELLS] Placing marker 0: type=1 pos=(499,75,310)
[WORLD_CELLS] place_marker: block at (51,75,54) is 25, not AIR
[WORLD_CELLS] Placing marker 1: type=4 pos=(499,76,307)
[WORLD_CELLS] place_marker: SUCCESS placing cell at (51,76,51) material=13 size=(12,4,8)
[WORLD_CELLS] Building 26 overlaps chunk (7,4) at (482,260)
[WORLD_CELLS] Generating construction cells for building
[WORLD_CELLS] Computed 2 markers for building
[WORLD_CELLS] Placing marker 0: type=1 pos=(486,70,268)
[WORLD_CELLS] place_marker: block at (38,70,12) is 25, not AIR
[WORLD_CELLS] Placing marker 1: type=3 pos=(486,71,264)
[WORLD_CELLS] place_marker: block at (38,71,8) is 12, not AIR
[WORLD_CELLS] Building 28 overlaps chunk (7,4) at (496,304)
[WORLD_CELLS] Generating construction cells for building
[WORLD_CELLS] Computed 2 markers for building
[WORLD_CELLS] Placing marker 0: type=1 pos=(498,70,309)
[WORLD_CELLS] place_marker: block at (50,70,53) is 25, not AIR
[WORLD_CELLS] Placing marker 1: type=5 pos=(498,71,306)
[WORLD_CELLS] place_marker: block at (50,71,50) is 13, not AIR
[WALL] HEALTH W=16/0/0 N=16/5/0 E=16/0/0 S=16/0/0 (desired/resident/ready)
[READINESS] desired=9 resident=9 gpu_ready=1 | skips: not_primary=144 outside_radius=247 no_chunk=0 no_blocks=0 | pending: jobs=347 results=0
[WORKER] Mesh complete cx=6 cz=5 built=0000022789BA6230
[WORKER] Queuing result cx=6 cz=5 gen=2 built=0000022789BA6230 results=0/768
[WORKER] Processing job cx=1 cz=6 gen=2 type=GENERATE
[PROCESS] Popped result cx=6 cz=5 gen=2 type=GENERATE built=0000022789BA6230
[ADOPT] Adopting chunk (6,5) gen=2 role=1
[ADOPT] SUCCESS chunk (6,5) now resident. loaded_from_persist=0
[PROCESS] Adoption result: adopted=1 for cx=6 cz=5
[READINESS] desired=9 resident=9 gpu_ready=1 | skips: not_primary=144 outside_radius=247 no_chunk=0 no_blocks=0 | pending: jobs=346 results=0
[WORKER] Mesh complete cx=7 cz=3 built=0000022789BA6D40
[WORKER] Queuing result cx=7 cz=3 gen=2 built=0000022789BA6D40 results=0/768
[WORKER] Processing job cx=9 cz=1 gen=2 type=GENERATE
[PROCESS] Popped result cx=7 cz=3 gen=2 type=GENERATE built=0000022789BA6D40
[ADOPT] Adopting chunk (7,3) gen=2 role=1
[ADOPT] SUCCESS chunk (7,3) now resident. loaded_from_persist=0
[PROCESS] Adoption result: adopted=1 for cx=7 cz=3
[WORLD_CELLS] Entry: chunk=(5,6) enabled=1 registry=00000227AD44C7A0
[WORLD_CELLS] Proceeding with construction cell generation
[STREAMER] Chunk (8,3): blocks=0000022811F92070, impl=00000227BCBB2BA0, construction_cells_enabled=1, registry=00000227AD44C7A0
[WORLD_CELLS] Entry: chunk=(8,3) enabled=1 registry=00000227AD44C7A0
[WORLD_CELLS] Proceeding with construction cell generation
[WORLD_CELLS] Found settlement_data with 1 settlements
[WORLD_CELLS] Layout has 29 buildings
[STREAMER] Chunk (5,6): blocks=000002281B364070, impl=00000227BCBB07A0, construction_cells_enabled=1, registry=00000227AD44C7A0
[WORLD_CELLS] Entry: chunk=(5,6) enabled=1 registry=00000227AD44C7A0
[WORLD_CELLS] Proceeding with construction cell generation
[WORLD_CELLS] Found settlement_data with 1 settlements
[WORLD_CELLS] Layout has 29 buildings
[WORLD_CELLS] Building 5 overlaps chunk (8,3) at (512,240)
[WORLD_CELLS] Generating construction cells for building
[WORLD_CELLS] Computed 2 markers for building
[WORLD_CELLS] Placing marker 0: type=1 pos=(516,70,248)
[WORLD_CELLS] place_marker: block at (4,70,56) is 25, not AIR
[WORLD_CELLS] Placing marker 1: type=3 pos=(516,71,244)
[WORLD_CELLS] place_marker: block at (4,71,52) is 12, not AIR
[WORLD_CELLS] Building 10 overlaps chunk (8,3) at (528,240)
[WORLD_CELLS] Generating construction cells for building
[WORLD_CELLS] Computed 3 markers for building
[WORLD_CELLS] Placing marker 0: type=1 pos=(531,64,247)
[WORLD_CELLS] place_marker: block at (19,64,55) is 25, not AIR
[WORLD_CELLS] Placing marker 1: type=7 pos=(531,65,243)
[WORLD_CELLS] place_marker: block at (19,65,51) is 14, not AIR
[WORLD_CELLS] Placing marker 2: type=2 pos=(531,65,244)
[WORLD_CELLS] place_marker: block at (19,65,52) is 13, not AIR
[WORLD_CELLS] Building 15 overlaps chunk (8,3) at (544,240)
[WORLD_CELLS] Generating construction cells for building
[WORLD_CELLS] Computed 3 markers for building
[WORLD_CELLS] Placing marker 0: type=1 pos=(548,64,248)
[WORLD_CELLS] place_marker: block at (36,64,56) is 25, not AIR
[WORLD_CELLS] Placing marker 1: type=2 pos=(548,64,250)
[WORLD_CELLS] place_marker: block at (36,64,58) is 25, not AIR
[WORLD_CELLS] Placing marker 2: type=3 pos=(548,64,244)
[WORLD_CELLS] place_marker: block at (36,64,52) is 25, not AIR
[WORLD_CELLS] Building 20 overlaps chunk (8,3) at (560,240)
[WORLD_CELLS] Generating construction cells for building
[WORLD_CELLS] Computed 2 markers for building
[WORLD_CELLS] Placing marker 0: type=1 pos=(563,75,246)
[WORLD_CELLS] place_marker: block at (51,75,54) is 25, not AIR
[WORLD_CELLS] Placing marker 1: type=4 pos=(563,76,243)
[WORLD_CELLS] place_marker: block at (51,76,51) is 13, not AIR
[WORKER] Meshing cx=8 cz=3 (persisted=0)
[WORLD_CELLS] Found settlement_data with 1 settlements
[WORLD_CELLS] Layout has 29 buildings
[WORKER] Meshing cx=5 cz=6 (persisted=0)
[STREAMER] Chunk (7,4): blocks=000002280EF2E070, impl=00000227BCBB37A0, construction_cells_enabled=1, registry=00000227AD44C7A0
[WORLD_CELLS] Entry: chunk=(7,4) enabled=1 registry=00000227AD44C7A0
[WORLD_CELLS] Proceeding with construction cell generation
The thread 'Internal D3D12 Sync Thread' (46872) has exited with code 0 (0x0).
The thread 'Internal D3D12 Sync Thread' (41328) has exited with code 0 (0x0).
The thread 'D3D Background Thread 0' (30556) has exited with code 0 (0x0).
The thread 13508 has exited with code 0 (0x0).
The thread 'D3D Background Thread 2' (10676) has exited with code 0 (0x0).
The thread 40784 has exited with code 0 (0x0).
The thread 'D3D Background Thread 1' (17428) has exited with code 0 (0x0).
The thread 31888 has exited with code 0 (0x0).
The thread 38020 has exited with code 0 (0x0).
The thread 'Internal D3D12 Sync Thread' (40416) has exited with code 0 (0x0).
The thread 'D3D Background Thread 3' (36280) has exited with code 0 (0x0).
The thread 40676 has exited with code 0 (0x0).
The thread 27264 has exited with code 0 (0x0).
The thread 20284 has exited with code 0 (0x0).
The thread 22484 has exited with code 0 (0x0).
The thread 26768 has exited with code 0 (0x0).
The thread 16312 has exited with code 0 (0x0).
The thread 25996 has exited with code 0 (0x0).
The thread 29984 has exited with code 0 (0x0).
The thread 29020 has exited with code 0 (0x0).
The thread 29276 has exited with code 0 (0x0).
The thread 21524 has exited with code 0 (0x0).
The thread 35848 has exited with code 0 (0x0).
The thread 7024 has exited with code 0 (0x0).
The thread 37384 has exited with code 0 (0x0).
The thread 44972 has exited with code 0 (0x0).
The thread 10872 has exited with code 0 (0x0).
The thread 13988 has exited with code 0 (0x0).
The thread 37788 has exited with code 0 (0x0).
The thread 43744 has exited with code 0 (0x0).
The thread 9432 has exited with code 0 (0x0).
The thread 12684 has exited with code 0 (0x0).
The thread 37420 has exited with code 0 (0x0).
The thread 28760 has exited with code 0 (0x0).
The thread 42488 has exited with code 0 (0x0).
The thread 46380 has exited with code 0 (0x0).
The thread 40140 has exited with code 0 (0x0).
The thread 13916 has exited with code 0 (0x0).
The thread 6816 has exited with code 0 (0x0).
The thread 23568 has exited with code 0 (0x0).
The thread 30800 has exited with code 0 (0x0).
The thread 10612 has exited with code 0 (0x0).
The thread 42356 has exited with code 0 (0x0).
The thread 32884 has exited with code 0 (0x0).
The thread 42676 has exited with code 0 (0x0).
The thread 10992 has exited with code 0 (0x0).
The program '[45556] NqlSDK.exe' has exited with code 0 (0x0).
