'NqlSDK.exe' (Win32): Loaded 'C:\GitHub\CPSS\PrimeNumberTools\Viewers\C\Windows\Windows\NQL\SDK\x64\Debug\NqlSDK.exe'. Symbols loaded.
'NqlSDK.exe' (Win32): Loaded 'C:\Windows\System32\ntdll.dll'. Symbol loading disabled by Include/Exclude setting.
'NqlSDK.exe' (Win32): Loaded 'C:\Windows\System32\kernel32.dll'. Symbol loading disabled by Include/Exclude setting.
'NqlSDK.exe' (Win32): Loaded 'C:\Windows\System32\KernelBase.dll'. Symbol loading disabled by Include/Exclude setting.
'NqlSDK.exe' (Win32): Loaded 'C:\Windows\System32\user32.dll'. Symbol loading disabled by Include/Exclude setting.
'NqlSDK.exe' (Win32): Loaded 'C:\Windows\System32\win32u.dll'. Symbol loading disabled by Include/Exclude setting.
'NqlSDK.exe' (Win32): Loaded 'C:\Windows\System32\D3D12.dll'. Symbol loading disabled by Include/Exclude setting.
'NqlSDK.exe' (Win32): Loaded 'C:\Windows\System32\dxgi.dll'. Symbol loading disabled by Include/Exclude setting.
'NqlSDK.exe' (Win32): Loaded 'C:\Windows\System32\gdi32.dll'. Symbol loading disabled by Include/Exclude setting.
'NqlSDK.exe' (Win32): Loaded 'C:\Windows\System32\msvcp_win.dll'. Symbol loading disabled by Include/Exclude setting.
'NqlSDK.exe' (Win32): Loaded 'C:\Windows\System32\D3DCompiler_47.dll'. Symbol loading disabled by Include/Exclude setting.
'NqlSDK.exe' (Win32): Loaded 'C:\Windows\System32\gdi32full.dll'. Symbol loading disabled by Include/Exclude setting.
'NqlSDK.exe' (Win32): Loaded 'C:\Windows\System32\msvcp_win.dll'. Symbol loading disabled by Include/Exclude setting.
'NqlSDK.exe' (Win32): Unloaded 'C:\Windows\System32\msvcp_win.dll'
'NqlSDK.exe' (Win32): Loaded 'C:\Windows\System32\ucrtbase.dll'. Symbol loading disabled by Include/Exclude setting.
'NqlSDK.exe' (Win32): Loaded 'C:\Windows\System32\ucrtbase.dll'. Symbol loading disabled by Include/Exclude setting.
'NqlSDK.exe' (Win32): Unloaded 'C:\Windows\System32\ucrtbase.dll'
'NqlSDK.exe' (Win32): Loaded 'C:\Windows\System32\ucrtbase.dll'. Symbol loading disabled by Include/Exclude setting.
'NqlSDK.exe' (Win32): Loaded 'C:\Windows\System32\ucrtbase.dll'. Symbol loading disabled by Include/Exclude setting.
'NqlSDK.exe' (Win32): Unloaded 'C:\Windows\System32\ucrtbase.dll'
'NqlSDK.exe' (Win32): Unloaded 'C:\Windows\System32\ucrtbase.dll'
'NqlSDK.exe' (Win32): Loaded 'C:\Windows\System32\rpcrt4.dll'. Symbol loading disabled by Include/Exclude setting.
'NqlSDK.exe' (Win32): Loaded 'C:\Windows\System32\ole32.dll'. Symbol loading disabled by Include/Exclude setting.
'NqlSDK.exe' (Win32): Loaded 'C:\Windows\System32\combase.dll'. Symbol loading disabled by Include/Exclude setting.
'NqlSDK.exe' (Win32): Loaded 'C:\Windows\System32\powrprof.dll'. Symbol loading disabled by Include/Exclude setting.
'NqlSDK.exe' (Win32): Loaded 'C:\Windows\System32\cryptsp.dll'. Symbol loading disabled by Include/Exclude setting.
'NqlSDK.exe' (Win32): Loaded 'C:\Windows\System32\vcruntime140d.dll'. Symbol loading disabled by Include/Exclude setting.
'NqlSDK.exe' (Win32): Loaded 'C:\Windows\System32\vcruntime140_1d.dll'. Symbol loading disabled by Include/Exclude setting.
'NqlSDK.exe' (Win32): Loaded 'C:\Windows\System32\ucrtbased.dll'. Symbol loading disabled by Include/Exclude setting.
'NqlSDK.exe' (Win32): Loaded 'C:\Windows\System32\msvcp140d.dll'. Symbol loading disabled by Include/Exclude setting.
'NqlSDK.exe' (Win32): Loaded 'C:\Windows\System32\umpdc.dll'. Symbol loading disabled by Include/Exclude setting.
'NqlSDK.exe' (Win32): Loaded 'C:\Windows\System32\imm32.dll'. Symbol loading disabled by Include/Exclude setting.
[SHARED_CACHE] Initialized global worldgen cache
'NqlSDK.exe' (Win32): Loaded 'C:\Windows\System32\uxtheme.dll'. Symbol loading disabled by Include/Exclude setting.
'NqlSDK.exe' (Win32): Loaded 'C:\Windows\System32\msctf.dll'. Symbol loading disabled by Include/Exclude setting.
'NqlSDK.exe' (Win32): Loaded 'C:\Windows\System32\msvcrt.dll'. Symbol loading disabled by Include/Exclude setting.
'NqlSDK.exe' (Win32): Loaded 'C:\Windows\System32\kernel.appcore.dll'. Symbol loading disabled by Include/Exclude setting.
'NqlSDK.exe' (Win32): Loaded 'C:\Windows\System32\bcryptprimitives.dll'. Symbol loading disabled by Include/Exclude setting.
'NqlSDK.exe' (Win32): Loaded 'C:\Windows\System32\oleaut32.dll'. Symbol loading disabled by Include/Exclude setting.
'NqlSDK.exe' (Win32): Loaded 'C:\Windows\System32\sechost.dll'. Symbol loading disabled by Include/Exclude setting.
'NqlSDK.exe' (Win32): Loaded 'C:\Windows\System32\TextInputFramework.dll'. Symbol loading disabled by Include/Exclude setting.
'NqlSDK.exe' (Win32): Loaded 'C:\Windows\System32\CoreMessaging.dll'. Symbol loading disabled by Include/Exclude setting.
'NqlSDK.exe' (Win32): Loaded 'C:\Windows\System32\CoreUIComponents.dll'. Symbol loading disabled by Include/Exclude setting.
'NqlSDK.exe' (Win32): Loaded 'C:\Windows\System32\WinTypes.dll'. Symbol loading disabled by Include/Exclude setting.
'NqlSDK.exe' (Win32): Loaded 'C:\Windows\System32\advapi32.dll'. Symbol loading disabled by Include/Exclude setting.
'NqlSDK.exe' (Win32): Loaded 'C:\Windows\System32\cryptbase.dll'. Symbol loading disabled by Include/Exclude setting.
'NqlSDK.exe' (Win32): Loaded 'C:\Windows\System32\oleacc.dll'. Symbol loading disabled by Include/Exclude setting.
The thread 'ShellHandwriting Delegate Thread' (28380) has exited with code 0 (0x0).
'NqlSDK.exe' (Win32): Loaded 'C:\Windows\System32\D3D12Core.dll'. Symbol loading disabled by Include/Exclude setting.
'NqlSDK.exe' (Win32): Loaded 'C:\Windows\System32\DXGIDebug.dll'. Symbol loading disabled by Include/Exclude setting.
'NqlSDK.exe' (Win32): Loaded 'C:\Windows\System32\d3d12SDKLayers.dll'. Symbol loading disabled by Include/Exclude setting.
'NqlSDK.exe' (Win32): Unloaded 'C:\Windows\System32\DXGIDebug.dll'
'NqlSDK.exe' (Win32): Unloaded 'C:\Windows\System32\d3d12SDKLayers.dll'
'NqlSDK.exe' (Win32): Loaded 'C:\Windows\System32\DXGIDebug.dll'. Symbol loading disabled by Include/Exclude setting.
'NqlSDK.exe' (Win32): Loaded 'C:\Windows\System32\DXCore.dll'. Symbol loading disabled by Include/Exclude setting.
'NqlSDK.exe' (Win32): Loaded 'C:\Windows\System32\ResourcePolicyClient.dll'. Symbol loading disabled by Include/Exclude setting.
'NqlSDK.exe' (Win32): Unloaded 'C:\Windows\System32\ResourcePolicyClient.dll'
'NqlSDK.exe' (Win32): Loaded 'C:\Windows\System32\directxdatabasehelper.dll'. Symbol loading disabled by Include/Exclude setting.
'NqlSDK.exe' (Win32): Loaded 'C:\Windows\System32\cfgmgr32.dll'. Symbol loading disabled by Include/Exclude setting.
'NqlSDK.exe' (Win32): Loaded 'C:\Windows\System32\DriverStore\FileRepository\nvamsi.inf_amd64_82cd5f0af3386fea\nvdlistx.dll'. Symbol loading disabled by Include/Exclude setting.
'NqlSDK.exe' (Win32): Loaded 'C:\Windows\System32\version.dll'. Symbol loading disabled by Include/Exclude setting.
'NqlSDK.exe' (Win32): Unloaded 'C:\Windows\System32\version.dll'
'NqlSDK.exe' (Win32): Unloaded 'C:\Windows\System32\DriverStore\FileRepository\nvamsi.inf_amd64_82cd5f0af3386fea\nvdlistx.dll'
'NqlSDK.exe' (Win32): Loaded 'C:\Windows\System32\DriverStore\FileRepository\nvamsi.inf_amd64_82cd5f0af3386fea\nvdlistx.dll'. Symbol loading disabled by Include/Exclude setting.
'NqlSDK.exe' (Win32): Loaded 'C:\Windows\System32\version.dll'. Symbol loading disabled by Include/Exclude setting.
'NqlSDK.exe' (Win32): Loaded 'C:\Windows\System32\DriverStore\FileRepository\u0414671.inf_amd64_d35a7e787428e027\B414600\amdxc64.dll'. Symbol loading disabled by Include/Exclude setting.
'NqlSDK.exe' (Win32): Loaded 'C:\Windows\System32\winmm.dll'. Symbol loading disabled by Include/Exclude setting.
'NqlSDK.exe' (Win32): Loaded 'C:\Windows\System32\shell32.dll'. Symbol loading disabled by Include/Exclude setting.
'NqlSDK.exe' (Win32): Loaded 'C:\Windows\System32\windows.storage.dll'. Symbol loading disabled by Include/Exclude setting.
'NqlSDK.exe' (Win32): Loaded 'C:\Windows\System32\SHCore.dll'. Symbol loading disabled by Include/Exclude setting.
'NqlSDK.exe' (Win32): Loaded 'C:\Windows\System32\shlwapi.dll'. Symbol loading disabled by Include/Exclude setting.
'NqlSDK.exe' (Win32): Unloaded 'C:\Windows\System32\DriverStore\FileRepository\nvamsi.inf_amd64_82cd5f0af3386fea\nvdlistx.dll'
The thread 36792 has exited with code 0 (0x0).
'NqlSDK.exe' (Win32): Loaded 'C:\Windows\System32\bcrypt.dll'. Symbol loading disabled by Include/Exclude setting.
'NqlSDK.exe' (Win32): Loaded 'C:\Windows\System32\DriverStore\FileRepository\u0414671.inf_amd64_d35a7e787428e027\B414600\amdihk64.dll'. Module was built without symbols.
'NqlSDK.exe' (Win32): Loaded 'C:\Windows\System32\d3d12SDKLayers.dll'. Symbol loading disabled by Include/Exclude setting.
'NqlSDK.exe' (Win32): Unloaded 'C:\Windows\System32\d3d12SDKLayers.dll'
'NqlSDK.exe' (Win32): Unloaded 'C:\Windows\System32\DriverStore\FileRepository\u0414671.inf_amd64_d35a7e787428e027\B414600\amdihk64.dll'
'NqlSDK.exe' (Win32): Unloaded 'C:\Windows\System32\winmm.dll'
'NqlSDK.exe' (Win32): Unloaded 'C:\Windows\System32\version.dll'
'NqlSDK.exe' (Win32): Unloaded 'C:\Windows\System32\DriverStore\FileRepository\u0414671.inf_amd64_d35a7e787428e027\B414600\amdxc64.dll'
'NqlSDK.exe' (Win32): Loaded 'C:\Windows\System32\DriverStore\FileRepository\u0414671.inf_amd64_d35a7e787428e027\B414600\amdxc64.dll'. Symbol loading disabled by Include/Exclude setting.
'NqlSDK.exe' (Win32): Loaded 'C:\Windows\System32\version.dll'. Symbol loading disabled by Include/Exclude setting.
'NqlSDK.exe' (Win32): Loaded 'C:\Windows\System32\winmm.dll'. Symbol loading disabled by Include/Exclude setting.
'NqlSDK.exe' (Win32): Loaded 'C:\Windows\System32\DriverStore\FileRepository\u0414671.inf_amd64_d35a7e787428e027\B414600\amdihk64.dll'. Module was built without symbols.
'NqlSDK.exe' (Win32): Loaded 'C:\Windows\System32\d3d12SDKLayers.dll'. Symbol loading disabled by Include/Exclude setting.
'NqlSDK.exe' (Win32): Loaded 'C:\Windows\System32\D3DSCache.dll'. Symbol loading disabled by Include/Exclude setting.
'NqlSDK.exe' (Win32): Loaded 'C:\Windows\System32\userenv.dll'. Symbol loading disabled by Include/Exclude setting.
'NqlSDK.exe' (Win32): Loaded 'C:\Windows\System32\dxilconv.dll'. Symbol loading disabled by Include/Exclude setting.
'NqlSDK.exe' (Win32): Unloaded 'C:\Windows\System32\dxilconv.dll'
'NqlSDK.exe' (Win32): Loaded 'C:\Windows\System32\dcomp.dll'. Symbol loading disabled by Include/Exclude setting.
'NqlSDK.exe' (Win32): Loaded 'C:\Windows\System32\Microsoft.Internal.WarpPal.dll'. Symbol loading disabled by Include/Exclude setting.
'NqlSDK.exe' (Win32): Loaded 'C:\Windows\System32\dwmapi.dll'. Symbol loading disabled by Include/Exclude setting.
'NqlSDK.exe' (Win32): Loaded 'C:\Windows\System32\rsaenh.dll'. Symbol loading disabled by Include/Exclude setting.
'NqlSDK.exe' (Win32): Loaded 'C:\Windows\System32\dxilconv.dll'. Symbol loading disabled by Include/Exclude setting.
'NqlSDK.exe' (Win32): Loaded 'C:\Windows\System32\clbcatq.dll'. Symbol loading disabled by Include/Exclude setting.
'NqlSDK.exe' (Win32): Loaded 'C:\Windows\System32\WindowsCodecs.dll'. Symbol loading disabled by Include/Exclude setting.
'NqlSDK.exe' (Win32): Loaded 'C:\Windows\System32\TextShaping.dll'. Symbol loading disabled by Include/Exclude setting.
[NQL SDK] Camera init: pos(0.00,200.00,0.00) tgt(0.00,180.00,64.00)
'NqlSDK.exe' (Win32): Loaded 'C:\Windows\System32\ApplicationTargetedFeatureDatabase.dll'. Symbol loading disabled by Include/Exclude setting.
'NqlSDK.exe' (Win32): Loaded 'C:\Windows\System32\twinapi.appcore.dll'. Symbol loading disabled by Include/Exclude setting.
The thread 'ShellHandwriting Delegate Thread' (30304) has exited with code 0 (0x0).
[GEN_STAGE] begin idx=0/16 name="Opening world save"
[GEN_STAGE] end idx=0 name="Opening world save" duration=16ms chunks=0 data_kb=0
[GEN_STAGE] begin idx=1/16 name="Initializing world generator"
[GEN_STAGE] end idx=1 name="Initializing world generator" duration=15ms chunks=0 data_kb=0
[GEN_STAGE] begin idx=2/16 name="Preparing world systems"
[GEN_STAGE] end idx=2 name="Preparing world systems" duration=47ms chunks=0 data_kb=0
[GEN_STAGE] begin idx=3/16 name="Loading station state"
[GEN_STAGE] end idx=3 name="Loading station state" duration=0ms chunks=0 data_kb=0
[GEN_STAGE] begin idx=4/16 name="Preparing chunk systems"
[STREAMER] Initializing with 16 worker threads
[GEN_STAGE] end idx=4 name="Preparing chunk systems" duration=16ms chunks=0 data_kb=0
[GEN_STAGE] begin idx=5/16 name="Initializing entities"
[GEN_STAGE] end idx=5 name="Initializing entities" duration=0ms chunks=0 data_kb=0
[GEN_STAGE] begin idx=6/16 name="Restoring world state"
[SPAWN] Random spawn at (144,-268) top=255 surface=253 water=0 province=10 moisture=3 relief=0 score=0
[GEN_STAGE] end idx=6 name="Restoring world state" duration=562ms chunks=0 data_kb=0
[GEN_STAGE] begin idx=7/16 name="Planning visible chunks"
[GEN_STAGE] end idx=7 name="Planning visible chunks" duration=0ms chunks=0 data_kb=0
[GEN_STAGE] begin idx=8/16 name="Loading nearby chunks"
[BOOTSTRAP] sync_target_total=9 safety_radius=1
[WORKER] Processing job cx=1 cz=-5 gen=2 type=GENERATE
[WORKER] Processing job cx=2 cz=-4 gen=2 type=GENERATE
[WORKER] Processing job cx=2 cz=-5 gen=2 type=GENERATE
[WORKER] Processing job cx=3 cz=-5 gen=2 type=GENERATE
[WORKER] Processing job cx=1 cz=-6 gen=2 type=GENERATE
[WORKER] Processing job cx=3 cz=-6 gen=2 type=GENERATE
[WORKER] Processing job cx=3 cz=-4 gen=2 type=GENERATE
[WORKER] Processing job cx=2 cz=-7 gen=2 type=GENERATE
[WORKER] Processing job cx=4 cz=-5 gen=2 type=GENERATE
[WORKER] Processing job cx=4 cz=-4 gen=2 type=GENERATE
[WORKER] Processing job cx=1 cz=-3 gen=2 type=GENERATE
[READINESS] desired=9 resident=0 gpu_ready=0 | skips: not_primary=144 outside_radius=247 no_chunk=9 no_blocks=0 | pending: jobs=9 results=0
[WORKER] Processing job cx=2 cz=-6 gen=2 type=GENERATE
[WORKER] Processing job cx=1 cz=-4 gen=2 type=GENERATE
[WORKER] Processing job cx=2 cz=-3 gen=2 type=GENERATE
[WORKER] Processing job cx=0 cz=-5 gen=2 type=GENERATE
[WORKER] Processing job cx=3 cz=-7 gen=2 type=GENERATE
[READINESS] desired=9 resident=0 gpu_ready=0 | skips: not_primary=144 outside_radius=247 no_chunk=9 no_blocks=0 | pending: jobs=9 results=0
[WORLD_CELLS] Entry: chunk=(0,-5) enabled=1 registry=00000178F0DAEB60
[WORLD_CELLS] Proceeding with construction cell generation
[TERRAIN_EDGE] chunk=(0,-5) enabled=1 registry=00000178F0DAEB60
[READINESS] desired=9 resident=0 gpu_ready=0 | skips: not_primary=144 outside_radius=247 no_chunk=9 no_blocks=0 | pending: jobs=9 results=0
[WORLD_CELLS] Entry: chunk=(2,-6) enabled=1 registry=00000178F0DAEB60
[WORLD_CELLS] Proceeding with construction cell generation
[TERRAIN_EDGE] chunk=(2,-6) enabled=1 registry=00000178F0DAEB60
[WORLD_CELLS] Entry: chunk=(1,-5) enabled=1 registry=00000178F0DAEB60
[WORLD_CELLS] Proceeding with construction cell generation
[TERRAIN_EDGE] chunk=(1,-5) enabled=1 registry=00000178F0DAEB60
[WORLD_CELLS] Entry: chunk=(2,-5) enabled=1 registry=00000178F0DAEB60
[WORLD_CELLS] Proceeding with construction cell generation
[TERRAIN_EDGE] chunk=(2,-5) enabled=1 registry=00000178F0DAEB60
[WORLD_CELLS] Entry: chunk=(3,-4) enabled=1 registry=00000178F0DAEB60
[WORLD_CELLS] Proceeding with construction cell generation
[TERRAIN_EDGE] chunk=(3,-4) enabled=1 registry=00000178F0DAEB60
[WORLD_CELLS] Entry: chunk=(3,-6) enabled=1 registry=00000178F0DAEB60
[WORLD_CELLS] Proceeding with construction cell generation
[TERRAIN_EDGE] chunk=(3,-6) enabled=1 registry=00000178F0DAEB60
[WORLD_CELLS] Entry: chunk=(2,-7) enabled=1 registry=00000178F0DAEB60
[WORLD_CELLS] Proceeding with construction cell generation
[TERRAIN_EDGE] chunk=(2,-7) enabled=1 registry=00000178F0DAEB60
[WORLD_CELLS] Entry: chunk=(3,-7) enabled=1 registry=00000178F0DAEB60
[WORLD_CELLS] Proceeding with construction cell generation
[TERRAIN_EDGE] chunk=(3,-7) enabled=1 registry=00000178F0DAEB60
[WORLD_CELLS] Entry: chunk=(4,-4) enabled=1 registry=00000178F0DAEB60
[WORLD_CELLS] Proceeding with construction cell generation
[TERRAIN_EDGE] chunk=(4,-4) enabled=1 registry=00000178F0DAEB60
[WORLD_CELLS] Entry: chunk=(4,-5) enabled=1 registry=00000178F0DAEB60
[WORLD_CELLS] Proceeding with construction cell generation
[TERRAIN_EDGE] chunk=(4,-5) enabled=1 registry=00000178F0DAEB60
[WORLD_CELLS] Entry: chunk=(3,-5) enabled=1 registry=00000178F0DAEB60
[WORLD_CELLS] Proceeding with construction cell generation
[TERRAIN_EDGE] chunk=(3,-5) enabled=1 registry=00000178F0DAEB60
[WORLD_CELLS] Entry: chunk=(1,-6) enabled=1 registry=00000178F0DAEB60
[WORLD_CELLS] Proceeding with construction cell generation
[TERRAIN_EDGE] chunk=(1,-6) enabled=1 registry=00000178F0DAEB60
[WORLD_CELLS] Entry: chunk=(2,-4) enabled=1 registry=00000178F0DAEB60
[WORLD_CELLS] Proceeding with construction cell generation
[TERRAIN_EDGE] chunk=(2,-4) enabled=1 registry=00000178F0DAEB60
[READINESS] desired=9 resident=0 gpu_ready=0 | skips: not_primary=144 outside_radius=247 no_chunk=9 no_blocks=0 | pending: jobs=9 results=0
[WORLD_CELLS] Entry: chunk=(1,-4) enabled=1 registry=00000178F0DAEB60
[WORLD_CELLS] Proceeding with construction cell generation
[TERRAIN_EDGE] chunk=(1,-4) enabled=1 registry=00000178F0DAEB60
[WORLD_CELLS] Entry: chunk=(2,-3) enabled=1 registry=00000178F0DAEB60
[WORLD_CELLS] Proceeding with construction cell generation
[TERRAIN_EDGE] chunk=(2,-3) enabled=1 registry=00000178F0DAEB60
[READINESS] desired=9 resident=0 gpu_ready=0 | skips: not_primary=144 outside_radius=247 no_chunk=9 no_blocks=0 | pending: jobs=9 results=0
[WORLD_CELLS] Entry: chunk=(1,-3) enabled=1 registry=00000178F0DAEB60
[WORLD_CELLS] Proceeding with construction cell generation
[TERRAIN_EDGE] chunk=(1,-3) enabled=1 registry=00000178F0DAEB60
[READINESS] desired=9 resident=0 gpu_ready=0 | skips: not_primary=144 outside_radius=247 no_chunk=9 no_blocks=0 | pending: jobs=9 results=0
[READINESS] desired=9 resident=0 gpu_ready=0 | skips: not_primary=144 outside_radius=247 no_chunk=9 no_blocks=0 | pending: jobs=9 results=0
[READINESS] desired=9 resident=0 gpu_ready=0 | skips: not_primary=144 outside_radius=247 no_chunk=9 no_blocks=0 | pending: jobs=9 results=0
[READINESS] desired=9 resident=0 gpu_ready=0 | skips: not_primary=144 outside_radius=247 no_chunk=9 no_blocks=0 | pending: jobs=9 results=0
[READINESS] desired=9 resident=0 gpu_ready=0 | skips: not_primary=144 outside_radius=247 no_chunk=9 no_blocks=0 | pending: jobs=9 results=0
[READINESS] desired=9 resident=0 gpu_ready=0 | skips: not_primary=144 outside_radius=247 no_chunk=9 no_blocks=0 | pending: jobs=9 results=0
[READINESS] desired=9 resident=0 gpu_ready=0 | skips: not_primary=144 outside_radius=247 no_chunk=9 no_blocks=0 | pending: jobs=9 results=0
[READINESS] desired=9 resident=0 gpu_ready=0 | skips: not_primary=144 outside_radius=247 no_chunk=9 no_blocks=0 | pending: jobs=9 results=0
[READINESS] desired=9 resident=0 gpu_ready=0 | skips: not_primary=144 outside_radius=247 no_chunk=9 no_blocks=0 | pending: jobs=9 results=0
[READINESS] desired=9 resident=0 gpu_ready=0 | skips: not_primary=144 outside_radius=247 no_chunk=9 no_blocks=0 | pending: jobs=9 results=0
[READINESS] desired=9 resident=0 gpu_ready=0 | skips: not_primary=144 outside_radius=247 no_chunk=9 no_blocks=0 | pending: jobs=9 results=0
[TERRAIN_EDGE] chunk=(0,-5) placed=226 skipped=0 (not_edge=3870 no_config=0 set_payload_failed=0 edge_blocks=226)
[WORLD_CELLS] Found settlement_data with 4 settlements
[WORLD_CELLS] Layout has 29 buildings
[WORLD_CELLS] Layout has 29 buildings
[WORLD_CELLS] Layout has 29 buildings
[WORLD_CELLS] Layout has 29 buildings
[STREAMER] Chunk (0,-5): blocks=0000017895B5A070, impl=0000017881CDBD10, construction_cells_enabled=1, registry=00000178F0DAEB60
[WORLD_CELLS] Entry: chunk=(0,-5) enabled=1 registry=00000178F0DAEB60
[WORLD_CELLS] Proceeding with construction cell generation
[TERRAIN_EDGE] chunk=(0,-5) enabled=1 registry=00000178F0DAEB60
[STREAM] waiting for worker shutdown elapsed=2000ms pending_jobs=0 pending_results=0
[STREAM] waiting for worker shutdown elapsed=2984ms pending_jobs=0 pending_results=0
[STREAM] waiting for worker shutdown elapsed=3984ms pending_jobs=0 pending_results=0
[STREAM] waiting for worker shutdown elapsed=5000ms pending_jobs=0 pending_results=0
[STREAM] waiting for worker shutdown elapsed=5984ms pending_jobs=0 pending_results=0
[STREAM] waiting for worker shutdown elapsed=7000ms pending_jobs=0 pending_results=0
[STREAM] waiting for worker shutdown elapsed=7984ms pending_jobs=0 pending_results=0
[STREAM] waiting for worker shutdown elapsed=8984ms pending_jobs=0 pending_results=0
[STREAM] waiting for worker shutdown elapsed=9984ms pending_jobs=0 pending_results=0
[STREAM] waiting for worker shutdown elapsed=10984ms pending_jobs=0 pending_results=0
[STREAM] waiting for worker shutdown elapsed=11984ms pending_jobs=0 pending_results=0
[STREAM] waiting for worker shutdown elapsed=12984ms pending_jobs=0 pending_results=0
[STREAM] waiting for worker shutdown elapsed=13984ms pending_jobs=0 pending_results=0
[STREAM] waiting for worker shutdown elapsed=14984ms pending_jobs=0 pending_results=0
[STREAM] waiting for worker shutdown elapsed=15984ms pending_jobs=0 pending_results=0
[STREAM] waiting for worker shutdown elapsed=17000ms pending_jobs=0 pending_results=0
[STREAM] waiting for worker shutdown elapsed=18000ms pending_jobs=0 pending_results=0
Exception thrown: read access violation.
registry->**hash_table** was 0x111011101110DF2.

The program '[29564] NqlSDK.exe' has exited with code 0 (0x0).
