=== NQL SDK Session Debug Log ===
started_local=2026-04-12 03:15:29.881
world_id=world_040
world_dir=WorldSaves\world_040
trace_jsonl=DebugRuns\live_world_creation_20260412_031529.jsonl
---
[TRACE] ms=0 event=trace_reset detail=world_create_menu_activate frontend=18 session=0 worldgen_active=0 stage=0
[TRACE] ms=0 event=world_create_enter_pressed detail=world create menu activate frontend=18 session=0 worldgen_active=0 stage=0
[TRACE] ms=0 event=bind_world frontend=18 session=0 worldgen_active=0 stage=0
[TRACE] ms=0 event=world_create_meta_written detail=WorldSaves\world_040\meta.txt frontend=18 session=0 worldgen_active=0 stage=0
[TRACE] ms=0 event=bind_world frontend=18 session=0 worldgen_active=0 stage=0
[TRACE] ms=0 event=world_create_menu_success detail=world_040 frontend=18 session=0 worldgen_active=0 stage=0
[TRACE] ms=0 event=bind_world frontend=18 session=0 worldgen_active=0 stage=0
[TRACE] ms=0 event=begin_async_world_session_load detail=world_040 frontend=18 session=0 worldgen_active=0 stage=0
[TRACE] ms=0 event=async_world_session_load_ready detail=Starting world session... frontend=20 session=0 worldgen_active=1 stage=2
[TRACE] ms=0 event=update_async_world_generation_stage detail=Starting world session... frontend=20 session=0 worldgen_active=1 stage=2
[TRACE] ms=0 event=start_world_session_begin detail=world_040 frontend=20 session=0 worldgen_active=1 stage=2
[TRACE] ms=0 event=bind_world frontend=20 session=0 worldgen_active=1 stage=2
[TRACE] ms=16 event=start_world_session_enter detail=world_040 frontend=20 session=0 worldgen_active=1 stage=2
[TRACE] ms=16 event=gen_stage_begin detail=Opening world save frontend=20 session=0 worldgen_active=1 stage=2
[TRACE] ms=16 event=world_generation_session_step detail=Opening world save... frontend=20 session=0 worldgen_active=1 stage=2
[TRACE] ms=16 event=gen_stage_end detail=Opening world save frontend=20 session=0 worldgen_active=1 stage=2
[TRACE] ms=16 event=gen_stage_begin detail=Initializing world generator frontend=20 session=0 worldgen_active=1 stage=2
[TRACE] ms=16 event=world_generation_session_step detail=Initializing world generator... frontend=20 session=0 worldgen_active=1 stage=2
[TRACE] ms=32 event=gen_stage_end detail=Initializing world generator frontend=20 session=0 worldgen_active=1 stage=2
[TRACE] ms=32 event=gen_stage_begin detail=Preparing world systems frontend=20 session=0 worldgen_active=1 stage=2
[TRACE] ms=32 event=world_generation_session_step detail=Preparing world systems... frontend=20 session=0 worldgen_active=1 stage=2
[TRACE] ms=79 event=gen_stage_end detail=Preparing world systems frontend=20 session=0 worldgen_active=1 stage=2
[TRACE] ms=79 event=gen_stage_begin detail=Loading station state frontend=20 session=0 worldgen_active=1 stage=2
[TRACE] ms=79 event=world_generation_session_step detail=Loading station state... frontend=20 session=0 worldgen_active=1 stage=2
[TRACE] ms=79 event=gen_stage_end detail=Loading station state frontend=20 session=0 worldgen_active=1 stage=2
[TRACE] ms=79 event=gen_stage_begin detail=Preparing chunk systems frontend=20 session=0 worldgen_active=1 stage=2
[TRACE] ms=79 event=world_generation_session_step detail=Preparing chunk systems... frontend=20 session=0 worldgen_active=1 stage=2
[STREAMER] Initializing with 16 worker threads
[TRACE] ms=110 event=gen_stage_end detail=Preparing chunk systems frontend=20 session=0 worldgen_active=1 stage=2
[TRACE] ms=110 event=gen_stage_begin detail=Initializing entities frontend=20 session=0 worldgen_active=1 stage=2
[TRACE] ms=110 event=world_generation_session_step detail=Initializing entities... frontend=20 session=0 worldgen_active=1 stage=2
[TRACE] ms=110 event=gen_stage_end detail=Initializing entities frontend=20 session=0 worldgen_active=1 stage=2
[TRACE] ms=110 event=gen_stage_begin detail=Restoring world state frontend=20 session=0 worldgen_active=1 stage=2
[TRACE] ms=110 event=world_generation_session_step detail=Restoring world state... frontend=20 session=0 worldgen_active=1 stage=2
[TRACE] ms=110 event=world_generation_session_step detail=Choosing random spawn... frontend=20 session=0 worldgen_active=1 stage=2
[TRACE] ms=688 event=gen_stage_end detail=Restoring world state frontend=20 session=0 worldgen_active=1 stage=2
[TRACE] ms=688 event=gen_stage_begin detail=Planning visible chunks frontend=20 session=0 worldgen_active=1 stage=2
[TRACE] ms=688 event=world_generation_session_step detail=Planning visible chunks... frontend=20 session=0 worldgen_active=1 stage=2
[TRACE] ms=704 event=gen_stage_end detail=Planning visible chunks frontend=20 session=0 worldgen_active=1 stage=2
[TRACE] ms=704 event=gen_stage_begin detail=Loading nearby chunks frontend=20 session=0 worldgen_active=1 stage=2
[TRACE] ms=704 event=world_generation_session_step detail=Loading nearby chunks... frontend=20 session=0 worldgen_active=1 stage=2
[BOOTSTRAP] sync_target_total=0 safety_radius=1
[WORKER] Processing job cx=1 cz=-5 gen=2 space=superchunk_terrain type=GENERATE
[WORKER] Processing job cx=1 cz=-3 gen=2 space=superchunk_terrain type=GENERATE
[WORKER] Processing job cx=1 cz=-4 gen=2 space=superchunk_terrain type=GENERATE
[TRACE] ms=704 event=world_generation_session_step detail=Nearby terrain ready. Background streaming continues... frontend=20 session=0 worldgen_active=1 stage=2
[WORKER] Processing job cx=1 cz=-2 gen=2 space=superchunk_terrain type=GENERATE
[TRACE] ms=704 event=world_generation_session_step detail=Finalizing world session... frontend=20 session=0 worldgen_active=1 stage=2
[TRACE] ms=719 event=gen_stage_end detail=Loading nearby chunks frontend=20 session=0 worldgen_active=1 stage=2
[TRACE] ms=719 event=world_generation_session_step detail=World session ready frontend=20 session=0 worldgen_active=1 stage=2
[TRACE] ms=735 event=start_world_session_ready detail=world_040 frontend=20 session=1 worldgen_active=1 stage=2
[TRACE] ms=735 event=start_world_session_success detail=world_040 frontend=20 session=1 worldgen_active=1 stage=2
[STREAM] job queue capped at (-2,-3) desired=440 jobs=8 results=0 max=8
[WORKER] Processing job cx=-1 cz=-4 gen=2 space=superchunk_terrain type=GENERATE
[WORKER] Processing job cx=-1 cz=-5 gen=2 space=superchunk_terrain type=GENERATE
[WORKER] Processing job cx=-1 cz=-6 gen=2 space=superchunk_terrain type=GENERATE
[WORKER] Processing job cx=-1 cz=-7 gen=2 space=superchunk_terrain type=GENERATE
[WORKER] Processing job cx=-1 cz=-3 gen=2 space=superchunk_terrain type=GENERATE
[WORKER] Processing job cx=-1 cz=-2 gen=2 space=superchunk_terrain type=GENERATE
[WORKER] Processing job cx=-1 cz=-1 gen=2 space=superchunk_terrain type=GENERATE
[WORKER] Processing job cx=-2 cz=-4 gen=2 space=superchunk_terrain type=GENERATE
[RUNTIME] visible desired=440 resident=0 ready=0 startup=0/0/0
[BACKLOG] workers=4 jobs=0 results=0
[RESIDENCY] STALL mode=superchunk desired=440(P256/F180/T4) resident=0(P0/F0/T0/E0) jobs=0 results=0 primary=(0,-1) desired_sc=(0,-1) transition=0
[RESIDENCY] missing desired chunks primary=256 ring=180 transition=4 desired=440 active=0
[TRACE] ms=766 event=runtime_grace_mode detail=Background streaming 440/0/0  W12 J0 R0 frontend=20 session=1 worldgen_active=0 stage=0 desired=440 resident=0 gpu_ready=0 jobs=0 results=0 uploads=0
[WORKER] Processing job cx=-2 cz=-5 gen=2 space=superchunk_terrain type=GENERATE
[WORKER] Processing job cx=-2 cz=-2 gen=2 space=superchunk_terrain type=GENERATE
[WORKER] Meshing cx=-1 cz=-2 (persisted=0)
[WORKER] Meshing cx=-2 cz=-2 (persisted=0)
[WORKER] Meshing cx=-1 cz=-1 (persisted=0)
[WORKER] Meshing cx=-1 cz=-5 (persisted=0)
[WORKER] Meshing cx=-1 cz=-3 (persisted=0)
[TRACE] ms=1266 event=runtime_grace_mode detail=Background streaming 440/0/0  W16 J32 R0 frontend=20 session=1 worldgen_active=0 stage=0 desired=440 resident=0 gpu_ready=0 jobs=32 results=0 uploads=0
[WORKER] Meshing cx=-2 cz=-4 (persisted=0)
[WORKER] Mesh complete cx=-1 cz=-2 built=000002552CB267E0
[WORKER] Queuing result cx=-1 cz=-2 gen=2 space=superchunk_terrain built=000002552CB267E0 results=0/768
[WORKER] Processing job cx=-1 cz=-8 gen=2 space=superchunk_terrain type=GENERATE
[ADOPT] Adopting chunk (-1,-2) gen=2 role=1
[ADOPT] SUCCESS chunk (-1,-2) now resident. loaded_from_persist=0
[WORKER] Mesh complete cx=-1 cz=-5 built=000002552CB251C0
[WORKER] Queuing result cx=-1 cz=-5 gen=2 space=superchunk_terrain built=000002552CB251C0 results=0/768
[WORKER] Processing job cx=-2 cz=-1 gen=2 space=superchunk_terrain type=GENERATE
[WORKER] Mesh complete cx=-1 cz=-1 built=000002552CB27E00
[WORKER] Queuing result cx=-1 cz=-1 gen=2 space=superchunk_terrain built=000002552CB27E00 results=1/768
[WORKER] Processing job cx=-2 cz=-7 gen=2 space=superchunk_terrain type=GENERATE
[WORKER] Mesh complete cx=-2 cz=-2 built=000002552CB272F0
[WORKER] Queuing result cx=-2 cz=-2 gen=2 space=superchunk_terrain built=000002552CB272F0 results=2/768
[WORKER] Processing job cx=-3 cz=-4 gen=2 space=superchunk_terrain type=GENERATE
[WORKER] Mesh complete cx=-1 cz=-3 built=000002552CB29420
[WORKER] Queuing result cx=-1 cz=-3 gen=2 space=superchunk_terrain built=000002552CB29420 results=3/768
[WORKER] Processing job cx=-3 cz=-3 gen=2 space=superchunk_terrain type=GENERATE
[ADOPT] Adopting chunk (-1,-5) gen=2 role=1
[ADOPT] SUCCESS chunk (-1,-5) now resident. loaded_from_persist=0
[ADOPT] Adopting chunk (-1,-1) gen=2 role=1
[ADOPT] SUCCESS chunk (-1,-1) now resident. loaded_from_persist=0
[ADOPT] Adopting chunk (-2,-2) gen=2 role=1
[ADOPT] SUCCESS chunk (-2,-2) now resident. loaded_from_persist=0
[ADOPT] Adopting chunk (-1,-3) gen=2 role=1
[ADOPT] SUCCESS chunk (-1,-3) now resident. loaded_from_persist=0
[WORKER] Meshing cx=-1 cz=-6 (persisted=0)
[STREAM] job queue capped at (-1,-12) desired=440 jobs=32 results=0 max=32
[RUNTIME] visible desired=440 resident=5 ready=4 startup=0/0/0
[BACKLOG] workers=16 jobs=32 results=0
[TRACE] ms=1766 event=runtime_grace_mode detail=Background streaming 440/5/4  W16 J32 R0 frontend=20 session=1 worldgen_active=0 stage=0 desired=440 resident=5 gpu_ready=4 jobs=32 results=0 uploads=0
[WORKER] Mesh complete cx=-2 cz=-4 built=0000025543902E20
[WORKER] Queuing result cx=-2 cz=-4 gen=2 space=superchunk_terrain built=0000025543902E20 results=0/768
[WORKER] Processing job cx=-3 cz=-5 gen=2 space=superchunk_terrain type=GENERATE
[ADOPT] Adopting chunk (-2,-4) gen=2 role=1
[ADOPT] SUCCESS chunk (-2,-4) now resident. loaded_from_persist=0
[WORKER] Meshing cx=-2 cz=-3 (persisted=0)
[TRACE] ms=2266 event=runtime_grace_mode detail=Background streaming 440/6/5  W16 J32 R0 frontend=20 session=1 worldgen_active=0 stage=0 desired=440 resident=6 gpu_ready=5 jobs=32 results=0 uploads=0
[WORKER] Mesh complete cx=-1 cz=-6 built=0000025543903930
[WORKER] Queuing result cx=-1 cz=-6 gen=2 space=superchunk_terrain built=0000025543903930 results=0/768
[WORKER] Processing job cx=-3 cz=-6 gen=2 space=superchunk_terrain type=GENERATE
[ADOPT] Adopting chunk (-1,-6) gen=2 role=1
[ADOPT] SUCCESS chunk (-1,-6) now resident. loaded_from_persist=0
[WORKER] Meshing cx=-1 cz=-7 (persisted=0)
[PLAYER] Test flight enabled (double SPACE, testing only)
[STREAM] job queue capped at (-6,-5) desired=440 jobs=32 results=0 max=32
[RUNTIME] visible desired=440 resident=7 ready=5 startup=0/0/0
[BACKLOG] workers=16 jobs=32 results=0
[TRACE] ms=2766 event=runtime_grace_mode detail=Background streaming 440/7/5  W16 J32 R0 frontend=20 session=1 worldgen_active=0 stage=0 desired=440 resident=7 gpu_ready=5 jobs=32 results=0 uploads=0
[WORKER] Mesh complete cx=-2 cz=-3 built=0000025543901800
[WORKER] Queuing result cx=-2 cz=-3 gen=2 space=superchunk_terrain built=0000025543901800 results=0/768
[WORKER] Processing job cx=-3 cz=-2 gen=2 space=superchunk_terrain type=GENERATE
[ADOPT] Adopting chunk (-2,-3) gen=2 role=1
[ADOPT] SUCCESS chunk (-2,-3) now resident. loaded_from_persist=0
[WORKER] Meshing cx=-2 cz=-5 (persisted=0)
[TRACE] ms=3266 event=runtime_grace_mode detail=Background streaming 440/8/3  W16 J32 R0 frontend=20 session=1 worldgen_active=0 stage=0 desired=440 resident=8 gpu_ready=3 jobs=32 results=0 uploads=0
[WORKER] Meshing cx=-1 cz=-4 (persisted=0)
[WORKER] Meshing cx=1 cz=-4 (persisted=0)
[WORKER] Meshing cx=1 cz=-5 (persisted=0)
[WORKER] Meshing cx=1 cz=-2 (persisted=0)
[WORKER] Meshing cx=1 cz=-3 (persisted=0)
[WORKER] Meshing cx=-2 cz=-6 (persisted=0)
[WORKER] Mesh complete cx=-1 cz=-7 built=0000025543906570
[WORKER] Queuing result cx=-1 cz=-7 gen=2 space=superchunk_terrain built=0000025543906570 results=0/768
[WORKER] Processing job cx=-2 cz=-8 gen=2 space=superchunk_terrain type=GENERATE
[ADOPT] Adopting chunk (-1,-7) gen=2 role=1
[ADOPT] SUCCESS chunk (-1,-7) now resident. loaded_from_persist=0
[STREAM] job queue capped at (-4,-10) desired=440 jobs=32 results=0 max=32
[RUNTIME] visible desired=440 resident=9 ready=3 startup=0/0/0
[BACKLOG] workers=16 jobs=32 results=0
[TRACE] ms=3766 event=runtime_grace_mode detail=Background streaming 440/9/3  W16 J32 R0 frontend=20 session=1 worldgen_active=0 stage=0 desired=440 resident=9 gpu_ready=3 jobs=32 results=0 uploads=0
[WALL] HEALTH W=17/0/0 N=17/0/0 E=17/0/0 S=17/0/0 (desired/resident/ready)
[WORKER] Meshing cx=-2 cz=-1 (persisted=0)
[WORKER] Meshing cx=-1 cz=-8 (persisted=0)
[WORKER] Meshing cx=-2 cz=-7 (persisted=0)
[WORKER] Meshing cx=-3 cz=-3 (persisted=0)
[WORKER] Meshing cx=-3 cz=-4 (persisted=0)
[WORKER] Mesh complete cx=-2 cz=-5 built=000002553B74FBB0
[WORKER] Queuing result cx=-2 cz=-5 gen=2 space=superchunk_terrain built=000002553B74FBB0 results=0/768
[WORKER] Processing job cx=-1 cz=-9 gen=2 space=superchunk_terrain type=GENERATE
[ADOPT] Adopting chunk (-2,-5) gen=2 role=1
[ADOPT] SUCCESS chunk (-2,-5) now resident. loaded_from_persist=0
[WORKER] Meshing cx=-3 cz=-5 (persisted=0)
[WORKER] Mesh complete cx=-1 cz=-4 built=000002553B7511D0
[WORKER] Queuing result cx=-1 cz=-4 gen=2 space=superchunk_terrain built=000002553B7511D0 results=0/768
[WORKER] Processing job cx=-3 cz=-1 gen=2 space=superchunk_terrain type=GENERATE
[WORKER] Mesh complete cx=1 cz=-3 built=000002553B754920
[WORKER] Queuing result cx=1 cz=-3 gen=2 space=superchunk_terrain built=000002553B754920 results=1/768
[WORKER] Processing job cx=-3 cz=-7 gen=2 space=superchunk_terrain type=GENERATE
[ADOPT] Adopting chunk (-1,-4) gen=2 role=1
[ADOPT] SUCCESS chunk (-1,-4) now resident. loaded_from_persist=0
[ADOPT] Adopting chunk (1,-3) gen=2 role=2
[ADOPT] SUCCESS chunk (1,-3) now resident. loaded_from_persist=0
[WORKER] Mesh complete cx=1 cz=-4 built=000002553B7527F0
[WORKER] Queuing result cx=1 cz=-4 gen=2 space=superchunk_terrain built=000002553B7527F0 results=0/768
[WORKER] Processing job cx=-4 cz=-4 gen=2 space=superchunk_terrain type=GENERATE
[WORKER] Mesh complete cx=1 cz=-2 built=000002553B755F40
[WORKER] Queuing result cx=1 cz=-2 gen=2 space=superchunk_terrain built=000002553B755F40 results=1/768
[WORKER] Processing job cx=-4 cz=-3 gen=2 space=superchunk_terrain type=GENERATE
[WORKER] Mesh complete cx=1 cz=-5 built=000002553B755430
[WORKER] Queuing result cx=1 cz=-5 gen=2 space=superchunk_terrain built=000002553B755430 results=2/768
[WORKER] Processing job cx=-4 cz=-5 gen=2 space=superchunk_terrain type=GENERATE
[WORKER] Meshing cx=-3 cz=-6 (persisted=0)
[ADOPT] Adopting chunk (1,-4) gen=2 role=2
[ADOPT] SUCCESS chunk (1,-4) now resident. loaded_from_persist=0
[ADOPT] Adopting chunk (1,-2) gen=2 role=2
[ADOPT] SUCCESS chunk (1,-2) now resident. loaded_from_persist=0
[ADOPT] Adopting chunk (1,-5) gen=2 role=2
[ADOPT] SUCCESS chunk (1,-5) now resident. loaded_from_persist=0
[WORKER] Mesh complete cx=-2 cz=-6 built=000002553B75A1A0
[WORKER] Queuing result cx=-2 cz=-6 gen=2 space=superchunk_terrain built=000002553B75A1A0 results=0/768
[WORKER] Processing job cx=-2 cz=-9 gen=2 space=superchunk_terrain type=GENERATE
[ADOPT] Adopting chunk (-2,-6) gen=2 role=1
[ADOPT] SUCCESS chunk (-2,-6) now resident. loaded_from_persist=0
[WORKER] Mesh complete cx=-2 cz=-1 built=000002553B759690
[WORKER] Queuing result cx=-2 cz=-1 gen=2 space=superchunk_terrain built=000002553B759690 results=0/768
[WORKER] Processing job cx=-3 cz=-8 gen=2 space=superchunk_terrain type=GENERATE
[ADOPT] Adopting chunk (-2,-1) gen=2 role=1
[ADOPT] SUCCESS chunk (-2,-1) now resident. loaded_from_persist=0
[WORKER] Mesh complete cx=-1 cz=-8 built=000002553B75ACB0
[WORKER] Queuing result cx=-1 cz=-8 gen=2 space=superchunk_terrain built=000002553B75ACB0 results=0/768
[WORKER] Processing job cx=-1 cz=-10 gen=2 space=superchunk_terrain type=GENERATE
[ADOPT] Adopting chunk (-1,-8) gen=2 role=1
[ADOPT] SUCCESS chunk (-1,-8) now resident. loaded_from_persist=0
[WORKER] Mesh complete cx=-2 cz=-7 built=000002553B758B80
[WORKER] Queuing result cx=-2 cz=-7 gen=2 space=superchunk_terrain built=000002553B758B80 results=0/768
[WORKER] Processing job cx=-4 cz=-2 gen=2 space=superchunk_terrain type=GENERATE
[WORKER] Mesh complete cx=-3 cz=-3 built=000002552CB25CD0
[WORKER] Queuing result cx=-3 cz=-3 gen=2 space=superchunk_terrain built=000002552CB25CD0 results=1/768
[ADOPT] Adopting chunk (-2,-7) gen=2 role=1
[WORKER] Processing job cx=-4 cz=-6 gen=2 space=superchunk_terrain type=GENERATE
[ADOPT] SUCCESS chunk (-2,-7) now resident. loaded_from_persist=0
[ADOPT] Adopting chunk (-3,-3) gen=2 role=1
[ADOPT] SUCCESS chunk (-3,-3) now resident. loaded_from_persist=0
[WORKER] Mesh complete cx=-3 cz=-4 built=000002552CB29F30
[WORKER] Queuing result cx=-3 cz=-4 gen=2 space=superchunk_terrain built=000002552CB29F30 results=0/768
[WORKER] Processing job cx=-4 cz=-1 gen=2 space=superchunk_terrain type=GENERATE
[WORKER] Meshing cx=-3 cz=-2 (persisted=0)
[ADOPT] Adopting chunk (-3,-4) gen=2 role=1
[ADOPT] SUCCESS chunk (-3,-4) now resident. loaded_from_persist=0
[WORKER] Mesh complete cx=-3 cz=-5 built=000002552CB28910
[WORKER] Queuing result cx=-3 cz=-5 gen=2 space=superchunk_terrain built=000002552CB28910 results=0/768
[WORKER] Processing job cx=-4 cz=-7 gen=2 space=superchunk_terrain type=GENERATE
[ADOPT] Adopting chunk (-3,-5) gen=2 role=1
[ADOPT] SUCCESS chunk (-3,-5) now resident. loaded_from_persist=0
[WORKER] Mesh complete cx=-3 cz=-6 built=0000025543904440
[WORKER] Queuing result cx=-3 cz=-6 gen=2 space=superchunk_terrain built=0000025543904440 results=0/768
[WORKER] Processing job cx=-3 cz=-9 gen=2 space=superchunk_terrain type=GENERATE
[ADOPT] Adopting chunk (-3,-6) gen=2 role=1
[ADOPT] SUCCESS chunk (-3,-6) now resident. loaded_from_persist=0
[WORKER] Meshing cx=-2 cz=-8 (persisted=0)
[WORKER] Mesh complete cx=-3 cz=-2 built=0000025543907080
[WORKER] Queuing result cx=-3 cz=-2 gen=2 space=superchunk_terrain built=0000025543907080 results=0/768
[WORKER] Processing job cx=-2 cz=-10 gen=2 space=superchunk_terrain type=GENERATE
[ADOPT] Adopting chunk (-3,-2) gen=2 role=1
[ADOPT] SUCCESS chunk (-3,-2) now resident. loaded_from_persist=0
[WORKER] Meshing cx=-1 cz=-9 (persisted=0)
[WORKER] Meshing cx=-3 cz=-1 (persisted=0)
[WORKER] Meshing cx=-4 cz=-4 (persisted=0)
[WORKER] Meshing cx=-4 cz=-3 (persisted=0)
[WORKER] Mesh complete cx=-2 cz=-8 built=000002553B9C0890
[WORKER] Queuing result cx=-2 cz=-8 gen=2 space=superchunk_terrain built=000002553B9C0890 results=0/768
[WORKER] Processing job cx=-5 cz=-4 gen=2 space=superchunk_terrain type=GENERATE
[ADOPT] Adopting chunk (-2,-8) gen=2 role=1
[ADOPT] SUCCESS chunk (-2,-8) now resident. loaded_from_persist=0
[WORKER] Meshing cx=-3 cz=-7 (persisted=0)
[WORKER] Meshing cx=-4 cz=-5 (persisted=0)
[WORKER] Meshing cx=-2 cz=-9 (persisted=0)
[WORKER] Meshing cx=-3 cz=-8 (persisted=0)
[WORKER] Meshing cx=-4 cz=-2 (persisted=0)
[WORKER] Meshing cx=-1 cz=-10 (persisted=0)
[WORKER] Meshing cx=-4 cz=-6 (persisted=0)
[WORKER] Mesh complete cx=-1 cz=-9 built=000002553B9C29C0
[WORKER] Queuing result cx=-1 cz=-9 gen=2 space=superchunk_terrain built=000002553B9C29C0 results=0/768
[WORKER] Processing job cx=-5 cz=-5 gen=2 space=superchunk_terrain type=GENERATE
[ADOPT] Adopting chunk (-1,-9) gen=2 role=1
[ADOPT] SUCCESS chunk (-1,-9) now resident. loaded_from_persist=0
[WORKER] Meshing cx=-4 cz=-1 (persisted=0)
[WORKER] Meshing cx=-4 cz=-7 (persisted=0)
[WORKER] Mesh complete cx=-3 cz=-1 built=000002553B9C1EB0
[WORKER] Queuing result cx=-3 cz=-1 gen=2 space=superchunk_terrain built=000002553B9C1EB0 results=0/768
[WORKER] Processing job cx=-5 cz=-3 gen=2 space=superchunk_terrain type=GENERATE
[ADOPT] Adopting chunk (-3,-1) gen=2 role=1
[ADOPT] SUCCESS chunk (-3,-1) now resident. loaded_from_persist=0
[WORKER] Mesh complete cx=-4 cz=-3 built=000002553B9C8240
[WORKER] Queuing result cx=-4 cz=-3 gen=2 space=superchunk_terrain built=000002553B9C8240 results=0/768
[WORKER] Processing job cx=-4 cz=-8 gen=2 space=superchunk_terrain type=GENERATE
[ADOPT] Adopting chunk (-4,-3) gen=2 role=1
[ADOPT] SUCCESS chunk (-4,-3) now resident. loaded_from_persist=0
[WALL] HEALTH W=17/0/0 N=17/0/0 E=17/0/0 S=17/0/0 (desired/resident/ready)
[WORKER] Meshing cx=-3 cz=-9 (persisted=0)
[WORKER] Mesh complete cx=-4 cz=-4 built=000002553B9C7730
[WORKER] Queuing result cx=-4 cz=-4 gen=2 space=superchunk_terrain built=000002553B9C7730 results=0/768
[WORKER] Processing job cx=-1 cz=-11 gen=2 space=superchunk_terrain type=GENERATE
[ADOPT] Adopting chunk (-4,-4) gen=2 role=1
[ADOPT] SUCCESS chunk (-4,-4) now resident. loaded_from_persist=0
[WORKER] Mesh complete cx=-3 cz=-7 built=000002553B9C6110
[WORKER] Queuing result cx=-3 cz=-7 gen=2 space=superchunk_terrain built=000002553B9C6110 results=0/768
[WORKER] Processing job cx=-5 cz=-6 gen=2 space=superchunk_terrain type=GENERATE
[ADOPT] Adopting chunk (-3,-7) gen=2 role=1
[ADOPT] SUCCESS chunk (-3,-7) now resident. loaded_from_persist=0
[WORKER] Mesh complete cx=-4 cz=-5 built=000002553B9C6C20
[WORKER] Queuing result cx=-4 cz=-5 gen=2 space=superchunk_terrain built=000002553B9C6C20 results=0/768
[WORKER] Processing job cx=-5 cz=-2 gen=2 space=superchunk_terrain type=GENERATE
[ADOPT] Adopting chunk (-4,-5) gen=2 role=1
[ADOPT] SUCCESS chunk (-4,-5) now resident. loaded_from_persist=0
[WORKER] Mesh complete cx=-2 cz=-9 built=000002553B9CC4A0
[WORKER] Queuing result cx=-2 cz=-9 gen=2 space=superchunk_terrain built=000002553B9CC4A0 results=0/768
[WORKER] Processing job cx=-3 cz=-10 gen=2 space=superchunk_terrain type=GENERATE
[ADOPT] Adopting chunk (-2,-9) gen=2 role=1
[ADOPT] SUCCESS chunk (-2,-9) now resident. loaded_from_persist=0
[WORKER] Mesh complete cx=-3 cz=-8 built=000002553B9CDAC0
[WORKER] Queuing result cx=-3 cz=-8 gen=2 space=superchunk_terrain built=000002553B9CDAC0 results=0/768
[WORKER] Processing job cx=-5 cz=-7 gen=2 space=superchunk_terrain type=GENERATE
[ADOPT] Adopting chunk (-3,-8) gen=2 role=1
[ADOPT] SUCCESS chunk (-3,-8) now resident. loaded_from_persist=0
[WORKER] Mesh complete cx=-4 cz=-2 built=000002553B9CE5D0
[WORKER] Queuing result cx=-4 cz=-2 gen=2 space=superchunk_terrain built=000002553B9CE5D0 results=0/768
[WORKER] Processing job cx=-5 cz=-1 gen=2 space=superchunk_terrain type=GENERATE
[ADOPT] Adopting chunk (-4,-2) gen=2 role=1
[ADOPT] SUCCESS chunk (-4,-2) now resident. loaded_from_persist=0
[WORKER] Mesh complete cx=-4 cz=-6 built=000002553B9CF0E0
[WORKER] Queuing result cx=-4 cz=-6 gen=2 space=superchunk_terrain built=000002553B9CF0E0 results=0/768
[WORKER] Processing job cx=-2 cz=-11 gen=2 space=superchunk_terrain type=GENERATE
[ADOPT] Adopting chunk (-4,-6) gen=2 role=1
[ADOPT] SUCCESS chunk (-4,-6) now resident. loaded_from_persist=0
[WORKER] Mesh complete cx=-1 cz=-10 built=000002553B7506C0
[WORKER] Queuing result cx=-1 cz=-10 gen=2 space=superchunk_terrain built=000002553B7506C0 results=0/768
[WORKER] Processing job cx=-4 cz=-9 gen=2 space=superchunk_terrain type=GENERATE
[ADOPT] Adopting chunk (-1,-10) gen=2 role=1
[ADOPT] SUCCESS chunk (-1,-10) now resident. loaded_from_persist=0
[WORKER] Meshing cx=-2 cz=-10 (persisted=0)
[WORKER] Mesh complete cx=-4 cz=-7 built=000002553B753300
[WORKER] Queuing result cx=-4 cz=-7 gen=2 space=superchunk_terrain built=000002553B753300 results=0/768
[WORKER] Processing job cx=-5 cz=-8 gen=2 space=superchunk_terrain type=GENERATE
[WORKER] Mesh complete cx=-4 cz=-1 built=000002553B756A50
[WORKER] Queuing result cx=-4 cz=-1 gen=2 space=superchunk_terrain built=000002553B756A50 results=1/768
[WORKER] Processing job cx=-1 cz=-12 gen=2 space=superchunk_terrain type=GENERATE
[ADOPT] Adopting chunk (-4,-7) gen=2 role=1
[ADOPT] SUCCESS chunk (-4,-7) now resident. loaded_from_persist=0
[ADOPT] Adopting chunk (-4,-1) gen=2 role=1
[ADOPT] SUCCESS chunk (-4,-1) now resident. loaded_from_persist=0
[WORKER] Mesh complete cx=-3 cz=-9 built=000002553B757560
[WORKER] Queuing result cx=-3 cz=-9 gen=2 space=superchunk_terrain built=000002553B757560 results=0/768
[WORKER] Processing job cx=-6 cz=-4 gen=2 space=superchunk_terrain type=GENERATE
[ADOPT] Adopting chunk (-3,-9) gen=2 role=1
[ADOPT] SUCCESS chunk (-3,-9) now resident. loaded_from_persist=0
[WORKER] Meshing cx=-5 cz=-4 (persisted=0)
[WORKER] Mesh complete cx=-2 cz=-10 built=000002553B75B7C0
[WORKER] Queuing result cx=-2 cz=-10 gen=2 space=superchunk_terrain built=000002553B75B7C0 results=0/768
[WORKER] Processing job cx=-6 cz=-5 gen=2 space=superchunk_terrain type=GENERATE
[ADOPT] Adopting chunk (-2,-10) gen=2 role=1
[ADOPT] SUCCESS chunk (-2,-10) now resident. loaded_from_persist=0
[WORKER] Meshing cx=-5 cz=-5 (persisted=0)
[WORKER] Meshing cx=-5 cz=-2 (persisted=0)
[WORKER] Meshing cx=-5 cz=-3 (persisted=0)
[WORKER] Mesh complete cx=-5 cz=-4 built=000002553B9C34D0
[WORKER] Queuing result cx=-5 cz=-4 gen=2 space=superchunk_terrain built=000002553B9C34D0 results=0/768
[WORKER] Processing job cx=-6 cz=-3 gen=2 space=superchunk_terrain type=GENERATE
[ADOPT] Adopting chunk (-5,-4) gen=2 role=1
[ADOPT] SUCCESS chunk (-5,-4) now resident. loaded_from_persist=0
[WORKER] Meshing cx=-4 cz=-8 (persisted=0)
[WORKER] Meshing cx=-1 cz=-11 (persisted=0)
[WORKER] Meshing cx=-5 cz=-6 (persisted=0)
[WORKER] Meshing cx=-3 cz=-10 (persisted=0)
[WORKER] Meshing cx=-4 cz=-9 (persisted=0)
[WORKER] Meshing cx=-5 cz=-7 (persisted=0)
[WORKER] Meshing cx=-5 cz=-1 (persisted=0)
[WORKER] Meshing cx=-2 cz=-11 (persisted=0)
[WORKER] Mesh complete cx=-5 cz=-5 built=000002553B9C13A0
[WORKER] Queuing result cx=-5 cz=-5 gen=2 space=superchunk_terrain built=000002553B9C13A0 results=0/768
[WORKER] Processing job cx=-4 cz=-10 gen=2 space=superchunk_terrain type=GENERATE
[ADOPT] Adopting chunk (-5,-5) gen=2 role=1
[ADOPT] SUCCESS chunk (-5,-5) now resident. loaded_from_persist=0
[WORKER] Meshing cx=-5 cz=-8 (persisted=0)
[WORKER] Meshing cx=-1 cz=-12 (persisted=0)
[WORKER] Mesh complete cx=-5 cz=-3 built=000002553B9C4AF0
[WORKER] Queuing result cx=-5 cz=-3 gen=2 space=superchunk_terrain built=000002553B9C4AF0 results=0/768
[WORKER] Processing job cx=-6 cz=-6 gen=2 space=superchunk_terrain type=GENERATE
[ADOPT] Adopting chunk (-5,-3) gen=2 role=1
[ADOPT] SUCCESS chunk (-5,-3) now resident. loaded_from_persist=0
[WORKER] Mesh complete cx=-5 cz=-2 built=000002553B9CAE80
[WORKER] Queuing result cx=-5 cz=-2 gen=2 space=superchunk_terrain built=000002553B9CAE80 results=0/768
[WORKER] Processing job cx=-3 cz=-11 gen=2 space=superchunk_terrain type=GENERATE
[ADOPT] Adopting chunk (-5,-2) gen=2 role=1
[ADOPT] SUCCESS chunk (-5,-2) now resident. loaded_from_persist=0
[WORKER] Mesh complete cx=-4 cz=-8 built=000002553B9C9860
[WORKER] Queuing result cx=-4 cz=-8 gen=2 space=superchunk_terrain built=000002553B9C9860 results=0/768
[WORKER] Processing job cx=-6 cz=-2 gen=2 space=superchunk_terrain type=GENERATE
[ADOPT] Adopting chunk (-4,-8) gen=2 role=1
[ADOPT] SUCCESS chunk (-4,-8) now resident. loaded_from_persist=0
[WALL] HEALTH W=17/0/0 N=17/0/0 E=17/0/0 S=17/0/0 (desired/resident/ready)
[WORKER] Meshing cx=-6 cz=-4 (persisted=0)
[WORKER] Mesh complete cx=-1 cz=-11 built=000002553B9CB990
[WORKER] Queuing result cx=-1 cz=-11 gen=2 space=superchunk_terrain built=000002553B9CB990 results=0/768
[WORKER] Processing job cx=-5 cz=-9 gen=2 space=superchunk_terrain type=GENERATE
[ADOPT] Adopting chunk (-1,-11) gen=2 role=1
[ADOPT] SUCCESS chunk (-1,-11) now resident. loaded_from_persist=0
[WORKER] Mesh complete cx=-5 cz=-6 built=000002553B751CE0
[WORKER] Queuing result cx=-5 cz=-6 gen=2 space=superchunk_terrain built=000002553B751CE0 results=0/768
[WORKER] Processing job cx=-2 cz=-12 gen=2 space=superchunk_terrain type=GENERATE
[ADOPT] Adopting chunk (-5,-6) gen=2 role=1
[ADOPT] SUCCESS chunk (-5,-6) now resident. loaded_from_persist=0
[WORKER] Mesh complete cx=-3 cz=-10 built=000002553B753E10
[WORKER] Queuing result cx=-3 cz=-10 gen=2 space=superchunk_terrain built=000002553B753E10 results=0/768
[WORKER] Processing job cx=-6 cz=-7 gen=2 space=superchunk_terrain type=GENERATE
[ADOPT] Adopting chunk (-3,-10) gen=2 role=1
[ADOPT] SUCCESS chunk (-3,-10) now resident. loaded_from_persist=0
[WORKER] Mesh complete cx=-4 cz=-9 built=000002552CB23BA0
[WORKER] Queuing result cx=-4 cz=-9 gen=2 space=superchunk_terrain built=000002552CB23BA0 results=0/768
[WORKER] Processing job cx=-6 cz=-1 gen=2 space=superchunk_terrain type=GENERATE
[ADOPT] Adopting chunk (-4,-9) gen=2 role=1
[ADOPT] SUCCESS chunk (-4,-9) now resident. loaded_from_persist=0
[WORKER] Mesh complete cx=-5 cz=-7 built=0000025543900CF0
[WORKER] Queuing result cx=-5 cz=-7 gen=2 space=superchunk_terrain built=0000025543900CF0 results=0/768
[WORKER] Processing job cx=-1 cz=-13 gen=2 space=superchunk_terrain type=GENERATE
[ADOPT] Adopting chunk (-5,-7) gen=2 role=1
[ADOPT] SUCCESS chunk (-5,-7) now resident. loaded_from_persist=0
[WORKER] Mesh complete cx=-5 cz=-1 built=00000255813110E0
[WORKER] Queuing result cx=-5 cz=-1 gen=2 space=superchunk_terrain built=00000255813110E0 results=0/768
[WORKER] Processing job cx=-6 cz=-8 gen=2 space=superchunk_terrain type=GENERATE
[ADOPT] Adopting chunk (-5,-1) gen=2 role=1
[ADOPT] SUCCESS chunk (-5,-1) now resident. loaded_from_persist=0
[WORKER] Meshing cx=-6 cz=-5 (persisted=0)
[WORKER] Mesh complete cx=-5 cz=-8 built=0000025581312700
[WORKER] Queuing result cx=-5 cz=-8 gen=2 space=superchunk_terrain built=0000025581312700 results=0/768
[WORKER] Processing job cx=-4 cz=-11 gen=2 space=superchunk_terrain type=GENERATE
[ADOPT] Adopting chunk (-5,-8) gen=2 role=1
[WORKER] Mesh complete cx=-2 cz=-11 built=0000025581313D20
[WORKER] Queuing result cx=-2 cz=-11 gen=2 space=superchunk_terrain built=0000025581313D20 results=0/768
[WORKER] Processing job cx=-3 cz=-12 gen=2 space=superchunk_terrain type=GENERATE
[ADOPT] SUCCESS chunk (-5,-8) now resident. loaded_from_persist=0
[ADOPT] Adopting chunk (-2,-11) gen=2 role=1
[ADOPT] SUCCESS chunk (-2,-11) now resident. loaded_from_persist=0
[WORKER] Mesh complete cx=-1 cz=-12 built=0000025581315E50
[WORKER] Queuing result cx=-1 cz=-12 gen=2 space=superchunk_terrain built=0000025581315E50 results=0/768
[WORKER] Processing job cx=-5 cz=-10 gen=2 space=superchunk_terrain type=GENERATE
[ADOPT] Adopting chunk (-1,-12) gen=2 role=1
[ADOPT] SUCCESS chunk (-1,-12) now resident. loaded_from_persist=0
[WORKER] Meshing cx=-6 cz=-3 (persisted=0)
[WORKER] Mesh complete cx=-6 cz=-4 built=00000255813195A0
[WORKER] Queuing result cx=-6 cz=-4 gen=2 space=superchunk_terrain built=00000255813195A0 results=0/768
[WORKER] Processing job cx=-7 cz=-4 gen=2 space=superchunk_terrain type=GENERATE
[ADOPT] Adopting chunk (-6,-4) gen=2 role=1
[ADOPT] SUCCESS chunk (-6,-4) now resident. loaded_from_persist=0
[WORKER] Meshing cx=-6 cz=-2 (persisted=0)
[WORKER] Meshing cx=-4 cz=-10 (persisted=0)
[WORKER] Meshing cx=-6 cz=-1 (persisted=0)
[WORKER] Mesh complete cx=-6 cz=-5 built=0000025581317470
[WORKER] Queuing result cx=-6 cz=-5 gen=2 space=superchunk_terrain built=0000025581317470 results=0/768
[WORKER] Processing job cx=-7 cz=-3 gen=2 space=superchunk_terrain type=GENERATE
[ADOPT] Adopting chunk (-6,-5) gen=2 role=1
[ADOPT] SUCCESS chunk (-6,-5) now resident. loaded_from_persist=0
[WORKER] Meshing cx=-6 cz=-6 (persisted=0)
[WORKER] Meshing cx=-3 cz=-11 (persisted=0)
[WORKER] Meshing cx=-5 cz=-9 (persisted=0)
[WORKER] Mesh complete cx=-6 cz=-3 built=000002558131ABC0
[WORKER] Queuing result cx=-6 cz=-3 gen=2 space=superchunk_terrain built=000002558131ABC0 results=0/768
[WORKER] Processing job cx=-7 cz=-5 gen=2 space=superchunk_terrain type=GENERATE
[ADOPT] Adopting chunk (-6,-3) gen=2 role=1
[ADOPT] SUCCESS chunk (-6,-3) now resident. loaded_from_persist=0
[WORKER] Meshing cx=-6 cz=-7 (persisted=0)
[WORKER] Meshing cx=-2 cz=-12 (persisted=0)
[WORKER] Mesh complete cx=-6 cz=-2 built=000002558131B6D0
[WORKER] Queuing result cx=-6 cz=-2 gen=2 space=superchunk_terrain built=000002558131B6D0 results=0/768
[WORKER] Processing job cx=-7 cz=-6 gen=2 space=superchunk_terrain type=GENERATE
[ADOPT] Adopting chunk (-6,-2) gen=2 role=1
[ADOPT] SUCCESS chunk (-6,-2) now resident. loaded_from_persist=0
[WORKER] Meshing cx=-6 cz=-8 (persisted=0)
[WORKER] Meshing cx=-1 cz=-13 (persisted=0)
[WORKER] Meshing cx=-4 cz=-11 (persisted=0)
[WORKER] Mesh complete cx=-4 cz=-10 built=0000025581314830
[WORKER] Queuing result cx=-4 cz=-10 gen=2 space=superchunk_terrain built=0000025581314830 results=0/768
[WORKER] Processing job cx=-7 cz=-2 gen=2 space=superchunk_terrain type=GENERATE
[ADOPT] Adopting chunk (-4,-10) gen=2 role=1
[ADOPT] SUCCESS chunk (-4,-10) now resident. loaded_from_persist=0
[WORKER] Meshing cx=-5 cz=-10 (persisted=0)
[WORKER] Meshing cx=-3 cz=-12 (persisted=0)
[WORKER] Mesh complete cx=-6 cz=-1 built=0000025581311BF0
[WORKER] Queuing result cx=-6 cz=-1 gen=2 space=superchunk_terrain built=0000025581311BF0 results=0/768
[WORKER] Processing job cx=-2 cz=-13 gen=2 space=superchunk_terrain type=GENERATE
[ADOPT] Adopting chunk (-6,-1) gen=2 role=1
[ADOPT] SUCCESS chunk (-6,-1) now resident. loaded_from_persist=0
[WORKER] Mesh complete cx=-5 cz=-9 built=000002558131E310
[WORKER] Queuing result cx=-5 cz=-9 gen=2 space=superchunk_terrain built=000002558131E310 results=0/768
[WORKER] Processing job cx=-6 cz=-9 gen=2 space=superchunk_terrain type=GENERATE
[WORKER] Mesh complete cx=-6 cz=-6 built=000002558131C1E0
[WORKER] Queuing result cx=-6 cz=-6 gen=2 space=superchunk_terrain built=000002558131C1E0 results=1/768
[WORKER] Processing job cx=-7 cz=-7 gen=2 space=superchunk_terrain type=GENERATE
[WORKER] Mesh complete cx=-3 cz=-11 built=000002558131CCF0
[WORKER] Queuing result cx=-3 cz=-11 gen=2 space=superchunk_terrain built=000002558131CCF0 results=2/768
[WORKER] Processing job cx=-7 cz=-1 gen=2 space=superchunk_terrain type=GENERATE
[ADOPT] Adopting chunk (-5,-9) gen=2 role=1
[ADOPT] SUCCESS chunk (-5,-9) now resident. loaded_from_persist=0
[ADOPT] Adopting chunk (-6,-6) gen=2 role=1
[ADOPT] SUCCESS chunk (-6,-6) now resident. loaded_from_persist=0
[ADOPT] Adopting chunk (-3,-11) gen=2 role=1
[ADOPT] SUCCESS chunk (-3,-11) now resident. loaded_from_persist=0
[WORKER] Meshing cx=-7 cz=-4 (persisted=0)
[WALL] HEALTH W=17/0/0 N=17/0/0 E=17/0/0 S=17/0/0 (desired/resident/ready)
[WORKER] Mesh complete cx=-6 cz=-7 built=0000025581316960
[WORKER] Queuing result cx=-6 cz=-7 gen=2 space=superchunk_terrain built=0000025581316960 results=0/768
[WORKER] Processing job cx=-5 cz=-11 gen=2 space=superchunk_terrain type=GENERATE
[WORKER] Mesh complete cx=-2 cz=-12 built=000002553B9C5600
[WORKER] Queuing result cx=-2 cz=-12 gen=2 space=superchunk_terrain built=000002553B9C5600 results=1/768
[WORKER] Processing job cx=-4 cz=-12 gen=2 space=superchunk_terrain type=GENERATE
[ADOPT] Adopting chunk (-6,-7) gen=2 role=1
[ADOPT] SUCCESS chunk (-6,-7) now resident. loaded_from_persist=0
[ADOPT] Adopting chunk (-2,-12) gen=2 role=1
[ADOPT] SUCCESS chunk (-2,-12) now resident. loaded_from_persist=0
[WORKER] Meshing cx=-7 cz=-3 (persisted=0)
[WORKER] Mesh complete cx=-6 cz=-8 built=000002553B9CA370
[WORKER] Queuing result cx=-6 cz=-8 gen=2 space=superchunk_terrain built=000002553B9CA370 results=0/768
[WORKER] Processing job cx=-7 cz=-8 gen=2 space=superchunk_terrain type=GENERATE
[ADOPT] Adopting chunk (-6,-8) gen=2 role=1
[ADOPT] SUCCESS chunk (-6,-8) now resident. loaded_from_persist=0
[WORKER] Mesh complete cx=-4 cz=-11 built=000002553B9CFBF0
[WORKER] Queuing result cx=-4 cz=-11 gen=2 space=superchunk_terrain built=000002553B9CFBF0 results=0/768
[WORKER] Processing job cx=-1 cz=-14 gen=2 space=superchunk_terrain type=GENERATE
[ADOPT] Adopting chunk (-4,-11) gen=2 role=1
[ADOPT] SUCCESS chunk (-4,-11) now resident. loaded_from_persist=0
[WORKER] Mesh complete cx=-1 cz=-13 built=000002553B74F0A0
[WORKER] Queuing result cx=-1 cz=-13 gen=2 space=superchunk_terrain built=000002553B74F0A0 results=0/768
[WORKER] Processing job cx=-3 cz=-13 gen=2 space=superchunk_terrain type=GENERATE
[ADOPT] Adopting chunk (-1,-13) gen=2 role=1
[ADOPT] SUCCESS chunk (-1,-13) now resident. loaded_from_persist=0
[WORKER] Mesh complete cx=-5 cz=-10 built=000002553B75C2D0
[WORKER] Queuing result cx=-5 cz=-10 gen=2 space=superchunk_terrain built=000002553B75C2D0 results=0/768
[WORKER] Processing job cx=-6 cz=-10 gen=2 space=superchunk_terrain type=GENERATE
[ADOPT] Adopting chunk (-5,-10) gen=2 role=1
[ADOPT] SUCCESS chunk (-5,-10) now resident. loaded_from_persist=0
[WORKER] Mesh complete cx=-3 cz=-12 built=000002552CB2AA40
[WORKER] Queuing result cx=-3 cz=-12 gen=2 space=superchunk_terrain built=000002552CB2AA40 results=0/768
[WORKER] Processing job cx=14 cz=-4 gen=2 space=superchunk_terrain type=GENERATE
[ADOPT] Adopting chunk (-3,-12) gen=2 role=1
[ADOPT] SUCCESS chunk (-3,-12) now resident. loaded_from_persist=0
[WORKER] Meshing cx=-7 cz=-5 (persisted=0)
[WORKER] Mesh complete cx=-7 cz=-4 built=0000025581317F80
[WORKER] Queuing result cx=-7 cz=-4 gen=2 space=superchunk_terrain built=0000025581317F80 results=0/768
[WORKER] Processing job cx=-8 cz=-4 gen=2 space=superchunk_terrain type=GENERATE
[ADOPT] Adopting chunk (-7,-4) gen=2 role=1
[ADOPT] SUCCESS chunk (-7,-4) now resident. loaded_from_persist=0
[WORKER] Meshing cx=-7 cz=-2 (persisted=0)
[WORKER] Meshing cx=-7 cz=-6 (persisted=0)
[WORKER] Mesh complete cx=-7 cz=-3 built=00000255438C2550
[WORKER] Queuing result cx=-7 cz=-3 gen=2 space=superchunk_terrain built=00000255438C2550 results=0/768
[WORKER] Processing job cx=14 cz=-3 gen=2 space=superchunk_terrain type=GENERATE
[ADOPT] Adopting chunk (-7,-3) gen=2 role=1
[ADOPT] SUCCESS chunk (-7,-3) now resident. loaded_from_persist=0
[WORKER] Meshing cx=-6 cz=-9 (persisted=0)
[WORKER] Meshing cx=-2 cz=-13 (persisted=0)
[WORKER] Meshing cx=-7 cz=-7 (persisted=0)
[WORKER] Mesh complete cx=-7 cz=-5 built=00000255438C1A40
[WORKER] Queuing result cx=-7 cz=-5 gen=2 space=superchunk_terrain built=00000255438C1A40 results=0/768
[WORKER] Processing job cx=-8 cz=-5 gen=2 space=superchunk_terrain type=GENERATE
[ADOPT] Adopting chunk (-7,-5) gen=2 role=1
[ADOPT] SUCCESS chunk (-7,-5) now resident. loaded_from_persist=0
[WORKER] Meshing cx=-5 cz=-11 (persisted=0)
[WORKER] Meshing cx=-7 cz=-1 (persisted=0)
[WORKER] Meshing cx=-4 cz=-12 (persisted=0)
[WORKER] Meshing cx=-7 cz=-8 (persisted=0)
[WORKER] Meshing cx=-6 cz=-10 (persisted=0)
[WORKER] Mesh complete cx=-7 cz=-6 built=00000255438C0F30
[WORKER] Queuing result cx=-7 cz=-6 gen=2 space=superchunk_terrain built=00000255438C0F30 results=0/768
[WORKER] Processing job cx=-8 cz=-3 gen=2 space=superchunk_terrain type=GENERATE
[WORKER] Meshing cx=-3 cz=-13 (persisted=0)
[ADOPT] Adopting chunk (-7,-6) gen=2 role=1
[ADOPT] SUCCESS chunk (-7,-6) now resident. loaded_from_persist=0
[WORKER] Mesh complete cx=-7 cz=-2 built=00000255438C4680
[WORKER] Queuing result cx=-7 cz=-2 gen=2 space=superchunk_terrain built=00000255438C4680 results=0/768
[WORKER] Processing job cx=14 cz=-5 gen=2 space=superchunk_terrain type=GENERATE
[ADOPT] Adopting chunk (-7,-2) gen=2 role=1
[ADOPT] SUCCESS chunk (-7,-2) now resident. loaded_from_persist=0
[WORKER] Mesh complete cx=-6 cz=-9 built=00000255438C72C0
[WORKER] Queuing result cx=-6 cz=-9 gen=2 space=superchunk_terrain built=00000255438C72C0 results=0/768
[WORKER] Processing job cx=14 cz=-2 gen=2 space=superchunk_terrain type=GENERATE
[ADOPT] Adopting chunk (-6,-9) gen=2 role=1
[ADOPT] SUCCESS chunk (-6,-9) now resident. loaded_from_persist=0
[WORKER] Meshing cx=-1 cz=-14 (persisted=0)
[WORKER] Mesh complete cx=-7 cz=-7 built=00000255438C7DD0
[WORKER] Queuing result cx=-7 cz=-7 gen=2 space=superchunk_terrain built=00000255438C7DD0 results=0/768
[WORKER] Processing job cx=-8 cz=-2 gen=2 space=superchunk_terrain type=GENERATE
[ADOPT] Adopting chunk (-7,-7) gen=2 role=1
[ADOPT] SUCCESS chunk (-7,-7) now resident. loaded_from_persist=0
[WORKER] Mesh complete cx=-2 cz=-13 built=00000255438C88E0
[WORKER] Queuing result cx=-2 cz=-13 gen=2 space=superchunk_terrain built=00000255438C88E0 results=0/768
[WORKER] Processing job cx=14 cz=-6 gen=2 space=superchunk_terrain type=GENERATE
[WORKER] Meshing cx=-8 cz=-4 (persisted=0)
[ADOPT] Adopting chunk (-2,-13) gen=2 role=1
[ADOPT] SUCCESS chunk (-2,-13) now resident. loaded_from_persist=0
[WORKER] Meshing cx=14 cz=-4 (persisted=0)
[WORKER] Mesh complete cx=-5 cz=-11 built=00000255438C3060
[WORKER] Queuing result cx=-5 cz=-11 gen=2 space=superchunk_terrain built=00000255438C3060 results=0/768
[WORKER] Processing job cx=-8 cz=-6 gen=2 space=superchunk_terrain type=GENERATE
[ADOPT] Adopting chunk (-5,-11) gen=2 role=1
[ADOPT] SUCCESS chunk (-5,-11) now resident. loaded_from_persist=0
[WORKER] Mesh complete cx=-4 cz=-12 built=00000255438CCB40
[WORKER] Queuing result cx=-4 cz=-12 gen=2 space=superchunk_terrain built=00000255438CCB40 results=0/768
[WORKER] Processing job cx=-2 cz=-14 gen=2 space=superchunk_terrain type=GENERATE
[ADOPT] Adopting chunk (-4,-12) gen=2 role=1
[ADOPT] SUCCESS chunk (-4,-12) now resident. loaded_from_persist=0
[WORKER] Mesh complete cx=-7 cz=-1 built=00000255438CD650
[WORKER] Queuing result cx=-7 cz=-1 gen=2 space=superchunk_terrain built=00000255438CD650 results=0/768
[WORKER] Processing job cx=-7 cz=-9 gen=2 space=superchunk_terrain type=GENERATE
[ADOPT] Adopting chunk (-7,-1) gen=2 role=1
[ADOPT] SUCCESS chunk (-7,-1) now resident. loaded_from_persist=0
[WORKER] Mesh complete cx=-6 cz=-10 built=00000255438CF780
[WORKER] Queuing result cx=-6 cz=-10 gen=2 space=superchunk_terrain built=00000255438CF780 results=0/768
[WORKER] Processing job cx=-5 cz=-12 gen=2 space=superchunk_terrain type=GENERATE
[ADOPT] Adopting chunk (-6,-10) gen=2 role=1
[ADOPT] SUCCESS chunk (-6,-10) now resident. loaded_from_persist=0
[WALL] HEALTH W=17/0/0 N=17/0/0 E=17/0/0 S=17/0/0 (desired/resident/ready)
[WORKER] Mesh complete cx=-7 cz=-8 built=00000255438CEC70
[WORKER] Queuing result cx=-7 cz=-8 gen=2 space=superchunk_terrain built=00000255438CEC70 results=0/768
[WORKER] Processing job cx=14 cz=-7 gen=2 space=superchunk_terrain type=GENERATE
[ADOPT] Adopting chunk (-7,-8) gen=2 role=1
[ADOPT] SUCCESS chunk (-7,-8) now resident. loaded_from_persist=0
[WORKER] Mesh complete cx=-3 cz=-13 built=0000025581313210
[WORKER] Queuing result cx=-3 cz=-13 gen=2 space=superchunk_terrain built=0000025581313210 results=0/768
[WORKER] Processing job cx=14 cz=-1 gen=2 space=superchunk_terrain type=GENERATE
[ADOPT] Adopting chunk (-3,-13) gen=2 role=1
[ADOPT] SUCCESS chunk (-3,-13) now resident. loaded_from_persist=0
[WORKER] Mesh complete cx=-1 cz=-14 built=000002558131A0B0
[WORKER] Queuing result cx=-1 cz=-14 gen=2 space=superchunk_terrain built=000002558131A0B0 results=0/768
[WORKER] Processing job cx=-8 cz=-7 gen=2 space=superchunk_terrain type=GENERATE
[WORKER] Meshing cx=14 cz=-3 (persisted=0)
[WORKER] Meshing cx=-8 cz=-5 (persisted=0)
[WORKER] Mesh complete cx=-8 cz=-4 built=0000025581320440
[WORKER] Queuing result cx=-8 cz=-4 gen=2 space=superchunk_terrain built=0000025581320440 results=1/768
[WORKER] Processing job cx=-8 cz=-1 gen=2 space=superchunk_terrain type=GENERATE
[WORKER] Mesh complete cx=14 cz=-4 built=000002558131D800
[WORKER] Queuing result cx=14 cz=-4 gen=2 space=superchunk_terrain built=000002558131D800 results=2/768
[WORKER] Processing job cx=-4 cz=-13 gen=2 space=superchunk_terrain type=GENERATE
[WORKER] Meshing cx=-8 cz=-3 (persisted=0)
[WORKER] Meshing cx=14 cz=-2 (persisted=0)
[WORKER] Meshing cx=14 cz=-5 (persisted=0)
[WORKER] Mesh complete cx=-8 cz=-5 built=000002553B9C8D50
[WORKER] Queuing result cx=-8 cz=-5 gen=2 space=superchunk_terrain built=000002553B9C8D50 results=3/768
[WORKER] Processing job cx=-6 cz=-11 gen=2 space=superchunk_terrain type=GENERATE
[WORKER] Mesh complete cx=14 cz=-3 built=00000255438C0420
[WORKER] Queuing result cx=14 cz=-3 gen=2 space=superchunk_terrain built=00000255438C0420 results=4/768
[WORKER] Processing job cx=-7 cz=-10 gen=2 space=superchunk_terrain type=GENERATE
[WORKER] Meshing cx=-8 cz=-6 (persisted=0)
[WORKER] Meshing cx=-7 cz=-9 (persisted=0)
[WORKER] Meshing cx=-5 cz=-12 (persisted=0)
[WORKER] Meshing cx=-8 cz=-2 (persisted=0)
[WORKER] Meshing cx=14 cz=-6 (persisted=0)
[WORKER] Meshing cx=-4 cz=-13 (persisted=0)
[WORKER] Meshing cx=-2 cz=-14 (persisted=0)
[WORKER] Mesh complete cx=-8 cz=-3 built=00000255438C5CA0
[WORKER] Queuing result cx=-8 cz=-3 gen=2 space=superchunk_terrain built=00000255438C5CA0 results=5/768
[WORKER] Processing job cx=-3 cz=-14 gen=2 space=superchunk_terrain type=GENERATE
[WORKER] Meshing cx=14 cz=-1 (persisted=0)
[WORKER] Meshing cx=14 cz=-7 (persisted=0)
[WORKER] Mesh complete cx=14 cz=-2 built=00000255438C3B70
[WORKER] Queuing result cx=14 cz=-2 gen=2 space=superchunk_terrain built=00000255438C3B70 results=6/768
[WORKER] Processing job cx=-1 cz=-15 gen=2 space=superchunk_terrain type=GENERATE
[WORKER] Meshing cx=-8 cz=-7 (persisted=0)
[WORKER] Mesh complete cx=-7 cz=-9 built=00000255438C93F0
[WORKER] Queuing result cx=-7 cz=-9 gen=2 space=superchunk_terrain built=00000255438C93F0 results=7/768
[WORKER] Processing job cx=-8 cz=-8 gen=2 space=superchunk_terrain type=GENERATE
[WORKER] Mesh complete cx=14 cz=-5 built=00000255438CB520
[WORKER] Queuing result cx=14 cz=-5 gen=2 space=superchunk_terrain built=00000255438CB520 results=8/768
[WORKER] Processing job cx=14 cz=-8 gen=2 space=superchunk_terrain type=GENERATE
[WORKER] Mesh complete cx=-5 cz=-12 built=00000255438CE160
[WORKER] Queuing result cx=-5 cz=-12 gen=2 space=superchunk_terrain built=00000255438CE160 results=9/768
[WORKER] Processing job cx=15 cz=-4 gen=2 space=superchunk_terrain type=GENERATE
[WORKER] Mesh complete cx=-8 cz=-6 built=0000025581318A90
[WORKER] Queuing result cx=-8 cz=-6 gen=2 space=superchunk_terrain built=0000025581318A90 results=10/768
[WORKER] Processing job cx=-9 cz=-4 gen=2 space=superchunk_terrain type=GENERATE
[WORKER] Mesh complete cx=-8 cz=-2 built=000002553B9C3FE0
[WORKER] Queuing result cx=-8 cz=-2 gen=2 space=superchunk_terrain built=000002553B9C3FE0 results=11/768
[WORKER] Processing job cx=-9 cz=-3 gen=2 space=superchunk_terrain type=GENERATE
[WORKER] Meshing cx=-8 cz=-1 (persisted=0)
[WORKER] Mesh complete cx=-4 cz=-13 built=000002558131F930
[WORKER] Queuing result cx=-4 cz=-13 gen=2 space=superchunk_terrain built=000002558131F930 results=12/768
[WORKER] Processing job cx=-9 cz=-5 gen=2 space=superchunk_terrain type=GENERATE
[WORKER] Mesh complete cx=14 cz=-6 built=000002567AB493B0
[WORKER] Queuing result cx=14 cz=-6 gen=2 space=superchunk_terrain built=000002567AB493B0 results=13/768
[WORKER] Processing job cx=-5 cz=-13 gen=2 space=superchunk_terrain type=GENERATE
[WORKER] Mesh complete cx=-2 cz=-14 built=000002567AB47D90
[WORKER] Queuing result cx=-2 cz=-14 gen=2 space=superchunk_terrain built=000002567AB47D90 results=14/768
[WORKER] Processing job cx=15 cz=-5 gen=2 space=superchunk_terrain type=GENERATE
[WORKER] Meshing cx=-6 cz=-11 (persisted=0)
[WORKER] Mesh complete cx=14 cz=-7 built=000002567AB488A0
[WORKER] Queuing result cx=14 cz=-7 gen=2 space=superchunk_terrain built=000002567AB488A0 results=15/768
[WORKER] Processing job cx=-6 cz=-12 gen=2 space=superchunk_terrain type=GENERATE
[WORKER] Meshing cx=-7 cz=-10 (persisted=0)
[WORKER] Mesh complete cx=-8 cz=-7 built=000002567AB4D610
[WORKER] Queuing result cx=-8 cz=-7 gen=2 space=superchunk_terrain built=000002567AB4D610 results=16/768
[WORKER] Processing job cx=15 cz=-3 gen=2 space=superchunk_terrain type=GENERATE
[WORKER] Mesh complete cx=14 cz=-1 built=000002567AB4CB00
[WORKER] Queuing result cx=14 cz=-1 gen=2 space=superchunk_terrain built=000002567AB4CB00 results=17/768
[WORKER] Processing job cx=-8 cz=-9 gen=2 space=superchunk_terrain type=GENERATE
[WORKER] Mesh complete cx=-8 cz=-1 built=000002567AB50D60
[WORKER] Queuing result cx=-8 cz=-1 gen=2 space=superchunk_terrain built=000002567AB50D60 results=18/768
[WORKER] Processing job cx=-2 cz=-15 gen=2 space=superchunk_terrain type=GENERATE
[WORKER] Mesh complete cx=-6 cz=-11 built=000002567AB4E120
[WORKER] Queuing result cx=-6 cz=-11 gen=2 space=superchunk_terrain built=000002567AB4E120 results=19/768
[WORKER] Processing job cx=14 cz=-9 gen=2 space=superchunk_terrain type=GENERATE
[WORKER] Mesh complete cx=-7 cz=-10 built=000002567AB50250
[WORKER] Queuing result cx=-7 cz=-10 gen=2 space=superchunk_terrain built=000002567AB50250 results=20/768
[WORKER] Processing job cx=15 cz=-2 gen=2 space=superchunk_terrain type=GENERATE
[WORKER] Meshing cx=-3 cz=-14 (persisted=0)
[WORKER] Meshing cx=-8 cz=-8 (persisted=0)
[WORKER] Meshing cx=-1 cz=-15 (persisted=0)
[WORKER] Meshing cx=-5 cz=-13 (persisted=0)
[WORKER] Meshing cx=-9 cz=-3 (persisted=0)
[WORKER] Meshing cx=-9 cz=-4 (persisted=0)
[WORKER] Meshing cx=-9 cz=-5 (persisted=0)
[WORKER] Meshing cx=14 cz=-8 (persisted=0)
[WORKER] Meshing cx=15 cz=-4 (persisted=0)
[WORKER] Meshing cx=-6 cz=-12 (persisted=0)
[WORKER] Meshing cx=-8 cz=-9 (persisted=0)
[WORKER] Meshing cx=15 cz=-5 (persisted=0)
[WORKER] Mesh complete cx=-3 cz=-14 built=000002567AB47280
[WORKER] Queuing result cx=-3 cz=-14 gen=2 space=superchunk_terrain built=000002567AB47280 results=21/768
[WORKER] Processing job cx=15 cz=-6 gen=2 space=superchunk_terrain type=GENERATE
[WORKER] Mesh complete cx=-8 cz=-8 built=000002567AB4B4E0
[WORKER] Queuing result cx=-8 cz=-8 gen=2 space=superchunk_terrain built=000002567AB4B4E0 results=22/768
[WORKER] Processing job cx=-9 cz=-2 gen=2 space=superchunk_terrain type=GENERATE
[WORKER] Mesh complete cx=-5 cz=-13 built=000002567AB539A0
[WORKER] Queuing result cx=-5 cz=-13 gen=2 space=superchunk_terrain built=000002567AB539A0 results=23/768
[WORKER] Processing job cx=-9 cz=-6 gen=2 space=superchunk_terrain type=GENERATE
[WORKER] Mesh complete cx=-1 cz=-15 built=000002567AB544B0
[WORKER] Queuing result cx=-1 cz=-15 gen=2 space=superchunk_terrain built=000002567AB544B0 results=24/768
[WORKER] Processing job cx=-4 cz=-14 gen=2 space=superchunk_terrain type=GENERATE
[WORKER] Mesh complete cx=-9 cz=-3 built=000002567AB55AD0
[WORKER] Queuing result cx=-9 cz=-3 gen=2 space=superchunk_terrain built=000002567AB55AD0 results=25/768
[WORKER] Processing job cx=-7 cz=-11 gen=2 space=superchunk_terrain type=GENERATE
[WORKER] Meshing cx=15 cz=-3 (persisted=0)
[WORKER] Mesh complete cx=-9 cz=-4 built=000002567AB4BFF0
[WORKER] Queuing result cx=-9 cz=-4 gen=2 space=superchunk_terrain built=000002567AB4BFF0 results=26/768
[WORKER] Processing job cx=-9 cz=-7 gen=2 space=superchunk_terrain type=GENERATE
[WORKER] Mesh complete cx=-9 cz=-5 built=00000255438C67B0
[WORKER] Queuing result cx=-9 cz=-5 gen=2 space=superchunk_terrain built=00000255438C67B0 results=27/768
[WORKER] Processing job cx=-9 cz=-1 gen=2 space=superchunk_terrain type=GENERATE
[WORKER] Mesh complete cx=-6 cz=-12 built=00000255438C9F00
[WORKER] Queuing result cx=-6 cz=-12 gen=2 space=superchunk_terrain built=00000255438C9F00 results=28/768
[WORKER] Processing job cx=15 cz=-7 gen=2 space=superchunk_terrain type=GENERATE
[WORKER] Mesh complete cx=14 cz=-8 built=00000255438CC030
[WORKER] Queuing result cx=14 cz=-8 gen=2 space=superchunk_terrain built=00000255438CC030 results=29/768
[WORKER] Processing job cx=15 cz=-1 gen=2 space=superchunk_terrain type=GENERATE
[WORKER] Mesh complete cx=-8 cz=-9 built=000002558131EE20
[WORKER] Queuing result cx=-8 cz=-9 gen=2 space=superchunk_terrain built=000002558131EE20 results=30/768
[WORKER] Processing job cx=14 cz=-10 gen=2 space=superchunk_terrain type=GENERATE
[WORKER] Mesh complete cx=15 cz=-4 built=000002553B758070
[WORKER] Queuing result cx=15 cz=-4 gen=2 space=superchunk_terrain built=000002553B758070 results=31/768
[WORKER] Processing job cx=-8 cz=-10 gen=2 space=superchunk_terrain type=GENERATE
[WORKER] Meshing cx=-2 cz=-15 (persisted=0)
[WORKER] Meshing cx=15 cz=-2 (persisted=0)
[WORKER] Mesh complete cx=15 cz=-5 built=000002567AB4EC30
[WORKER] Queuing result cx=15 cz=-5 gen=2 space=superchunk_terrain built=000002567AB4EC30 results=32/768
[WORKER] Processing job cx=-3 cz=-15 gen=2 space=superchunk_terrain type=GENERATE
[WORKER] Meshing cx=14 cz=-9 (persisted=0)
[WORKER] Mesh complete cx=15 cz=-3 built=000002567AB4F740
[WORKER] Queuing result cx=15 cz=-3 gen=2 space=superchunk_terrain built=000002567AB4F740 results=33/768
[WORKER] Processing job cx=-9 cz=-8 gen=2 space=superchunk_terrain type=GENERATE
[WORKER] Meshing cx=-4 cz=-14 (persisted=0)
[WORKER] Meshing cx=-7 cz=-11 (persisted=0)
[WORKER] Mesh complete cx=-2 cz=-15 built=000002567B9AE2C0
[WORKER] Queuing result cx=-2 cz=-15 gen=2 space=superchunk_terrain built=000002567B9AE2C0 results=34/768
[WORKER] Processing job cx=15 cz=-8 gen=2 space=superchunk_terrain type=GENERATE
[WORKER] Meshing cx=-9 cz=-6 (persisted=0)
[WORKER] Meshing cx=-9 cz=-2 (persisted=0)
[WORKER] Mesh complete cx=15 cz=-2 built=000002567B9AEDD0
[WORKER] Queuing result cx=15 cz=-2 gen=2 space=superchunk_terrain built=000002567B9AEDD0 results=35/768
[WORKER] Processing job cx=-1 cz=-16 gen=2 space=superchunk_terrain type=GENERATE
[WORKER] Mesh complete cx=14 cz=-9 built=000002567B9B03F0
[WORKER] Queuing result cx=14 cz=-9 gen=2 space=superchunk_terrain built=000002567B9B03F0 results=36/768
[WORKER] Processing job cx=-6 cz=-13 gen=2 space=superchunk_terrain type=GENERATE
[WORKER] Meshing cx=-9 cz=-7 (persisted=0)
[WORKER] Meshing cx=-9 cz=-1 (persisted=0)
[WORKER] Meshing cx=15 cz=-6 (persisted=0)
[WORKER] Mesh complete cx=-4 cz=-14 built=000002567B9B2520
[WORKER] Queuing result cx=-4 cz=-14 gen=2 space=superchunk_terrain built=000002567B9B2520 results=37/768
[WORKER] Processing job cx=-5 cz=-14 gen=2 space=superchunk_terrain type=GENERATE
[WORKER] Meshing cx=-8 cz=-10 (persisted=0)
[WORKER] Meshing cx=15 cz=-1 (persisted=0)
[WORKER] Mesh complete cx=-7 cz=-11 built=000002567B9B5C70
[WORKER] Queuing result cx=-7 cz=-11 gen=2 space=superchunk_terrain built=000002567B9B5C70 results=38/768
[WORKER] Processing job cx=-7 cz=-12 gen=2 space=superchunk_terrain type=GENERATE
[WORKER] Meshing cx=15 cz=-7 (persisted=0)
[WORKER] Mesh complete cx=-9 cz=-6 built=000002567B9B6780
[WORKER] Queuing result cx=-9 cz=-6 gen=2 space=superchunk_terrain built=000002567B9B6780 results=39/768
[WORKER] Processing job cx=15 cz=-9 gen=2 space=superchunk_terrain type=GENERATE
[WORKER] Meshing cx=14 cz=-10 (persisted=0)
[WORKER] Mesh complete cx=-9 cz=-2 built=000002567B9B7DA0
[WORKER] Queuing result cx=-9 cz=-2 gen=2 space=superchunk_terrain built=000002567B9B7DA0 results=40/768
[WORKER] Processing job cx=-9 cz=-9 gen=2 space=superchunk_terrain type=GENERATE
[WORKER] Meshing cx=-9 cz=-8 (persisted=0)
[WORKER] Mesh complete cx=-9 cz=-7 built=000002567B9B0F00
[WORKER] Queuing result cx=-9 cz=-7 gen=2 space=superchunk_terrain built=000002567B9B0F00 results=41/768
[WORKER] Processing job cx=-2 cz=-16 gen=2 space=superchunk_terrain type=GENERATE
[WORKER] Mesh complete cx=-9 cz=-1 built=000002567B9BC000
[WORKER] Queuing result cx=-9 cz=-1 gen=2 space=superchunk_terrain built=000002567B9BC000 results=42/768
[WORKER] Processing job cx=-10 cz=-4 gen=2 space=superchunk_terrain type=GENERATE
[WORKER] Mesh complete cx=-8 cz=-10 built=000002567B9BB4F0
[WORKER] Queuing result cx=-8 cz=-10 gen=2 space=superchunk_terrain built=000002567B9BB4F0 results=43/768
[WORKER] Processing job cx=-10 cz=-3 gen=2 space=superchunk_terrain type=GENERATE
[WORKER] Meshing cx=-3 cz=-15 (persisted=0)
[WORKER] Mesh complete cx=15 cz=-6 built=000002567B9B9ED0
[WORKER] Queuing result cx=15 cz=-6 gen=2 space=superchunk_terrain built=000002567B9B9ED0 results=44/768
[WORKER] Processing job cx=-4 cz=-15 gen=2 space=superchunk_terrain type=GENERATE
[WORKER] Meshing cx=-5 cz=-14 (persisted=0)
[WORKER] Mesh complete cx=15 cz=-1 built=000002567B9B4650
[WORKER] Queuing result cx=15 cz=-1 gen=2 space=superchunk_terrain built=000002567B9B4650 results=45/768
[WORKER] Processing job cx=-10 cz=-5 gen=2 space=superchunk_terrain type=GENERATE
[WORKER] Mesh complete cx=15 cz=-7 built=000002567AB49EC0
[WORKER] Queuing result cx=15 cz=-7 gen=2 space=superchunk_terrain built=000002567AB49EC0 results=46/768
[WORKER] Processing job cx=-8 cz=-11 gen=2 space=superchunk_terrain type=GENERATE
[WORKER] Meshing cx=-6 cz=-13 (persisted=0)
[WORKER] Mesh complete cx=-9 cz=-8 built=000002567AB52380
[WORKER] Queuing result cx=-9 cz=-8 gen=2 space=superchunk_terrain built=000002567AB52380 results=47/768
[WORKER] Processing job cx=14 cz=-11 gen=2 space=superchunk_terrain type=GENERATE
[WORKER] Mesh complete cx=14 cz=-10 built=000002567AB51870
[WORKER] Queuing result cx=14 cz=-10 gen=2 space=superchunk_terrain built=000002567AB51870 results=48/768
[WORKER] Processing job cx=-10 cz=-6 gen=2 space=superchunk_terrain type=GENERATE
[WORKER] Meshing cx=15 cz=-8 (persisted=0)
[WORKER] Meshing cx=-7 cz=-12 (persisted=0)
[WORKER] Meshing cx=-1 cz=-16 (persisted=0)
[WORKER] Mesh complete cx=-3 cz=-15 built=000002567AB565E0
[WORKER] Queuing result cx=-3 cz=-15 gen=2 space=superchunk_terrain built=000002567AB565E0 results=49/768
[WORKER] Processing job cx=-10 cz=-2 gen=2 space=superchunk_terrain type=GENERATE
[WORKER] Mesh complete cx=-5 cz=-14 built=000002567B9AF8E0
[WORKER] Queuing result cx=-5 cz=-14 gen=2 space=superchunk_terrain built=000002567B9AF8E0 results=50/768
[WORKER] Processing job cx=-10 cz=-1 gen=2 space=superchunk_terrain type=GENERATE
[WORKER] Meshing cx=-9 cz=-9 (persisted=0)
[WORKER] Mesh complete cx=-6 cz=-13 built=000002567B9B3030
[WORKER] Queuing result cx=-6 cz=-13 gen=2 space=superchunk_terrain built=000002567B9B3030 results=51/768
[WORKER] Processing job cx=-10 cz=-7 gen=2 space=superchunk_terrain type=GENERATE
[WORKER] Meshing cx=15 cz=-9 (persisted=0)
[WORKER] Meshing cx=-10 cz=-4 (persisted=0)
[WORKER] Mesh complete cx=-7 cz=-12 built=000002567B9B3B40
[WORKER] Queuing result cx=-7 cz=-12 gen=2 space=superchunk_terrain built=000002567B9B3B40 results=52/768
[WORKER] Processing job cx=15 cz=-10 gen=2 space=superchunk_terrain type=GENERATE
[WORKER] Mesh complete cx=15 cz=-8 built=00000255438C5190
[WORKER] Queuing result cx=15 cz=-8 gen=2 space=superchunk_terrain built=00000255438C5190 results=53/768
[WORKER] Processing job cx=-3 cz=-16 gen=2 space=superchunk_terrain type=GENERATE
[WORKER] Meshing cx=-10 cz=-3 (persisted=0)
[WORKER] Meshing cx=-4 cz=-15 (persisted=0)
[WORKER] Meshing cx=-8 cz=-11 (persisted=0)
[WORKER] Meshing cx=-2 cz=-16 (persisted=0)
[WORKER] Meshing cx=-10 cz=-5 (persisted=0)
[WORKER] Mesh complete cx=-9 cz=-9 built=000002567B9B7290
[WORKER] Queuing result cx=-9 cz=-9 gen=2 space=superchunk_terrain built=000002567B9B7290 results=54/768
[WORKER] Mesh complete cx=-1 cz=-16 built=000002567B9BCB10
[WORKER] Queuing result cx=-1 cz=-16 gen=2 space=superchunk_terrain built=000002567B9BCB10 results=54/768
[WORKER] Processing job cx=-9 cz=-10 gen=2 space=superchunk_terrain type=GENERATE
[WORKER] Processing job cx=-7 cz=-13 gen=2 space=superchunk_terrain type=GENERATE
[WORKER] Meshing cx=-10 cz=-6 (persisted=0)
[WORKER] Mesh complete cx=-10 cz=-4 built=000002567AB4A9D0
[WORKER] Queuing result cx=-10 cz=-4 gen=2 space=superchunk_terrain built=000002567AB4A9D0 results=56/768
[WORKER] Processing job cx=-6 cz=-14 gen=2 space=superchunk_terrain type=GENERATE
[WORKER] Mesh complete cx=-8 cz=-11 built=0000025581315340
[WORKER] Queuing result cx=-8 cz=-11 gen=2 space=superchunk_terrain built=0000025581315340 results=57/768
[WORKER] Processing job cx=-8 cz=-12 gen=2 space=superchunk_terrain type=GENERATE
[WORKER] Meshing cx=-10 cz=-1 (persisted=0)
[WORKER] Mesh complete cx=15 cz=-9 built=000002567B9B5160
[WORKER] Queuing result cx=15 cz=-9 gen=2 space=superchunk_terrain built=000002567B9B5160 results=58/768
[WORKER] Processing job cx=14 cz=-12 gen=2 space=superchunk_terrain type=GENERATE
[WORKER] Meshing cx=14 cz=-11 (persisted=0)
[WORKER] Mesh complete cx=-10 cz=-3 built=000002567AB52E90
[WORKER] Queuing result cx=-10 cz=-3 gen=2 space=superchunk_terrain built=000002567AB52E90 results=59/768
[WORKER] Processing job cx=-5 cz=-15 gen=2 space=superchunk_terrain type=GENERATE
[WORKER] Meshing cx=-10 cz=-2 (persisted=0)
[WORKER] Mesh complete cx=-4 cz=-15 built=000002569D7391B0
[WORKER] Queuing result cx=-4 cz=-15 gen=2 space=superchunk_terrain built=000002569D7391B0 results=60/768
[WORKER] Processing job cx=-10 cz=-8 gen=2 space=superchunk_terrain type=GENERATE
[WORKER] Meshing cx=-10 cz=-7 (persisted=0)
[WORKER] Mesh complete cx=-10 cz=-5 built=000002569D73A7D0
[WORKER] Queuing result cx=-10 cz=-5 gen=2 space=superchunk_terrain built=000002569D73A7D0 results=61/768
[WORKER] Processing job cx=-9 cz=-11 gen=2 space=superchunk_terrain type=GENERATE
[WORKER] Mesh complete cx=-2 cz=-16 built=000002569D737B90
[WORKER] Queuing result cx=-2 cz=-16 gen=2 space=superchunk_terrain built=000002569D737B90 results=62/768
[WORKER] Processing job cx=15 cz=-11 gen=2 space=superchunk_terrain type=GENERATE
[RESIDENCY] TOPOLOGY mode=superchunk desired=440(P256/F180/T4) resident=87(P80/F7/T0/E0) jobs=277 results=63 primary=(0,-1) desired_sc=(0,-1) transition=0
[WORKER] Mesh complete cx=-10 cz=-6 built=000002569D740050
[WORKER] Queuing result cx=-10 cz=-6 gen=2 space=superchunk_terrain built=000002569D740050 results=63/768
[STREAM] drop stale chunk (-1,-14) got_gen=2 want_gen=3 role=1
ain type=GENERATE
[WALL] HEALTH W=17/3/1 N=17/0/0 E=17/0/0 S=17/0/0 (desired/resident/ready)
[RESIDENCY] TOPOLOGY mode=superchunk desired=440(P256/F180/T4) resident=87(P80/F7/T0/E0) jobs=352 results=62 primary=(0,-1) desired_sc=(0,-1) transition=0
[RESIDENCY] TOPOLOGY mode=superchunk desired=440(P256/F180/T4) resident=87(P80/F7/T0/E0) jobs=353 results=59 primary=(0,-1) desired_sc=(0,-1) transition=0
[WORKER] Mesh complete cx=-10 cz=-1 built=00000256C7DA9370
[WORKER] Queuing result cx=-10 cz=-1 gen=2 space=superchunk_terrain built=00000256C7DA9370 results=59/768
[WORKER] Processing job cx=-8 cz=-4 gen=5 space=superchunk_terrain type=GENERATE
[RESIDENCY] TOPOLOGY mode=superchunk desired=440(P256/F180/T4) resident=87(P80/F7/T0/E0) jobs=352 results=57 primary=(0,-1) desired_sc=(0,-1) transition=0
[WORKER] Mesh complete cx=-10 cz=-2 built=00000256C7D819B0
[WORKER] Queuing result cx=-10 cz=-2 gen=2 space=superchunk_terrain built=00000256C7D819B0 results=57/768
[WORKER] Meshing cx=-7 cz=-13 (persisted=0)
[WORKER] Meshing cx=-9 cz=-10 (persisted=0)
[WORKER] Mesh complete cx=-10 cz=-7 built=00000255439091B0
[WORKER] Queuing result cx=-10 cz=-7 gen=2 space=superchunk_terrain built=00000255439091B0 results=57/768
[WORKER] Processing job cx=-8 cz=-4 gen=6 space=superchunk_terrain type=GENERATE
[STREAM] drop stale chunk (14,-5) got_gen=2 want_gen=6 role=1
[WORKER] Processing job cx=-8 cz=-5 gen=6 space=superchunk_terrain type=GENERATE
[RESIDENCY] TOPOLOGY mode=superchunk desired=440(P256/F180/T4) resident=87(P80/F7/T0/E0) jobs=351 results=57 primary=(0,-1) desired_sc=(0,-1) transition=0
[WORKER] Mesh complete cx=14 cz=-11 built=00000256C7DA03A0
[WORKER] Queuing result cx=14 cz=-11 gen=2 space=superchunk_terrain built=00000256C7DA03A0 results=57/768
[WORKER] Processing job cx=-8 cz=-4 gen=7 space=superchunk_terrain type=GENERATE
[WORKER] Meshing cx=-3 cz=-16 (persisted=0)
[RESIDENCY] TOPOLOGY mode=superchunk desired=440(P256/F180/T4) resident=87(P80/F7/T0/E0) jobs=352 results=55 primary=(0,-1) desired_sc=(0,-1) transition=0
[WORKER] Meshing cx=15 cz=-10 (persisted=0)
[WORKER] Meshing cx=-8 cz=-12 (persisted=0)
[WORKER] Meshing cx=-5 cz=-15 (persisted=0)
[WORKER] Meshing cx=-6 cz=-14 (persisted=0)
[RESIDENCY] TOPOLOGY mode=superchunk desired=440(P256/F180/T4) resident=87(P80/F7/T0/E0) jobs=353 results=53 primary=(0,-1) desired_sc=(0,-1) transition=0
[STREAM] drop stale chunk (14,-7) got_gen=2 want_gen=9 role=1
[RESIDENCY] TOPOLOGY mode=superchunk desired=440(P256/F180/T4) resident=87(P80/F7/T0/E0) jobs=353 results=51 primary=(0,-1) desired_sc=(0,-1) transition=0
[WORKER] Meshing cx=-10 cz=-8 (persisted=0)
[RESIDENCY] TOPOLOGY mode=superchunk desired=440(P256/F180/T4) resident=87(P80/F7/T0/E0) jobs=353 results=49 primary=(0,-1) desired_sc=(0,-1) transition=0
[WORKER] Meshing cx=-9 cz=-11 (persisted=0)
[WORKER] Mesh complete cx=-7 cz=-13 built=00000256C7D92330
[WORKER] Mesh complete cx=-9 cz=-10 built=00000256C7D94F70
_terrain built=00000256C7D92330 results=49/768
[WORKER] Queuing result cx=-9 cz=-10 gen=2 space=superchunk_terrain built=00000256C7D94F70 results=49/768
[WORKER] Processing job cx=-8 cz=-5 gen=11 space=superchunk_terrain type=GENERATE
[WORKER] Processing job cx=-8 cz=-4 gen=11 space=superchunk_terrain type=GENERATE
[RESIDENCY] TOPOLOGY mode=superchunk desired=440(P256/F180/T4) resident=87(P80/F7/T0/E0) jobs=351 results=48 primary=(0,-1) desired_sc=(0,-1) transition=0
[STREAM] drop stale chunk (-8,-8) got_gen=2 want_gen=12 role=1
[RESIDENCY] TOPOLOGY mode=superchunk desired=440(P256/F180/T4) resident=87(P80/F7/T0/E0) jobs=353 results=46 primary=(0,-1) desired_sc=(0,-1) transition=0
[WORKER] Mesh complete cx=-6 cz=-14 built=00000256C7D85100
[WORKER] Queuing result cx=-6 cz=-14 gen=2 space=superchunk_terrain built=00000256C7D85100 results=46/768
[WORKER] Mesh complete cx=-8 cz=-12 built=00000256C7D90200
[WORKER] Queuing result cx=-8 cz=-12 gen=2 space=superchunk_terrain built=00000256C7D90200 results=46/768
[WORKER] Processing job cx=-8 cz=-5 gen=13 space=superchunk_terrain type=GENERATE
[RESIDENCY] TOPOLOGY mode=superchunk desired=440(P256/F180/T4) resident=87(P80/F7/T0/E0) jobs=351 results=46 primary=(0,-1) desired_sc=(0,-1) transition=0
[WORKER] Meshing cx=14 cz=-12 (persisted=0)
[WORKER] Mesh complete cx=-3 cz=-16 built=00000256C7D9C140
[WORKER] Queuing result cx=-3 cz=-16 gen=2 space=superchunk_terrain built=00000256C7D9C140 results=46/768
[WORKER] Mesh complete cx=-5 cz=-15 built=00000256C7D90D10
[WORKER] Queuing result cx=-5 cz=-15 gen=2 space=superchunk_terrain built=00000256C7D90D10 results=46/768
[WORKER] Mesh complete cx=15 cz=-10 built=00000255438C0420
[WORKER] Queuing result cx=15 cz=-10 gen=2 space=superchunk_terrain built=00000255438C0420 results=46/768
[WORKER] Processing job cx=-8 cz=-5 gen=14 space=superchunk_terrain type=GENERATE
[WORKER] Processing job cx=-8 cz=-3 gen=14 space=superchunk_terrain type=GENERATE
[RESIDENCY] TOPOLOGY mode=superchunk desired=440(P256/F180/T4) resident=87(P80/F7/T0/E0) jobs=350 results=46 primary=(0,-1) desired_sc=(0,-1) transition=0
[STREAM] drop stale chunk (14,-8) got_gen=2 want_gen=15 role=1
[WORKER] Meshing cx=-8 cz=-4 (persisted=0)
[RESIDENCY] TOPOLOGY mode=superchunk desired=440(P256/F180/T4) resident=87(P80/F7/T0/E0) jobs=353 results=43 primary=(0,-1) desired_sc=(0,-1) transition=0
[WORKER] Mesh complete cx=-10 cz=-8 built=000002558131EE20
[WORKER] Queuing result cx=-10 cz=-8 gen=2 space=superchunk_terrain built=000002558131EE20 results=43/768
[WORKER] Processing job cx=-8 cz=-4 gen=16 space=superchunk_terrain type=GENERATE
[WORKER] Mesh complete cx=-9 cz=-11 built=00000255438CB520
[WORKER] Queuing result cx=-9 cz=-11 gen=2 space=superchunk_terrain built=00000255438CB520 results=42/768
[WORKER] Processing job cx=-8 cz=-5 gen=16 space=superchunk_terrain type=GENERATE
[RESIDENCY] TOPOLOGY mode=superchunk desired=440(P256/F180/T4) resident=87(P80/F7/T0/E0) jobs=351 results=43 primary=(0,-1) desired_sc=(0,-1) transition=0
[WORKER] Meshing cx=15 cz=-11 (persisted=0)
[WORKER] Meshing cx=-8 cz=-4 (persisted=0)
[RESIDENCY] TOPOLOGY mode=superchunk desired=440(P256/F180/T4) resident=87(P80/F7/T0/E0) jobs=353 results=40 primary=(0,-1) desired_sc=(0,-1) transition=0
[WORKER] Meshing cx=-8 cz=-5 (persisted=0)
[STREAM] drop stale chunk (-4,-14) got_gen=2 want_gen=18 role=1
[RESIDENCY] TOPOLOGY mode=superchunk desired=440(P256/F180/T4) resident=87(P80/F7/T0/E0) jobs=353 results=37 primary=(0,-1) desired_sc=(0,-1) transition=0
[WORKER] Meshing cx=-8 cz=-4 (persisted=0)
[RESIDENCY] TOPOLOGY mode=superchunk desired=440(P256/F180/T4) resident=87(P80/F7/T0/E0) jobs=353 results=34 primary=(0,-1) desired_sc=(0,-1) transition=0
[WORKER] Meshing cx=-8 cz=-4 (persisted=0)
[RESIDENCY] TOPOLOGY mode=superchunk desired=440(P256/F180/T4) resident=87(P80/F7/T0/E0) jobs=353 results=31 primary=(0,-1) desired_sc=(0,-1) transition=0
[STREAM] drop stale chunk (15,-7) got_gen=2 want_gen=21 role=1
[RESIDENCY] TOPOLOGY mode=superchunk desired=440(P256/F180/T4) resident=87(P80/F7/T0/E0) jobs=353 results=30 primary=(0,-1) desired_sc=(0,-1) transition=0
[WORKER] Mesh complete cx=14 cz=-12 built=000002567B9B93C0
[WORKER] Queuing result cx=14 cz=-12 gen=2 space=superchunk_terrain built=000002567B9B93C0 results=30/768
[WORKER] Mesh complete cx=-8 cz=-4 built=000002567B9B03F0
[WORKER] Queuing result cx=-8 cz=-4 gen=3 space=superchunk_terrain built=000002567B9B03F0 results=30/768
[WORKER] Processing job cx=-8 cz=-4 gen=22 space=superchunk_terrain type=GENERATE
[RESIDENCY] TOPOLOGY mode=superchunk desired=440(P256/F180/T4) resident=87(P80/F7/T0/E0) jobs=351 results=29 primary=(0,-1) desired_sc=(0,-1) transition=0
[WORKER] Meshing cx=-8 cz=-5 (persisted=0)
[RESIDENCY] TOPOLOGY mode=superchunk desired=440(P256/F180/T4) resident=87(P80/F7/T0/E0) jobs=353 results=26 primary=(0,-1) desired_sc=(0,-1) transition=0
[WORKER] Mesh complete cx=-8 cz=-4 built=000002567AB52380
[WORKER] Queuing result cx=-8 cz=-4 gen=5 space=superchunk_terrain built=000002567AB52380 results=26/768
[WORKER] Meshing cx=-8 cz=-4 (persisted=0)
[WORKER] Mesh complete cx=15 cz=-11 built=00000256C7DA7240
[WORKER] Queuing result cx=15 cz=-11 gen=2 space=superchunk_terrain built=00000256C7DA7240 results=26/768
[WORKER] Mesh complete cx=-8 cz=-5 built=00000256C7D824C0
[WORKER] Queuing result cx=-8 cz=-5 gen=6 space=superchunk_terrain built=00000256C7D824C0 results=26/768
[STREAM] drop stale chunk (15,-8) got_gen=2 want_gen=24 role=1
rain type=GENERATE
[RESIDENCY] TOPOLOGY mode=superchunk desired=440(P256/F180/T4) resident=87(P80/F7/T0/E0) jobs=350 results=27 primary=(0,-1) desired_sc=(0,-1) transition=0
[WORKER] Meshing cx=-8 cz=-5 (persisted=0)
[RESIDENCY] TOPOLOGY mode=superchunk desired=440(P256/F180/T4) resident=87(P80/F7/T0/E0) jobs=353 results=25 primary=(0,-1) desired_sc=(0,-1) transition=0
[WORKER] Mesh complete cx=-8 cz=-4 built=000002567B9AF8E0
[WORKER] Queuing result cx=-8 cz=-4 gen=6 space=superchunk_terrain built=000002567B9AF8E0 results=25/768
[WORKER] Meshing cx=-8 cz=-4 (persisted=0)
[WORKER] Meshing cx=-8 cz=-5 (persisted=0)
[WORKER] Mesh complete cx=-8 cz=-4 built=00000256C7D8F6F0
[WORKER] Queuing result cx=-8 cz=-4 gen=7 space=superchunk_terrain built=00000256C7D8F6F0 results=25/768
[WORKER] Meshing cx=-8 cz=-4 (persisted=0)
[WORKER] Processing job cx=-8 cz=-4 gen=26 space=superchunk_terrain type=GENERATE
[RESIDENCY] TOPOLOGY mode=superchunk desired=440(P256/F180/T4) resident=87(P80/F7/T0/E0) jobs=351 results=24 primary=(0,-1) desired_sc=(0,-1) transition=0
[STREAM] drop stale chunk (-4,-15) got_gen=2 want_gen=27 role=1
[WALL] HEALTH W=17/3/1 N=17/0/0 E=17/0/0 S=17/0/0 (desired/resident/ready)
[RESIDENCY] TOPOLOGY mode=superchunk desired=440(P256/F180/T4) resident=87(P80/F7/T0/E0) jobs=353 results=22 primary=(0,-1) desired_sc=(0,-1) transition=0
[WORKER] Meshing cx=-8 cz=-3 (persisted=0)
[WORKER] Meshing cx=-8 cz=-5 (persisted=0)
[RESIDENCY] TOPOLOGY mode=superchunk desired=440(P256/F180/T4) resident=87(P80/F7/T0/E0) jobs=353 results=20 primary=(0,-1) desired_sc=(0,-1) transition=0
[WORKER] Meshing cx=-8 cz=-4 (persisted=0)
[RESIDENCY] TOPOLOGY mode=superchunk desired=440(P256/F180/T4) resident=87(P80/F7/T0/E0) jobs=353 results=17 primary=(0,-1) desired_sc=(0,-1) transition=0
[WORKER] Mesh complete cx=-8 cz=-5 built=0000025543904F50
[WORKER] Queuing result cx=-8 cz=-5 gen=11 space=superchunk_terrain built=0000025543904F50 results=17/768
[WORKER] Processing job cx=-8 cz=-4 gen=30 space=superchunk_terrain type=GENERATE
[STREAM] drop stale chunk (14,-11) got_gen=2 want_gen=30 role=1
[RESIDENCY] TOPOLOGY mode=superchunk desired=440(P256/F180/T4) resident=87(P80/F7/T0/E0) jobs=352 results=16 primary=(0,-1) desired_sc=(0,-1) transition=0
[WORKER] Mesh complete cx=-8 cz=-4 built=000002567AB493B0
[WORKER] Queuing result cx=-8 cz=-4 gen=11 space=superchunk_terrain built=000002567AB493B0 results=16/768
[WORKER] Processing job cx=-8 cz=-4 gen=31 space=superchunk_terrain type=GENERATE
[RESIDENCY] TOPOLOGY mode=superchunk desired=440(P256/F180/T4) resident=87(P80/F7/T0/E0) jobs=352 results=15 primary=(0,-1) desired_sc=(0,-1) transition=0
[WORKER] Mesh complete cx=-8 cz=-5 built=00000256C7D94F70
[WORKER] Queuing result cx=-8 cz=-5 gen=13 space=superchunk_terrain built=00000256C7D94F70 results=15/768
[WORKER] Processing job cx=-8 cz=-4 gen=32 space=superchunk_terrain type=GENERATE
[RESIDENCY] TOPOLOGY mode=superchunk desired=440(P256/F180/T4) resident=87(P80/F7/T0/E0) jobs=352 results=13 primary=(0,-1) desired_sc=(0,-1) transition=0
[WORKER] Mesh complete cx=-8 cz=-4 built=000002567AB539A0
[WORKER] Queuing result cx=-8 cz=-4 gen=14 space=superchunk_terrain built=000002567AB539A0 results=13/768
[WORKER] Mesh complete cx=-8 cz=-5 built=00000256C7D9D760
[WORKER] Queuing result cx=-8 cz=-5 gen=14 space=superchunk_terrain built=00000256C7D9D760 results=13/768
[WORKER] Mesh complete cx=-8 cz=-4 built=00000256C7DA5110
[WORKER] Queuing result cx=-8 cz=-4 gen=13 space=superchunk_terrain built=00000256C7DA5110 results=13/768
[WORKER] Processing job cx=-8 cz=-4 gen=33 space=superchunk_terr[WORKER] Processing job cx=-8 cz=-3 gen=33 space=superchunk_terrain type=GENERATE
[WORKER] Meshing cx=-8 cz=-5 (persisted=0)
[WORKER] Mesh complete cx=-8 cz=-5 built=00000255438CE160
[WORKER] Queuing result cx=-8 cz=-5 gen=16 space=superchunk_terrain built=00000255438CE160 results=14/768
[WORKER] Processing job cx=-8 cz=-2 gen=33 space=superchunk_terrain type=GENERATE
[WORKER] Mesh complete cx=-8 cz=-3 built=000002567B9B4650
[WORKER] Queuing result cx=-8 cz=-3 gen=14 space=superchunk_terrain built=000002567B9B4650 results=15/768
[WORKER] Processing job cx=-8 cz=-6 gen=33 space=superchunk_terrain type=GENERATE
[WORKER] Meshing cx=-8 cz=-4 (persisted=0)
[WORKER] Mesh complete cx=-8 cz=-4 built=000002567B9AEDD0
[WORKER] Queuing result cx=-8 cz=-4 gen=16 space=superchunk_terrain built=000002567B9AEDD0 results=16/768
[WORKER] Processing job cx=-8 cz=-7 gen=33 space=superchunk_terrain type=GENERATE
[WORKER] Meshing cx=-8 cz=-5 (persisted=0)
[WORKER] Meshing cx=-8 cz=-4 (persisted=0)
[WORKER] Meshing cx=-8 cz=-3 (persisted=0)
[WORKER] Meshing cx=-8 cz=-5 (persisted=0)
[WORKER] Meshing cx=-8 cz=-4 (persisted=0)
[WORKER] Mesh complete cx=-8 cz=-5 built=000002567B9AE2C0
[WORKER] Queuing result cx=-8 cz=-5 gen=22 space=superchunk_terrain built=000002567B9AE2C0 results=17/768
[WORKER] Processing job cx=-8 cz=-1 gen=33 space=superchunk_terrain type=GENERATE
[WORKER] Mesh complete cx=-8 cz=-4 built=000002567B9B5160
[WORKER] Queuing result cx=-8 cz=-4 gen=22 space=superchunk_terrain built=000002567B9B5160 results=18/768
[WORKER] Processing job cx=-7 cz=-9 gen=33 space=superchunk_terrain type=GENERATE
[WORKER] Mesh complete cx=-8 cz=-5 built=000002567B9B6780
[WORKER] Queuing result cx=-8 cz=-5 gen=24 space=superchunk_terrain built=000002567B9B6780 results=19/768
[WORKER] Processing job cx=-8 cz=-8 gen=33 space=superchunk_terrain type=GENERATE
[WORKER] Mesh complete cx=-8 cz=-4 built=000002567B9B9ED0
[WORKER] Queuing result cx=-8 cz=-4 gen=24 space=superchunk_terrain built=000002567B9B9ED0 results=20/768
[WORKER] Processing job cx=-9 cz=-4 gen=33 space=superchunk_terrain type=GENERATE
[WORKER] Meshing cx=-8 cz=-4 (persisted=0)
[WORKER] Mesh complete cx=-8 cz=-5 built=000002567B9B7DA0
[WORKER] Queuing result cx=-8 cz=-5 gen=26 space=superchunk_terrain built=000002567B9B7DA0 results=21/768
[WORKER] Processing job cx=-9 cz=-3 gen=33 space=superchunk_terrain type=GENERATE
[WORKER] Mesh complete cx=-8 cz=-3 built=000002567B9BB4F0
[WORKER] Queuing result cx=-8 cz=-3 gen=24 space=superchunk_terrain built=000002567B9BB4F0 results=22/768
[WORKER] Processing job cx=-9 cz=-5 gen=33 space=superchunk_terrain type=GENERATE
[WORKER] Meshing cx=-8 cz=-4 (persisted=0)
[WORKER] Meshing cx=-8 cz=-4 (persisted=0)
[WORKER] Mesh complete cx=-8 cz=-4 built=000002567B9BC000
[WORKER] Queuing result cx=-8 cz=-4 gen=26 space=superchunk_terrain built=000002567B9BC000 results=23/768
[WORKER] Processing job cx=-9 cz=-2 gen=33 space=superchunk_terrain type=GENERATE
[WORKER] Meshing cx=-8 cz=-5 (persisted=0)
[WORKER] Meshing cx=-8 cz=-6 (persisted=0)
[WORKER] Meshing cx=-8 cz=-4 (persisted=0)
[WORKER] Meshing cx=-8 cz=-7 (persisted=0)
[WORKER] Meshing cx=-8 cz=-3 (persisted=0)
[WORKER] Meshing cx=-8 cz=-2 (persisted=0)
[WORKER] Mesh complete cx=-8 cz=-4 built=000002567B9B0F00
[WORKER] Queuing result cx=-8 cz=-4 gen=30 space=superchunk_terrain built=000002567B9B0F00 results=24/768
[WORKER] Processing job cx=-9 cz=-6 gen=33 space=superchunk_terrain type=GENERATE
[WORKER] Mesh complete cx=-8 cz=-4 built=000002567B9B2520
[WORKER] Queuing result cx=-8 cz=-4 gen=31 space=superchunk_terrain built=000002567B9B2520 results=25/768
[WORKER] Processing job cx=-7 cz=-10 gen=33 space=superchunk_terrain type=GENERATE
[WORKER] Mesh complete cx=-8 cz=-5 built=000002567AB47D90
[WORKER] Queuing result cx=-8 cz=-4 gen=32 space=superchunk_terrain built=000002567AB49EC0 results=26/768
[WORKER] Queuing result cx=-8 cz=-5 gen=33 space=superchunk_terrain built=000002567AB47D90 results=26/768
[WORKER] Processing job cx=-6 cz=-11 gen=33 space=superchunk_terrain type=GENERATE
[WORKER] Processing job cx=-8 cz=-9 gen=33 space=superchunk_terrain type=GENERATE
[WORKER] Meshing cx=-7 cz=-9 (persisted=0)
[WORKER] Mesh complete cx=-8 cz=-6 built=000002567AB4BFF0
[WORKER] Queuing result cx=-8 cz=-6 gen=33 space=superchunk_terrain built=000002567AB4BFF0 results=28/768
[WORKER] Processing job cx=-5 cz=-12 gen=33 space=superchunk_terrain type=GENERATE
[WORKER] Mesh complete cx=-8 cz=-4 built=000002567AB4D610
[WORKER] Queuing result cx=-8 cz=-4 gen=33 space=superchunk_terrain built=000002567AB4D610 results=29/768
[WORKER] Processing job cx=-9 cz=-1 gen=33 space=superchunk_terrain type=GENERATE
[WORKER] Mesh complete cx=-8 cz=-7 built=000002567AB4E120
[WORKER] Queuing result cx=-8 cz=-7 gen=33 space=superchunk_terrain built=000002567AB4E120 results=30/768
[WORKER] Processing job cx=-9 cz=-7 gen=33 space=superchunk_terrain type=GENERATE
[WORKER] Meshing cx=-8 cz=-1 (persisted=0)
[WORKER] Meshing cx=-8 cz=-8 (persisted=0)
[WORKER] Mesh complete cx=-8 cz=-3 built=000002567AB50D60
[WORKER] Queuing result cx=-8 cz=-3 gen=33 space=superchunk_terrain built=000002567AB50D60 results=31/768
[WORKER] Processing job cx=-9 cz=-8 gen=33 space=superchunk_terrain type=GENERATE
[WORKER] Mesh complete cx=-8 cz=-2 built=000002567AB50250
[WORKER] Queuing result cx=-8 cz=-2 gen=33 space=superchunk_terrain built=000002567AB50250 results=32/768
[WORKER] Processing job cx=-4 cz=-13 gen=33 space=superchunk_terrain type=GENERATE
[WORKER] Meshing cx=-9 cz=-4 (persisted=0)
[WORKER] Meshing cx=-9 cz=-5 (persisted=0)
[WORKER] Meshing cx=-9 cz=-3 (persisted=0)
[WORKER] Meshing cx=-9 cz=-2 (persisted=0)
[WORKER] Mesh complete cx=-7 cz=-9 built=000002567AB4F740
[WORKER] Queuing result cx=-7 cz=-9 gen=33 space=superchunk_terrain built=000002567AB4F740 results=33/768
[WORKER] Processing job cx=-7 cz=-11 gen=33 space=superchunk_terrain type=GENERATE
[WORKER] Mesh complete cx=-8 cz=-8 built=000002567AB52E90
[WORKER] Queuing result cx=-8 cz=-8 gen=33 space=superchunk_terrain built=000002567AB52E90 results=34/768
[WORKER] Processing job cx=-8 cz=-10 gen=33 space=superchunk_terrain type=GENERATE
[WORKER] Mesh complete cx=-8 cz=-1 built=000002567AB54FC0
[WORKER] Queuing result cx=-8 cz=-1 gen=33 space=superchunk_terrain built=000002567AB54FC0 results=35/768
[WORKER] Processing job cx=-6 cz=-12 gen=33 space=superchunk_terrain type=GENERATE
[WORKER] Mesh complete cx=-9 cz=-4 built=00000256C7D989F0
[WORKER] Queuing result cx=-9 cz=-4 gen=33 space=superchunk_terrain built=00000256C7D989F0 results=36/768
[WORKER] Processing job cx=-10 cz=-4 gen=33 space=superchunk_terrain type=GENERATE
[WORKER] Meshing cx=-9 cz=-6 (persisted=0)
[WORKER] Meshing cx=-7 cz=-10 (persisted=0)
[WORKER] Mesh complete cx=-9 cz=-5 built=00000256C7D9A010
[WORKER] Queuing result cx=-9 cz=-5 gen=33 space=superchunk_terrain built=00000256C7D9A010 results=37/768
[WORKER] Processing job cx=-10 cz=-5 gen=33 space=superchunk_terrain type=GENERATE
[WORKER] Meshing cx=-4 cz=-13 (persisted=0)
[WORKER] Meshing cx=-6 cz=-11 (persisted=0)
[WORKER] Meshing cx=-8 cz=-9 (persisted=0)
[WORKER] Mesh complete cx=-9 cz=-3 built=00000256C7D9AB20
[WORKER] Queuing result cx=-9 cz=-3 gen=33 space=superchunk_terrain built=00000256C7D9AB20 results=38/768
[WORKER] Processing job cx=-10 cz=-3 gen=33 space=superchunk_terrain type=GENERATE
[WORKER] Meshing cx=-5 cz=-12 (persisted=0)
[WORKER] Mesh complete cx=-9 cz=-2 built=00000256C7D9CC50
[WORKER] Queuing result cx=-9 cz=-2 gen=33 space=superchunk_terrain built=00000256C7D9CC50 results=39/768
[WORKER] Processing job cx=-1 cz=-14 gen=33 space=superchunk_terrain type=GENERATE
[WORKER] Meshing cx=-9 cz=-7 (persisted=0)
[WORKER] Meshing cx=-9 cz=-1 (persisted=0)
[WORKER] Meshing cx=-9 cz=-8 (persisted=0)
[WORKER] Mesh complete cx=-7 cz=-10 built=00000256C7D9B630
[WORKER] Queuing result cx=-7 cz=-10 gen=33 space=superchunk_terrain built=00000256C7D9B630 results=40/768
[WORKER] Processing job cx=-10 cz=-2 gen=33 space=superchunk_terrain type=GENERATE
[WORKER] Mesh complete cx=-9 cz=-6 built=00000256C7D9C140
[WORKER] Queuing result cx=-9 cz=-6 gen=33 space=superchunk_terrain built=00000256C7D9C140 results=41/768
[WORKER] Processing job cx=-2 cz=-14 gen=33 space=superchunk_terrain type=GENERATE
[WORKER] Meshing cx=-7 cz=-11 (persisted=0)
[WORKER] Mesh complete cx=-4 cz=-13 built=00000256C7DA24D0
[WORKER] Queuing result cx=-4 cz=-13 gen=33 space=superchunk_terrain built=00000256C7DA24D0 results=42/768
[WORKER] Processing job cx=-10 cz=-6 gen=33 space=superchunk_terrain type=GENERATE
[WORKER] Mesh complete cx=-6 cz=-11 built=00000256C7DA2FE0
[WORKER] Queuing result cx=-6 cz=-11 gen=33 space=superchunk_terrain built=00000256C7DA2FE0 results=43/768
[WORKER] Processing job cx=-5 cz=-13 gen=33 space=superchunk_terrain type=GENERATE
[WORKER] Mesh complete cx=-8 cz=-9 built=00000256C7DA3AF0
[WORKER] Queuing result cx=-8 cz=-9 gen=33 space=superchunk_terrain built=00000256C7DA3AF0 results=44/768
[WORKER] Processing job cx=-9 cz=-9 gen=33 space=superchunk_terrain type=GENERATE
[WORKER] Mesh complete cx=-5 cz=-12 built=00000256C7DA4600
[WORKER] Queuing result cx=-5 cz=-12 gen=33 space=superchunk_terrain built=00000256C7DA4600 results=45/768
[WORKER] Processing job cx=-10 cz=-7 gen=33 space=superchunk_terrain type=GENERATE
[WORKER] Meshing cx=-6 cz=-12 (persisted=0)
[WORKER] Mesh complete cx=-9 cz=-7 built=00000256C7DA5C20
[WORKER] Queuing result cx=-9 cz=-7 gen=33 space=superchunk_terrain built=00000256C7DA5C20 results=46/768
[WORKER] Processing job cx=-10 cz=-1 gen=33 space=superchunk_terrain type=GENERATE
[WORKER] Meshing cx=-8 cz=-10 (persisted=0)
[WORKER] Mesh complete cx=-9 cz=-8 built=00000256C7DA6730
[WORKER] Queuing result cx=-9 cz=-8 gen=33 space=superchunk_terrain built=00000256C7DA6730 results=47/768
[WORKER] Processing job cx=-3 cz=-14 gen=33 space=superchunk_terrain type=GENERATE
[WORKER] Mesh complete cx=-9 cz=-1 built=00000256C7DAA990
[WORKER] Queuing result cx=-9 cz=-1 gen=33 space=superchunk_terrain built=00000256C7DAA990 results=48/768
[WORKER] Processing job cx=-7 cz=-12 gen=33 space=superchunk_terrain type=GENERATE
[WORKER] Meshing cx=-10 cz=-4 (persisted=0)
[WORKER] Meshing cx=-10 cz=-5 (persisted=0)
