=== NQL SDK Session Debug Log ===
started_local=2026-04-11 03:45:55.538
world_id=world_debuglog_20260411_e
world_dir=WorldSaves\world_debuglog_20260411_e
trace_jsonl=DebugRuns\live_world_creation_20260411_034555.jsonl
---
[TRACE] ms=0 event=trace_reset detail=headless_session_start frontend=0 session=0 worldgen_active=0 stage=0
[TRACE] ms=0 event=headless_session_enter detail=sdk_session_start_headless frontend=0 session=0 worldgen_active=0 stage=0
[SHARED_CACHE] Initialized global worldgen cache
[TRACE] ms=32 event=bind_world frontend=0 session=0 worldgen_active=0 stage=0
[TRACE] ms=32 event=headless_world_created detail=world_debuglog_20260411_e frontend=0 session=0 worldgen_active=0 stage=0
[TRACE] ms=32 event=bind_world frontend=0 session=0 worldgen_active=0 stage=0
[TRACE] ms=32 event=headless_meta_loaded detail=world_debuglog_20260411_e frontend=0 session=0 worldgen_active=0 stage=0
[HEADLESS] begin world=world_debuglog_20260411_e stop_at=gpu_ready safety_radius=1 max_iterations=1 create_if_missing=1
[HEADLESS] target world_dir=WorldSaves\world_debuglog_20260411_e save_path=WorldSaves\world_debuglog_20260411_e\save.json
[HEADLESS] meta seed=24680 render_distance=4 spawn_mode=2 settlements=1 construction_cells=0 superchunks=1 walls=1 detached=1 wall_grid=18 offsets=(0,0)
[STREAMER] Initializing with 16 worker threads
[HEADLESS] spawn pos=(11152.500,250.000,-181.500) chunk=(174,-3) persisted_state=0
[WORKER] Processing job cx=174 cz=-4 gen=2 type=GENERATE
[WORKER] Processing job cx=173 cz=-2 gen=2 type=GENERATE
[WORKER] Processing job cx=174 cz=-5 gen=2 type=GENERATE
[WORKER] Processing job cx=173 cz=-3 gen=2 type=GENERATE
[WORKER] Processing job cx=175 cz=-3 gen=2 type=GENERATE
[WORKER] Processing job cx=174 cz=-1 gen=2 type=GENERATE
[WORKER] Processing job cx=176 cz=-3 gen=2 type=GENERATE
[WORKER] Processing job cx=173 cz=-4 gen=2 type=GENERATE
[TRACE] ms=10563 event=headless_iteration_readiness detail=headless bootstrap iteration frontend=0 session=0 worldgen_active=0 stage=0 desired=9 resident=0 gpu_ready=0 jobs=23 results=0 uploads=0
[WORKER] Processing job cx=172 cz=-3 gen=2 type=GENERATE
[WORKER] Processing job cx=172 cz=-4 gen=2 type=GENERATE
[WORKER] Processing job cx=176 cz=-4 gen=2 type=GENERATE
[WORKER] Processing job cx=172 cz=-2 gen=2 type=GENERATE
[HEADLESS] result success=0 failure="startup readiness not reached before iteration cap" iterations=1 desired=9 resident=0 gpu_ready=0 jobs=23 results=0 uploads=0 elapsed_ms=10594
[TRACE] ms=10594 event=headless_session_failure detail=startup readiness not reached before iteration cap frontend=0 session=0 worldgen_active=0 stage=0 desired=9 resident=0 gpu_ready=0 jobs=23 results=0 uploads=0
[WORKER] Meshing cx=176 cz=-3 (persisted=0)
[STREAM] waiting for worker shutdown elapsed=2000ms active_workers=16 pending_jobs=0 pending_results=0
[WORKER] Meshing cx=172 cz=-2 (persisted=0)
[WORKER] Meshing cx=174 cz=-1 (persisted=0)
[WORKER] Meshing cx=175 cz=-4 (persisted=0)
[WORKER] Meshing cx=174 cz=-5 (persisted=0)
[WORKER] Meshing cx=174 cz=-3 (persisted=0)
[WORKER] Meshing cx=173 cz=-2 (persisted=0)
[WORKER] Meshing cx=172 cz=-3 (persisted=0)
[WORKER] Meshing cx=172 cz=-4 (persisted=0)
[WORKER] Meshing cx=174 cz=-4 (persisted=0)
[WORKER] Meshing cx=173 cz=-4 (persisted=0)
[WORKER] Meshing cx=175 cz=-2 (persisted=0)
[WORKER] Meshing cx=175 cz=-3 (persisted=0)
[WORKER] Meshing cx=173 cz=-3 (persisted=0)
[WORKER] Meshing cx=174 cz=-2 (persisted=0)
[WORKER] Meshing cx=176 cz=-4 (persisted=0)
[STREAM] waiting for worker shutdown elapsed=3000ms active_workers=16 pending_jobs=0 pending_results=0
[WORKER] Mesh complete cx=176 cz=-3 built=0000014B29D2AE80
[WORKER] Queuing result cx=176 cz=-3 gen=2 built=0000014B29D2AE80 results=0/768
[WORKER] Mesh complete cx=172 cz=-2 built=0000014B29D2AE80
[WORKER] Queuing result cx=172 cz=-2 gen=2 built=0000014B29D2AE80 results=0/768
[WORKER] Mesh complete cx=174 cz=-1 built=0000014B29D2AE80
[WORKER] Queuing result cx=174 cz=-1 gen=2 built=0000014B29D2AE80 results=0/768
[WORKER] Mesh complete cx=175 cz=-4 built=0000014B29D2AE80
[WORKER] Queuing result cx=175 cz=-4 gen=2 built=0000014B29D2AE80 results=0/768
[WORKER] Mesh complete cx=174 cz=-3 built=0000014B29D2AE80
[WORKER] Queuing result cx=174 cz=-3 gen=2 built=0000014B29D2AE80 results=0/768
[WORKER] Mesh complete cx=174 cz=-5 built=0000014B29D2AE80
[WORKER] Queuing result cx=174 cz=-5 gen=2 built=0000014B29D2AE80 results=0/768
[WORKER] Mesh complete cx=174 cz=-4 built=0000014B29D2AE80
[WORKER] Queuing result cx=174 cz=-4 gen=2 built=0000014B29D2AE80 results=0/768
[WORKER] Mesh complete cx=175 cz=-3 built=0000014B29D2AE80
[WORKER] Queuing result cx=175 cz=-3 gen=2 built=0000014B29D2AE80 results=0/768
[WORKER] Mesh complete cx=175 cz=-2 built=0000014B2A0B10C0
[WORKER] Queuing result cx=175 cz=-2 gen=2 built=0000014B2A0B10C0 results=1/768
[WORKER] Mesh complete cx=174 cz=-2 built=0000014B29F310C0
[WORKER] Mesh complete cx=172 cz=-4 built=0000014B29D2AE80
[WORKER] Queuing result cx=174 cz=-2 gen=2 built=0000014B29F310C0 results=0/768
[WORKER] Queuing result cx=172 cz=-4 gen=2 built=0000014B29D2AE80 results=0/768
[WORKER] Mesh complete cx=172 cz=-3 built=0000014B2A0B10C0
[WORKER] Queuing result cx=172 cz=-3 gen=2 built=0000014B2A0B10C0 results=2/768
[WORKER] Mesh complete cx=173 cz=-4 built=0000014B2392C6B0
[WORKER] Queuing result cx=173 cz=-4 gen=2 built=0000014B2392C6B0 results=3/768
[WORKER] Mesh complete cx=173 cz=-2 built=0000014B2A133780
[WORKER] Queuing result cx=173 cz=-2 gen=2 built=0000014B2A133780 results=4/768
[WORKER] Mesh complete cx=173 cz=-3 built=0000014B2A134240
[WORKER] Queuing result cx=173 cz=-3 gen=2 built=0000014B2A134240 results=5/768
[STREAM] waiting for worker shutdown elapsed=4000ms active_workers=1 pending_jobs=0 pending_results=0
[WORKER] Mesh complete cx=176 cz=-4 built=0000014B29D2AE80
[WORKER] Queuing result cx=176 cz=-4 gen=2 built=0000014B29D2AE80 results=0/768
[SHARED_CACHE] Shutdown - Continental hits: 20408600 misses: 16, Macro hits: 741305 misses: 88, Region hits: 1295071 misses: 113
