=== NQL SDK Session Debug Log ===
started_local=2026-04-13 00:31:53.817
world_id=world_024
world_dir=WorldSaves\world_024
trace_jsonl=DebugRuns\live_world_creation_20260413_003153.jsonl
---
[TRACE] ms=0 event=trace_reset detail=world_create_menu_activate frontend=18 session=0 worldgen_active=0 stage=0
[TRACE] ms=0 event=world_create_enter_pressed detail=world create menu activate frontend=18 session=0 worldgen_active=0 stage=0
[TRACE] ms=0 event=bind_world frontend=18 session=0 worldgen_active=0 stage=0
[TRACE] ms=0 event=world_create_meta_written detail=WorldSaves\world_024\meta.txt frontend=18 session=0 worldgen_active=0 stage=0
[TRACE] ms=0 event=bind_world frontend=18 session=0 worldgen_active=0 stage=0
[TRACE] ms=0 event=world_create_menu_success detail=world_024 frontend=18 session=0 worldgen_active=0 stage=0
[TRACE] ms=0 event=bind_world frontend=18 session=0 worldgen_active=0 stage=0
[TRACE] ms=16 event=begin_async_world_session_load detail=world_024 frontend=18 session=0 worldgen_active=0 stage=0
[TRACE] ms=16 event=async_world_session_load_ready detail=Starting world session... frontend=20 session=0 worldgen_active=1 stage=2
[TRACE] ms=16 event=update_async_world_generation_stage detail=Starting world session... frontend=20 session=0 worldgen_active=1 stage=2
[TRACE] ms=16 event=start_world_session_begin detail=world_024 frontend=20 session=0 worldgen_active=1 stage=2
[TRACE] ms=16 event=bind_world frontend=20 session=0 worldgen_active=1 stage=2
[TRACE] ms=16 event=start_world_session_enter detail=world_024 frontend=20 session=0 worldgen_active=1 stage=2
[TRACE] ms=16 event=gen_stage_begin detail=Opening world save frontend=20 session=0 worldgen_active=1 stage=2
[TRACE] ms=16 event=world_generation_session_step detail=Opening world save... frontend=20 session=0 worldgen_active=1 stage=2
[TRACE] ms=16 event=gen_stage_end detail=Opening world save frontend=20 session=0 worldgen_active=1 stage=2
[TRACE] ms=16 event=gen_stage_begin detail=Initializing world generator frontend=20 session=0 worldgen_active=1 stage=2
[TRACE] ms=16 event=world_generation_session_step detail=Initializing world generator... frontend=20 session=0 worldgen_active=1 stage=2
[TRACE] ms=32 event=gen_stage_end detail=Initializing world generator frontend=20 session=0 worldgen_active=1 stage=2
[TRACE] ms=32 event=gen_stage_begin detail=Preparing world systems frontend=20 session=0 worldgen_active=1 stage=2
[TRACE] ms=32 event=world_generation_session_step detail=Preparing world systems... frontend=20 session=0 worldgen_active=1 stage=2
[TRACE] ms=78 event=gen_stage_end detail=Preparing world systems frontend=20 session=0 worldgen_active=1 stage=2
[TRACE] ms=78 event=gen_stage_begin detail=Loading station state frontend=20 session=0 worldgen_active=1 stage=2
[TRACE] ms=78 event=world_generation_session_step detail=Loading station state... frontend=20 session=0 worldgen_active=1 stage=2
[TRACE] ms=78 event=gen_stage_end detail=Loading station state frontend=20 session=0 worldgen_active=1 stage=2
[TRACE] ms=78 event=gen_stage_begin detail=Preparing chunk systems frontend=20 session=0 worldgen_active=1 stage=2
[TRACE] ms=78 event=world_generation_session_step detail=Preparing chunk systems... frontend=20 session=0 worldgen_active=1 stage=2
[STREAMER] Initializing with 16 worker threads
[TRACE] ms=110 event=gen_stage_end detail=Preparing chunk systems frontend=20 session=0 worldgen_active=1 stage=2
[TRACE] ms=110 event=gen_stage_begin detail=Initializing entities frontend=20 session=0 worldgen_active=1 stage=2
[TRACE] ms=110 event=world_generation_session_step detail=Initializing entities... frontend=20 session=0 worldgen_active=1 stage=2
[TRACE] ms=110 event=gen_stage_end detail=Initializing entities frontend=20 session=0 worldgen_active=1 stage=2
[TRACE] ms=110 event=gen_stage_begin detail=Restoring world state frontend=20 session=0 worldgen_active=1 stage=2
[TRACE] ms=110 event=world_generation_session_step detail=Restoring world state... frontend=20 session=0 worldgen_active=1 stage=2
[TRACE] ms=110 event=world_generation_session_step detail=Choosing random spawn... frontend=20 session=0 worldgen_active=1 stage=2
[TRACE] ms=703 event=gen_stage_end detail=Restoring world state frontend=20 session=0 worldgen_active=1 stage=2
[TRACE] ms=703 event=gen_stage_begin detail=Planning visible chunks frontend=20 session=0 worldgen_active=1 stage=2
[TRACE] ms=703 event=world_generation_session_step detail=Planning visible chunks... frontend=20 session=0 worldgen_active=1 stage=2
[TRACE] ms=719 event=gen_stage_end detail=Planning visible chunks frontend=20 session=0 worldgen_active=1 stage=2
[TRACE] ms=719 event=gen_stage_begin detail=Loading nearby chunks frontend=20 session=0 worldgen_active=1 stage=2
[TRACE] ms=719 event=world_generation_session_step detail=Loading nearby chunks... frontend=20 session=0 worldgen_active=1 stage=2
[BOOTSTRAP] sync_target_total=9 safety_radius=1
[TRACE] ms=719 event=world_generation_session_step detail=Loading nearby terrain 9/0/0 frontend=20 session=0 worldgen_active=1 stage=2
[WORKER] Processing job cx=-3 cz=-4 gen=1 space=global_chunk type=GENERATE
[WORKER] Processing job cx=-3 cz=-5 gen=1 space=global_chunk type=GENERATE
[WORKER] Processing job cx=-2 cz=-3 gen=1 space=global_chunk type=GENERATE
[WORKER] Processing job cx=-2 cz=-4 gen=1 space=global_chunk type=GENERATE
[WORKER] Processing job cx=-3 cz=-3 gen=1 space=global_chunk type=GENERATE
[WORKER] Processing job cx=0 cz=-4 gen=1 space=global_chunk type=GENERATE
[WORKER] Processing job cx=-2 cz=-5 gen=1 space=global_chunk type=GENERATE
[TRACE] ms=719 event=world_generation_session_step detail=Loading nearby terrain 9/0/0 W0 frontend=20 session=0 worldgen_active=1 stage=2
[WORKER] Processing job cx=-2 cz=-2 gen=1 space=global_chunk type=GENERATE
[WORKER] Processing job cx=-1 cz=-5 gen=1 space=global_chunk type=GENERATE
[WORKER] Processing job cx=-1 cz=-4 gen=1 space=global_chunk type=GENERATE
[WORKER] Processing job cx=-1 cz=-3 gen=1 space=global_chunk type=GENERATE
[TRACE] ms=735 event=world_generation_session_step detail=Loading nearby terrain 9/0/0 W11 frontend=20 session=0 worldgen_active=1 stage=2
