=== NQL SDK Session Debug Log ===
started_local=2026-04-12 15:43:27.814
world_id=world_045
world_dir=WorldSaves\world_045
trace_jsonl=DebugRuns\live_world_creation_20260412_154327.jsonl
---
[TRACE] ms=0 event=trace_reset detail=world_create_menu_activate frontend=18 session=0 worldgen_active=0 stage=0
[TRACE] ms=0 event=world_create_enter_pressed detail=world create menu activate frontend=18 session=0 worldgen_active=0 stage=0
[TRACE] ms=0 event=bind_world frontend=18 session=0 worldgen_active=0 stage=0
[TRACE] ms=0 event=world_create_meta_written detail=WorldSaves\world_045\meta.txt frontend=18 session=0 worldgen_active=0 stage=0
[TRACE] ms=0 event=bind_world frontend=18 session=0 worldgen_active=0 stage=0
[TRACE] ms=0 event=world_create_menu_success detail=world_045 frontend=18 session=0 worldgen_active=0 stage=0
[TRACE] ms=0 event=bind_world frontend=18 session=0 worldgen_active=0 stage=0
[TRACE] ms=0 event=begin_async_world_session_load detail=world_045 frontend=18 session=0 worldgen_active=0 stage=0
[TRACE] ms=0 event=async_world_session_load_ready detail=Starting world session... frontend=20 session=0 worldgen_active=1 stage=2
[TRACE] ms=0 event=update_async_world_generation_stage detail=Starting world session... frontend=20 session=0 worldgen_active=1 stage=2
[TRACE] ms=0 event=start_world_session_begin detail=world_045 frontend=20 session=0 worldgen_active=1 stage=2
[TRACE] ms=0 event=bind_world frontend=20 session=0 worldgen_active=1 stage=2
[TRACE] ms=0 event=start_world_session_enter detail=world_045 frontend=20 session=0 worldgen_active=1 stage=2
[TRACE] ms=0 event=gen_stage_begin detail=Opening world save frontend=20 session=0 worldgen_active=1 stage=2
[TRACE] ms=0 event=world_generation_session_step detail=Opening world save... frontend=20 session=0 worldgen_active=1 stage=2
[TRACE] ms=16 event=gen_stage_end detail=Opening world save frontend=20 session=0 worldgen_active=1 stage=2
[TRACE] ms=16 event=gen_stage_begin detail=Initializing world generator frontend=20 session=0 worldgen_active=1 stage=2
[TRACE] ms=16 event=world_generation_session_step detail=Initializing world generator... frontend=20 session=0 worldgen_active=1 stage=2
[TRACE] ms=31 event=gen_stage_end detail=Initializing world generator frontend=20 session=0 worldgen_active=1 stage=2
[TRACE] ms=31 event=gen_stage_begin detail=Preparing world systems frontend=20 session=0 worldgen_active=1 stage=2
[TRACE] ms=31 event=world_generation_session_step detail=Preparing world systems... frontend=20 session=0 worldgen_active=1 stage=2
[TRACE] ms=78 event=gen_stage_end detail=Preparing world systems frontend=20 session=0 worldgen_active=1 stage=2
[TRACE] ms=78 event=gen_stage_begin detail=Loading station state frontend=20 session=0 worldgen_active=1 stage=2
[TRACE] ms=78 event=world_generation_session_step detail=Loading station state... frontend=20 session=0 worldgen_active=1 stage=2
[TRACE] ms=78 event=gen_stage_end detail=Loading station state frontend=20 session=0 worldgen_active=1 stage=2
[TRACE] ms=78 event=gen_stage_begin detail=Preparing chunk systems frontend=20 session=0 worldgen_active=1 stage=2
[TRACE] ms=78 event=world_generation_session_step detail=Preparing chunk systems... frontend=20 session=0 worldgen_active=1 stage=2
[STREAMER] Initializing with 16 worker threads
[TRACE] ms=109 event=gen_stage_end detail=Preparing chunk systems frontend=20 session=0 worldgen_active=1 stage=2
[TRACE] ms=109 event=gen_stage_begin detail=Initializing entities frontend=20 session=0 worldgen_active=1 stage=2
[TRACE] ms=109 event=world_generation_session_step detail=Initializing entities... frontend=20 session=0 worldgen_active=1 stage=2
[TRACE] ms=109 event=gen_stage_end detail=Initializing entities frontend=20 session=0 worldgen_active=1 stage=2
[TRACE] ms=109 event=gen_stage_begin detail=Restoring world state frontend=20 session=0 worldgen_active=1 stage=2
[TRACE] ms=109 event=world_generation_session_step detail=Restoring world state... frontend=20 session=0 worldgen_active=1 stage=2
[TRACE] ms=109 event=world_generation_session_step detail=Choosing random spawn... frontend=20 session=0 worldgen_active=1 stage=2
[TRACE] ms=750 event=gen_stage_end detail=Restoring world state frontend=20 session=0 worldgen_active=1 stage=2
[TRACE] ms=750 event=gen_stage_begin detail=Planning visible chunks frontend=20 session=0 worldgen_active=1 stage=2
[TRACE] ms=750 event=world_generation_session_step detail=Planning visible chunks... frontend=20 session=0 worldgen_active=1 stage=2
[TRACE] ms=750 event=gen_stage_end detail=Planning visible chunks frontend=20 session=0 worldgen_active=1 stage=2
[TRACE] ms=750 event=gen_stage_begin detail=Loading nearby chunks frontend=20 session=0 worldgen_active=1 stage=2
[TRACE] ms=750 event=world_generation_session_step detail=Loading nearby chunks... frontend=20 session=0 worldgen_active=1 stage=2
[BOOTSTRAP] sync_target_total=9 safety_radius=1
[TRACE] ms=766 event=world_generation_session_step detail=Loading nearby terrain 9/0/0 frontend=20 session=0 worldgen_active=1 stage=2
[WORKER] Processing job cx=2 cz=-3 gen=1 space=superchunk_terrain type=GENERATE
[WORKER] Processing job cx=3 cz=-3 gen=1 space=superchunk_terrain type=GENERATE
[WORKER] Processing job cx=1 cz=-2 gen=1 space=superchunk_terrain type=GENERATE
[WORKER] Processing job cx=1 cz=-4 gen=1 space=superchunk_terrain type=GENERATE
[WORKER] Processing job cx=2 cz=-1 gen=1 space=superchunk_terrain type=GENERATE
[TRACE] ms=766 event=world_generation_session_step detail=Loading nearby terrain 9/0/0 W0 frontend=20 session=0 worldgen_active=1 stage=2
[WORKER] Processing job cx=3 cz=-2 gen=1 space=superchunk_terrain type=GENERATE
[TRACE] ms=781 event=world_generation_session_step detail=Loading nearby terrain 9/0/0 W11 frontend=20 session=0 worldgen_active=1 stage=2
[WORKER] Meshing cx=1 cz=-2 (persisted=0)
[WORKER] Meshing cx=2 cz=-1 (persisted=0)
[WORKER] Meshing cx=2 cz=-4 (persisted=0)
[WORKER] Meshing cx=2 cz=-2 (persisted=0)
[WORKER] Meshing cx=2 cz=-5 (persisted=0)
[WORKER] Meshing cx=3 cz=-3 (persisted=0)
[WORKER] Meshing cx=1 cz=-3 (persisted=0)
[WORKER] Meshing cx=3 cz=-4 (persisted=0)
[WORKER] Meshing cx=1 cz=-4 (persisted=0)
[WORKER] Meshing cx=2 cz=-3 (persisted=0)
[WORKER] Meshing cx=3 cz=-2 (persisted=0)
[WORKER] Mesh complete cx=2 cz=-4 built=0000021D020BA950
[WORKER] Queuing result cx=2 cz=-4 gen=1 space=superchunk_terrain built=0000021D020BA950 results=0/768
[WORKER] Mesh complete cx=2 cz=-2 built=0000021D10827CF0
[WORKER] Queuing result cx=2 cz=-2 gen=1 space=superchunk_terrain built=0000021D10827CF0 results=1/768
[ADOPT] Adopting chunk (2,-4) gen=1 role=1
[ADOPT] SUCCESS chunk (2,-4) now resident. loaded_from_persist=0
[TRACE] ms=6219 event=world_generation_session_step detail=Loading nearby terrain 9/1/0 W9 frontend=20 session=0 worldgen_active=1 stage=2
[WORKER] Mesh complete cx=3 cz=-3 built=0000021D10C2B4B0
[WORKER] Queuing result cx=3 cz=-3 gen=1 space=superchunk_terrain built=0000021D10C2B4B0 results=1/768
[ADOPT] Adopting chunk (2,-2) gen=1 role=1
[ADOPT] SUCCESS chunk (2,-2) now resident. loaded_from_persist=0
[TRACE] ms=6234 event=world_generation_session_step detail=Loading nearby terrain 9/2/0 W8 frontend=20 session=0 worldgen_active=1 stage=2
[ADOPT] Adopting chunk (3,-3) gen=1 role=1
[ADOPT] SUCCESS chunk (3,-3) now resident. loaded_from_persist=0
[TRACE] ms=6250 event=world_generation_session_step detail=Loading nearby terrain 9/3/0 W8 frontend=20 session=0 worldgen_active=1 stage=2
[WORKER] Mesh complete cx=2 cz=-3 built=0000021D0B96E380
[WORKER] Queuing result cx=2 cz=-3 gen=1 space=superchunk_terrain built=0000021D0B96E380 results=0/768
[ADOPT] Adopting chunk (2,-3) gen=1 role=1
[ADOPT] SUCCESS chunk (2,-3) now resident. loaded_from_persist=0
[TRACE] ms=6266 event=world_generation_session_step detail=Loading nearby terrain 9/4/0 W7 frontend=20 session=0 worldgen_active=1 stage=2
[WORKER] Mesh complete cx=2 cz=-1 built=0000021D107A66B0
[WORKER] Queuing result cx=2 cz=-1 gen=1 space=superchunk_terrain built=0000021D107A66B0 results=0/768
[ADOPT] Adopting chunk (2,-1) gen=1 role=1
[WORKER] Mesh complete cx=2 cz=-5 built=0000021D107A7170
[WORKER] Queuing result cx=2 cz=-5 gen=1 space=superchunk_terrain built=0000021D107A7170 results=0/768
[ADOPT] SUCCESS chunk (2,-1) now resident. loaded_from_persist=0
[TRACE] ms=6297 event=world_generation_session_step detail=Loading nearby terrain 9/4/0 W5 frontend=20 session=0 worldgen_active=1 stage=2
[WORKER] Mesh complete cx=3 cz=-4 built=0000021D1072BB00
[WORKER] Queuing result cx=3 cz=-4 gen=1 space=superchunk_terrain built=0000021D1072BB00 results=1/768
[WORKER] Mesh complete cx=1 cz=-2 built=0000021D1072C5C0
[WORKER] Queuing result cx=1 cz=-2 gen=1 space=superchunk_terrain built=0000021D1072C5C0 results=2/768
[WORKER] Mesh complete cx=1 cz=-3 built=0000021D021BCAD0
[WORKER] Queuing result cx=1 cz=-3 gen=1 space=superchunk_terrain built=0000021D021BCAD0 results=3/768
[ADOPT] Adopting chunk (2,-5) gen=1 role=1
[ADOPT] SUCCESS chunk (2,-5) now resident. loaded_from_persist=0
[TRACE] ms=6312 event=world_generation_session_step detail=Loading nearby terrain 9/4/0 W2 frontend=20 session=0 worldgen_active=1 stage=2
[WORKER] Mesh complete cx=1 cz=-4 built=0000021D021BD590
[WORKER] Queuing result cx=1 cz=-4 gen=1 space=superchunk_terrain built=0000021D021BD590 results=3/768
[ADOPT] Adopting chunk (3,-4) gen=1 role=1
[ADOPT] SUCCESS chunk (3,-4) now resident. loaded_from_persist=0
[TRACE] ms=6328 event=world_generation_session_step detail=Loading nearby terrain 9/5/0 W1 frontend=20 session=0 worldgen_active=1 stage=2
[ADOPT] Adopting chunk (1,-2) gen=1 role=1
[ADOPT] SUCCESS chunk (1,-2) now resident. loaded_from_persist=0
[WORKER] Mesh complete cx=3 cz=-2 built=0000021D0C95D4A0
[WORKER] Queuing result cx=3 cz=-2 gen=1 space=superchunk_terrain built=0000021D0C95D4A0 results=2/768
[TRACE] ms=6344 event=world_generation_session_step detail=Loading nearby terrain 9/6/0 W1 frontend=20 session=0 worldgen_active=1 stage=2
[ADOPT] Adopting chunk (1,-3) gen=1 role=1
[ADOPT] SUCCESS chunk (1,-3) now resident. loaded_from_persist=0
[TRACE] ms=6375 event=world_generation_session_step detail=Loading nearby terrain 9/7/0 W0 frontend=20 session=0 worldgen_active=1 stage=2
[ADOPT] Adopting chunk (1,-4) gen=1 role=1
[ADOPT] SUCCESS chunk (1,-4) now resident. loaded_from_persist=0
[TRACE] ms=6391 event=world_generation_session_step detail=Loading nearby terrain 9/8/0 W0 frontend=20 session=0 worldgen_active=1 stage=2
[ADOPT] Adopting chunk (3,-2) gen=1 role=1
[ADOPT] SUCCESS chunk (3,-2) now resident. loaded_from_persist=0
[TRACE] ms=6406 event=world_generation_session_step detail=Loading nearby terrain 9/9/0 W0 frontend=20 session=0 worldgen_active=1 stage=2
[TRACE] ms=11891 event=world_generation_session_step detail=Loading nearby terrain 9/9/9 W0 frontend=20 session=0 worldgen_active=1 stage=2
[TRACE] ms=19078 event=world_generation_session_step detail=Nearby terrain ready. Background streaming continues... frontend=20 session=0 worldgen_active=1 stage=2
[TRACE] ms=19094 event=world_generation_session_step detail=Finalizing world session... frontend=20 session=0 worldgen_active=1 stage=2
[TRACE] ms=19094 event=gen_stage_end detail=Loading nearby chunks frontend=20 session=0 worldgen_active=1 stage=2
[TRACE] ms=19094 event=world_generation_session_step detail=World session ready frontend=20 session=0 worldgen_active=1 stage=2
[TRACE] ms=19094 event=start_world_session_ready detail=world_045 frontend=20 session=1 worldgen_active=1 stage=2
[TRACE] ms=19094 event=start_world_session_success detail=world_045 frontend=20 session=1 worldgen_active=1 stage=2
[STREAM] job queue capped at (4,-5) desired=400 jobs=8 results=0 max=8
[WORKER] Processing job cx=4 cz=-3 gen=1 space=superchunk_terrain type=GENERATE
[WORKER] Processing job cx=3 cz=-5 gen=1 space=superchunk_terrain type=GENERATE
[WORKER] Processing job cx=4 cz=-4 gen=1 space=superchunk_terrain type=GENERATE
[RUNTIME] visible desired=400 resident=11 ready=11 startup=9/9/9
 type=GENERATE
[WORKER] Processing job cx=3 cz=-1 gen=1 space=superchunk_terrain type=GENERATE
[WORKER] Processing job cx=4 cz=-1 gen=1 space=superchunk_terrain type=GENERATE
[WORKER] Processing job cx=1 cz=-5 gen=1 space=superchunk_terrain type=GENERATE
[BACKLOG] workers=0 jobs=2 results=0
[RESIDENCY] STALL mode=superchunk desired=400(P256/F140/T4) resident=11(P11/F0/T0/E0) jobs=0 results=0 primary=(0,-1) desired_sc=(0,-1) transition=0
[RESIDENCY] missing desired chunks primary=245 ring=140 transition=4 desired=400 active=11
[TRACE] ms=19203 event=runtime_grace_mode detail=Background streaming 400/11/11  W8 J0 R0 frontend=20 session=1 worldgen_active=0 stage=0 desired=400 resident=11 gpu_ready=11 jobs=0 results=0 uploads=0
[WORKER] Processing job cx=2 cz=-6 gen=1 space=superchunk_terrain type=GENERATE
[WORKER] Processing job cx=4 cz=-5 gen=1 space=superchunk_terrain type=GENERATE
[WORKER] Processing job cx=3 cz=-6 gen=1 space=superchunk_terrain type=GENERATE
[WORKER] Processing job cx=1 cz=-6 gen=1 space=superchunk_terrain type=GENERATE
[WORKER] Processing job cx=5 cz=-3 gen=1 space=superchunk_terrain type=GENERATE
[WORKER] Processing job cx=5 cz=-4 gen=1 space=superchunk_terrain type=GENERATE
[WORKER] Processing job cx=5 cz=-2 gen=1 space=superchunk_terrain type=GENERATE
[TRACE] ms=19703 event=runtime_grace_mode detail=Background streaming 400/11/11  W16 J32 R0 frontend=20 session=1 worldgen_active=0 stage=0 desired=400 resident=11 gpu_ready=11 jobs=32 results=0 uploads=0
[STREAM] job queue capped at (8,-1) desired=400 jobs=32 results=0 max=32
[RUNTIME] visible desired=400 resident=11 ready=11 startup=9/9/9
[BACKLOG] workers=16 jobs=32 results=0
[TRACE] ms=20203 event=runtime_grace_mode detail=Background streaming 400/11/11  W16 J32 R0 frontend=20 session=1 worldgen_active=0 stage=0 desired=400 resident=11 gpu_ready=11 jobs=32 results=0 uploads=0
[PLAYER] Test flight enabled (double SPACE, testing only)
[TRACE] ms=20703 event=runtime_grace_mode detail=Background streaming 400/11/11  W16 J32 R0 frontend=20 session=1 worldgen_active=0 stage=0 desired=400 resident=11 gpu_ready=11 jobs=32 results=0 uploads=0
[STREAM] job queue capped at (8,-1) desired=400 jobs=32 results=0 max=32
[RUNTIME] visible desired=400 resident=11 ready=11 startup=9/9/9
[BACKLOG] workers=16 jobs=32 results=0
[TRACE] ms=21203 event=runtime_grace_mode detail=Background streaming 400/11/11  W16 J32 R0 frontend=20 session=1 worldgen_active=0 stage=0 desired=400 resident=11 gpu_ready=11 jobs=32 results=0 uploads=0
[TRACE] ms=21703 event=runtime_grace_mode detail=Background streaming 400/11/11  W16 J32 R0 frontend=20 session=1 worldgen_active=0 stage=0 desired=400 resident=11 gpu_ready=11 jobs=32 results=0 uploads=0
[WALL] HEALTH W=17/0/0 N=17/0/0 E=17/0/0 S=17/0/0 (desired/resident/ready)
[WORKER] Meshing cx=1 cz=-1 (persisted=0)
[WORKER] Meshing cx=3 cz=-6 (persisted=0)
[WORKER] Meshing cx=2 cz=-6 (persisted=0)
[WORKER] Meshing cx=3 cz=-1 (persisted=0)
[WORKER] Meshing cx=1 cz=-6 (persisted=0)
[WORKER] Meshing cx=4 cz=-1 (persisted=0)
[WORKER] Meshing cx=1 cz=-5 (persisted=0)
[WORKER] Meshing cx=5 cz=-1 (persisted=0)
[WORKER] Meshing cx=4 cz=-5 (persisted=0)
[WORKER] Meshing cx=5 cz=-3 (persisted=0)
[WORKER] Meshing cx=5 cz=-4 (persisted=0)
[WORKER] Meshing cx=3 cz=-5 (persisted=0)
[WORKER] Meshing cx=5 cz=-2 (persisted=0)
[WORKER] Meshing cx=4 cz=-4 (persisted=0)
[WORKER] Meshing cx=4 cz=-3 (persisted=0)
[WORKER] Meshing cx=4 cz=-2 (persisted=0)
[WORKER] Mesh complete cx=3 cz=-6 built=0000021D436B5FD0
[WORKER] Queuing result cx=3 cz=-6 gen=1 space=superchunk_terrain built=0000021D436B5FD0 results=0/768
[WORKER] Processing job cx=5 cz=-5 gen=1 space=superchunk_terrain type=GENERATE
[ADOPT] Adopting chunk (3,-6) gen=1 role=1
[ADOPT] SUCCESS chunk (3,-6) now resident. loaded_from_persist=0
[WORKER] Mesh complete cx=1 cz=-1 built=0000021D436B49B0
[WORKER] Queuing result cx=1 cz=-1 gen=1 space=superchunk_terrain built=0000021D436B49B0 results=0/768
[WORKER] Processing job cx=4 cz=-6 gen=1 space=superchunk_terrain type=GENERATE
[ADOPT] Adopting chunk (1,-1) gen=1 role=1
[ADOPT] SUCCESS chunk (1,-1) now resident. loaded_from_persist=0
[WORKER] Mesh complete cx=2 cz=-6 built=0000021D436BFAB0
[WORKER] Queuing result cx=2 cz=-6 gen=1 space=superchunk_terrain built=0000021D436BFAB0 results=0/768
[WORKER] Processing job cx=6 cz=-3 gen=1 space=superchunk_terrain type=GENERATE
[ADOPT] Adopting chunk (2,-6) gen=1 role=1
[ADOPT] SUCCESS chunk (2,-6) now resident. loaded_from_persist=0
[WORKER] Mesh complete cx=3 cz=-1 built=0000021D436BCE70
[WORKER] Queuing result cx=3 cz=-1 gen=1 space=superchunk_terrain built=0000021D436BCE70 results=0/768
[WORKER] Processing job cx=2 cz=-7 gen=1 space=superchunk_terrain type=GENERATE
[ADOPT] Adopting chunk (3,-1) gen=1 role=1
[ADOPT] SUCCESS chunk (3,-1) now resident. loaded_from_persist=0
[WORKER] Mesh complete cx=1 cz=-5 built=0000021D436C05C0
[WORKER] Queuing result cx=1 cz=-5 gen=1 space=superchunk_terrain built=0000021D436C05C0 results=0/768
[WORKER] Processing job cx=6 cz=-4 gen=1 space=superchunk_terrain type=GENERATE
[ADOPT] Adopting chunk (1,-5) gen=1 role=1
[ADOPT] SUCCESS chunk (1,-5) now resident. loaded_from_persist=0
[WORKER] Mesh complete cx=1 cz=-6 built=0000021D436C1BE0
[WORKER] Queuing result cx=1 cz=-6 gen=1 space=superchunk_terrain built=0000021D436C1BE0 results=0/768
[WORKER] Processing job cx=1 cz=-7 gen=1 space=superchunk_terrain type=GENERATE
[ADOPT] Adopting chunk (1,-6) gen=1 role=1
[ADOPT] SUCCESS chunk (1,-6) now resident. loaded_from_persist=0
[WORKER] Mesh complete cx=4 cz=-1 built=0000021D28E611C0
[WORKER] Queuing result cx=4 cz=-1 gen=1 space=superchunk_terrain built=0000021D28E611C0 results=0/768
[WORKER] Processing job cx=3 cz=-7 gen=1 space=superchunk_terrain type=GENERATE
[WORKER] Mesh complete cx=3 cz=-5 built=0000021D28E5FBA0
[WORKER] Queuing result cx=3 cz=-5 gen=1 space=superchunk_terrain built=0000021D28E5FBA0 results=1/768
[WORKER] Processing job cx=6 cz=-2 gen=1 space=superchunk_terrain type=GENERATE
[ADOPT] Adopting chunk (4,-1) gen=1 role=1
[ADOPT] SUCCESS chunk (4,-1) now resident. loaded_from_persist=0
[ADOPT] Adopting chunk (3,-5) gen=1 role=1
[ADOPT] SUCCESS chunk (3,-5) now resident. loaded_from_persist=0
[WORKER] Mesh complete cx=4 cz=-5 built=0000021D28E64910
[WORKER] Queuing result cx=4 cz=-5 gen=1 space=superchunk_terrain built=0000021D28E64910 results=0/768
[WORKER] Processing job cx=5 cz=-6 gen=1 space=superchunk_terrain type=GENERATE
[ADOPT] Adopting chunk (4,-5) gen=1 role=1
[ADOPT] SUCCESS chunk (4,-5) now resident. loaded_from_persist=0
[WORKER] Mesh complete cx=5 cz=-3 built=0000021D28E627E0
[WORKER] Queuing result cx=5 cz=-3 gen=1 space=superchunk_terrain built=0000021D28E627E0 results=0/768
[WORKER] Processing job cx=4 cz=-7 gen=1 space=superchunk_terrain type=GENERATE
[ADOPT] Adopting chunk (5,-3) gen=1 role=1
[ADOPT] SUCCESS chunk (5,-3) now resident. loaded_from_persist=0
[WORKER] Mesh complete cx=5 cz=-1 built=0000021D28E632F0
[WORKER] Queuing result cx=5 cz=-1 gen=1 space=superchunk_terrain built=0000021D28E632F0 results=0/768
[WORKER] Processing job cx=6 cz=-1 gen=1 space=superchunk_terrain type=GENERATE
[ADOPT] Adopting chunk (5,-1) gen=1 role=1
[ADOPT] SUCCESS chunk (5,-1) now resident. loaded_from_persist=0
[WORKER] Mesh complete cx=5 cz=-2 built=0000021D28E63E00
[WORKER] Queuing result cx=5 cz=-2 gen=1 space=superchunk_terrain built=0000021D28E63E00 results=0/768
[WORKER] Processing job cx=6 cz=-5 gen=1 space=superchunk_terrain type=GENERATE
[ADOPT] Adopting chunk (5,-2) gen=1 role=1
[ADOPT] SUCCESS chunk (5,-2) now resident. loaded_from_persist=0
[WORKER] Mesh complete cx=5 cz=-4 built=0000021D28E6A190
[WORKER] Queuing result cx=5 cz=-4 gen=1 space=superchunk_terrain built=0000021D28E6A190 results=0/768
[WORKER] Processing job cx=5 cz=-7 gen=1 space=superchunk_terrain type=GENERATE
[WORKER] Mesh complete cx=4 cz=-4 built=0000021D28E67550
[WORKER] Queuing result cx=4 cz=-4 gen=1 space=superchunk_terrain built=0000021D28E67550 results=1/768
[WORKER] Processing job cx=6 cz=-6 gen=1 space=superchunk_terrain type=GENERATE
[ADOPT] Adopting chunk (5,-4) gen=1 role=1
[ADOPT] SUCCESS chunk (5,-4) now resident. loaded_from_persist=0
[ADOPT] Adopting chunk (4,-4) gen=1 role=1
[ADOPT] SUCCESS chunk (4,-4) now resident. loaded_from_persist=0
[WORKER] Mesh complete cx=4 cz=-3 built=0000021D28E68060
[WORKER] Queuing result cx=4 cz=-3 gen=1 space=superchunk_terrain built=0000021D28E68060 results=0/768
[WORKER] Processing job cx=2 cz=-8 gen=1 space=superchunk_terrain type=GENERATE
[ADOPT] Adopting chunk (4,-3) gen=1 role=1
[ADOPT] SUCCESS chunk (4,-3) now resident. loaded_from_persist=0
[WORKER] Mesh complete cx=4 cz=-2 built=0000021D28E6B7B0
[WORKER] Queuing result cx=4 cz=-2 gen=1 space=superchunk_terrain built=0000021D28E6B7B0 results=0/768
[WORKER] Processing job cx=7 cz=-3 gen=1 space=superchunk_terrain type=GENERATE
[ADOPT] Adopting chunk (4,-2) gen=1 role=1
[ADOPT] SUCCESS chunk (4,-2) now resident. loaded_from_persist=0
[WALL] HEALTH W=17/0/0 N=17/0/0 E=17/0/0 S=17/0/0 (desired/resident/ready)
[WORKER] Meshing cx=4 cz=-6 (persisted=0)
[WORKER] Meshing cx=2 cz=-7 (persisted=0)
[WORKER] Meshing cx=6 cz=-3 (persisted=0)
[WORKER] Meshing cx=1 cz=-7 (persisted=0)
[WORKER] Meshing cx=5 cz=-5 (persisted=0)
[WORKER] Meshing cx=6 cz=-4 (persisted=0)
[WORKER] Meshing cx=4 cz=-7 (persisted=0)
[WORKER] Meshing cx=3 cz=-7 (persisted=0)
[WORKER] Meshing cx=6 cz=-5 (persisted=0)
[WORKER] Meshing cx=6 cz=-1 (persisted=0)
[WORKER] Meshing cx=5 cz=-6 (persisted=0)
[WORKER] Meshing cx=2 cz=-8 (persisted=0)
[WORKER] Meshing cx=5 cz=-7 (persisted=0)
[WORKER] Meshing cx=6 cz=-2 (persisted=0)
[WORKER] Meshing cx=6 cz=-6 (persisted=0)
[WORKER] Meshing cx=7 cz=-3 (persisted=0)
[WORKER] Mesh complete cx=4 cz=-6 built=0000021D28E61CD0
[WORKER] Queuing result cx=4 cz=-6 gen=1 space=superchunk_terrain built=0000021D28E61CD0 results=0/768
[WORKER] Processing job cx=7 cz=-4 gen=1 space=superchunk_terrain type=GENERATE
[ADOPT] Adopting chunk (4,-6) gen=1 role=1
[ADOPT] SUCCESS chunk (4,-6) now resident. loaded_from_persist=0
[WORKER] Mesh complete cx=2 cz=-7 built=0000021D28E5F090
[WORKER] Queuing result cx=2 cz=-7 gen=1 space=superchunk_terrain built=0000021D28E5F090 results=0/768
[WORKER] Processing job cx=3 cz=-8 gen=1 space=superchunk_terrain type=GENERATE
[ADOPT] Adopting chunk (2,-7) gen=1 role=1
[ADOPT] SUCCESS chunk (2,-7) now resident. loaded_from_persist=0
[WORKER] Mesh complete cx=6 cz=-3 built=0000021D28E65420
[WORKER] Queuing result cx=6 cz=-3 gen=1 space=superchunk_terrain built=0000021D28E65420 results=0/768
[WORKER] Processing job cx=1 cz=-8 gen=1 space=superchunk_terrain type=GENERATE
[ADOPT] Adopting chunk (6,-3) gen=1 role=1
[ADOPT] SUCCESS chunk (6,-3) now resident. loaded_from_persist=0
[WORKER] Mesh complete cx=1 cz=-7 built=0000021D28E69680
[WORKER] Queuing result cx=1 cz=-7 gen=1 space=superchunk_terrain built=0000021D28E69680 results=0/768
[WORKER] Processing job cx=7 cz=-2 gen=1 space=superchunk_terrain type=GENERATE
[ADOPT] Adopting chunk (1,-7) gen=1 role=1
[ADOPT] SUCCESS chunk (1,-7) now resident. loaded_from_persist=0
[WORKER] Mesh complete cx=5 cz=-5 built=0000021D28E6CDD0
[WORKER] Queuing result cx=5 cz=-5 gen=1 space=superchunk_terrain built=0000021D28E6CDD0 results=0/768
[WORKER] Processing job cx=7 cz=-5 gen=1 space=superchunk_terrain type=GENERATE
[ADOPT] Adopting chunk (5,-5) gen=1 role=1
[ADOPT] SUCCESS chunk (5,-5) now resident. loaded_from_persist=0
[WORKER] Mesh complete cx=6 cz=-4 built=0000021D28E6D8E0
[WORKER] Queuing result cx=6 cz=-4 gen=1 space=superchunk_terrain built=0000021D28E6D8E0 results=0/768
[WORKER] Processing job cx=4 cz=-8 gen=1 space=superchunk_terrain type=GENERATE
[ADOPT] Adopting chunk (6,-4) gen=1 role=1
[ADOPT] SUCCESS chunk (6,-4) now resident. loaded_from_persist=0
[WORKER] Mesh complete cx=4 cz=-7 built=0000021D28E6E3F0
[WORKER] Queuing result cx=4 cz=-7 gen=1 space=superchunk_terrain built=0000021D28E6E3F0 results=0/768
[WORKER] Processing job cx=7 cz=-1 gen=1 space=superchunk_terrain type=GENERATE
[ADOPT] Adopting chunk (4,-7) gen=1 role=1
[ADOPT] SUCCESS chunk (4,-7) now resident. loaded_from_persist=0
[WORKER] Mesh complete cx=3 cz=-7 built=0000021D436BD980
[WORKER] Queuing result cx=3 cz=-7 gen=1 space=superchunk_terrain built=0000021D436BD980 results=0/768
[WORKER] Processing job cx=6 cz=-7 gen=1 space=superchunk_terrain type=GENERATE
[WORKER] Mesh complete cx=6 cz=-5 built=0000021D436C10D0
[WORKER] Queuing result cx=6 cz=-5 gen=1 space=superchunk_terrain built=0000021D436C10D0 results=1/768
[WORKER] Processing job cx=7 cz=-6 gen=1 space=superchunk_terrain type=GENERATE
[ADOPT] Adopting chunk (3,-7) gen=1 role=1
[ADOPT] SUCCESS chunk (3,-7) now resident. loaded_from_persist=0
[ADOPT] Adopting chunk (6,-5) gen=1 role=1
[ADOPT] SUCCESS chunk (6,-5) now resident. loaded_from_persist=0
[WALL] HEALTH W=17/0/0 N=17/0/0 E=17/0/0 S=17/0/0 (desired/resident/ready)
[WORKER] Mesh complete cx=5 cz=-6 built=0000021D3EEA96F0
[WORKER] Queuing result cx=5 cz=-6 gen=1 space=superchunk_terrain built=0000021D3EEA96F0 results=0/768
[WORKER] Processing job cx=5 cz=-8 gen=1 space=superchunk_terrain type=GENERATE
[ADOPT] Adopting chunk (5,-6) gen=1 role=1
[ADOPT] SUCCESS chunk (5,-6) now resident. loaded_from_persist=0
[WORKER] Mesh complete cx=5 cz=-7 built=0000021D3EEAAD10
[WORKER] Queuing result cx=5 cz=-7 gen=1 space=superchunk_terrain built=0000021D3EEAAD10 results=0/768
[WORKER] Processing job cx=2 cz=-9 gen=1 space=superchunk_terrain type=GENERATE
[WORKER] Mesh complete cx=2 cz=-8 built=0000021D3EEAB820
[WORKER] Queuing result cx=2 cz=-8 gen=1 space=superchunk_terrain built=0000021D3EEAB820 results=1/768
[WORKER] Processing job cx=8 cz=-3 gen=1 space=superchunk_terrain type=GENERATE
[ADOPT] Adopting chunk (5,-7) gen=1 role=1
[ADOPT] SUCCESS chunk (5,-7) now resident. loaded_from_persist=0
[ADOPT] Adopting chunk (2,-8) gen=1 role=1
[ADOPT] SUCCESS chunk (2,-8) now resident. loaded_from_persist=0
[WORKER] Mesh complete cx=6 cz=-1 built=0000021D3EEAD950
[WORKER] Queuing result cx=6 cz=-1 gen=1 space=superchunk_terrain built=0000021D3EEAD950 results=0/768
[WORKER] Processing job cx=1 cz=-9 gen=1 space=superchunk_terrain type=GENERATE
[ADOPT] Adopting chunk (6,-1) gen=1 role=1
[ADOPT] SUCCESS chunk (6,-1) now resident. loaded_from_persist=0
[WORKER] Mesh complete cx=6 cz=-6 built=0000021D3EEAC330
[WORKER] Queuing result cx=6 cz=-6 gen=1 space=superchunk_terrain built=0000021D3EEAC330 results=0/768
[WORKER] Processing job cx=3 cz=-9 gen=1 space=superchunk_terrain type=GENERATE
[ADOPT] Adopting chunk (6,-6) gen=1 role=1
[ADOPT] SUCCESS chunk (6,-6) now resident. loaded_from_persist=0
[WORKER] Mesh complete cx=6 cz=-2 built=0000021D3EEACE40
[WORKER] Queuing result cx=6 cz=-2 gen=1 space=superchunk_terrain built=0000021D3EEACE40 results=0/768
[WORKER] Processing job cx=8 cz=-4 gen=1 space=superchunk_terrain type=GENERATE
[ADOPT] Adopting chunk (6,-2) gen=1 role=1
[ADOPT] SUCCESS chunk (6,-2) now resident. loaded_from_persist=0
[WORKER] Mesh complete cx=7 cz=-3 built=0000021D3EEB26C0
[WORKER] Queuing result cx=7 cz=-3 gen=1 space=superchunk_terrain built=0000021D3EEB26C0 results=0/768
[WORKER] Processing job cx=8 cz=-2 gen=1 space=superchunk_terrain type=GENERATE
[ADOPT] Adopting chunk (7,-3) gen=1 role=1
[ADOPT] SUCCESS chunk (7,-3) now resident. loaded_from_persist=0
[WORKER] Meshing cx=3 cz=-8 (persisted=0)
[WORKER] Meshing cx=7 cz=-4 (persisted=0)
[WORKER] Meshing cx=1 cz=-8 (persisted=0)
[WORKER] Meshing cx=7 cz=-5 (persisted=0)
[WORKER] Meshing cx=4 cz=-8 (persisted=0)
[WORKER] Meshing cx=2 cz=-9 (persisted=0)
[WORKER] Meshing cx=7 cz=-2 (persisted=0)
[WORKER] Meshing cx=6 cz=-7 (persisted=0)
[WORKER] Meshing cx=7 cz=-6 (persisted=0)
[WORKER] Meshing cx=7 cz=-1 (persisted=0)
[WORKER] Meshing cx=1 cz=-9 (persisted=0)
[WORKER] Meshing cx=5 cz=-8 (persisted=0)
[WORKER] Meshing cx=3 cz=-9 (persisted=0)
[WORKER] Meshing cx=8 cz=-4 (persisted=0)
[WORKER] Meshing cx=8 cz=-3 (persisted=0)
[WALL] HEALTH W=17/0/0 N=17/0/0 E=17/0/0 S=17/0/0 (desired/resident/ready)
[WORKER] Meshing cx=8 cz=-2 (persisted=0)
[WORKER] Mesh complete cx=3 cz=-8 built=0000021D3EEA8BE0
[WORKER] Queuing result cx=3 cz=-8 gen=1 space=superchunk_terrain built=0000021D3EEA8BE0 results=0/768
[WORKER] Processing job cx=8 cz=-1 gen=1 space=superchunk_terrain type=GENERATE
[ADOPT] Adopting chunk (3,-8) gen=1 role=1
[ADOPT] SUCCESS chunk (3,-8) now resident. loaded_from_persist=0
[WORKER] Mesh complete cx=7 cz=-4 built=0000021D3EEAA200
[WORKER] Queuing result cx=7 cz=-4 gen=1 space=superchunk_terrain built=0000021D3EEAA200 results=0/768
[WORKER] Processing job cx=4 cz=-9 gen=1 space=superchunk_terrain type=GENERATE
[ADOPT] Adopting chunk (7,-4) gen=1 role=1
[ADOPT] SUCCESS chunk (7,-4) now resident. loaded_from_persist=0
[WORKER] Mesh complete cx=1 cz=-8 built=0000021D3EEB1BB0
[WORKER] Queuing result cx=1 cz=-8 gen=1 space=superchunk_terrain built=0000021D3EEB1BB0 results=0/768
[WORKER] Processing job cx=8 cz=-5 gen=1 space=superchunk_terrain type=GENERATE
[ADOPT] Adopting chunk (1,-8) gen=1 role=1
[ADOPT] SUCCESS chunk (1,-8) now resident. loaded_from_persist=0
[WORKER] Mesh complete cx=4 cz=-8 built=0000021D3EEAEF70
[WORKER] Queuing result cx=4 cz=-8 gen=1 space=superchunk_terrain built=0000021D3EEAEF70 results=0/768
[WORKER] Processing job cx=6 cz=-8 gen=1 space=superchunk_terrain type=GENERATE
[ADOPT] Adopting chunk (4,-8) gen=1 role=1
[ADOPT] SUCCESS chunk (4,-8) now resident. loaded_from_persist=0
[WORKER] Mesh complete cx=7 cz=-5 built=0000021D3EEB0590
[WORKER] Queuing result cx=7 cz=-5 gen=1 space=superchunk_terrain built=0000021D3EEB0590 results=0/768
[WORKER] Processing job cx=7 cz=-7 gen=1 space=superchunk_terrain type=GENERATE
[ADOPT] Adopting chunk (7,-5) gen=1 role=1
[ADOPT] SUCCESS chunk (7,-5) now resident. loaded_from_persist=0
[WORKER] Mesh complete cx=2 cz=-9 built=0000021D3EEB47F0
[WORKER] Queuing result cx=2 cz=-9 gen=1 space=superchunk_terrain built=0000021D3EEB47F0 results=0/768
[WORKER] Processing job cx=5 cz=-9 gen=1 space=superchunk_terrain type=GENERATE
[ADOPT] Adopting chunk (2,-9) gen=1 role=1
[ADOPT] SUCCESS chunk (2,-9) now resident. loaded_from_persist=0
[WORKER] Mesh complete cx=7 cz=-6 built=0000021D3EEB31D0
[WORKER] Queuing result cx=7 cz=-6 gen=1 space=superchunk_terrain built=0000021D3EEB31D0 results=0/768
[WORKER] Processing job cx=8 cz=-6 gen=1 space=superchunk_terrain type=GENERATE
[WORKER] Mesh complete cx=6 cz=-7 built=0000021D3EEB6920
[WORKER] Queuing result cx=6 cz=-7 gen=1 space=superchunk_terrain built=0000021D3EEB6920 results=1/768
[WORKER] Processing job cx=2 cz=-10 gen=1 space=superchunk_terrain type=GENERATE
[ADOPT] Adopting chunk (7,-6) gen=1 role=1
[ADOPT] SUCCESS chunk (7,-6) now resident. loaded_from_persist=0
[ADOPT] Adopting chunk (6,-7) gen=1 role=1
[ADOPT] SUCCESS chunk (6,-7) now resident. loaded_from_persist=0
[WORKER] Mesh complete cx=7 cz=-2 built=0000021D28E606B0
[WORKER] Queuing result cx=7 cz=-2 gen=1 space=superchunk_terrain built=0000021D28E606B0 results=0/768
[WORKER] Processing job cx=9 cz=-3 gen=1 space=superchunk_terrain type=GENERATE
[ADOPT] Adopting chunk (7,-2) gen=1 role=1
[ADOPT] SUCCESS chunk (7,-2) now resident. loaded_from_persist=0
[WORKER] Mesh complete cx=1 cz=-9 built=0000021D28E65F30
[WORKER] Queuing result cx=1 cz=-9 gen=1 space=superchunk_terrain built=0000021D28E65F30 results=0/768
[WORKER] Processing job cx=3 cz=-10 gen=1 space=superchunk_terrain type=GENERATE
[WORKER] Mesh complete cx=7 cz=-1 built=0000021D28E6ACA0
[WORKER] Queuing result cx=7 cz=-1 gen=1 space=superchunk_terrain built=0000021D28E6ACA0 results=1/768
[ADOPT] Adopting chunk (1,-9) gen=1 role=1
[WORKER] Processing job cx=9 cz=-4 gen=1 space=superchunk_terrain type=GENERATE
[WORKER] Mesh complete cx=5 cz=-8 built=0000021D436B3390
[WORKER] Queuing result cx=5 cz=-8 gen=1 space=superchunk_terrain built=0000021D436B3390 results=1/768
[WORKER] Processing job cx=7 cz=-8 gen=1 space=superchunk_terrain type=GENERATE
[ADOPT] SUCCESS chunk (1,-9) now resident. loaded_from_persist=0
[ADOPT] Adopting chunk (7,-1) gen=1 role=1
[ADOPT] SUCCESS chunk (7,-1) now resident. loaded_from_persist=0
[ADOPT] Adopting chunk (5,-8) gen=1 role=1
[ADOPT] SUCCESS chunk (5,-8) now resident. loaded_from_persist=0
[WORKER] Mesh complete cx=3 cz=-9 built=0000021D436C26F0
[WORKER] Queuing result cx=3 cz=-9 gen=1 space=superchunk_terrain built=0000021D436C26F0 results=0/768
[WORKER] Processing job cx=1 cz=-10 gen=1 space=superchunk_terrain type=GENERATE
[ADOPT] Adopting chunk (3,-9) gen=1 role=1
[ADOPT] SUCCESS chunk (3,-9) now resident. loaded_from_persist=0
[WORKER] Mesh complete cx=8 cz=-4 built=0000021D411460D0
[WORKER] Queuing result cx=8 cz=-4 gen=1 space=superchunk_terrain built=0000021D411460D0 results=0/768
[WORKER] Processing job cx=9 cz=-2 gen=1 space=superchunk_terrain type=GENERATE
[ADOPT] Adopting chunk (8,-4) gen=1 role=1
[ADOPT] SUCCESS chunk (8,-4) now resident. loaded_from_persist=0
[WORKER] Mesh complete cx=8 cz=-3 built=0000021D41146BE0
[WORKER] Queuing result cx=8 cz=-3 gen=1 space=superchunk_terrain built=0000021D41146BE0 results=0/768
[WORKER] Processing job cx=8 cz=-7 gen=1 space=superchunk_terrain type=GENERATE
[ADOPT] Adopting chunk (8,-3) gen=1 role=1
[ADOPT] SUCCESS chunk (8,-3) now resident. loaded_from_persist=0
[WORKER] Mesh complete cx=8 cz=-2 built=0000021D4114B950
[WORKER] Queuing result cx=8 cz=-2 gen=1 space=superchunk_terrain built=0000021D4114B950 results=0/768
[WORKER] Processing job cx=6 cz=-9 gen=1 space=superchunk_terrain type=GENERATE
[ADOPT] Adopting chunk (8,-2) gen=1 role=1
[ADOPT] SUCCESS chunk (8,-2) now resident. loaded_from_persist=0
[WALL] HEALTH W=17/0/0 N=17/0/0 E=17/0/0 S=17/0/0 (desired/resident/ready)
[WORKER] Meshing cx=4 cz=-9 (persisted=0)
[WORKER] Meshing cx=8 cz=-5 (persisted=0)
[WORKER] Meshing cx=8 cz=-1 (persisted=0)
[WORKER] Meshing cx=7 cz=-7 (persisted=0)
[WORKER] Meshing cx=8 cz=-6 (persisted=0)
[WORKER] Meshing cx=6 cz=-8 (persisted=0)
[WORKER] Meshing cx=2 cz=-10 (persisted=0)
[WORKER] Meshing cx=5 cz=-9 (persisted=0)
[WORKER] Meshing cx=7 cz=-8 (persisted=0)
[WORKER] Meshing cx=9 cz=-4 (persisted=0)
[WORKER] Meshing cx=3 cz=-10 (persisted=0)
[WORKER] Meshing cx=8 cz=-7 (persisted=0)
[WORKER] Meshing cx=9 cz=-3 (persisted=0)
[WORKER] Meshing cx=1 cz=-10 (persisted=0)
[WORKER] Meshing cx=9 cz=-2 (persisted=0)
[WORKER] Mesh complete cx=4 cz=-9 built=0000021D41148D10
[WORKER] Queuing result cx=4 cz=-9 gen=1 space=superchunk_terrain built=0000021D41148D10 results=0/768
[WORKER] Processing job cx=4 cz=-10 gen=1 space=superchunk_terrain type=GENERATE
[ADOPT] Adopting chunk (4,-9) gen=1 role=1
[ADOPT] SUCCESS chunk (4,-9) now resident. loaded_from_persist=0
[WORKER] Meshing cx=6 cz=-9 (persisted=0)
[WORKER] Mesh complete cx=8 cz=-5 built=0000021D41148200
[WORKER] Queuing result cx=8 cz=-5 gen=1 space=superchunk_terrain built=0000021D41148200 results=0/768
[WORKER] Processing job cx=9 cz=-5 gen=1 space=superchunk_terrain type=GENERATE
[ADOPT] Adopting chunk (8,-5) gen=1 role=1
[ADOPT] SUCCESS chunk (8,-5) now resident. loaded_from_persist=0
[WORKER] Mesh complete cx=7 cz=-7 built=0000021D411476F0
[WORKER] Queuing result cx=7 cz=-7 gen=1 space=superchunk_terrain built=0000021D411476F0 results=0/768
[WORKER] Processing job cx=9 cz=-1 gen=1 space=superchunk_terrain type=GENERATE
[WORKER] Mesh complete cx=8 cz=-6 built=0000021D4114C460
[WORKER] Queuing result cx=8 cz=-6 gen=1 space=superchunk_terrain built=0000021D4114C460 results=1/768
[WORKER] Processing job cx=5 cz=-10 gen=1 space=superchunk_terrain type=GENERATE
[ADOPT] Adopting chunk (7,-7) gen=1 role=1
[ADOPT] SUCCESS chunk (7,-7) now resident. loaded_from_persist=0
[ADOPT] Adopting chunk (8,-6) gen=1 role=1
[ADOPT] SUCCESS chunk (8,-6) now resident. loaded_from_persist=0
[WORKER] Mesh complete cx=2 cz=-10 built=0000021D4114AE40
[WORKER] Queuing result cx=2 cz=-10 gen=1 space=superchunk_terrain built=0000021D4114AE40 results=0/768
[WORKER] Processing job cx=9 cz=-6 gen=1 space=superchunk_terrain type=GENERATE
[ADOPT] Adopting chunk (2,-10) gen=1 role=1
[WORKER] Mesh complete cx=6 cz=-8 built=0000021D4114F0A0
[WORKER] Queuing result cx=6 cz=-8 gen=1 space=superchunk_terrain built=0000021D4114F0A0 results=0/768
[WORKER] Processing job cx=8 cz=-8 gen=1 space=superchunk_terrain type=GENERATE
[ADOPT] SUCCESS chunk (2,-10) now resident. loaded_from_persist=0
[ADOPT] Adopting chunk (6,-8) gen=1 role=1
[ADOPT] SUCCESS chunk (6,-8) now resident. loaded_from_persist=0
[WORKER] Mesh complete cx=8 cz=-1 built=0000021D4114FBB0
[WORKER] Queuing result cx=8 cz=-1 gen=1 space=superchunk_terrain built=0000021D4114FBB0 results=0/768
[WORKER] Processing job cx=7 cz=-9 gen=1 space=superchunk_terrain type=GENERATE
[ADOPT] Adopting chunk (8,-1) gen=1 role=1
[ADOPT] SUCCESS chunk (8,-1) now resident. loaded_from_persist=0
[WORKER] Mesh complete cx=7 cz=-8 built=0000021D41153300
[WORKER] Queuing result cx=7 cz=-8 gen=1 space=superchunk_terrain built=0000021D41153300 results=0/768
[WORKER] Processing job cx=10 cz=-3 gen=1 space=superchunk_terrain type=GENERATE
[ADOPT] Adopting chunk (7,-8) gen=1 role=1
[ADOPT] SUCCESS chunk (7,-8) now resident. loaded_from_persist=0
[WORKER] Mesh complete cx=3 cz=-10 built=0000021D41153E10
[WORKER] Queuing result cx=3 cz=-10 gen=1 space=superchunk_terrain built=0000021D41153E10 results=0/768
[WORKER] Processing job cx=2 cz=-11 gen=1 space=superchunk_terrain type=GENERATE
[ADOPT] Adopting chunk (3,-10) gen=1 role=1
[ADOPT] SUCCESS chunk (3,-10) now resident. loaded_from_persist=0
[WORKER] Mesh complete cx=5 cz=-9 built=0000021D41151CE0
[WORKER] Queuing result cx=5 cz=-9 gen=1 space=superchunk_terrain built=0000021D41151CE0 results=0/768
[WORKER] Processing job cx=9 cz=-7 gen=1 space=superchunk_terrain type=GENERATE
[ADOPT] Adopting chunk (5,-9) gen=1 role=1
[ADOPT] SUCCESS chunk (5,-9) now resident. loaded_from_persist=0
[WORKER] Mesh complete cx=9 cz=-4 built=0000021D3EEA80D0
[WORKER] Queuing result cx=9 cz=-4 gen=1 space=superchunk_terrain built=0000021D3EEA80D0 results=0/768
[WORKER] Processing job cx=3 cz=-11 gen=1 space=superchunk_terrain type=GENERATE
[ADOPT] Adopting chunk (9,-4) gen=1 role=1
[ADOPT] SUCCESS chunk (9,-4) now resident. loaded_from_persist=0
[WORKER] Mesh complete cx=8 cz=-7 built=0000021D3EEB10A0
[WORKER] Queuing result cx=8 cz=-7 gen=1 space=superchunk_terrain built=0000021D3EEB10A0 results=0/768
[WORKER] Processing job cx=1 cz=-11 gen=1 space=superchunk_terrain type=GENERATE
[ADOPT] Adopting chunk (8,-7) gen=1 role=1
[ADOPT] SUCCESS chunk (8,-7) now resident. loaded_from_persist=0
[WORKER] Mesh complete cx=9 cz=-3 built=0000021D3EEB3CE0
[WORKER] Queuing result cx=9 cz=-3 gen=1 space=superchunk_terrain built=0000021D3EEB3CE0 results=0/768
[WORKER] Processing job cx=10 cz=-2 gen=1 space=superchunk_terrain type=GENERATE
[ADOPT] Adopting chunk (9,-3) gen=1 role=1
[ADOPT] SUCCESS chunk (9,-3) now resident. loaded_from_persist=0
[WORKER] Mesh complete cx=1 cz=-10 built=0000021D3EEB5300
[WORKER] Queuing result cx=1 cz=-10 gen=1 space=superchunk_terrain built=0000021D3EEB5300 results=0/768
[WORKER] Processing job cx=6 cz=-10 gen=1 space=superchunk_terrain type=GENERATE
[ADOPT] Adopting chunk (1,-10) gen=1 role=1
[ADOPT] SUCCESS chunk (1,-10) now resident. loaded_from_persist=0
[WORKER] Mesh complete cx=9 cz=-2 built=0000021D28E66A40
[WORKER] Queuing result cx=9 cz=-2 gen=1 space=superchunk_terrain built=0000021D28E66A40 results=0/768
[WORKER] Processing job cx=10 cz=-4 gen=1 space=superchunk_terrain type=GENERATE
[ADOPT] Adopting chunk (9,-2) gen=1 role=1
[ADOPT] SUCCESS chunk (9,-2) now resident. loaded_from_persist=0
[WORKER] Mesh complete cx=6 cz=-9 built=0000021D28E6C2C0
[WORKER] Queuing result cx=6 cz=-9 gen=1 space=superchunk_terrain built=0000021D28E6C2C0 results=0/768
[WORKER] Processing job cx=4 cz=-11 gen=1 space=superchunk_terrain type=GENERATE
[ADOPT] Adopting chunk (6,-9) gen=1 role=1
[ADOPT] SUCCESS chunk (6,-9) now resident. loaded_from_persist=0
[WALL] HEALTH W=17/0/0 N=17/0/0 E=17/0/0 S=17/0/0 (desired/resident/ready)
[WORKER] Meshing cx=9 cz=-5 (persisted=0)
[WORKER] Meshing cx=4 cz=-10 (persisted=0)
[WORKER] Meshing cx=9 cz=-6 (persisted=0)
[WORKER] Meshing cx=8 cz=-8 (persisted=0)
[WORKER] Meshing cx=9 cz=-7 (persisted=0)
[WORKER] Meshing cx=5 cz=-10 (persisted=0)
[WORKER] Meshing cx=9 cz=-1 (persisted=0)
[WORKER] Meshing cx=7 cz=-9 (persisted=0)
[WORKER] Meshing cx=2 cz=-11 (persisted=0)
[WORKER] Meshing cx=10 cz=-3 (persisted=0)
[WORKER] Meshing cx=1 cz=-11 (persisted=0)
[WORKER] Meshing cx=10 cz=-2 (persisted=0)
[WORKER] Meshing cx=3 cz=-11 (persisted=0)
[WORKER] Meshing cx=6 cz=-10 (persisted=0)
[WORKER] Meshing cx=10 cz=-4 (persisted=0)
[WORKER] Mesh complete cx=9 cz=-5 built=0000021D41149820
[WORKER] Queuing result cx=9 cz=-5 gen=1 space=superchunk_terrain built=0000021D41149820 results=0/768
[WORKER] Processing job cx=10 cz=-5 gen=1 space=superchunk_terrain type=GENERATE
[ADOPT] Adopting chunk (9,-5) gen=1 role=1
[ADOPT] SUCCESS chunk (9,-5) now resident. loaded_from_persist=0
[WORKER] Mesh complete cx=9 cz=-6 built=0000021D4114A330
[WORKER] Queuing result cx=9 cz=-6 gen=1 space=superchunk_terrain built=0000021D4114A330 results=0/768
[WORKER] Processing job cx=10 cz=-1 gen=1 space=superchunk_terrain type=GENERATE
[ADOPT] Adopting chunk (9,-6) gen=1 role=1
[ADOPT] SUCCESS chunk (9,-6) now resident. loaded_from_persist=0
[WORKER] Mesh complete cx=4 cz=-10 built=0000021D4114DA80
[WORKER] Queuing result cx=4 cz=-10 gen=1 space=superchunk_terrain built=0000021D4114DA80 results=0/768
[WORKER] Processing job cx=8 cz=-9 gen=1 space=superchunk_terrain type=GENERATE
[ADOPT] Adopting chunk (4,-10) gen=1 role=1
[ADOPT] SUCCESS chunk (4,-10) now resident. loaded_from_persist=0
[WORKER] Mesh complete cx=8 cz=-8 built=0000021D411506C0
[WORKER] Queuing result cx=8 cz=-8 gen=1 space=superchunk_terrain built=0000021D411506C0 results=0/768
[WORKER] Processing job cx=5 cz=-11 gen=1 space=superchunk_terrain type=GENERATE
[ADOPT] Adopting chunk (8,-8) gen=1 role=1
[ADOPT] SUCCESS chunk (8,-8) now resident. loaded_from_persist=0
[WORKER] Meshing cx=4 cz=-11 (persisted=0)
[WORKER] Mesh complete cx=9 cz=-7 built=0000021D41154920
[WORKER] Queuing result cx=9 cz=-7 gen=1 space=superchunk_terrain built=0000021D41154920 results=0/768
[WORKER] Processing job cx=10 cz=-6 gen=1 space=superchunk_terrain type=GENERATE
[ADOPT] Adopting chunk (9,-7) gen=1 role=1
[ADOPT] SUCCESS chunk (9,-7) now resident. loaded_from_persist=0
[WORKER] Mesh complete cx=5 cz=-10 built=0000021D3EEAE460
[WORKER] Queuing result cx=5 cz=-10 gen=1 space=superchunk_terrain built=0000021D3EEAE460 results=0/768
[WORKER] Processing job cx=7 cz=-10 gen=1 space=superchunk_terrain type=GENERATE
[ADOPT] Adopting chunk (5,-10) gen=1 role=1
[ADOPT] SUCCESS chunk (5,-10) now resident. loaded_from_persist=0
[WORKER] Mesh complete cx=7 cz=-9 built=0000021D3EEB5E10
[WORKER] Queuing result cx=7 cz=-9 gen=1 space=superchunk_terrain built=0000021D3EEB5E10 results=0/768
[WORKER] Processing job cx=9 cz=-8 gen=1 space=superchunk_terrain type=GENERATE
[ADOPT] Adopting chunk (7,-9) gen=1 role=1
[ADOPT] SUCCESS chunk (7,-9) now resident. loaded_from_persist=0
[WALL] HEALTH W=17/0/0 N=17/0/0 E=17/0/0 S=17/0/0 (desired/resident/ready)
[WORKER] Mesh complete cx=9 cz=-1 built=0000021D436BEFA0

[WORKER] Queuing result cx=2 cz=-11 gen=1 space=superchunk_terrain built=0000021D28E68B70 results=0/768
[WORKER] Queuing result cx=9 cz=-1 gen=1 space=superchunk_terrain built=0000021D436BEFA0 results=0/768
[WORKER] Processing job cx=10 cz=-7 gen=1 space=superchunk_terrain type=GENERATE
[WORKER] Processing job cx=6 cz=-11 gen=1 space=superchunk_terrain type=GENERATE
[ADOPT] Adopting chunk (2,-11) gen=1 role=1
[ADOPT] SUCCESS chunk (2,-11) now resident. loaded_from_persist=0
[ADOPT] Adopting chunk (9,-1) gen=1 role=1
[ADOPT] SUCCESS chunk (9,-1) now resident. loaded_from_persist=0
[WORKER] Mesh complete cx=10 cz=-3 built=0000021D3E50ECD0
[WORKER] Queuing result cx=10 cz=-3 gen=1 space=superchunk_terrain built=0000021D3E50ECD0 results=0/768
[WORKER] Processing job cx=2 cz=-12 gen=1 space=superchunk_terrain type=GENERATE
[ADOPT] Adopting chunk (10,-3) gen=1 role=1
[ADOPT] SUCCESS chunk (10,-3) now resident. loaded_from_persist=0
[WORKER] Mesh complete cx=3 cz=-11 built=0000021D3E50F7E0
[WORKER] Queuing result cx=3 cz=-11 gen=1 space=superchunk_terrain built=0000021D3E50F7E0 results=0/768
[WORKER] Processing job cx=11 cz=-3 gen=1 space=superchunk_terrain type=GENERATE
[ADOPT] Adopting chunk (3,-11) gen=1 role=1
[ADOPT] SUCCESS chunk (3,-11) now resident. loaded_from_persist=0
[WORKER] Mesh complete cx=1 cz=-11 built=0000021D3E510E00
[WORKER] Queuing result cx=1 cz=-11 gen=1 space=superchunk_terrain built=0000021D3E510E00 results=0/768
[WORKER] Processing job cx=1 cz=-12 gen=1 space=superchunk_terrain type=GENERATE
[ADOPT] Adopting chunk (1,-11) gen=1 role=1
[ADOPT] SUCCESS chunk (1,-11) now resident. loaded_from_persist=0
[WORKER] Mesh complete cx=10 cz=-2 built=0000021D3E512420
[WORKER] Queuing result cx=10 cz=-2 gen=1 space=superchunk_terrain built=0000021D3E512420 results=0/768
[WORKER] Processing job cx=11 cz=-4 gen=1 space=superchunk_terrain type=GENERATE
[ADOPT] Adopting chunk (10,-2) gen=1 role=1
[ADOPT] SUCCESS chunk (10,-2) now resident. loaded_from_persist=0
[WORKER] Mesh complete cx=6 cz=-10 built=0000021D3E515060
[WORKER] Queuing result cx=10 cz=-4 gen=1 space=superchunk_terrain built=0000021D3E5102F0 results=0/768
[WORKER] Queuing result cx=6 cz=-10 gen=1 space=superchunk_terrain built=0000021D3E515060 results=0/768
[WORKER] Processing job cx=11 cz=-2 gen=1 space=superchunk_terrain type=GENERATE
[WORKER] Processing job cx=3 cz=-12 gen=1 space=superchunk_terrain type=GENERATE
[ADOPT] Adopting chunk (10,-4) gen=1 role=1
[ADOPT] SUCCESS chunk (10,-4) now resident. loaded_from_persist=0
[ADOPT] Adopting chunk (6,-10) gen=1 role=1
[ADOPT] SUCCESS chunk (6,-10) now resident. loaded_from_persist=0
[WORKER] Mesh complete cx=4 cz=-11 built=0000021D3E515B70
[WORKER] Queuing result cx=4 cz=-11 gen=1 space=superchunk_terrain built=0000021D3E515B70 results=0/768
[WORKER] Processing job cx=4 cz=-12 gen=1 space=superchunk_terrain type=GENERATE
[ADOPT] Adopting chunk (4,-11) gen=1 role=1
[ADOPT] SUCCESS chunk (4,-11) now resident. loaded_from_persist=0
[WORKER] Meshing cx=8 cz=-9 (persisted=0)
[WORKER] Meshing cx=10 cz=-5 (persisted=0)
[WORKER] Meshing cx=10 cz=-6 (persisted=0)
[WORKER] Meshing cx=10 cz=-1 (persisted=0)
[WORKER] Meshing cx=5 cz=-11 (persisted=0)
[WORKER] Meshing cx=10 cz=-7 (persisted=0)
[WORKER] Meshing cx=9 cz=-8 (persisted=0)
[WORKER] Meshing cx=7 cz=-10 (persisted=0)
[WALL] HEALTH W=17/0/0 N=17/0/0 E=17/0/0 S=17/0/0 (desired/resident/ready)
[WORKER] Meshing cx=6 cz=-11 (persisted=0)
[WORKER] Meshing cx=2 cz=-12 (persisted=0)
[WORKER] Meshing cx=11 cz=-3 (persisted=0)
[WORKER] Meshing cx=11 cz=-4 (persisted=0)
[WORKER] Meshing cx=1 cz=-12 (persisted=0)
[WORKER] Mesh complete cx=8 cz=-9 built=0000021D3E50C090
[WORKER] Queuing result cx=8 cz=-9 gen=1 space=superchunk_terrain built=0000021D3E50C090 results=0/768
[WORKER] Processing job cx=8 cz=-10 gen=1 space=superchunk_terrain type=GENERATE
[ADOPT] Adopting chunk (8,-9) gen=1 role=1
[ADOPT] SUCCESS chunk (8,-9) now resident. loaded_from_persist=0
[WORKER] Meshing cx=3 cz=-12 (persisted=0)
[WORKER] Mesh complete cx=10 cz=-5 built=0000021D3E50D6B0
[WORKER] Queuing result cx=10 cz=-5 gen=1 space=superchunk_terrain built=0000021D3E50D6B0 results=0/768
[WORKER] Processing job cx=11 cz=-5 gen=1 space=superchunk_terrain type=GENERATE
[ADOPT] Adopting chunk (10,-5) gen=1 role=1
[ADOPT] SUCCESS chunk (10,-5) now resident. loaded_from_persist=0
[WORKER] Meshing cx=11 cz=-2 (persisted=0)
[WORKER] Mesh complete cx=10 cz=-6 built=0000021D3E513A40
[WORKER] Queuing result cx=10 cz=-6 gen=1 space=superchunk_terrain built=0000021D3E513A40 results=0/768
[WORKER] Processing job cx=9 cz=-9 gen=1 space=superchunk_terrain type=GENERATE
[ADOPT] Adopting chunk (10,-6) gen=1 role=1
[ADOPT] SUCCESS chunk (10,-6) now resident. loaded_from_persist=0
[WORKER] Mesh complete cx=10 cz=-7 built=0000021D3E514550
[WORKER] Queuing result cx=10 cz=-7 gen=1 space=superchunk_terrain built=0000021D3E514550 results=0/768
[WORKER] Processing job cx=11 cz=-1 gen=1 space=superchunk_terrain type=GENERATE
[ADOPT] Adopting chunk (10,-7) gen=1 role=1
[ADOPT] SUCCESS chunk (10,-7) now resident. loaded_from_persist=0
[WORKER] Mesh complete cx=5 cz=-11 built=0000021D3E5187B0
[WORKER] Queuing result cx=5 cz=-11 gen=1 space=superchunk_terrain built=0000021D3E5187B0 results=0/768
[WORKER] Processing job cx=7 cz=-11 gen=1 space=superchunk_terrain type=GENERATE
[ADOPT] Adopting chunk (5,-11) gen=1 role=1
[ADOPT] SUCCESS chunk (5,-11) now resident. loaded_from_persist=0
[WORKER] Mesh complete cx=9 cz=-8 built=0000021D3E517CA0
[WORKER] Queuing result cx=9 cz=-8 gen=1 space=superchunk_terrain built=0000021D3E517CA0 results=0/768
[WORKER] Processing job cx=10 cz=-8 gen=1 space=superchunk_terrain type=GENERATE
[ADOPT] Adopting chunk (9,-8) gen=1 role=1
[ADOPT] SUCCESS chunk (9,-8) now resident. loaded_from_persist=0
[WORKER] Mesh complete cx=10 cz=-1 built=0000021D3E51A8E0
[WORKER] Queuing result cx=10 cz=-1 gen=1 space=superchunk_terrain built=0000021D3E51A8E0 results=0/768
[WORKER] Processing job cx=5 cz=-12 gen=1 space=superchunk_terrain type=GENERATE
[ADOPT] Adopting chunk (10,-1) gen=1 role=1
[ADOPT] SUCCESS chunk (10,-1) now resident. loaded_from_persist=0
[WORKER] Meshing cx=4 cz=-12 (persisted=0)
[WORKER] Mesh complete cx=7 cz=-10 built=0000021D3E517190
[WORKER] Queuing result cx=7 cz=-10 gen=1 space=superchunk_terrain built=0000021D3E517190 results=0/768
[WORKER] Processing job cx=11 cz=-6 gen=1 space=superchunk_terrain type=GENERATE
[ADOPT] Adopting chunk (7,-10) gen=1 role=1
[ADOPT] SUCCESS chunk (7,-10) now resident. loaded_from_persist=0
[WORKER] Mesh complete cx=11 cz=-3 built=0000021D4114CF70
[WORKER] Queuing result cx=11 cz=-3 gen=1 space=superchunk_terrain built=0000021D4114CF70 results=0/768
[WORKER] Processing job cx=11 cz=-7 gen=1 space=superchunk_terrain type=GENERATE
[WORKER] Mesh complete cx=6 cz=-11 built=0000021D411527F0
[WORKER] Queuing result cx=6 cz=-11 gen=1 space=superchunk_terrain built=0000021D411527F0 results=1/768
[WORKER] Processing job cx=6 cz=-12 gen=1 space=superchunk_terrain type=GENERATE
[ADOPT] Adopting chunk (11,-3) gen=1 role=1
[ADOPT] SUCCESS chunk (11,-3) now resident. loaded_from_persist=0
[ADOPT] Adopting chunk (6,-11) gen=1 role=1
[ADOPT] SUCCESS chunk (6,-11) now resident. loaded_from_persist=0
[WORKER] Mesh complete cx=2 cz=-12 built=0000021D41155430
[WORKER] Queuing result cx=2 cz=-12 gen=1 space=superchunk_terrain built=0000021D41155430 results=0/768
[WORKER] Processing job cx=9 cz=-10 gen=1 space=superchunk_terrain type=GENERATE
[ADOPT] Adopting chunk (2,-12) gen=1 role=1
[ADOPT] SUCCESS chunk (2,-12) now resident. loaded_from_persist=0
[WORKER] Mesh complete cx=11 cz=-4 built=0000021D3EEB7430
[WORKER] Queuing result cx=11 cz=-4 gen=1 space=superchunk_terrain built=0000021D3EEB7430 results=0/768
[WORKER] Processing job cx=12 cz=-3 gen=1 space=superchunk_terrain type=GENERATE
[ADOPT] Adopting chunk (11,-4) gen=1 role=1
[ADOPT] SUCCESS chunk (11,-4) now resident. loaded_from_persist=0
[WORKER] Mesh complete cx=1 cz=-12 built=0000021D3E51ECE0
[WORKER] Queuing result cx=1 cz=-12 gen=1 space=superchunk_terrain built=0000021D3E51ECE0 results=0/768
[WORKER] Processing job cx=8 cz=-11 gen=1 space=superchunk_terrain type=GENERATE
[ADOPT] Adopting chunk (1,-12) gen=1 role=1
[ADOPT] SUCCESS chunk (1,-12) now resident. loaded_from_persist=0
[WORKER] Mesh complete cx=3 cz=-12 built=0000021D3E51D6C0
[WORKER] Queuing result cx=3 cz=-12 gen=1 space=superchunk_terrain built=0000021D3E51D6C0 results=0/768
[WORKER] Processing job cx=10 cz=-9 gen=1 space=superchunk_terrain type=GENERATE
[WORKER] Mesh complete cx=11 cz=-2 built=0000021D3E520E10
[WORKER] Queuing result cx=11 cz=-2 gen=1 space=superchunk_terrain built=0000021D3E520E10 results=1/768
[WORKER] Processing job cx=2 cz=-13 gen=1 space=superchunk_terrain type=GENERATE
[ADOPT] Adopting chunk (3,-12) gen=1 role=1
[ADOPT] SUCCESS chunk (3,-12) now resident. loaded_from_persist=0
[ADOPT] Adopting chunk (11,-2) gen=1 role=1
[ADOPT] SUCCESS chunk (11,-2) now resident. loaded_from_persist=0
[WORKER] Mesh complete cx=4 cz=-12 built=0000021D3E522430
[WORKER] Queuing result cx=4 cz=-12 gen=1 space=superchunk_terrain built=0000021D3E522430 results=0/768
[WORKER] Processing job cx=1 cz=-13 gen=1 space=superchunk_terrain type=GENERATE
[ADOPT] Adopting chunk (4,-12) gen=1 role=1
[ADOPT] SUCCESS chunk (4,-12) now resident. loaded_from_persist=0
[WALL] HEALTH W=17/0/0 N=17/0/0 E=17/0/0 S=17/0/0 (desired/resident/ready)
[WORKER] Meshing cx=8 cz=-10 (persisted=0)
[WORKER] Meshing cx=11 cz=-5 (persisted=0)
[WORKER] Meshing cx=9 cz=-9 (persisted=0)
[WORKER] Meshing cx=10 cz=-8 (persisted=0)
[WORKER] Meshing cx=11 cz=-1 (persisted=0)
[WORKER] Meshing cx=7 cz=-11 (persisted=0)
[WORKER] Meshing cx=5 cz=-12 (persisted=0)
[WORKER] Meshing cx=11 cz=-6 (persisted=0)
[WORKER] Meshing cx=11 cz=-7 (persisted=0)
[WORKER] Meshing cx=9 cz=-10 (persisted=0)
[WORKER] Meshing cx=6 cz=-12 (persisted=0)
[WORKER] Meshing cx=12 cz=-3 (persisted=0)
[WORKER] Meshing cx=8 cz=-11 (persisted=0)
[WORKER] Mesh complete cx=11 cz=-5 built=0000021D3E51E1D0
[WORKER] Queuing result cx=11 cz=-5 gen=1 space=superchunk_terrain built=0000021D3E51E1D0 results=0/768
[WORKER] Processing job cx=3 cz=-13 gen=1 space=superchunk_terrain type=GENERATE
[WORKER] Mesh complete cx=8 cz=-10 built=0000021D3E522F40
[WORKER] Queuing result cx=8 cz=-10 gen=1 space=superchunk_terrain built=0000021D3E522F40 results=1/768
[WORKER] Processing job cx=12 cz=-2 gen=1 space=superchunk_terrain type=GENERATE
[ADOPT] Adopting chunk (11,-5) gen=1 role=1
[ADOPT] SUCCESS chunk (11,-5) now resident. loaded_from_persist=0
[WORKER] Mesh complete cx=9 cz=-9 built=0000021D3E526690
[WORKER] Queuing result cx=9 cz=-9 gen=1 space=superchunk_terrain built=0000021D3E526690 results=1/768
[WORKER] Processing job cx=12 cz=-4 gen=1 space=superchunk_terrain type=GENERATE
[WORKER] Meshing cx=10 cz=-9 (persisted=0)
[ADOPT] Adopting chunk (8,-10) gen=1 role=1
[ADOPT] SUCCESS chunk (8,-10) now resident. loaded_from_persist=0
[ADOPT] Adopting chunk (9,-9) gen=1 role=1
[ADOPT] SUCCESS chunk (9,-9) now resident. loaded_from_persist=0
[WORKER] Mesh complete cx=10 cz=-8 built=0000021D3E51C0A0
[WORKER] Queuing result cx=10 cz=-8 gen=1 space=superchunk_terrain built=0000021D3E51C0A0 results=0/768
[WORKER] Processing job cx=4 cz=-13 gen=1 space=superchunk_terrain type=GENERATE
[ADOPT] Adopting chunk (10,-8) gen=1 role=1
[ADOPT] SUCCESS chunk (10,-8) now resident. loaded_from_persist=0
[WORKER] Meshing cx=2 cz=-13 (persisted=0)
[WORKER] Mesh complete cx=7 cz=-11 built=0000021D3E524560
[WORKER] Queuing result cx=7 cz=-11 gen=1 space=superchunk_terrain built=0000021D3E524560 results=0/768
[WORKER] Processing job cx=12 cz=-1 gen=1 space=superchunk_terrain type=GENERATE
[ADOPT] Adopting chunk (7,-11) gen=1 role=1
[ADOPT] SUCCESS chunk (7,-11) now resident. loaded_from_persist=0
[WALL] HEALTH W=17/0/0 N=17/0/0 E=17/0/0 S=17/0/0 (desired/resident/ready)
[WORKER] Mesh complete cx=11 cz=-7 built=0000021D3E5271A0
[WORKER] Queuing result cx=11 cz=-7 gen=1 space=superchunk_terrain built=0000021D3E5271A0 results=0/768
[WORKER] Processing job cx=12 cz=-5 gen=1 space=superchunk_terrain type=GENERATE
[WORKER] Mesh complete cx=5 cz=-12 built=0000021D3E5292D0
[WORKER] Queuing result cx=5 cz=-12 gen=1 space=superchunk_terrain built=0000021D3E5292D0 results=1/768
[WORKER] Processing job cx=7 cz=-12 gen=1 space=superchunk_terrain type=GENERATE
[WORKER] Mesh complete cx=11 cz=-1 built=0000021D3E5287C0
[WORKER] Queuing result cx=11 cz=-1 gen=1 space=superchunk_terrain built=0000021D3E5287C0 results=2/768
[WORKER] Processing job cx=11 cz=-8 gen=1 space=superchunk_terrain type=GENERATE
[ADOPT] Adopting chunk (11,-7) gen=1 role=1
[ADOPT] SUCCESS chunk (11,-7) now resident. loaded_from_persist=0
[ADOPT] Adopting chunk (5,-12) gen=1 role=1
[ADOPT] SUCCESS chunk (5,-12) now resident. loaded_from_persist=0
[WORKER] Mesh complete cx=11 cz=-6 built=0000021D3E527CB0
[WORKER] Queuing result cx=11 cz=-6 gen=1 space=superchunk_terrain built=0000021D3E527CB0 results=1/768
[WORKER] Processing job cx=5 cz=-13 gen=1 space=superchunk_terrain type=GENERATE
[ADOPT] Adopting chunk (11,-1) gen=1 role=1
[ADOPT] SUCCESS chunk (11,-1) now resident. loaded_from_persist=0
[ADOPT] Adopting chunk (11,-6) gen=1 role=1
[ADOPT] SUCCESS chunk (11,-6) now resident. loaded_from_persist=0
[WORKER] Mesh complete cx=9 cz=-10 built=0000021D3E50CBA0
[WORKER] Queuing result cx=9 cz=-10 gen=1 space=superchunk_terrain built=0000021D3E50CBA0 results=0/768
[WORKER] Processing job cx=12 cz=-6 gen=1 space=superchunk_terrain type=GENERATE
[ADOPT] Adopting chunk (9,-10) gen=1 role=1
[ADOPT] SUCCESS chunk (9,-10) now resident. loaded_from_persist=0
[WORKER] Meshing cx=1 cz=-13 (persisted=0)
[WORKER] Mesh complete cx=6 cz=-12 built=0000021D3E511910
[WORKER] Queuing result cx=6 cz=-12 gen=1 space=superchunk_terrain built=0000021D3E511910 results=0/768
[WORKER] Processing job cx=10 cz=-10 gen=1 space=superchunk_terrain type=GENERATE
[ADOPT] Adopting chunk (6,-12) gen=1 role=1
[ADOPT] SUCCESS chunk (6,-12) now resident. loaded_from_persist=0
[WORKER] Mesh complete cx=12 cz=-3 built=0000021D3E5192C0
[WORKER] Queuing result cx=12 cz=-3 gen=1 space=superchunk_terrain built=0000021D3E5192C0 results=0/768
[WORKER] Processing job cx=9 cz=-11 gen=1 space=superchunk_terrain type=GENERATE
[ADOPT] Adopting chunk (12,-3) gen=1 role=1
[ADOPT] SUCCESS chunk (12,-3) now resident. loaded_from_persist=0
[WORKER] Mesh complete cx=8 cz=-11 built=0000021D3E51B3F0
[WORKER] Queuing result cx=8 cz=-11 gen=1 space=superchunk_terrain built=0000021D3E51B3F0 results=0/768
[WORKER] Processing job cx=6 cz=-13 gen=1 space=superchunk_terrain type=GENERATE
[ADOPT] Adopting chunk (8,-11) gen=1 role=1
[ADOPT] SUCCESS chunk (8,-11) now resident. loaded_from_persist=0
[WORKER] Mesh complete cx=10 cz=-9 built=0000021D411511D0
[WORKER] Queuing result cx=10 cz=-9 gen=1 space=superchunk_terrain built=0000021D411511D0 results=0/768
[WORKER] Processing job cx=12 cz=-7 gen=1 space=superchunk_terrain type=GENERATE
[ADOPT] Adopting chunk (10,-9) gen=1 role=1
[ADOPT] SUCCESS chunk (10,-9) now resident. loaded_from_persist=0
[WORKER] Mesh complete cx=2 cz=-13 built=0000021D3E51F7F0
[WORKER] Queuing result cx=2 cz=-13 gen=1 space=superchunk_terrain built=0000021D3E51F7F0 results=0/768
[WORKER] Processing job cx=11 cz=-9 gen=1 space=superchunk_terrain type=GENERATE
[ADOPT] Adopting chunk (2,-13) gen=1 role=1
[ADOPT] SUCCESS chunk (2,-13) now resident. loaded_from_persist=0
[WORKER] Mesh complete cx=1 cz=-13 built=0000021D2935A1D0
[WORKER] Queuing result cx=1 cz=-13 gen=1 space=superchunk_terrain built=0000021D2935A1D0 results=0/768
[WORKER] Processing job cx=8 cz=-12 gen=1 space=superchunk_terrain type=GENERATE
[ADOPT] Adopting chunk (1,-13) gen=1 role=1
[ADOPT] SUCCESS chunk (1,-13) now resident. loaded_from_persist=0
[WORKER] Meshing cx=12 cz=-2 (persisted=0)
[WORKER] Meshing cx=12 cz=-4 (persisted=0)
[WORKER] Meshing cx=3 cz=-13 (persisted=0)
[WALL] HEALTH W=17/0/0 N=17/0/0 E=17/0/0 S=17/0/0 (desired/resident/ready)
[WORKER] Meshing cx=4 cz=-13 (persisted=0)
[WORKER] Meshing cx=12 cz=-6 (persisted=0)
[WORKER] Meshing cx=11 cz=-8 (persisted=0)
[WORKER] Meshing cx=12 cz=-5 (persisted=0)
[WORKER] Meshing cx=5 cz=-13 (persisted=0)
[WORKER] Meshing cx=12 cz=-1 (persisted=0)
[WORKER] Meshing cx=7 cz=-12 (persisted=0)
[WORKER] Meshing cx=10 cz=-10 (persisted=0)
[WORKER] Meshing cx=9 cz=-11 (persisted=0)
[WORKER] Meshing cx=12 cz=-7 (persisted=0)
[WORKER] Meshing cx=6 cz=-13 (persisted=0)
[WORKER] Mesh complete cx=12 cz=-2 built=0000021D2935D920
[WORKER] Queuing result cx=12 cz=-2 gen=1 space=superchunk_terrain built=0000021D2935D920 results=0/768
[WORKER] Processing job cx=13 cz=-3 gen=1 space=superchunk_terrain type=GENERATE
[WORKER] Mesh complete cx=12 cz=-4 built=0000021D2935CE10
[WORKER] Queuing result cx=12 cz=-4 gen=1 space=superchunk_terrain built=0000021D2935CE10 results=1/768
[WORKER] Processing job cx=2 cz=-14 gen=1 space=superchunk_terrain type=GENERATE
[ADOPT] Adopting chunk (12,-2) gen=1 role=1
[ADOPT] SUCCESS chunk (12,-2) now resident. loaded_from_persist=0
[ADOPT] Adopting chunk (12,-4) gen=1 role=1
[ADOPT] SUCCESS chunk (12,-4) now resident. loaded_from_persist=0
[WORKER] Meshing cx=11 cz=-9 (persisted=0)
[WORKER] Mesh complete cx=3 cz=-13 built=0000021D2935FA50
[WORKER] Queuing result cx=3 cz=-13 gen=1 space=superchunk_terrain built=0000021D2935FA50 results=0/768
[WORKER] Processing job cx=13 cz=-4 gen=1 space=superchunk_terrain type=GENERATE
[ADOPT] Adopting chunk (3,-13) gen=1 role=1
[ADOPT] SUCCESS chunk (3,-13) now resident. loaded_from_persist=0
[WORKER] Mesh complete cx=12 cz=-6 built=0000021D2935EF40
[WORKER] Queuing result cx=12 cz=-6 gen=1 space=superchunk_terrain built=0000021D2935EF40 results=0/768
[WORKER] Processing job cx=1 cz=-14 gen=1 space=superchunk_terrain type=GENERATE
[ADOPT] Adopting chunk (12,-6) gen=1 role=1
[ADOPT] SUCCESS chunk (12,-6) now resident. loaded_from_persist=0
[WORKER] Mesh complete cx=11 cz=-8 built=0000021D2935E430
[WORKER] Queuing result cx=11 cz=-8 gen=1 space=superchunk_terrain built=0000021D2935E430 results=0/768
[WORKER] Processing job cx=13 cz=-2 gen=1 space=superchunk_terrain type=GENERATE
[ADOPT] Adopting chunk (11,-8) gen=1 role=1
[ADOPT] SUCCESS chunk (11,-8) now resident. loaded_from_persist=0
[WORKER] Mesh complete cx=4 cz=-13 built=0000021D29363CB0
[WORKER] Queuing result cx=4 cz=-13 gen=1 space=superchunk_terrain built=0000021D29363CB0 results=0/768
[WORKER] Processing job cx=3 cz=-14 gen=1 space=superchunk_terrain type=GENERATE
[ADOPT] Adopting chunk (4,-13) gen=1 role=1
[ADOPT] SUCCESS chunk (4,-13) now resident. loaded_from_persist=0
[WORKER] Mesh complete cx=12 cz=-5 built=0000021D29362690
[WORKER] Queuing result cx=12 cz=-5 gen=1 space=superchunk_terrain built=0000021D29362690 results=0/768
[WORKER] Processing job cx=13 cz=-5 gen=1 space=superchunk_terrain type=GENERATE
[ADOPT] Adopting chunk (12,-5) gen=1 role=1
[ADOPT] SUCCESS chunk (12,-5) now resident. loaded_from_persist=0
[WORKER] Mesh complete cx=5 cz=-13 built=0000021D29365DE0
[WORKER] Queuing result cx=5 cz=-13 gen=1 space=superchunk_terrain built=0000021D29365DE0 results=0/768
[WORKER] Processing job cx=7 cz=-13 gen=1 space=superchunk_terrain type=GENERATE
[ADOPT] Adopting chunk (5,-13) gen=1 role=1
[ADOPT] SUCCESS chunk (5,-13) now resident. loaded_from_persist=0
[WORKER] Mesh complete cx=10 cz=-10 built=0000021D29367400
[WORKER] Queuing result cx=10 cz=-10 gen=1 space=superchunk_terrain built=0000021D29367400 results=0/768
[WORKER] Processing job cx=13 cz=-1 gen=1 space=superchunk_terrain type=GENERATE
[ADOPT] Adopting chunk (10,-10) gen=1 role=1
[ADOPT] SUCCESS chunk (10,-10) now resident. loaded_from_persist=0
[WORKER] Mesh complete cx=7 cz=-12 built=0000021D29368A20
[WORKER] Queuing result cx=7 cz=-12 gen=1 space=superchunk_terrain built=0000021D29368A20 results=0/768
[WORKER] Processing job cx=4 cz=-14 gen=1 space=superchunk_terrain type=GENERATE
[ADOPT] Adopting chunk (7,-12) gen=1 role=1
[ADOPT] SUCCESS chunk (7,-12) now resident. loaded_from_persist=0
[WORKER] Mesh complete cx=12 cz=-1 built=0000021D293668F0
[WORKER] Queuing result cx=12 cz=-1 gen=1 space=superchunk_terrain built=0000021D293668F0 results=0/768
[WORKER] Processing job cx=12 cz=-8 gen=1 space=superchunk_terrain type=GENERATE
[ADOPT] Adopting chunk (12,-1) gen=1 role=1
[ADOPT] SUCCESS chunk (12,-1) now resident. loaded_from_persist=0
[WORKER] Mesh complete cx=9 cz=-11 built=0000021D3E520300
[WORKER] Queuing result cx=9 cz=-11 gen=1 space=superchunk_terrain built=0000021D3E520300 results=0/768
[WORKER] Processing job cx=10 cz=-11 gen=1 space=superchunk_terrain type=GENERATE
[ADOPT] Adopting chunk (9,-11) gen=1 role=1
[ADOPT] SUCCESS chunk (9,-11) now resident. loaded_from_persist=0
[WORKER] Meshing cx=8 cz=-12 (persisted=0)
[WORKER] Mesh complete cx=12 cz=-7 built=0000021D3E521920
[WORKER] Queuing result cx=12 cz=-7 gen=1 space=superchunk_terrain built=0000021D3E521920 results=0/768
[WORKER] Processing job cx=9 cz=-12 gen=1 space=superchunk_terrain type=GENERATE
[ADOPT] Adopting chunk (12,-7) gen=1 role=1
[ADOPT] SUCCESS chunk (12,-7) now resident. loaded_from_persist=0
[WORKER] Mesh complete cx=6 cz=-13 built=0000021D3E525070
[WORKER] Queuing result cx=6 cz=-13 gen=1 space=superchunk_terrain built=0000021D3E525070 results=0/768
[WORKER] Processing job cx=13 cz=-6 gen=1 space=superchunk_terrain type=GENERATE
[ADOPT] Adopting chunk (6,-13) gen=1 role=1
[ADOPT] SUCCESS chunk (6,-13) now resident. loaded_from_persist=0
[WORKER] Mesh complete cx=11 cz=-9 built=0000021D3E52A8F0
[WORKER] Queuing result cx=11 cz=-9 gen=1 space=superchunk_terrain built=0000021D3E52A8F0 results=0/768
[WORKER] Processing job cx=11 cz=-10 gen=1 space=superchunk_terrain type=GENERATE
[ADOPT] Adopting chunk (11,-9) gen=1 role=1
[ADOPT] SUCCESS chunk (11,-9) now resident. loaded_from_persist=0
[WALL] HEALTH W=17/0/0 N=17/0/0 E=17/0/0 S=17/0/0 (desired/resident/ready)
[WORKER] Mesh complete cx=8 cz=-12 built=0000021D3E50E1C0
[WORKER] Queuing result cx=8 cz=-12 gen=1 space=superchunk_terrain built=0000021D3E50E1C0 results=0/768
[WORKER] Processing job cx=5 cz=-14 gen=1 space=superchunk_terrain type=GENERATE
[ADOPT] Adopting chunk (8,-12) gen=1 role=1
[ADOPT] SUCCESS chunk (8,-12) now resident. loaded_from_persist=0
[WORKER] Meshing cx=13 cz=-3 (persisted=0)
[WORKER] Meshing cx=13 cz=-4 (persisted=0)
[WORKER] Meshing cx=13 cz=-2 (persisted=0)
[WORKER] Meshing cx=2 cz=-14 (persisted=0)
[WORKER] Meshing cx=13 cz=-5 (persisted=0)
[WORKER] Meshing cx=3 cz=-14 (persisted=0)
[WORKER] Meshing cx=1 cz=-14 (persisted=0)
[WORKER] Meshing cx=7 cz=-13 (persisted=0)
[WORKER] Meshing cx=12 cz=-8 (persisted=0)
[WORKER] Meshing cx=4 cz=-14 (persisted=0)
[WORKER] Meshing cx=10 cz=-11 (persisted=0)
[WORKER] Meshing cx=13 cz=-1 (persisted=0)
[WORKER] Meshing cx=9 cz=-12 (persisted=0)
[WORKER] Meshing cx=13 cz=-6 (persisted=0)
[WORKER] Mesh complete cx=13 cz=-3 built=0000021D3E516680
[WORKER] Queuing result cx=13 cz=-3 gen=1 space=superchunk_terrain built=0000021D3E516680 results=0/768
[WORKER] Processing job cx=8 cz=-13 gen=1 space=superchunk_terrain type=GENERATE
[ADOPT] Adopting chunk (13,-3) gen=1 role=1
[ADOPT] SUCCESS chunk (13,-3) now resident. loaded_from_persist=0
[WORKER] Meshing cx=11 cz=-10 (persisted=0)
[WORKER] Mesh complete cx=13 cz=-4 built=0000021D2935ACE0
[WORKER] Queuing result cx=13 cz=-4 gen=1 space=superchunk_terrain built=0000021D2935ACE0 results=0/768
[WORKER] Processing job cx=12 cz=-9 gen=1 space=superchunk_terrain type=GENERATE
[ADOPT] Adopting chunk (13,-4) gen=1 role=1
[ADOPT] SUCCESS chunk (13,-4) now resident. loaded_from_persist=0
[WALL] HEALTH W=17/0/0 N=17/0/0 E=17/0/0 S=17/0/0 (desired/resident/ready)
[WORKER] Mesh complete cx=13 cz=-2 built=0000021D2935C300
[WORKER] Queuing result cx=13 cz=-2 gen=1 space=superchunk_terrain built=0000021D2935C300 results=0/768
[WORKER] Processing job cx=6 cz=-14 gen=1 space=superchunk_terrain type=GENERATE
[ADOPT] Adopting chunk (13,-2) gen=1 role=1
[WORKER] Mesh complete cx=13 cz=-5 built=0000021D29360560
[WORKER] Queuing result cx=13 cz=-5 gen=1 space=superchunk_terrain built=0000021D29360560 results=0/768
[WORKER] Processing job cx=13 cz=-7 gen=1 space=superchunk_terrain type=GENERATE
[ADOPT] SUCCESS chunk (13,-2) now resident. loaded_from_persist=0
[ADOPT] Adopting chunk (13,-5) gen=1 role=1
[ADOPT] SUCCESS chunk (13,-5) now resident. loaded_from_persist=0
[WORKER] Mesh complete cx=2 cz=-14 built=0000021D29361070
[WORKER] Queuing result cx=2 cz=-14 gen=1 space=superchunk_terrain built=0000021D29361070 results=0/768
[WORKER] Processing job cx=14 cz=-3 gen=1 space=superchunk_terrain type=GENERATE
[ADOPT] Adopting chunk (2,-14) gen=1 role=1
[ADOPT] SUCCESS chunk (2,-14) now resident. loaded_from_persist=0
[WORKER] Mesh complete cx=12 cz=-8 built=0000021D29367F10
[WORKER] Queuing result cx=12 cz=-8 gen=1 space=superchunk_terrain built=0000021D29367F10 results=0/768
[WORKER] Processing job cx=2 cz=-15 gen=1 space=superchunk_terrain type=GENERATE
[ADOPT] Adopting chunk (12,-8) gen=1 role=1
[ADOPT] SUCCESS chunk (12,-8) now resident. loaded_from_persist=0
[WORKER] Mesh complete cx=3 cz=-14 built=0000021D29369530
[WORKER] Queuing result cx=3 cz=-14 gen=1 space=superchunk_terrain built=0000021D29369530 results=0/768
[WORKER] Processing job cx=11 cz=-11 gen=1 space=superchunk_terrain type=GENERATE
[ADOPT] Adopting chunk (3,-14) gen=1 role=1
[ADOPT] SUCCESS chunk (3,-14) now resident. loaded_from_persist=0
[WORKER] Mesh complete cx=1 cz=-14 built=0000021D3E525B80
[WORKER] Queuing result cx=1 cz=-14 gen=1 space=superchunk_terrain built=0000021D3E525B80 results=0/768
[WORKER] Processing job cx=3 cz=-15 gen=1 space=superchunk_terrain type=GENERATE
[ADOPT] Adopting chunk (1,-14) gen=1 role=1
[ADOPT] SUCCESS chunk (1,-14) now resident. loaded_from_persist=0
[WORKER] Mesh complete cx=4 cz=-14 built=0000021D3E529DE0
[WORKER] Queuing result cx=4 cz=-14 gen=1 space=superchunk_terrain built=0000021D3E529DE0 results=0/768
[WORKER] Processing job cx=10 cz=-12 gen=1 space=superchunk_terrain type=GENERATE
[WORKER] Mesh complete cx=7 cz=-13 built=0000021D4114E590
[WORKER] Queuing result cx=7 cz=-13 gen=1 space=superchunk_terrain built=0000021D4114E590 results=1/768
[WORKER] Processing job cx=14 cz=-2 gen=1 space=superchunk_terrain type=GENERATE
[ADOPT] Adopting chunk (4,-14) gen=1 role=1
[ADOPT] SUCCESS chunk (4,-14) now resident. loaded_from_persist=0
[ADOPT] Adopting chunk (7,-13) gen=1 role=1
[ADOPT] SUCCESS chunk (7,-13) now resident. loaded_from_persist=0
[WORKER] Mesh complete cx=10 cz=-11 built=0000021D3E0B8200
[WORKER] Queuing result cx=10 cz=-11 gen=1 space=superchunk_terrain built=0000021D3E0B8200 results=0/768
[WORKER] Processing job cx=1 cz=-15 gen=1 space=superchunk_terrain type=GENERATE
[ADOPT] Adopting chunk (10,-11) gen=1 role=1
[ADOPT] SUCCESS chunk (10,-11) now resident. loaded_from_persist=0
[WORKER] Meshing cx=5 cz=-14 (persisted=0)
[WORKER] Mesh complete cx=13 cz=-1 built=0000021D3E0B60D0
[WORKER] Queuing result cx=13 cz=-1 gen=1 space=superchunk_terrain built=0000021D3E0B60D0 results=0/768
[WORKER] Processing job cx=14 cz=-4 gen=1 space=superchunk_terrain type=GENERATE
[ADOPT] Adopting chunk (13,-1) gen=1 role=1
[ADOPT] SUCCESS chunk (13,-1) now resident. loaded_from_persist=0
[WORKER] Mesh complete cx=9 cz=-12 built=0000021D3E0B6BE0
[WORKER] Queuing result cx=9 cz=-12 gen=1 space=superchunk_terrain built=0000021D3E0B6BE0 results=0/768
[WORKER] Processing job cx=13 cz=-8 gen=1 space=superchunk_terrain type=GENERATE
[WORKER] Mesh complete cx=13 cz=-6 built=0000021D3E0B76F0
[WORKER] Queuing result cx=13 cz=-6 gen=1 space=superchunk_terrain built=0000021D3E0B76F0 results=1/768
[WORKER] Processing job cx=7 cz=-14 gen=1 space=superchunk_terrain type=GENERATE
[ADOPT] Adopting chunk (9,-12) gen=1 role=1
[ADOPT] SUCCESS chunk (9,-12) now resident. loaded_from_persist=0
[ADOPT] Adopting chunk (13,-6) gen=1 role=1
[ADOPT] SUCCESS chunk (13,-6) now resident. loaded_from_persist=0
[WORKER] Mesh complete cx=11 cz=-10 built=0000021D3E0BAE40
[WORKER] Queuing result cx=11 cz=-10 gen=1 space=superchunk_terrain built=0000021D3E0BAE40 results=0/768
[WORKER] Processing job cx=14 cz=-1 gen=1 space=superchunk_terrain type=GENERATE
[ADOPT] Adopting chunk (11,-10) gen=1 role=1
[ADOPT] SUCCESS chunk (11,-10) now resident. loaded_from_persist=0
[WORKER] Mesh complete cx=5 cz=-14 built=0000021D3E0BDA80
[WORKER] Queuing result cx=5 cz=-14 gen=1 space=superchunk_terrain built=0000021D3E0BDA80 results=0/768
[WORKER] Processing job cx=4 cz=-15 gen=1 space=superchunk_terrain type=GENERATE
[ADOPT] Adopting chunk (5,-14) gen=1 role=1
[ADOPT] SUCCESS chunk (5,-14) now resident. loaded_from_persist=0
[WALL] HEALTH W=17/0/0 N=17/0/0 E=17/0/0 S=17/0/0 (desired/resident/ready)
[WORKER] Meshing cx=8 cz=-13 (persisted=0)
[WORKER] Meshing cx=12 cz=-9 (persisted=0)
[WORKER] Meshing cx=13 cz=-7 (persisted=0)
[WORKER] Meshing cx=6 cz=-14 (persisted=0)
[WORKER] Meshing cx=14 cz=-3 (persisted=0)
[WORKER] Meshing cx=10 cz=-12 (persisted=0)
[WORKER] Meshing cx=11 cz=-11 (persisted=0)
[WORKER] Meshing cx=3 cz=-15 (persisted=0)
[WORKER] Meshing cx=2 cz=-15 (persisted=0)
[WORKER] Meshing cx=14 cz=-2 (persisted=0)
[WORKER] Meshing cx=14 cz=-4 (persisted=0)
[WORKER] Meshing cx=1 cz=-15 (persisted=0)
[WORKER] Meshing cx=7 cz=-14 (persisted=0)
[WORKER] Meshing cx=13 cz=-8 (persisted=0)
[WORKER] Mesh complete cx=12 cz=-9 built=0000021D3E0B8D10
[WORKER] Queuing result cx=12 cz=-9 gen=1 space=superchunk_terrain built=0000021D3E0B8D10 results=0/768
[ADOPT] Adopting chunk (12,-9) gen=1 role=1
ace=superchunk_terrain type=GENERATE
[ADOPT] SUCCESS chunk (12,-9) now resident. loaded_from_persist=0
[WORKER] Mesh complete cx=8 cz=-13 built=0000021D3E0BC460
[WORKER] Queuing result cx=8 cz=-13 gen=1 space=superchunk_terrain built=0000021D3E0BC460 results=0/768
[WORKER] Processing job cx=12 cz=-10 gen=1 space=superchunk_terrain type=GENERATE
[ADOPT] Adopting chunk (8,-13) gen=1 role=1
[ADOPT] SUCCESS chunk (8,-13) now resident. loaded_from_persist=0
[WORKER] Mesh complete cx=13 cz=-7 built=0000021D3E0BCF70
[WORKER] Queuing result cx=13 cz=-7 gen=1 space=superchunk_terrain built=0000021D3E0BCF70 results=0/768
[WORKER] Processing job cx=9 cz=-13 gen=1 space=superchunk_terrain type=GENERATE
[ADOPT] Adopting chunk (13,-7) gen=1 role=1
[ADOPT] SUCCESS chunk (13,-7) now resident. loaded_from_persist=0
[WORKER] Meshing cx=14 cz=-1 (persisted=0)
[WORKER] Mesh complete cx=6 cz=-14 built=0000021D3E0BE590
[WORKER] Queuing result cx=6 cz=-14 gen=1 space=superchunk_terrain built=0000021D3E0BE590 results=0/768
[WORKER] Processing job cx=14 cz=-6 gen=1 space=superchunk_terrain type=GENERATE
[ADOPT] Adopting chunk (6,-14) gen=1 role=1
[ADOPT] SUCCESS chunk (6,-14) now resident. loaded_from_persist=0
[WORKER] Mesh complete cx=10 cz=-12 built=0000021D3E0BF0A0
[WORKER] Queuing result cx=10 cz=-12 gen=1 space=superchunk_terrain built=0000021D3E0BF0A0 results=0/768
[WORKER] Processing job cx=5 cz=-15 gen=1 space=superchunk_terrain type=GENERATE
[WORKER] Mesh complete cx=14 cz=-3 built=0000021D3E0C3300
[WORKER] Queuing result cx=14 cz=-3 gen=1 space=superchunk_terrain built=0000021D3E0C3300 results=1/768
[WORKER] Processing job cx=13 cz=-9 gen=1 space=superchunk_terrain type=GENERATE
[ADOPT] Adopting chunk (10,-12) gen=1 role=1
[ADOPT] SUCCESS chunk (10,-12) now resident. loaded_from_persist=0
[ADOPT] Adopting chunk (14,-3) gen=1 role=1
[ADOPT] SUCCESS chunk (14,-3) now resident. loaded_from_persist=0
[WORKER] Mesh complete cx=11 cz=-11 built=0000021D3E0C06C0
[WORKER] Queuing result cx=11 cz=-11 gen=1 space=superchunk_terrain built=0000021D3E0C06C0 results=0/768
[WORKER] Processing job cx=8 cz=-14 gen=1 space=superchunk_terrain type=GENERATE
[ADOPT] Adopting chunk (11,-11) gen=1 role=1
[ADOPT] SUCCESS chunk (11,-11) now resident. loaded_from_persist=0
[WORKER] Mesh complete cx=3 cz=-15 built=0000021D3E0C4920
[WORKER] Queuing result cx=3 cz=-15 gen=1 space=superchunk_terrain built=0000021D3E0C4920 results=0/768
[WORKER] Processing job cx=6 cz=-15 gen=1 space=superchunk_terrain type=GENERATE
[ADOPT] Adopting chunk (3,-15) gen=1 role=1
[ADOPT] SUCCESS chunk (3,-15) now resident. loaded_from_persist=0
[WORKER] Mesh complete cx=2 cz=-15 built=0000021D2935B7F0
[WORKER] Queuing result cx=2 cz=-15 gen=1 space=superchunk_terrain built=0000021D2935B7F0 results=0/768
[WORKER] Processing job cx=14 cz=-7 gen=1 space=superchunk_terrain type=GENERATE
[ADOPT] Adopting chunk (2,-15) gen=1 role=1
[ADOPT] SUCCESS chunk (2,-15) now resident. loaded_from_persist=0
[WORKER] Mesh complete cx=14 cz=-2 built=0000021D293631A0
[WORKER] Queuing result cx=14 cz=-2 gen=1 space=superchunk_terrain built=0000021D293631A0 results=0/768
[WORKER] Processing job cx=11 cz=-12 gen=1 space=superchunk_terrain type=GENERATE
[ADOPT] Adopting chunk (14,-2) gen=1 role=1
[ADOPT] SUCCESS chunk (14,-2) now resident. loaded_from_persist=0
[WALL] HEALTH W=17/0/0 N=17/0/0 E=17/0/0 S=17/0/0 (desired/resident/ready)
[WORKER] Mesh complete cx=14 cz=-4 built=0000021D293652D0
[WORKER] Queuing result cx=14 cz=-4 gen=1 space=superchunk_terrain built=0000021D293652D0 results=0/768
[WORKER] Processing job cx=12 cz=-11 gen=1 space=superchunk_terrain type=GENERATE
[ADOPT] Adopting chunk (14,-4) gen=1 role=1
[ADOPT] SUCCESS chunk (14,-4) now resident. loaded_from_persist=0
[WORKER] Mesh complete cx=7 cz=-14 built=0000021D3E523A50
[WORKER] Queuing result cx=7 cz=-14 gen=1 space=superchunk_terrain built=0000021D3E523A50 results=0/768
[WORKER] Processing job cx=10 cz=-13 gen=1 space=superchunk_terrain type=GENERATE
[ADOPT] Adopting chunk (7,-14) gen=1 role=1
[ADOPT] SUCCESS chunk (7,-14) now resident. loaded_from_persist=0
[WORKER] Meshing cx=4 cz=-15 (persisted=0)
[WORKER] Mesh complete cx=13 cz=-8 built=0000021D3E512F30
[WORKER] Queuing result cx=13 cz=-8 gen=1 space=superchunk_terrain built=0000021D3E512F30 results=0/768
[WORKER] Processing job cx=15 cz=-3 gen=1 space=superchunk_terrain type=GENERATE
[ADOPT] Adopting chunk (13,-8) gen=1 role=1
[ADOPT] SUCCESS chunk (13,-8) now resident. loaded_from_persist=0
[WORKER] Mesh complete cx=1 cz=-15 built=0000021D3E0BB950
[WORKER] Queuing result cx=1 cz=-15 gen=1 space=superchunk_terrain built=0000021D3E0BB950 results=0/768
[WORKER] Processing job cx=7 cz=-15 gen=1 space=superchunk_terrain type=GENERATE
[ADOPT] Adopting chunk (1,-15) gen=1 role=1
[ADOPT] SUCCESS chunk (1,-15) now resident. loaded_from_persist=0
[WORKER] Mesh complete cx=14 cz=-1 built=0000021D43A79040
[WORKER] Queuing result cx=14 cz=-1 gen=1 space=superchunk_terrain built=0000021D43A79040 results=0/768
[WORKER] Processing job cx=14 cz=-8 gen=1 space=superchunk_terrain type=GENERATE
[ADOPT] Adopting chunk (14,-1) gen=1 role=1
[ADOPT] SUCCESS chunk (14,-1) now resident. loaded_from_persist=0
[WORKER] Mesh complete cx=4 cz=-15 built=0000021D43A7A660
[WORKER] Queuing result cx=4 cz=-15 gen=1 space=superchunk_terrain built=0000021D43A7A660 results=0/768
[WORKER] Processing job cx=2 cz=-16 gen=1 space=superchunk_terrain type=GENERATE
[ADOPT] Adopting chunk (4,-15) gen=1 role=1
[ADOPT] SUCCESS chunk (4,-15) now resident. loaded_from_persist=0
[WORKER] Meshing cx=9 cz=-13 (persisted=0)
[WORKER] Meshing cx=14 cz=-5 (persisted=0)
[WORKER] Meshing cx=12 cz=-10 (persisted=0)
[WORKER] Meshing cx=14 cz=-6 (persisted=0)
[WORKER] Meshing cx=5 cz=-15 (persisted=0)
[WORKER] Meshing cx=13 cz=-9 (persisted=0)
[WALL] HEALTH W=17/0/0 N=17/0/0 E=17/0/0 S=17/0/0 (desired/resident/ready)
[WORKER] Meshing cx=8 cz=-14 (persisted=0)
[WORKER] Meshing cx=6 cz=-15 (persisted=0)
[WORKER] Meshing cx=14 cz=-7 (persisted=0)
[WORKER] Meshing cx=11 cz=-12 (persisted=0)
[WORKER] Meshing cx=12 cz=-11 (persisted=0)
[WORKER] Meshing cx=10 cz=-13 (persisted=0)
[WORKER] Mesh complete cx=9 cz=-13 built=0000021D43A7BC80
[WORKER] Queuing result cx=9 cz=-13 gen=1 space=superchunk_terrain built=0000021D43A7BC80 results=0/768
[WORKER] Processing job cx=13 cz=-10 gen=1 space=superchunk_terrain type=GENERATE
[WORKER] Mesh complete cx=12 cz=-10 built=0000021D43A7C790
[WORKER] Queuing result cx=12 cz=-10 gen=1 space=superchunk_terrain built=0000021D43A7C790 results=1/768
[WORKER] Processing job cx=1 cz=-16 gen=1 space=superchunk_terrain type=GENERATE
[WORKER] Mesh complete cx=14 cz=-5 built=0000021D43A809F0
[WORKER] Queuing result cx=14 cz=-5 gen=1 space=superchunk_terrain built=0000021D43A809F0 results=2/768
[WORKER] Processing job cx=3 cz=-16 gen=1 space=superchunk_terrain type=GENERATE
[ADOPT] Adopting chunk (9,-13) gen=1 role=1
[ADOPT] SUCCESS chunk (9,-13) now resident. loaded_from_persist=0
[ADOPT] Adopting chunk (12,-10) gen=1 role=1
[ADOPT] SUCCESS chunk (12,-10) now resident. loaded_from_persist=0
[WORKER] Mesh complete cx=14 cz=-6 built=0000021D43A7DDB0
[WORKER] Queuing result cx=14 cz=-6 gen=1 space=superchunk_terrain built=0000021D43A7DDB0 results=1/768
[WORKER] Processing job cx=15 cz=-2 gen=1 space=superchunk_terrain type=GENERATE
[ADOPT] Adopting chunk (14,-5) gen=1 role=1
[ADOPT] SUCCESS chunk (14,-5) now resident. loaded_from_persist=0
[ADOPT] Adopting chunk (14,-6) gen=1 role=1
[WORKER] Meshing cx=15 cz=-3 (persisted=0)
[ADOPT] SUCCESS chunk (14,-6) now resident. loaded_from_persist=0
[WORKER] Meshing cx=7 cz=-15 (persisted=0)
[WORKER] Meshing cx=14 cz=-8 (persisted=0)
[WORKER] Mesh complete cx=5 cz=-15 built=0000021D43A7B170
[WORKER] Queuing result cx=5 cz=-15 gen=1 space=superchunk_terrain built=0000021D43A7B170 results=0/768
[WORKER] Processing job cx=9 cz=-14 gen=1 space=superchunk_terrain type=GENERATE
[ADOPT] Adopting chunk (5,-15) gen=1 role=1
[ADOPT] SUCCESS chunk (5,-15) now resident. loaded_from_persist=0
[WORKER] Mesh complete cx=13 cz=-9 built=0000021D43A7F3D0
[WORKER] Queuing result cx=13 cz=-9 gen=1 space=superchunk_terrain built=0000021D43A7F3D0 results=0/768
[WORKER] Processing job cx=15 cz=-4 gen=1 space=superchunk_terrain type=GENERATE
[ADOPT] Adopting chunk (13,-9) gen=1 role=1
[ADOPT] SUCCESS chunk (13,-9) now resident. loaded_from_persist=0
[WORKER] Mesh complete cx=6 cz=-15 built=0000021D43A82B20
[WORKER] Queuing result cx=6 cz=-15 gen=1 space=superchunk_terrain built=0000021D43A82B20 results=0/768
[WORKER] Processing job cx=15 cz=-5 gen=1 space=superchunk_terrain type=GENERATE
[ADOPT] Adopting chunk (6,-15) gen=1 role=1
[ADOPT] SUCCESS chunk (6,-15) now resident. loaded_from_persist=0
[WORKER] Mesh complete cx=8 cz=-14 built=0000021D43A86270
[WORKER] Queuing result cx=8 cz=-14 gen=1 space=superchunk_terrain built=0000021D43A86270 results=0/768
[WORKER] Processing job cx=15 cz=-1 gen=1 space=superchunk_terrain type=GENERATE
[WORKER] Processing job cx=4 cz=-16 gen=1 space=superchunk_terrain type=GENERATE
[ADOPT] Adopting chunk (14,-7) gen=1 role=1
[ADOPT] SUCCESS chunk (14,-7) now resident. loaded_from_persist=0
[ADOPT] Adopting chunk (8,-14) gen=1 role=1
[ADOPT] SUCCESS chunk (8,-14) now resident. loaded_from_persist=0
[WORKER] Mesh complete cx=11 cz=-12 built=0000021D43A87890
[WORKER] Queuing result cx=11 cz=-12 gen=1 space=superchunk_terrain built=0000021D43A87890 results=0/768
[WORKER] Processing job cx=5 cz=-16 gen=1 space=superchunk_terrain type=GENERATE
[ADOPT] Adopting chunk (11,-12) gen=1 role=1
[ADOPT] SUCCESS chunk (11,-12) now resident. loaded_from_persist=0
[WORKER] Mesh complete cx=12 cz=-11 built=0000021D3E0B9820
[WORKER] Queuing result cx=12 cz=-11 gen=1 space=superchunk_terrain built=0000021D3E0B9820 results=0/768
[WORKER] Processing job cx=15 cz=-6 gen=1 space=superchunk_terrain type=GENERATE
[ADOPT] Adopting chunk (12,-11) gen=1 role=1
[ADOPT] SUCCESS chunk (12,-11) now resident. loaded_from_persist=0
[WORKER] Mesh complete cx=10 cz=-13 built=0000021D3E0C1CE0
[WORKER] Queuing result cx=10 cz=-13 gen=1 space=superchunk_terrain built=0000021D3E0C1CE0 results=0/768
[WORKER] Processing job cx=8 cz=-15 gen=1 space=superchunk_terrain type=GENERATE
[ADOPT] Adopting chunk (10,-13) gen=1 role=1
[ADOPT] SUCCESS chunk (10,-13) now resident. loaded_from_persist=0
[WORKER] Mesh complete cx=15 cz=-3 built=0000021D3E0C27F0
[WORKER] Queuing result cx=15 cz=-3 gen=1 space=superchunk_terrain built=0000021D3E0C27F0 results=0/768
[WORKER] Processing job cx=14 cz=-9 gen=1 space=superchunk_terrain type=GENERATE
[WORKER] Mesh complete cx=7 cz=-15 built=0000021D3E0C3E10
[WORKER] Queuing result cx=7 cz=-15 gen=1 space=superchunk_terrain built=0000021D3E0C3E10 results=1/768
[WORKER] Processing job cx=12 cz=-12 gen=1 space=superchunk_terrain type=GENERATE
[ADOPT] Adopting chunk (15,-3) gen=1 role=1
[ADOPT] SUCCESS chunk (15,-3) now resident. loaded_from_persist=0
[ADOPT] Adopting chunk (7,-15) gen=1 role=1
[ADOPT] SUCCESS chunk (7,-15) now resident. loaded_from_persist=0
[WORKER] Meshing cx=2 cz=-16 (persisted=0)
[WORKER] Mesh complete cx=14 cz=-8 built=0000021D293647C0
[WORKER] Queuing result cx=14 cz=-8 gen=1 space=superchunk_terrain built=0000021D293647C0 results=0/768
[WORKER] Processing job cx=11 cz=-13 gen=1 space=superchunk_terrain type=GENERATE
[ADOPT] Adopting chunk (14,-8) gen=1 role=1
[ADOPT] SUCCESS chunk (14,-8) now resident. loaded_from_persist=0
[WALL] HEALTH W=17/0/0 N=17/0/0 E=17/0/0 S=17/0/0 (desired/resident/ready)
[WORKER] Meshing cx=13 cz=-10 (persisted=0)
[WORKER] Mesh complete cx=2 cz=-16 built=0000021D3E51CBB0
[WORKER] Queuing result cx=2 cz=-16 gen=1 space=superchunk_terrain built=0000021D3E51CBB0 results=0/768
[WORKER] Processing job cx=6 cz=-16 gen=1 space=superchunk_terrain type=GENERATE
[ADOPT] Adopting chunk (2,-16) gen=1 role=1
[ADOPT] SUCCESS chunk (2,-16) now resident. loaded_from_persist=0
[WORKER] Meshing cx=15 cz=-2 (persisted=0)
[WORKER] Meshing cx=9 cz=-14 (persisted=0)
[WORKER] Meshing cx=3 cz=-16 (persisted=0)
[WORKER] Meshing cx=1 cz=-16 (persisted=0)
[WORKER] Meshing cx=15 cz=-4 (persisted=0)
[WORKER] Meshing cx=4 cz=-16 (persisted=0)
[WORKER] Meshing cx=15 cz=-5 (persisted=0)
[WORKER] Mesh complete cx=13 cz=-10 built=0000021D43A79B50
[WORKER] Queuing result cx=13 cz=-10 gen=1 space=superchunk_terrain built=0000021D43A79B50 results=0/768
[WORKER] Processing job cx=13 cz=-11 gen=1 space=superchunk_terrain type=GENERATE
[ADOPT] Adopting chunk (13,-10) gen=1 role=1
[ADOPT] SUCCESS chunk (13,-10) now resident. loaded_from_persist=0
[WORKER] Meshing cx=5 cz=-16 (persisted=0)
[WORKER] Meshing cx=15 cz=-1 (persisted=0)
[WORKER] Meshing cx=15 cz=-6 (persisted=0)
[WORKER] Meshing cx=8 cz=-15 (persisted=0)
[WORKER] Mesh complete cx=15 cz=-2 built=0000021D43A7D2A0
[WORKER] Queuing result cx=15 cz=-2 gen=1 space=superchunk_terrain built=0000021D43A7D2A0 results=0/768
[WORKER] Processing job cx=15 cz=-7 gen=1 space=superchunk_terrain type=GENERATE
[ADOPT] Adopting chunk (15,-2) gen=1 role=1
[ADOPT] SUCCESS chunk (15,-2) now resident. loaded_from_persist=0
[WORKER] Mesh complete cx=9 cz=-14 built=0000021D43A7E8C0
[WORKER] Queuing result cx=9 cz=-14 gen=1 space=superchunk_terrain built=0000021D43A7E8C0 results=0/768
[WORKER] Processing job cx=10 cz=-14 gen=1 space=superchunk_terrain type=GENERATE
[ADOPT] Adopting chunk (9,-14) gen=1 role=1
[ADOPT] SUCCESS chunk (9,-14) now resident. loaded_from_persist=0
[WALL] HEALTH W=17/0/0 N=17/0/0 E=17/0/0 S=17/0/0 (desired/resident/ready)
[WORKER] Mesh complete cx=3 cz=-16 built=0000021D43A84C50
[WORKER] Queuing result cx=3 cz=-16 gen=1 space=superchunk_terrain built=0000021D43A84C50 results=0/768
[WORKER] Processing job cx=14 cz=-10 gen=1 space=superchunk_terrain type=GENERATE
[ADOPT] Adopting chunk (3,-16) gen=1 role=1
[ADOPT] SUCCESS chunk (3,-16) now resident. loaded_from_persist=0
[WORKER] Meshing cx=14 cz=-9 (persisted=0)
[WORKER] Meshing cx=12 cz=-12 (persisted=0)
[WORKER] Meshing cx=11 cz=-13 (persisted=0)
[WORKER] Mesh complete cx=1 cz=-16 built=0000021D43A883A0
[WORKER] Queuing result cx=1 cz=-16 gen=1 space=superchunk_terrain built=0000021D43A883A0 results=0/768
[WORKER] Processing job cx=9 cz=-15 gen=1 space=superchunk_terrain type=GENERATE
[ADOPT] Adopting chunk (1,-16) gen=1 role=1
[ADOPT] SUCCESS chunk (1,-16) now resident. loaded_from_persist=0
[WORKER] Mesh complete cx=15 cz=-4 built=0000021D43A86D80
[WORKER] Queuing result cx=15 cz=-4 gen=1 space=superchunk_terrain built=0000021D43A86D80 results=0/768
[WORKER] Processing job cx=15 cz=-8 gen=1 space=superchunk_terrain type=GENERATE
[ADOPT] Adopting chunk (15,-4) gen=1 role=1
[ADOPT] SUCCESS chunk (15,-4) now resident. loaded_from_persist=0
[WORKER] Mesh complete cx=15 cz=-5 built=0000021D3E0BFBB0
[WORKER] Queuing result cx=15 cz=-5 gen=1 space=superchunk_terrain built=0000021D3E0BFBB0 results=0/768
[WORKER] Processing job cx=7 cz=-16 gen=1 space=superchunk_terrain type=GENERATE
[ADOPT] Adopting chunk (15,-5) gen=1 role=1
[ADOPT] SUCCESS chunk (15,-5) now resident. loaded_from_persist=0
[WORKER] Mesh complete cx=4 cz=-16 built=0000021D3E0C5430
[WORKER] Queuing result cx=4 cz=-16 gen=1 space=superchunk_terrain built=0000021D3E0C5430 results=0/768
[WORKER] Processing job cx=16 cz=-3 gen=1 space=superchunk_terrain type=GENERATE
[ADOPT] Adopting chunk (4,-16) gen=1 role=1
[ADOPT] SUCCESS chunk (4,-16) now resident. loaded_from_persist=0
[WORKER] Mesh complete cx=5 cz=-16 built=0000021D3E519DD0
[WORKER] Queuing result cx=5 cz=-16 gen=1 space=superchunk_terrain built=0000021D3E519DD0 results=0/768
[WORKER] Processing job cx=16 cz=-4 gen=1 space=superchunk_terrain type=GENERATE
[ADOPT] Adopting chunk (5,-16) gen=1 role=1
[ADOPT] SUCCESS chunk (5,-16) now resident. loaded_from_persist=0
[WORKER] Mesh complete cx=15 cz=-1 built=0000021D3DED5210
[WORKER] Queuing result cx=15 cz=-1 gen=1 space=superchunk_terrain built=0000021D3DED5210 results=0/768
[WORKER] Processing job cx=16 cz=-2 gen=1 space=superchunk_terrain type=GENERATE
[ADOPT] Adopting chunk (15,-1) gen=1 role=1
[ADOPT] SUCCESS chunk (15,-1) now resident. loaded_from_persist=0
[WORKER] Mesh complete cx=15 cz=-6 built=0000021D3DED5D20
[WORKER] Queuing result cx=15 cz=-6 gen=1 space=superchunk_terrain built=0000021D3DED5D20 results=0/768
[WORKER] Processing job cx=12 cz=-13 gen=1 space=superchunk_terrain type=GENERATE
[ADOPT] Adopting chunk (15,-6) gen=1 role=1
[ADOPT] SUCCESS chunk (15,-6) now resident. loaded_from_persist=0
[WORKER] Mesh complete cx=8 cz=-15 built=0000021D3DED8960
[WORKER] Queuing result cx=8 cz=-15 gen=1 space=superchunk_terrain built=0000021D3DED8960 results=0/768
[WORKER] Processing job cx=16 cz=-5 gen=1 space=superchunk_terrain type=GENERATE
[ADOPT] Adopting chunk (8,-15) gen=1 role=1
[ADOPT] SUCCESS chunk (8,-15) now resident. loaded_from_persist=0
[WORKER] Meshing cx=6 cz=-16 (persisted=0)
[WORKER] Mesh complete cx=11 cz=-13 built=0000021D3DED9470
[WORKER] Queuing result cx=11 cz=-13 gen=1 space=superchunk_terrain built=0000021D3DED9470 results=0/768
[WORKER] Processing job cx=16 cz=-1 gen=1 space=superchunk_terrain type=GENERATE
[ADOPT] Adopting chunk (11,-13) gen=1 role=1
[ADOPT] SUCCESS chunk (11,-13) now resident. loaded_from_persist=0
[WORKER] Mesh complete cx=14 cz=-9 built=0000021D3DEDCBC0
[WORKER] Queuing result cx=14 cz=-9 gen=1 space=superchunk_terrain built=0000021D3DEDCBC0 results=0/768
[WORKER] Processing job cx=13 cz=-12 gen=1 space=superchunk_terrain type=GENERATE
[WORKER] Mesh complete cx=12 cz=-12 built=0000021D3DEDD6D0
[WORKER] Queuing result cx=12 cz=-12 gen=1 space=superchunk_terrain built=0000021D3DEDD6D0 results=1/768
[WORKER] Processing job cx=11 cz=-14 gen=1 space=superchunk_terrain type=GENERATE
[ADOPT] Adopting chunk (14,-9) gen=1 role=1
[ADOPT] SUCCESS chunk (14,-9) now resident. loaded_from_persist=0
[ADOPT] Adopting chunk (12,-12) gen=1 role=1
[ADOPT] SUCCESS chunk (12,-12) now resident. loaded_from_persist=0
[WALL] HEALTH W=17/0/0 N=17/0/0 E=17/0/0 S=17/0/0 (desired/resident/ready)
[WORKER] Meshing cx=13 cz=-11 (persisted=0)
[WORKER] Meshing cx=15 cz=-7 (persisted=0)
[WORKER] Meshing cx=10 cz=-14 (persisted=0)
[WORKER] Mesh complete cx=6 cz=-16 built=0000021D3DEDE1E0
[WORKER] Queuing result cx=6 cz=-16 gen=1 space=superchunk_terrain built=0000021D3DEDE1E0 results=0/768
[WORKER] Processing job cx=15 cz=-9 gen=1 space=superchunk_terrain type=GENERATE
[ADOPT] Adopting chunk (6,-16) gen=1 role=1
[ADOPT] SUCCESS chunk (6,-16) now resident. loaded_from_persist=0
[WORKER] Meshing cx=14 cz=-10 (persisted=0)
[WORKER] Meshing cx=9 cz=-15 (persisted=0)
[WORKER] Mesh complete cx=13 cz=-11 built=0000021D3DEE0E20
[WORKER] Meshing cx=15 cz=-8 (persisted=0)
[WORKER] Meshing cx=16 cz=-4 (persisted=0)
[WORKER] Meshing cx=7 cz=-16 (persisted=0)
[WORKER] Queuing result cx=13 cz=-11 gen=1 space=superchunk_terrain built=0000021D3DEE0E20 results=0/768
[WORKER] Processing job cx=16 cz=-6 gen=1 space=superchunk_terrain type=GENERATE
[WORKER] Mesh complete cx=15 cz=-7 built=0000021D3DEDF800
[WORKER] Queuing result cx=15 cz=-7 gen=1 space=superchunk_terrain built=0000021D3DEDF800 results=1/768
[WORKER] Processing job cx=8 cz=-16 gen=1 space=superchunk_terrain type=GENERATE
[WORKER] Meshing cx=12 cz=-13 (persisted=0)
[WORKER] Meshing cx=16 cz=-2 (persisted=0)
[WORKER] Meshing cx=16 cz=-5 (persisted=0)
[WORKER] Mesh complete cx=10 cz=-14 built=0000021D3DED7340
[WORKER] Queuing result cx=10 cz=-14 gen=1 space=superchunk_terrain built=0000021D3DED7340 results=2/768
[WORKER] Processing job cx=14 cz=-11 gen=1 space=superchunk_terrain type=GENERATE
[WORKER] Meshing cx=13 cz=-12 (persisted=0)
[WORKER] Meshing cx=11 cz=-14 (persisted=0)
[WORKER] Meshing cx=16 cz=-1 (persisted=0)
[WORKER] Mesh complete cx=14 cz=-10 built=0000021D3DEDAA90
[WORKER] Queuing result cx=14 cz=-10 gen=1 space=superchunk_terrain built=0000021D3DEDAA90 results=3/768
[WORKER] Processing job cx=10 cz=-15 gen=1 space=superchunk_terrain type=GENERATE
[WORKER] Mesh complete cx=15 cz=-8 built=0000021D3DED9F80
[WORKER] Queuing result cx=15 cz=-8 gen=1 space=superchunk_terrain built=0000021D3DED9F80 results=4/768
[WORKER] Processing job cx=16 cz=-7 gen=1 space=superchunk_terrain type=GENERATE
[WORKER] Mesh complete cx=16 cz=-3 built=0000021D3DEE2440
[WORKER] Queuing result cx=16 cz=-3 gen=1 space=superchunk_terrain built=0000021D3DEE2440 results=5/768
[WORKER] Processing job cx=9 cz=-16 gen=1 space=superchunk_terrain type=GENERATE
[WORKER] Mesh complete cx=16 cz=-4 built=0000021D3DEE2F50
[WORKER] Queuing result cx=16 cz=-4 gen=1 space=superchunk_terrain built=0000021D3DEE2F50 results=6/768
[WORKER] Processing job cx=15 cz=-10 gen=1 space=superchunk_terrain type=GENERATE
[WORKER] Mesh complete cx=7 cz=-16 built=0000021D3DEE5080
[WORKER] Queuing result cx=7 cz=-16 gen=1 space=superchunk_terrain built=0000021D3DEE5080 results=7/768
[WORKER] Processing job cx=16 cz=-8 gen=1 space=superchunk_terrain type=GENERATE
[WORKER] Mesh complete cx=9 cz=-15 built=0000021D3DEE3A60
[WORKER] Queuing result cx=9 cz=-15 gen=1 space=superchunk_terrain built=0000021D3DEE3A60 results=8/768
[WORKER] Processing job cx=12 cz=-14 gen=1 space=superchunk_terrain type=GENERATE
[WORKER] Mesh complete cx=12 cz=-13 built=0000021D3DEE5B90
[WORKER] Queuing result cx=12 cz=-13 gen=1 space=superchunk_terrain built=0000021D3DEE5B90 results=9/768
[WORKER] Processing job cx=13 cz=-13 gen=1 space=superchunk_terrain type=GENERATE
[WORKER] Mesh complete cx=16 cz=-2 built=0000021D3DEE9DF0
[WORKER] Queuing result cx=16 cz=-2 gen=1 space=superchunk_terrain built=0000021D3DEE9DF0 results=10/768
[WORKER] Processing job cx=14 cz=-12 gen=1 space=superchunk_terrain type=GENERATE
[WORKER] Mesh complete cx=16 cz=-5 built=0000021D3DEE71B0
[WORKER] Queuing result cx=16 cz=-5 gen=1 space=superchunk_terrain built=0000021D3DEE71B0 results=11/768
[WORKER] Processing job cx=11 cz=-15 gen=1 space=superchunk_terrain type=GENERATE
[WORKER] Meshing cx=15 cz=-9 (persisted=0)
[WORKER] Mesh complete cx=13 cz=-12 built=0000021D3DEDB5A0
[WORKER] Queuing result cx=13 cz=-12 gen=1 space=superchunk_terrain built=0000021D3DEDB5A0 results=12/768
[WORKER] Processing job cx=16 cz=-9 gen=1 space=superchunk_terrain type=GENERATE
[WORKER] Mesh complete cx=11 cz=-14 built=0000021D3DEEE050
[WORKER] Queuing result cx=11 cz=-14 gen=1 space=superchunk_terrain built=0000021D3DEEE050 results=13/768
[WORKER] Processing job cx=10 cz=-16 gen=1 space=superchunk_terrain type=GENERATE
[WORKER] Mesh complete cx=16 cz=-1 built=0000021D3DEECA30
[WORKER] Queuing result cx=16 cz=-1 gen=1 space=superchunk_terrain built=0000021D3DEECA30 results=14/768
[WORKER] Processing job cx=15 cz=-11 gen=1 space=superchunk_terrain type=GENERATE
[WORKER] Meshing cx=16 cz=-6 (persisted=0)
[WORKER] Meshing cx=8 cz=-16 (persisted=0)
[WORKER] Mesh complete cx=15 cz=-9 built=0000021D3DEE1930
[WORKER] Queuing result cx=15 cz=-9 gen=1 space=superchunk_terrain built=0000021D3DEE1930 results=15/768
[WORKER] Processing job cx=13 cz=-14 gen=1 space=superchunk_terrain type=GENERATE
[WORKER] Meshing cx=14 cz=-11 (persisted=0)
[WORKER] Meshing cx=10 cz=-15 (persisted=0)
[WORKER] Mesh complete cx=16 cz=-6 built=0000021D3DED7E50
[WORKER] Queuing result cx=16 cz=-6 gen=1 space=superchunk_terrain built=0000021D3DED7E50 results=16/768
[WORKER] Processing job cx=12 cz=-15 gen=1 space=superchunk_terrain type=GENERATE
[WORKER] Meshing cx=14 cz=-12 (persisted=0)
[WORKER] Meshing cx=16 cz=-8 (persisted=0)
[WORKER] Meshing cx=16 cz=-7 (persisted=0)
[WORKER] Meshing cx=12 cz=-14 (persisted=0)
[WORKER] Mesh complete cx=8 cz=-16 built=0000021D3DEDC0B0
[WORKER] Queuing result cx=8 cz=-16 gen=1 space=superchunk_terrain built=0000021D3DEDC0B0 results=17/768
[WORKER] Processing job cx=14 cz=-13 gen=1 space=superchunk_terrain type=GENERATE
[WORKER] Meshing cx=15 cz=-10 (persisted=0)
[WORKER] Meshing cx=9 cz=-16 (persisted=0)
[WORKER] Meshing cx=13 cz=-13 (persisted=0)
[WORKER] Meshing cx=11 cz=-15 (persisted=0)
[WORKER] Mesh complete cx=14 cz=-11 built=0000021D3DEE0310
[WORKER] Queuing result cx=14 cz=-11 gen=1 space=superchunk_terrain built=0000021D3DEE0310 results=18/768
[WORKER] Processing job cx=16 cz=-10 gen=1 space=superchunk_terrain type=GENERATE
[WORKER] Meshing cx=16 cz=-9 (persisted=0)
[WORKER] Meshing cx=15 cz=-11 (persisted=0)
[WORKER] Meshing cx=10 cz=-16 (persisted=0)
[WORKER] Mesh complete cx=10 cz=-15 built=0000021D3DEE66A0
[WORKER] Queuing result cx=10 cz=-15 gen=1 space=superchunk_terrain built=0000021D3DEE66A0 results=19/768
[WORKER] Processing job cx=15 cz=-12 gen=1 space=superchunk_terrain type=GENERATE
[WORKER] Mesh complete cx=14 cz=-12 built=0000021D3DEE87D0
[WORKER] Queuing result cx=14 cz=-12 gen=1 space=superchunk_terrain built=0000021D3DEE87D0 results=20/768
[WORKER] Processing job cx=11 cz=-16 gen=1 space=superchunk_terrain type=GENERATE
[WORKER] Mesh complete cx=16 cz=-8 built=0000021D3DEEA900
[WORKER] Queuing result cx=16 cz=-8 gen=1 space=superchunk_terrain built=0000021D3DEEA900 results=21/768
[WORKER] Processing job cx=16 cz=-11 gen=1 space=superchunk_terrain type=GENERATE
[WORKER] Mesh complete cx=15 cz=-10 built=0000021D3DEEBF20
[WORKER] Mesh complete cx=9 cz=-16 built=0000021D3DEEF670
[WORKER] Queuing result cx=15 cz=-10 gen=1 space=superchunk_terrain built=0000021D3DEEBF20 results=22/768
[WORKER] Queuing result cx=9 cz=-16 gen=1 space=superchunk_terrain built=0000021D3DEEF670 results=22/768
[WORKER] Processing job cx=14 cz=-14 gen=1 space=superchunk_terrain type=GENERATE
[WORKER] Processing job cx=13 cz=-15 gen=1 space=superchunk_terrain type=GENERATE
[WORKER] Mesh complete cx=16 cz=-7 built=0000021D3DEF38D0
