=== NQL SDK Session Debug Log ===
started_local=2026-04-13 15:04:53.913
world_id=world_047
world_dir=WorldSaves\world_047
trace_jsonl=DebugRuns\live_world_creation_20260413_150453.jsonl
---
[TRACE] ms=0 event=trace_reset detail=world_create_menu_activate frontend=18 session=0 worldgen_active=0 stage=0
[TRACE] ms=0 event=world_create_enter_pressed detail=world create menu activate frontend=18 session=0 worldgen_active=0 stage=0
[TRACE] ms=16 event=bind_world frontend=18 session=0 worldgen_active=0 stage=0
[TRACE] ms=16 event=world_create_meta_written detail=WorldSaves\world_047\meta.txt frontend=18 session=0 worldgen_active=0 stage=0
[TRACE] ms=16 event=bind_world frontend=18 session=0 worldgen_active=0 stage=0
[TRACE] ms=16 event=world_create_menu_success detail=world_047 frontend=18 session=0 worldgen_active=0 stage=0
[TRACE] ms=16 event=bind_world frontend=18 session=0 worldgen_active=0 stage=0
[TRACE] ms=16 event=begin_async_world_session_load detail=world_047 frontend=18 session=0 worldgen_active=0 stage=0
[TRACE] ms=16 event=async_world_session_load_ready detail=Starting world session... frontend=20 session=0 worldgen_active=1 stage=2
[TRACE] ms=16 event=update_async_world_generation_stage detail=Starting world session... frontend=20 session=0 worldgen_active=1 stage=2
[TRACE] ms=16 event=start_world_session_begin detail=world_047 frontend=20 session=0 worldgen_active=1 stage=2
[TRACE] ms=16 event=bind_world frontend=20 session=0 worldgen_active=1 stage=2
[TRACE] ms=16 event=start_world_session_enter detail=world_047 frontend=20 session=0 worldgen_active=1 stage=2
[TRACE] ms=16 event=gen_stage_begin detail=Opening world save frontend=20 session=0 worldgen_active=1 stage=2
[TRACE] ms=16 event=world_generation_session_step detail=Opening world save... frontend=20 session=0 worldgen_active=1 stage=2
[TRACE] ms=16 event=gen_stage_end detail=Opening world save frontend=20 session=0 worldgen_active=1 stage=2
[TRACE] ms=16 event=gen_stage_begin detail=Initializing world generator frontend=20 session=0 worldgen_active=1 stage=2
[TRACE] ms=16 event=world_generation_session_step detail=Initializing world generator... frontend=20 session=0 worldgen_active=1 stage=2
[TRACE] ms=31 event=gen_stage_end detail=Initializing world generator frontend=20 session=0 worldgen_active=1 stage=2
[TRACE] ms=31 event=gen_stage_begin detail=Preparing world systems frontend=20 session=0 worldgen_active=1 stage=2
[TRACE] ms=31 event=world_generation_session_step detail=Preparing world systems... frontend=20 session=0 worldgen_active=1 stage=2
[TRACE] ms=63 event=gen_stage_end detail=Preparing world systems frontend=20 session=0 worldgen_active=1 stage=2
[TRACE] ms=63 event=gen_stage_begin detail=Loading station state frontend=20 session=0 worldgen_active=1 stage=2
[TRACE] ms=63 event=world_generation_session_step detail=Loading station state... frontend=20 session=0 worldgen_active=1 stage=2
[TRACE] ms=63 event=gen_stage_end detail=Loading station state frontend=20 session=0 worldgen_active=1 stage=2
[TRACE] ms=63 event=gen_stage_begin detail=Preparing chunk systems frontend=20 session=0 worldgen_active=1 stage=2
[TRACE] ms=63 event=world_generation_session_step detail=Preparing chunk systems... frontend=20 session=0 worldgen_active=1 stage=2
[STREAMER] Initializing with 16 worker threads
[TRACE] ms=109 event=gen_stage_end detail=Preparing chunk systems frontend=20 session=0 worldgen_active=1 stage=2
[TRACE] ms=109 event=gen_stage_begin detail=Initializing entities frontend=20 session=0 worldgen_active=1 stage=2
[TRACE] ms=109 event=world_generation_session_step detail=Initializing entities... frontend=20 session=0 worldgen_active=1 stage=2
[TRACE] ms=109 event=gen_stage_end detail=Initializing entities frontend=20 session=0 worldgen_active=1 stage=2
[TRACE] ms=109 event=gen_stage_begin detail=Restoring world state frontend=20 session=0 worldgen_active=1 stage=2
[TRACE] ms=109 event=world_generation_session_step detail=Restoring world state... frontend=20 session=0 worldgen_active=1 stage=2
[TRACE] ms=125 event=world_generation_session_step detail=Choosing random spawn... frontend=20 session=0 worldgen_active=1 stage=2
[TRACE] ms=141 event=gen_stage_end detail=Restoring world state frontend=20 session=0 worldgen_active=1 stage=2
[TRACE] ms=141 event=gen_stage_begin detail=Planning visible chunks frontend=20 session=0 worldgen_active=1 stage=2
[TRACE] ms=141 event=world_generation_session_step detail=Planning visible chunks... frontend=20 session=0 worldgen_active=1 stage=2
[TRACE] ms=156 event=gen_stage_end detail=Planning visible chunks frontend=20 session=0 worldgen_active=1 stage=2
[TRACE] ms=156 event=gen_stage_begin detail=Loading nearby chunks frontend=20 session=0 worldgen_active=1 stage=2
[TRACE] ms=156 event=world_generation_session_step detail=Loading nearby chunks... frontend=20 session=0 worldgen_active=1 stage=2
[BOOTSTRAP] sync_target_total=9 safety_radius=1
[TRACE] ms=172 event=world_generation_session_step detail=Loading nearby terrain 9/0/0 frontend=20 session=0 worldgen_active=1 stage=2
WALL_FINALIZATION: SUPPORT ready=0/36 EDGE ready=0/16 CORNER ready=0/4
WALL_FINALIZATION_BLOCKED: SUPPORT not ready (0/36), skipping EDGE/CORNER finalization
[TRACE] ms=203 event=world_generation_session_step detail=Loading nearby terrain 9/0/0 W11 frontend=20 session=0 worldgen_active=1 stage=2
WALL_FINALIZATION: SUPPORT ready=0/36 EDGE ready=0/16 CORNER ready=0/4
WALL_FINALIZATION_BLOCKED: SUPPORT not ready (0/36), skipping EDGE/CORNER finalization
WALL_FINALIZATION: SUPPORT ready=0/36 EDGE ready=0/16 CORNER ready=0/4
WALL_FINALIZATION_BLOCKED: SUPPORT not ready (0/36), skipping EDGE/CORNER finalization
WALL_FINALIZATION: SUPPORT ready=0/36 EDGE ready=0/16 CORNER ready=0/4
WALL_FINALIZATION_BLOCKED: SUPPORT not ready (0/36), skipping EDGE/CORNER finalization
WALL_FINALIZATION: SUPPORT ready=0/36 EDGE ready=0/16 CORNER ready=0/4
WALL_FINALIZATION_BLOCKED: SUPPORT not ready (0/36), skipping EDGE/CORNER finalization
WALL_FINALIZATION: SUPPORT ready=0/36 EDGE ready=0/16 CORNER ready=0/4
WALL_FINALIZATION_BLOCKED: SUPPORT not ready (0/36), skipping EDGE/CORNER finalization
WALL_FINALIZATION: SUPPORT ready=0/36 EDGE ready=0/16 CORNER ready=0/4
WALL_FINALIZATION_BLOCKED: SUPPORT not ready (0/36), skipping EDGE/CORNER finalization
WALL_FINALIZATION: SUPPORT ready=0/36 EDGE ready=0/16 CORNER ready=0/4
WALL_FINALIZATION_BLOCKED: SUPPORT not ready (0/36), skipping EDGE/CORNER finalization
WALL_FINALIZATION: SUPPORT ready=0/36 EDGE ready=0/16 CORNER ready=0/4
WALL_FINALIZATION_BLOCKED: SUPPORT not ready (0/36), skipping EDGE/CORNER finalization
WALL_FINALIZATION: SUPPORT ready=0/36 EDGE ready=0/16 CORNER ready=0/4
WALL_FINALIZATION_BLOCKED: SUPPORT not ready (0/36), skipping EDGE/CORNER finalization
WALL_FINALIZATION: SUPPORT ready=0/36 EDGE ready=0/16 CORNER ready=0/4
WALL_FINALIZATION_BLOCKED: SUPPORT not ready (0/36), skipping EDGE/CORNER finalization
WALL_FINALIZATION: SUPPORT ready=0/36 EDGE ready=0/16 CORNER ready=0/4
WALL_FINALIZATION_BLOCKED: SUPPORT not ready (0/36), skipping EDGE/CORNER finalization
WALL_FINALIZATION: SUPPORT ready=0/36 EDGE ready=0/16 CORNER ready=0/4
WALL_FINALIZATION_BLOCKED: SUPPORT not ready (0/36), skipping EDGE/CORNER finalization
WALL_FINALIZATION: SUPPORT ready=0/36 EDGE ready=0/16 CORNER ready=0/4
WALL_FINALIZATION_BLOCKED: SUPPORT not ready (0/36), skipping EDGE/CORNER finalization
WALL_FINALIZATION: SUPPORT ready=0/36 EDGE ready=0/16 CORNER ready=0/4
WALL_FINALIZATION_BLOCKED: SUPPORT not ready (0/36), skipping EDGE/CORNER finalization
[RESERVE_SLOT] cx=-4 cz=-2 role=1
[RESERVE_SLOT] Created new slot: cx=-4 cz=-2 role=1 iterations=0
WALL_FINALIZATION: SUPPORT ready=0/36 EDGE ready=0/16 CORNER ready=0/4
WALL_FINALIZATION_BLOCKED: SUPPORT not ready (0/36), skipping EDGE/CORNER finalization
[RESERVE_SLOT] cx=-4 cz=-4 role=1
[RESERVE_SLOT] Created new slot: cx=-4 cz=-4 role=1 iterations=0
[RESERVE_SLOT] cx=-3 cz=-3 role=1
[RESERVE_SLOT] Created new slot: cx=-3 cz=-3 role=1 iterations=0
[RESERVE_SLOT] cx=-3 cz=-4 role=1
[RESERVE_SLOT] Created new slot: cx=-3 cz=-4 role=1 iterations=0
WALL_FINALIZATION: SUPPORT ready=0/36 EDGE ready=0/16 CORNER ready=0/4
WALL_FINALIZATION_BLOCKED: SUPPORT not ready (0/36), skipping EDGE/CORNER finalization
[RESERVE_SLOT] cx=-4 cz=-3 role=1
[RESERVE_SLOT] Created new slot: cx=-4 cz=-3 role=1 iterations=0
WALL_FINALIZATION: SUPPORT ready=0/36 EDGE ready=0/16 CORNER ready=0/4
WALL_FINALIZATION_BLOCKED: SUPPORT not ready (0/36), skipping EDGE/CORNER finalization
WALL_FINALIZATION: SUPPORT ready=0/36 EDGE ready=0/16 CORNER ready=0/4
WALL_FINALIZATION_BLOCKED: SUPPORT not ready (0/36), skipping EDGE/CORNER finalization
WALL_FINALIZATION: SUPPORT ready=0/36 EDGE ready=0/16 CORNER ready=0/4
WALL_FINALIZATION_BLOCKED: SUPPORT not ready (0/36), skipping EDGE/CORNER finalization
[RESERVE_SLOT] cx=-5 cz=-4 role=1
[RESERVE_SLOT] Created new slot: cx=-5 cz=-4 role=1 iterations=0
WALL_FINALIZATION: SUPPORT ready=0/36 EDGE ready=0/16 CORNER ready=0/4
WALL_FINALIZATION_BLOCKED: SUPPORT not ready (0/36), skipping EDGE/CORNER finalization
WALL_FINALIZATION: SUPPORT ready=0/36 EDGE ready=0/16 CORNER ready=0/4
WALL_FINALIZATION_BLOCKED: SUPPORT not ready (0/36), skipping EDGE/CORNER finalization
[RESERVE_SLOT] cx=-5 cz=-5 role=1
[RESERVE_SLOT] Created new slot: cx=-5 cz=-5 role=1 iterations=0
WALL_FINALIZATION: SUPPORT ready=0/36 EDGE ready=0/16 CORNER ready=0/4
WALL_FINALIZATION_BLOCKED: SUPPORT not ready (0/36), skipping EDGE/CORNER finalization
[RESERVE_SLOT] cx=-4 cz=-5 role=1
[RESERVE_SLOT] Created new slot: cx=-4 cz=-5 role=1 iterations=0
WALL_FINALIZATION: SUPPORT ready=0/36 EDGE ready=0/16 CORNER ready=0/4
WALL_FINALIZATION_BLOCKED: SUPPORT not ready (0/36), skipping EDGE/CORNER finalization
WALL_FINALIZATION: SUPPORT ready=0/36 EDGE ready=0/16 CORNER ready=0/4
WALL_FINALIZATION_BLOCKED: SUPPORT not ready (0/36), skipping EDGE/CORNER finalization
[RESERVE_SLOT] cx=-6 cz=-4 role=1
[RESERVE_SLOT] Created new slot: cx=-6 cz=-4 role=1 iterations=0
WALL_FINALIZATION: SUPPORT ready=0/36 EDGE ready=0/16 CORNER ready=0/4
WALL_FINALIZATION_BLOCKED: SUPPORT not ready (0/36), skipping EDGE/CORNER finalization
[RESERVE_SLOT] cx=-5 cz=-3 role=1
[RESERVE_SLOT] Created new slot: cx=-5 cz=-3 role=1 iterations=0
WALL_FINALIZATION: SUPPORT ready=0/36 EDGE ready=0/16 CORNER ready=0/4
WALL_FINALIZATION_BLOCKED: SUPPORT not ready (0/36), skipping EDGE/CORNER finalization
WALL_FINALIZATION: SUPPORT ready=0/36 EDGE ready=0/16 CORNER ready=0/4
WALL_FINALIZATION_BLOCKED: SUPPORT not ready (0/36), skipping EDGE/CORNER finalization
[RESERVE_SLOT] cx=-3 cz=-5 role=1
[RESERVE_SLOT] Created new slot: cx=-3 cz=-5 role=1 iterations=0
WALL_FINALIZATION: SUPPORT ready=0/36 EDGE ready=0/16 CORNER ready=0/4
WALL_FINALIZATION_BLOCKED: SUPPORT not ready (0/36), skipping EDGE/CORNER finalization
WALL_FINALIZATION: SUPPORT ready=0/36 EDGE ready=0/16 CORNER ready=0/4
WALL_FINALIZATION_BLOCKED: SUPPORT not ready (0/36), skipping EDGE/CORNER finalization
WALL_FINALIZATION: SUPPORT ready=0/36 EDGE ready=0/16 CORNER ready=0/4
WALL_FINALIZATION_BLOCKED: SUPPORT not ready (0/36), skipping EDGE/CORNER finalization
WALL_FINALIZATION: SUPPORT ready=0/36 EDGE ready=0/16 CORNER ready=0/4
WALL_FINALIZATION_BLOCKED: SUPPORT not ready (0/36), skipping EDGE/CORNER finalization
WALL_FINALIZATION: SUPPORT ready=0/36 EDGE ready=0/16 CORNER ready=0/4
WALL_FINALIZATION_BLOCKED: SUPPORT not ready (0/36), skipping EDGE/CORNER finalization
WALL_FINALIZATION: SUPPORT ready=0/36 EDGE ready=0/16 CORNER ready=0/4
WALL_FINALIZATION_BLOCKED: SUPPORT not ready (0/36), skipping EDGE/CORNER finalization
WALL_FINALIZATION: SUPPORT ready=0/36 EDGE ready=0/16 CORNER ready=0/4
WALL_FINALIZATION_BLOCKED: SUPPORT not ready (0/36), skipping EDGE/CORNER finalization
WALL_FINALIZATION: SUPPORT ready=0/36 EDGE ready=0/16 CORNER ready=0/4
WALL_FINALIZATION_BLOCKED: SUPPORT not ready (0/36), skipping EDGE/CORNER finalization
WALL_FINALIZATION: SUPPORT ready=0/36 EDGE ready=0/16 CORNER ready=0/4
WALL_FINALIZATION_BLOCKED: SUPPORT not ready (0/36), skipping EDGE/CORNER finalization
WALL_FINALIZATION: SUPPORT ready=0/36 EDGE ready=0/16 CORNER ready=0/4
WALL_FINALIZATION_BLOCKED: SUPPORT not ready (0/36), skipping EDGE/CORNER finalization
WALL_FINALIZATION: SUPPORT ready=0/36 EDGE ready=0/16 CORNER ready=0/4
WALL_FINALIZATION_BLOCKED: SUPPORT not ready (0/36), skipping EDGE/CORNER finalization
WALL_FINALIZATION: SUPPORT ready=0/36 EDGE ready=0/16 CORNER ready=0/4
WALL_FINALIZATION_BLOCKED: SUPPORT not ready (0/36), skipping EDGE/CORNER finalization
WALL_FINALIZATION: SUPPORT ready=0/36 EDGE ready=0/16 CORNER ready=0/4
WALL_FINALIZATION_BLOCKED: SUPPORT not ready (0/36), skipping EDGE/CORNER finalization
WALL_FINALIZATION: SUPPORT ready=0/36 EDGE ready=0/16 CORNER ready=0/4
WALL_FINALIZATION_BLOCKED: SUPPORT not ready (0/36), skipping EDGE/CORNER finalization
WALL_FINALIZATION: SUPPORT ready=0/36 EDGE ready=0/16 CORNER ready=0/4
WALL_FINALIZATION_BLOCKED: SUPPORT not ready (0/36), skipping EDGE/CORNER finalization
WALL_FINALIZATION: SUPPORT ready=0/36 EDGE ready=0/16 CORNER ready=0/4
WALL_FINALIZATION_BLOCKED: SUPPORT not ready (0/36), skipping EDGE/CORNER finalization
WALL_FINALIZATION: SUPPORT ready=0/36 EDGE ready=0/16 CORNER ready=0/4
WALL_FINALIZATION_BLOCKED: SUPPORT not ready (0/36), skipping EDGE/CORNER finalization
WALL_FINALIZATION: SUPPORT ready=0/36 EDGE ready=0/16 CORNER ready=0/4
WALL_FINALIZATION_BLOCKED: SUPPORT not ready (0/36), skipping EDGE/CORNER finalization
WALL_FINALIZATION: SUPPORT ready=0/36 EDGE ready=0/16 CORNER ready=0/4
WALL_FINALIZATION_BLOCKED: SUPPORT not ready (0/36), skipping EDGE/CORNER finalization
WALL_FINALIZATION: SUPPORT ready=0/36 EDGE ready=0/16 CORNER ready=0/4
WALL_FINALIZATION_BLOCKED: SUPPORT not ready (0/36), skipping EDGE/CORNER finalization
WALL_FINALIZATION: SUPPORT ready=0/36 EDGE ready=0/16 CORNER ready=0/4
WALL_FINALIZATION_BLOCKED: SUPPORT not ready (0/36), skipping EDGE/CORNER finalization
WALL_FINALIZATION: SUPPORT ready=0/36 EDGE ready=0/16 CORNER ready=0/4
WALL_FINALIZATION_BLOCKED: SUPPORT not ready (0/36), skipping EDGE/CORNER finalization
WALL_FINALIZATION: SUPPORT ready=0/36 EDGE ready=0/16 CORNER ready=0/4
WALL_FINALIZATION_BLOCKED: SUPPORT not ready (0/36), skipping EDGE/CORNER finalization
WALL_FINALIZATION: SUPPORT ready=0/36 EDGE ready=0/16 CORNER ready=0/4
WALL_FINALIZATION_BLOCKED: SUPPORT not ready (0/36), skipping EDGE/CORNER finalization
WALL_FINALIZATION: SUPPORT ready=0/36 EDGE ready=0/16 CORNER ready=0/4
WALL_FINALIZATION_BLOCKED: SUPPORT not ready (0/36), skipping EDGE/CORNER finalization
WALL_FINALIZATION: SUPPORT ready=0/36 EDGE ready=0/16 CORNER ready=0/4
WALL_FINALIZATION_BLOCKED: SUPPORT not ready (0/36), skipping EDGE/CORNER finalization
WALL_FINALIZATION: SUPPORT ready=0/36 EDGE ready=0/16 CORNER ready=0/4
WALL_FINALIZATION_BLOCKED: SUPPORT not ready (0/36), skipping EDGE/CORNER finalization
WALL_FINALIZATION: SUPPORT ready=0/36 EDGE ready=0/16 CORNER ready=0/4
WALL_FINALIZATION_BLOCKED: SUPPORT not ready (0/36), skipping EDGE/CORNER finalization
WALL_FINALIZATION: SUPPORT ready=0/36 EDGE ready=0/16 CORNER ready=0/4
WALL_FINALIZATION_BLOCKED: SUPPORT not ready (0/36), skipping EDGE/CORNER finalization
WALL_FINALIZATION: SUPPORT ready=0/36 EDGE ready=0/16 CORNER ready=0/4
WALL_FINALIZATION_BLOCKED: SUPPORT not ready (0/36), skipping EDGE/CORNER finalization
WALL_FINALIZATION: SUPPORT ready=0/36 EDGE ready=0/16 CORNER ready=0/4
WALL_FINALIZATION_BLOCKED: SUPPORT not ready (0/36), skipping EDGE/CORNER finalization
WALL_FINALIZATION: SUPPORT ready=0/36 EDGE ready=0/16 CORNER ready=0/4
WALL_FINALIZATION_BLOCKED: SUPPORT not ready (0/36), skipping EDGE/CORNER finalization
WALL_FINALIZATION: SUPPORT ready=0/36 EDGE ready=0/16 CORNER ready=0/4
WALL_FINALIZATION_BLOCKED: SUPPORT not ready (0/36), skipping EDGE/CORNER finalization
WALL_FINALIZATION: SUPPORT ready=0/36 EDGE ready=0/16 CORNER ready=0/4
WALL_FINALIZATION_BLOCKED: SUPPORT not ready (0/36), skipping EDGE/CORNER finalization
WALL_FINALIZATION: SUPPORT ready=0/36 EDGE ready=0/16 CORNER ready=0/4
WALL_FINALIZATION_BLOCKED: SUPPORT not ready (0/36), skipping EDGE/CORNER finalization
WALL_FINALIZATION: SUPPORT ready=0/36 EDGE ready=0/16 CORNER ready=0/4
WALL_FINALIZATION_BLOCKED: SUPPORT not ready (0/36), skipping EDGE/CORNER finalization
WALL_FINALIZATION: SUPPORT ready=0/36 EDGE ready=0/16 CORNER ready=0/4
WALL_FINALIZATION_BLOCKED: SUPPORT not ready (0/36), skipping EDGE/CORNER finalization
WALL_FINALIZATION: SUPPORT ready=0/36 EDGE ready=0/16 CORNER ready=0/4
WALL_FINALIZATION_BLOCKED: SUPPORT not ready (0/36), skipping EDGE/CORNER finalization
WALL_FINALIZATION: SUPPORT ready=0/36 EDGE ready=0/16 CORNER ready=0/4
WALL_FINALIZATION_BLOCKED: SUPPORT not ready (0/36), skipping EDGE/CORNER finalization
WALL_FINALIZATION: SUPPORT ready=0/36 EDGE ready=0/16 CORNER ready=0/4
WALL_FINALIZATION_BLOCKED: SUPPORT not ready (0/36), skipping EDGE/CORNER finalization
WALL_FINALIZATION: SUPPORT ready=0/36 EDGE ready=0/16 CORNER ready=0/4
WALL_FINALIZATION_BLOCKED: SUPPORT not ready (0/36), skipping EDGE/CORNER finalization
WALL_FINALIZATION: SUPPORT ready=0/36 EDGE ready=0/16 CORNER ready=0/4
WALL_FINALIZATION_BLOCKED: SUPPORT not ready (0/36), skipping EDGE/CORNER finalization
WALL_FINALIZATION: SUPPORT ready=0/36 EDGE ready=0/16 CORNER ready=0/4
WALL_FINALIZATION_BLOCKED: SUPPORT not ready (0/36), skipping EDGE/CORNER finalization
WALL_FINALIZATION: SUPPORT ready=0/36 EDGE ready=0/16 CORNER ready=0/4
WALL_FINALIZATION_BLOCKED: SUPPORT not ready (0/36), skipping EDGE/CORNER finalization
WALL_FINALIZATION: SUPPORT ready=0/36 EDGE ready=0/16 CORNER ready=0/4
WALL_FINALIZATION_BLOCKED: SUPPORT not ready (0/36), skipping EDGE/CORNER finalization
WALL_FINALIZATION: SUPPORT ready=0/36 EDGE ready=0/16 CORNER ready=0/4
WALL_FINALIZATION_BLOCKED: SUPPORT not ready (0/36), skipping EDGE/CORNER finalization
WALL_FINALIZATION: SUPPORT ready=0/36 EDGE ready=0/16 CORNER ready=0/4
WALL_FINALIZATION_BLOCKED: SUPPORT not ready (0/36), skipping EDGE/CORNER finalization
WALL_FINALIZATION: SUPPORT ready=0/36 EDGE ready=0/16 CORNER ready=0/4
WALL_FINALIZATION_BLOCKED: SUPPORT not ready (0/36), skipping EDGE/CORNER finalization
WALL_FINALIZATION: SUPPORT ready=0/36 EDGE ready=0/16 CORNER ready=0/4
WALL_FINALIZATION_BLOCKED: SUPPORT not ready (0/36), skipping EDGE/CORNER finalization
WALL_FINALIZATION: SUPPORT ready=0/36 EDGE ready=0/16 CORNER ready=0/4
WALL_FINALIZATION_BLOCKED: SUPPORT not ready (0/36), skipping EDGE/CORNER finalization
WALL_FINALIZATION: SUPPORT ready=0/36 EDGE ready=0/16 CORNER ready=0/4
WALL_FINALIZATION_BLOCKED: SUPPORT not ready (0/36), skipping EDGE/CORNER finalization
WALL_FINALIZATION: SUPPORT ready=0/36 EDGE ready=0/16 CORNER ready=0/4
WALL_FINALIZATION_BLOCKED: SUPPORT not ready (0/36), skipping EDGE/CORNER finalization
WALL_FINALIZATION: SUPPORT ready=0/36 EDGE ready=0/16 CORNER ready=0/4
WALL_FINALIZATION_BLOCKED: SUPPORT not ready (0/36), skipping EDGE/CORNER finalization
WALL_FINALIZATION: SUPPORT ready=0/36 EDGE ready=0/16 CORNER ready=0/4
WALL_FINALIZATION_BLOCKED: SUPPORT not ready (0/36), skipping EDGE/CORNER finalization
WALL_FINALIZATION: SUPPORT ready=0/36 EDGE ready=0/16 CORNER ready=0/4
WALL_FINALIZATION_BLOCKED: SUPPORT not ready (0/36), skipping EDGE/CORNER finalization
WALL_FINALIZATION: SUPPORT ready=0/36 EDGE ready=0/16 CORNER ready=0/4
WALL_FINALIZATION_BLOCKED: SUPPORT not ready (0/36), skipping EDGE/CORNER finalization
WALL_FINALIZATION: SUPPORT ready=0/36 EDGE ready=0/16 CORNER ready=0/4
WALL_FINALIZATION_BLOCKED: SUPPORT not ready (0/36), skipping EDGE/CORNER finalization
WALL_FINALIZATION: SUPPORT ready=0/36 EDGE ready=0/16 CORNER ready=0/4
WALL_FINALIZATION_BLOCKED: SUPPORT not ready (0/36), skipping EDGE/CORNER finalization
WALL_FINALIZATION: SUPPORT ready=0/36 EDGE ready=0/16 CORNER ready=0/4
WALL_FINALIZATION_BLOCKED: SUPPORT not ready (0/36), skipping EDGE/CORNER finalization
[ADOPT] Adopting chunk (-4,-2) gen=1 role=1
[RESERVE_SLOT] cx=-4 cz=-2 role=1
[RESERVE_SLOT] Created new slot: cx=-4 cz=-2 role=1 iterations=0
[ADOPT] SUCCESS chunk (-4,-2) now resident. loaded_from_persist=0
WALL_FINALIZATION: SUPPORT ready=0/36 EDGE ready=0/16 CORNER ready=0/4
WALL_FINALIZATION_BLOCKED: SUPPORT not ready (0/36), skipping EDGE/CORNER finalization
[TRACE] ms=1641 event=world_generation_session_step detail=Loading nearby terrain 9/0/0 W10 frontend=20 session=0 worldgen_active=1 stage=2
WALL_FINALIZATION: SUPPORT ready=0/36 EDGE ready=0/16 CORNER ready=0/4
WALL_FINALIZATION_BLOCKED: SUPPORT not ready (0/36), skipping EDGE/CORNER finalization
WALL_FINALIZATION: SUPPORT ready=0/36 EDGE ready=0/16 CORNER ready=0/4
WALL_FINALIZATION_BLOCKED: SUPPORT not ready (0/36), skipping EDGE/CORNER finalization
WALL_FINALIZATION: SUPPORT ready=0/36 EDGE ready=0/16 CORNER ready=0/4
WALL_FINALIZATION_BLOCKED: SUPPORT not ready (0/36), skipping EDGE/CORNER finalization
[ADOPT] Adopting chunk (-3,-3) gen=1 role=1
[RESERVE_SLOT] cx=-3 cz=-3 role=1
[RESERVE_SLOT] Created new slot: cx=-3 cz=-3 role=1 iterations=0
[ADOPT] SUCCESS chunk (-3,-3) now resident. loaded_from_persist=0
WALL_FINALIZATION: SUPPORT ready=0/36 EDGE ready=0/16 CORNER ready=0/4
WALL_FINALIZATION_BLOCKED: SUPPORT not ready (0/36), skipping EDGE/CORNER finalization
[TRACE] ms=1703 event=world_generation_session_step detail=Loading nearby terrain 9/1/0 W9 frontend=20 session=0 worldgen_active=1 stage=2
WALL_FINALIZATION: SUPPORT ready=0/36 EDGE ready=0/16 CORNER ready=0/4
WALL_FINALIZATION_BLOCKED: SUPPORT not ready (0/36), skipping EDGE/CORNER finalization
WALL_FINALIZATION: SUPPORT ready=0/36 EDGE ready=0/16 CORNER ready=0/4
WALL_FINALIZATION_BLOCKED: SUPPORT not ready (0/36), skipping EDGE/CORNER finalization
[ADOPT] Adopting chunk (-4,-4) gen=1 role=1
[RESERVE_SLOT] cx=-4 cz=-4 role=1
[RESERVE_SLOT] Created new slot: cx=-4 cz=-4 role=1 iterations=0
[ADOPT] SUCCESS chunk (-4,-4) now resident. loaded_from_persist=0
WALL_FINALIZATION: SUPPORT ready=0/36 EDGE ready=0/16 CORNER ready=0/4
WALL_FINALIZATION_BLOCKED: SUPPORT not ready (0/36), skipping EDGE/CORNER finalization
[TRACE] ms=1750 event=world_generation_session_step detail=Loading nearby terrain 9/2/0 W8 frontend=20 session=0 worldgen_active=1 stage=2
WALL_FINALIZATION: SUPPORT ready=0/36 EDGE ready=0/16 CORNER ready=0/4
WALL_FINALIZATION_BLOCKED: SUPPORT not ready (0/36), skipping EDGE/CORNER finalization
WALL_FINALIZATION: SUPPORT ready=0/36 EDGE ready=0/16 CORNER ready=0/4
WALL_FINALIZATION_BLOCKED: SUPPORT not ready (0/36), skipping EDGE/CORNER finalization
[ADOPT] Adopting chunk (-4,-3) gen=1 role=1
[RESERVE_SLOT] cx=-4 cz=-3 role=1
[RESERVE_SLOT] Created new slot: cx=-4 cz=-3 role=1 iterations=0
[ADOPT] SUCCESS chunk (-4,-3) now resident. loaded_from_persist=0
[ADOPT] Adopting chunk (-3,-4) gen=1 role=1
[RESERVE_SLOT] cx=-3 cz=-4 role=1
[RESERVE_SLOT] Created new slot: cx=-3 cz=-4 role=1 iterations=0
[ADOPT] SUCCESS chunk (-3,-4) now resident. loaded_from_persist=0
[ADOPT] Adopting chunk (-5,-3) gen=1 role=2
[RESERVE_SLOT] cx=-5 cz=-3 role=2
[RESERVE_SLOT] Created new slot: cx=-5 cz=-3 role=2 iterations=0
WALL_CHUNK_ADOPTED: (-5,-3) role=SUPPORT generation=1 wall_finalized_gen=0
[ADOPT] SUCCESS chunk (-5,-3) now resident. loaded_from_persist=0
WALL_FINALIZATION: SUPPORT ready=0/36 EDGE ready=0/16 CORNER ready=0/4
WALL_FINALIZATION_BLOCKED: SUPPORT not ready (0/36), skipping EDGE/CORNER finalization
[TRACE] ms=1875 event=world_generation_session_step detail=Loading nearby terrain 9/5/0 W2 frontend=20 session=0 worldgen_active=1 stage=2
[ADOPT] Adopting chunk (-5,-4) gen=1 role=2
[RESERVE_SLOT] cx=-5 cz=-4 role=2
[RESERVE_SLOT] Created new slot: cx=-5 cz=-4 role=2 iterations=0
WALL_CHUNK_ADOPTED: (-5,-4) role=SUPPORT generation=1 wall_finalized_gen=0
[ADOPT] SUCCESS chunk (-5,-4) now resident. loaded_from_persist=0
WALL_FINALIZATION: SUPPORT ready=0/36 EDGE ready=0/16 CORNER ready=0/4
WALL_FINALIZATION_BLOCKED: SUPPORT not ready (0/36), skipping EDGE/CORNER finalization
[TRACE] ms=1875 event=world_generation_session_step detail=Loading nearby terrain 9/6/0 W2 frontend=20 session=0 worldgen_active=1 stage=2
[ADOPT] Adopting chunk (-6,-4) gen=1 role=2
[RESERVE_SLOT] cx=-6 cz=-4 role=2
[RESERVE_SLOT] Created new slot: cx=-6 cz=-4 role=2 iterations=0
WALL_CHUNK_ADOPTED: (-6,-4) role=SUPPORT generation=1 wall_finalized_gen=0
[ADOPT] SUCCESS chunk (-6,-4) now resident. loaded_from_persist=0
[ADOPT] Adopting chunk (-5,-5) gen=1 role=2
[RESERVE_SLOT] cx=-5 cz=-5 role=2
[RESERVE_SLOT] Created new slot: cx=-5 cz=-5 role=2 iterations=0
WALL_CHUNK_ADOPTED: (-5,-5) role=SUPPORT generation=1 wall_finalized_gen=0
[ADOPT] SUCCESS chunk (-5,-5) now resident. loaded_from_persist=0
WALL_FINALIZATION: SUPPORT ready=0/36 EDGE ready=0/16 CORNER ready=0/4
WALL_FINALIZATION_BLOCKED: SUPPORT not ready (0/36), skipping EDGE/CORNER finalization
[TRACE] ms=1891 event=world_generation_session_step detail=Loading nearby terrain 9/7/0 W1 frontend=20 session=0 worldgen_active=1 stage=2
[ADOPT] Adopting chunk (-3,-5) gen=1 role=2
[RESERVE_SLOT] cx=-3 cz=-5 role=2
[RESERVE_SLOT] Created new slot: cx=-3 cz=-5 role=2 iterations=0
WALL_CHUNK_ADOPTED: (-3,-5) role=SUPPORT generation=1 wall_finalized_gen=0
[ADOPT] SUCCESS chunk (-3,-5) now resident. loaded_from_persist=0
WALL_FINALIZATION: SUPPORT ready=0/36 EDGE ready=0/16 CORNER ready=0/4
WALL_FINALIZATION_BLOCKED: SUPPORT not ready (0/36), skipping EDGE/CORNER finalization
[TRACE] ms=1891 event=world_generation_session_step detail=Loading nearby terrain 9/8/0 W1 frontend=20 session=0 worldgen_active=1 stage=2
WALL_FINALIZATION: SUPPORT ready=0/36 EDGE ready=0/16 CORNER ready=0/4
WALL_FINALIZATION_BLOCKED: SUPPORT not ready (0/36), skipping EDGE/CORNER finalization
WALL_FINALIZATION: SUPPORT ready=0/36 EDGE ready=0/16 CORNER ready=0/4
WALL_FINALIZATION_BLOCKED: SUPPORT not ready (0/36), skipping EDGE/CORNER finalization
[ADOPT] Adopting chunk (-4,-5) gen=1 role=2
[RESERVE_SLOT] cx=-4 cz=-5 role=2
[RESERVE_SLOT] Created new slot: cx=-4 cz=-5 role=2 iterations=0
WALL_CHUNK_ADOPTED: (-4,-5) role=SUPPORT generation=1 wall_finalized_gen=0
[ADOPT] SUCCESS chunk (-4,-5) now resident. loaded_from_persist=0
WALL_FINALIZATION: SUPPORT ready=0/36 EDGE ready=0/16 CORNER ready=0/4
WALL_FINALIZATION_BLOCKED: SUPPORT not ready (0/36), skipping EDGE/CORNER finalization
[TRACE] ms=1922 event=world_generation_session_step detail=Loading nearby terrain 9/9/0 W0 frontend=20 session=0 worldgen_active=1 stage=2
WALL_FINALIZATION: SUPPORT ready=0/36 EDGE ready=0/16 CORNER ready=0/4
WALL_FINALIZATION_BLOCKED: SUPPORT not ready (0/36), skipping EDGE/CORNER finalization
[TRACE] ms=9969 event=world_generation_session_step detail=Loading nearby terrain 9/9/2 W0 frontend=20 session=0 worldgen_active=1 stage=2
WALL_FINALIZATION: SUPPORT ready=3/36 EDGE ready=0/16 CORNER ready=0/4
WALL_FINALIZATION_BLOCKED: SUPPORT not ready (3/36), skipping EDGE/CORNER finalization
[TRACE] ms=10469 event=world_generation_session_step detail=Loading nearby terrain 9/9/9 W0 frontend=20 session=0 worldgen_active=1 stage=2
