'NqlSDK.exe' (Win32): Loaded 'C:\GitHub\CPSS\PrimeNumberTools\Viewers\C\Windows\Windows\NQL\SDK\x64\Debug\NqlSDK.exe'. Symbols loaded.
'NqlSDK.exe' (Win32): Loaded 'C:\Windows\System32\ntdll.dll'. Symbol loading disabled by Include/Exclude setting.
'NqlSDK.exe' (Win32): Loaded 'C:\Windows\System32\kernel32.dll'. Symbol loading disabled by Include/Exclude setting.
'NqlSDK.exe' (Win32): Loaded 'C:\Windows\System32\KernelBase.dll'. Symbol loading disabled by Include/Exclude setting.
'NqlSDK.exe' (Win32): Loaded 'C:\Windows\System32\user32.dll'. Symbol loading disabled by Include/Exclude setting.
'NqlSDK.exe' (Win32): Loaded 'C:\Windows\System32\D3D12.dll'. Symbol loading disabled by Include/Exclude setting.
'NqlSDK.exe' (Win32): Loaded 'C:\Windows\System32\win32u.dll'. Symbol loading disabled by Include/Exclude setting.
'NqlSDK.exe' (Win32): Loaded 'C:\Windows\System32\dxgi.dll'. Symbol loading disabled by Include/Exclude setting.
'NqlSDK.exe' (Win32): Loaded 'C:\Windows\System32\msvcp_win.dll'. Symbol loading disabled by Include/Exclude setting.
'NqlSDK.exe' (Win32): Loaded 'C:\Windows\System32\gdi32.dll'. Symbol loading disabled by Include/Exclude setting.
'NqlSDK.exe' (Win32): Loaded 'C:\Windows\System32\ucrtbase.dll'. Symbol loading disabled by Include/Exclude setting.
'NqlSDK.exe' (Win32): Loaded 'C:\Windows\System32\ucrtbase.dll'. Symbol loading disabled by Include/Exclude setting.
'NqlSDK.exe' (Win32): Loaded 'C:\Windows\System32\D3DCompiler_47.dll'. Symbol loading disabled by Include/Exclude setting.
'NqlSDK.exe' (Win32): Unloaded 'C:\Windows\System32\ucrtbase.dll'
'NqlSDK.exe' (Win32): Loaded 'C:\Windows\System32\gdi32full.dll'. Symbol loading disabled by Include/Exclude setting.
'NqlSDK.exe' (Win32): Loaded 'C:\Windows\System32\ole32.dll'. Symbol loading disabled by Include/Exclude setting.
'NqlSDK.exe' (Win32): Loaded 'C:\Windows\System32\rpcrt4.dll'. Symbol loading disabled by Include/Exclude setting.
'NqlSDK.exe' (Win32): Loaded 'C:\Windows\System32\powrprof.dll'. Symbol loading disabled by Include/Exclude setting.
'NqlSDK.exe' (Win32): Loaded 'C:\Windows\System32\combase.dll'. Symbol loading disabled by Include/Exclude setting.
'NqlSDK.exe' (Win32): Loaded 'C:\Windows\System32\cryptsp.dll'. Symbol loading disabled by Include/Exclude setting.
'NqlSDK.exe' (Win32): Loaded 'C:\Windows\System32\msvcp140d.dll'. Symbol loading disabled by Include/Exclude setting.
'NqlSDK.exe' (Win32): Loaded 'C:\Windows\System32\vcruntime140d.dll'. Symbol loading disabled by Include/Exclude setting.
'NqlSDK.exe' (Win32): Loaded 'C:\Windows\System32\vcruntime140_1d.dll'. Symbol loading disabled by Include/Exclude setting.
'NqlSDK.exe' (Win32): Loaded 'C:\Windows\System32\ucrtbased.dll'. Symbol loading disabled by Include/Exclude setting.
'NqlSDK.exe' (Win32): Loaded 'C:\Windows\System32\umpdc.dll'. Symbol loading disabled by Include/Exclude setting.
'NqlSDK.exe' (Win32): Loaded 'C:\Windows\System32\imm32.dll'. Symbol loading disabled by Include/Exclude setting.
[SHARED_CACHE] Initialized global worldgen cache
'NqlSDK.exe' (Win32): Loaded 'C:\Windows\System32\uxtheme.dll'. Symbol loading disabled by Include/Exclude setting.
'NqlSDK.exe' (Win32): Loaded 'C:\Windows\System32\msctf.dll'. Symbol loading disabled by Include/Exclude setting.
'NqlSDK.exe' (Win32): Loaded 'C:\Windows\System32\msvcrt.dll'. Symbol loading disabled by Include/Exclude setting.
'NqlSDK.exe' (Win32): Loaded 'C:\Windows\System32\kernel.appcore.dll'. Symbol loading disabled by Include/Exclude setting.
'NqlSDK.exe' (Win32): Loaded 'C:\Windows\System32\bcryptprimitives.dll'. Symbol loading disabled by Include/Exclude setting.
'NqlSDK.exe' (Win32): Loaded 'C:\Windows\System32\oleaut32.dll'. Symbol loading disabled by Include/Exclude setting.
'NqlSDK.exe' (Win32): Loaded 'C:\Windows\System32\sechost.dll'. Symbol loading disabled by Include/Exclude setting.
'NqlSDK.exe' (Win32): Loaded 'C:\Windows\System32\TextInputFramework.dll'. Symbol loading disabled by Include/Exclude setting.
'NqlSDK.exe' (Win32): Loaded 'C:\Windows\System32\CoreMessaging.dll'. Symbol loading disabled by Include/Exclude setting.
'NqlSDK.exe' (Win32): Loaded 'C:\Windows\System32\CoreUIComponents.dll'. Symbol loading disabled by Include/Exclude setting.
'NqlSDK.exe' (Win32): Loaded 'C:\Windows\System32\WinTypes.dll'. Symbol loading disabled by Include/Exclude setting.
'NqlSDK.exe' (Win32): Loaded 'C:\Windows\System32\advapi32.dll'. Symbol loading disabled by Include/Exclude setting.
'NqlSDK.exe' (Win32): Loaded 'C:\Windows\System32\cryptbase.dll'. Symbol loading disabled by Include/Exclude setting.
'NqlSDK.exe' (Win32): Loaded 'C:\Windows\System32\oleacc.dll'. Symbol loading disabled by Include/Exclude setting.
The thread 'ShellHandwriting Delegate Thread' (46520) has exited with code 0 (0x0).
'NqlSDK.exe' (Win32): Loaded 'C:\Windows\System32\D3D12Core.dll'. Symbol loading disabled by Include/Exclude setting.
'NqlSDK.exe' (Win32): Loaded 'C:\Windows\System32\DXGIDebug.dll'. Symbol loading disabled by Include/Exclude setting.
'NqlSDK.exe' (Win32): Loaded 'C:\Windows\System32\d3d12SDKLayers.dll'. Symbol loading disabled by Include/Exclude setting.
'NqlSDK.exe' (Win32): Unloaded 'C:\Windows\System32\DXGIDebug.dll'
'NqlSDK.exe' (Win32): Unloaded 'C:\Windows\System32\d3d12SDKLayers.dll'
'NqlSDK.exe' (Win32): Loaded 'C:\Windows\System32\DXGIDebug.dll'. Symbol loading disabled by Include/Exclude setting.
'NqlSDK.exe' (Win32): Loaded 'C:\Windows\System32\DXCore.dll'. Symbol loading disabled by Include/Exclude setting.
'NqlSDK.exe' (Win32): Loaded 'C:\Windows\System32\ResourcePolicyClient.dll'. Symbol loading disabled by Include/Exclude setting.
'NqlSDK.exe' (Win32): Unloaded 'C:\Windows\System32\ResourcePolicyClient.dll'
'NqlSDK.exe' (Win32): Loaded 'C:\Windows\System32\directxdatabasehelper.dll'. Symbol loading disabled by Include/Exclude setting.
'NqlSDK.exe' (Win32): Loaded 'C:\Windows\System32\cfgmgr32.dll'. Symbol loading disabled by Include/Exclude setting.
'NqlSDK.exe' (Win32): Loaded 'C:\Windows\System32\DriverStore\FileRepository\nvamsi.inf_amd64_82cd5f0af3386fea\nvdlistx.dll'. Symbol loading disabled by Include/Exclude setting.
'NqlSDK.exe' (Win32): Loaded 'C:\Windows\System32\version.dll'. Symbol loading disabled by Include/Exclude setting.
'NqlSDK.exe' (Win32): Unloaded 'C:\Windows\System32\version.dll'
'NqlSDK.exe' (Win32): Unloaded 'C:\Windows\System32\DriverStore\FileRepository\nvamsi.inf_amd64_82cd5f0af3386fea\nvdlistx.dll'
'NqlSDK.exe' (Win32): Loaded 'C:\Windows\System32\DriverStore\FileRepository\nvamsi.inf_amd64_82cd5f0af3386fea\nvdlistx.dll'. Symbol loading disabled by Include/Exclude setting.
'NqlSDK.exe' (Win32): Loaded 'C:\Windows\System32\version.dll'. Symbol loading disabled by Include/Exclude setting.
'NqlSDK.exe' (Win32): Loaded 'C:\Windows\System32\DriverStore\FileRepository\u0414671.inf_amd64_d35a7e787428e027\B414600\amdxc64.dll'. Symbol loading disabled by Include/Exclude setting.
'NqlSDK.exe' (Win32): Loaded 'C:\Windows\System32\winmm.dll'. Symbol loading disabled by Include/Exclude setting.
'NqlSDK.exe' (Win32): Unloaded 'C:\Windows\System32\DriverStore\FileRepository\nvamsi.inf_amd64_82cd5f0af3386fea\nvdlistx.dll'
'NqlSDK.exe' (Win32): Loaded 'C:\Windows\System32\shell32.dll'. Symbol loading disabled by Include/Exclude setting.
The thread 15080 has exited with code 0 (0x0).
'NqlSDK.exe' (Win32): Loaded 'C:\Windows\System32\windows.storage.dll'. Symbol loading disabled by Include/Exclude setting.
'NqlSDK.exe' (Win32): Loaded 'C:\Windows\System32\SHCore.dll'. Symbol loading disabled by Include/Exclude setting.
'NqlSDK.exe' (Win32): Loaded 'C:\Windows\System32\shlwapi.dll'. Symbol loading disabled by Include/Exclude setting.
'NqlSDK.exe' (Win32): Loaded 'C:\Windows\System32\bcrypt.dll'. Symbol loading disabled by Include/Exclude setting.
'NqlSDK.exe' (Win32): Loaded 'C:\Windows\System32\DriverStore\FileRepository\u0414671.inf_amd64_d35a7e787428e027\B414600\amdihk64.dll'. Module was built without symbols.
'NqlSDK.exe' (Win32): Loaded 'C:\Windows\System32\d3d12SDKLayers.dll'. Symbol loading disabled by Include/Exclude setting.
'NqlSDK.exe' (Win32): Unloaded 'C:\Windows\System32\d3d12SDKLayers.dll'
'NqlSDK.exe' (Win32): Unloaded 'C:\Windows\System32\DriverStore\FileRepository\u0414671.inf_amd64_d35a7e787428e027\B414600\amdihk64.dll'
'NqlSDK.exe' (Win32): Unloaded 'C:\Windows\System32\winmm.dll'
'NqlSDK.exe' (Win32): Unloaded 'C:\Windows\System32\version.dll'
'NqlSDK.exe' (Win32): Unloaded 'C:\Windows\System32\DriverStore\FileRepository\u0414671.inf_amd64_d35a7e787428e027\B414600\amdxc64.dll'
'NqlSDK.exe' (Win32): Loaded 'C:\Windows\System32\DriverStore\FileRepository\u0414671.inf_amd64_d35a7e787428e027\B414600\amdxc64.dll'. Symbol loading disabled by Include/Exclude setting.
'NqlSDK.exe' (Win32): Loaded 'C:\Windows\System32\version.dll'. Symbol loading disabled by Include/Exclude setting.
'NqlSDK.exe' (Win32): Loaded 'C:\Windows\System32\winmm.dll'. Symbol loading disabled by Include/Exclude setting.
'NqlSDK.exe' (Win32): Loaded 'C:\Windows\System32\DriverStore\FileRepository\u0414671.inf_amd64_d35a7e787428e027\B414600\amdihk64.dll'. Module was built without symbols.
'NqlSDK.exe' (Win32): Loaded 'C:\Windows\System32\d3d12SDKLayers.dll'. Symbol loading disabled by Include/Exclude setting.
'NqlSDK.exe' (Win32): Loaded 'C:\Windows\System32\D3DSCache.dll'. Symbol loading disabled by Include/Exclude setting.
'NqlSDK.exe' (Win32): Loaded 'C:\Windows\System32\userenv.dll'. Symbol loading disabled by Include/Exclude setting.
'NqlSDK.exe' (Win32): Loaded 'C:\Windows\System32\dxilconv.dll'. Symbol loading disabled by Include/Exclude setting.
'NqlSDK.exe' (Win32): Unloaded 'C:\Windows\System32\dxilconv.dll'
'NqlSDK.exe' (Win32): Loaded 'C:\Windows\System32\dcomp.dll'. Symbol loading disabled by Include/Exclude setting.
'NqlSDK.exe' (Win32): Loaded 'C:\Windows\System32\Microsoft.Internal.WarpPal.dll'. Symbol loading disabled by Include/Exclude setting.
'NqlSDK.exe' (Win32): Loaded 'C:\Windows\System32\dwmapi.dll'. Symbol loading disabled by Include/Exclude setting.
'NqlSDK.exe' (Win32): Loaded 'C:\Windows\System32\rsaenh.dll'. Symbol loading disabled by Include/Exclude setting.
'NqlSDK.exe' (Win32): Loaded 'C:\Windows\System32\dxilconv.dll'. Symbol loading disabled by Include/Exclude setting.
'NqlSDK.exe' (Win32): Loaded 'C:\Windows\System32\clbcatq.dll'. Symbol loading disabled by Include/Exclude setting.
'NqlSDK.exe' (Win32): Loaded 'C:\Windows\System32\WindowsCodecs.dll'. Symbol loading disabled by Include/Exclude setting.
'NqlSDK.exe' (Win32): Loaded 'C:\Windows\System32\TextShaping.dll'. Symbol loading disabled by Include/Exclude setting.
[NQL SDK] Camera init: pos(0.00,200.00,0.00) tgt(0.00,180.00,64.00)
'NqlSDK.exe' (Win32): Loaded 'C:\Windows\System32\ApplicationTargetedFeatureDatabase.dll'. Symbol loading disabled by Include/Exclude setting.
'NqlSDK.exe' (Win32): Loaded 'C:\Windows\System32\twinapi.appcore.dll'. Symbol loading disabled by Include/Exclude setting.
The thread 'ShellHandwriting Delegate Thread' (42456) has exited with code 0 (0x0).
[GEN_STAGE] begin idx=0/16 name="Opening world save"
[GEN_STAGE] end idx=0 name="Opening world save" duration=0ms chunks=0 data_kb=0
[GEN_STAGE] begin idx=1/16 name="Initializing world generator"
[GEN_STAGE] end idx=1 name="Initializing world generator" duration=16ms chunks=0 data_kb=0
[GEN_STAGE] begin idx=2/16 name="Preparing world systems"
[GEN_STAGE] end idx=2 name="Preparing world systems" duration=46ms chunks=0 data_kb=0
[GEN_STAGE] begin idx=3/16 name="Loading station state"
[GEN_STAGE] end idx=3 name="Loading station state" duration=0ms chunks=0 data_kb=0
[GEN_STAGE] begin idx=4/16 name="Preparing chunk systems"
[STREAMER] Initializing with 16 worker threads
[GEN_STAGE] end idx=4 name="Preparing chunk systems" duration=32ms chunks=0 data_kb=0
[GEN_STAGE] begin idx=5/16 name="Initializing entities"
[GEN_STAGE] end idx=5 name="Initializing entities" duration=0ms chunks=0 data_kb=0
[GEN_STAGE] begin idx=6/16 name="Restoring world state"
[SPAWN] Random spawn at (130,-200) top=270 surface=268 water=0 province=10 moisture=1 relief=0 score=0
[GEN_STAGE] end idx=6 name="Restoring world state" duration=609ms chunks=0 data_kb=0
[GEN_STAGE] begin idx=7/16 name="Planning visible chunks"
[GEN_STAGE] end idx=7 name="Planning visible chunks" duration=0ms chunks=0 data_kb=0
[GEN_STAGE] begin idx=8/16 name="Loading nearby chunks"
[BOOTSTRAP] sync_target_total=9 safety_radius=1
[WORKER] Processing job cx=2 cz=-3 gen=2 type=GENERATE
[WORKER] Processing job cx=2 cz=-4 gen=2 type=GENERATE
[WORKER] Processing job cx=1 cz=-4 gen=2 type=GENERATE
[WORKER] Processing job cx=2 cz=-5 gen=2 type=GENERATE
[WORKER] Processing job cx=3 cz=-4 gen=2 type=GENERATE
[WORKER] Processing job cx=1 cz=-3 gen=2 type=GENERATE
[WORKER] Processing job cx=1 cz=-5 gen=2 type=GENERATE
[WORKER] Processing job cx=3 cz=-3 gen=2 type=GENERATE
[WORKER] Processing job cx=2 cz=-6 gen=2 type=GENERATE
[WORKER] Processing job cx=0 cz=-4 gen=2 type=GENERATE
[WORKER] Processing job cx=3 cz=-6 gen=2 type=GENERATE
[READINESS] desired=9 resident=0 gpu_ready=0 | skips: not_primary=144 outside_radius=247 no_chunk=9 no_blocks=0 | pending: jobs=10 results=0
[WORKER] Processing job cx=4 cz=-3 gen=2 type=GENERATE
[WORKER] Processing job cx=2 cz=-2 gen=2 type=GENERATE
[WORKER] Processing job cx=4 cz=-4 gen=2 type=GENERATE
[WORKER] Processing job cx=3 cz=-5 gen=2 type=GENERATE
[WORKER] Processing job cx=1 cz=-2 gen=2 type=GENERATE
[READINESS] desired=9 resident=0 gpu_ready=0 | skips: not_primary=144 outside_radius=247 no_chunk=9 no_blocks=0 | pending: jobs=9 results=0
[WORLD_CELLS] Entry: chunk=(0,-4) enabled=1 registry=0000020FA2E7C890
[WORLD_CELLS] Proceeding with construction cell generation
[STREAMER] Chunk (0,-4): blocks=0000020FC9277070, impl=0000020FB3019970, construction_cells_enabled=1, registry=0000020FA2E7C890
[WORLD_CELLS] Entry: chunk=(0,-4) enabled=1 registry=0000020FA2E7C890
[WORLD_CELLS] Proceeding with construction cell generation
[WORKER] Meshing cx=0 cz=-4 (persisted=0)
[READINESS] desired=9 resident=0 gpu_ready=0 | skips: not_primary=144 outside_radius=247 no_chunk=9 no_blocks=0 | pending: jobs=9 results=0
[WORLD_CELLS] Entry: chunk=(1,-4) enabled=1 registry=0000020FA2E7C890
[WORLD_CELLS] Proceeding with construction cell generation
[WORLD_CELLS] Entry: chunk=(1,-3) enabled=1 registry=0000020FA2E7C890
[WORLD_CELLS] Proceeding with construction cell generation
[WORLD_CELLS] Entry: chunk=(1,-5) enabled=1 registry=0000020FA2E7C890
[WORLD_CELLS] Proceeding with construction cell generation
[WORLD_CELLS] Entry: chunk=(1,-2) enabled=1 registry=0000020FA2E7C890
[WORLD_CELLS] Proceeding with construction cell generation
[STREAMER] Chunk (1,-3): blocks=0000020FC6A2B070, impl=0000020FB3017E70, construction_cells_enabled=1, registry=0000020FA2E7C890
[WORLD_CELLS] Entry: chunk=(1,-3) enabled=1 registry=0000020FA2E7C890
[WORLD_CELLS] Proceeding with construction cell generation
[STREAMER] Chunk (1,-4): blocks=0000020FC31B2070, impl=0000020FB3018D70, construction_cells_enabled=1, registry=0000020FA2E7C890
[WORLD_CELLS] Entry: chunk=(1,-4) enabled=1 registry=0000020FA2E7C890
[WORLD_CELLS] Proceeding with construction cell generation
[STREAMER] Chunk (1,-5): blocks=0000020FC41D7070, impl=0000020FB3019070, construction_cells_enabled=1, registry=0000020FA2E7C890
[WORLD_CELLS] Entry: chunk=(1,-5) enabled=1 registry=0000020FA2E7C890
[WORLD_CELLS] Proceeding with construction cell generation
[STREAMER] Chunk (1,-2): blocks=0000020FCB26A070, impl=0000020FB3018A70, construction_cells_enabled=1, registry=0000020FA2E7C890
[WORLD_CELLS] Entry: chunk=(1,-2) enabled=1 registry=0000020FA2E7C890
[WORLD_CELLS] Proceeding with construction cell generation
[WORKER] Meshing cx=1 cz=-3 (persisted=0)
[WORKER] Meshing cx=1 cz=-4 (persisted=0)
[WORKER] Meshing cx=1 cz=-5 (persisted=0)
[WORKER] Meshing cx=1 cz=-2 (persisted=0)
[WORLD_CELLS] Entry: chunk=(2,-2) enabled=1 registry=0000020FA2E7C890
[WORLD_CELLS] Proceeding with construction cell generation
[WORLD_CELLS] Entry: chunk=(2,-4) enabled=1 registry=0000020FA2E7C890
[WORLD_CELLS] Proceeding with construction cell generation
[WORLD_CELLS] Entry: chunk=(2,-5) enabled=1 registry=0000020FA2E7C890
[WORLD_CELLS] Proceeding with construction cell generation
[STREAMER] Chunk (2,-2): blocks=0000020FC8A63070, impl=0000020FB3019370, construction_cells_enabled=1, registry=0000020FA2E7C890
[WORLD_CELLS] Entry: chunk=(2,-2) enabled=1 registry=0000020FA2E7C890
[WORLD_CELLS] Proceeding with construction cell generation
[WORLD_CELLS] Entry: chunk=(2,-3) enabled=1 registry=0000020FA2E7C890
[WORLD_CELLS] Proceeding with construction cell generation
[WORLD_CELLS] Entry: chunk=(2,-6) enabled=1 registry=0000020FA2E7C890
[WORLD_CELLS] Proceeding with construction cell generation
[STREAMER] Chunk (2,-4): blocks=0000020FC5A03070, impl=0000020FB301B170, construction_cells_enabled=1, registry=0000020FA2E7C890
[WORLD_CELLS] Entry: chunk=(2,-4) enabled=1 registry=0000020FA2E7C890
[WORLD_CELLS] Proceeding with construction cell generation
[STREAMER] Chunk (2,-5): blocks=0000020FC39CA070, impl=0000020FB3018170, construction_cells_enabled=1, registry=0000020FA2E7C890
[WORLD_CELLS] Entry: chunk=(2,-5) enabled=1 registry=0000020FA2E7C890
[WORLD_CELLS] Proceeding with construction cell generation
[WORKER] Meshing cx=2 cz=-2 (persisted=0)
[STREAMER] Chunk (2,-6): blocks=0000020FC49E6070, impl=0000020FBC93DC00, construction_cells_enabled=1, registry=0000020FA2E7C890
[WORLD_CELLS] Entry: chunk=(2,-6) enabled=1 registry=0000020FA2E7C890
[WORLD_CELLS] Proceeding with construction cell generation
[STREAMER] Chunk (2,-3): blocks=0000020FC29AA070, impl=0000020FB301A270, construction_cells_enabled=1, registry=0000020FA2E7C890
[WORLD_CELLS] Entry: chunk=(2,-3) enabled=1 registry=0000020FA2E7C890
[WORLD_CELLS] Proceeding with construction cell generation
[WORKER] Meshing cx=2 cz=-4 (persisted=0)
[WORKER] Meshing cx=2 cz=-5 (persisted=0)
[WORKER] Meshing cx=2 cz=-6 (persisted=0)
[READINESS] desired=9 resident=0 gpu_ready=0 | skips: not_primary=144 outside_radius=247 no_chunk=9 no_blocks=0 | pending: jobs=9 results=0
[WORKER] Meshing cx=2 cz=-3 (persisted=0)
[WORLD_CELLS] Entry: chunk=(3,-5) enabled=1 registry=0000020FA2E7C890
[WORLD_CELLS] Proceeding with construction cell generation
[WORLD_CELLS] Entry: chunk=(3,-3) enabled=1 registry=0000020FA2E7C890
[WORLD_CELLS] Proceeding with construction cell generation
[WORLD_CELLS] Entry: chunk=(3,-4) enabled=1 registry=0000020FA2E7C890
[WORLD_CELLS] Proceeding with construction cell generation
[WORLD_CELLS] Entry: chunk=(3,-6) enabled=1 registry=0000020FA2E7C890
[WORLD_CELLS] Proceeding with construction cell generation
[STREAMER] Chunk (3,-5): blocks=0000020FCAA52070, impl=0000020FBC93DF00, construction_cells_enabled=1, registry=0000020FA2E7C890
[WORLD_CELLS] Entry: chunk=(3,-5) enabled=1 registry=0000020FA2E7C890
[WORLD_CELLS] Proceeding with construction cell generation
[STREAMER] Chunk (3,-3): blocks=0000020FC7236070, impl=0000020FB301AB70, construction_cells_enabled=1, registry=0000020FA2E7C890
[WORLD_CELLS] Entry: chunk=(3,-3) enabled=1 registry=0000020FA2E7C890
[WORLD_CELLS] Proceeding with construction cell generation
[WORKER] Meshing cx=3 cz=-5 (persisted=0)
[STREAMER] Chunk (3,-6): blocks=0000020FC51F9070, impl=0000020FB3018770, construction_cells_enabled=1, registry=0000020FA2E7C890
[WORLD_CELLS] Entry: chunk=(3,-6) enabled=1 registry=0000020FA2E7C890
[WORLD_CELLS] Proceeding with construction cell generation
[STREAMER] Chunk (3,-4): blocks=0000020FC621C070, impl=0000020FB301A870, construction_cells_enabled=1, registry=0000020FA2E7C890
[WORLD_CELLS] Entry: chunk=(3,-4) enabled=1 registry=0000020FA2E7C890
[WORLD_CELLS] Proceeding with construction cell generation
[WORKER] Meshing cx=3 cz=-3 (persisted=0)
[WORKER] Meshing cx=3 cz=-6 (persisted=0)
[WORKER] Meshing cx=3 cz=-4 (persisted=0)
[WORKER] Mesh complete cx=0 cz=-4 built=0000020FC1CFA260
[WORKER] Queuing result cx=0 cz=-4 gen=2 built=0000020FC1CFA260 results=0/768
[WORKER] Processing job cx=1 cz=-6 gen=2 type=GENERATE
[PROCESS] Popped result cx=0 cz=-4 gen=2 type=GENERATE built=0000020FC1CFA260
[ADOPT] Adopting chunk (0,-4) gen=2 role=2
[ADOPT] SUCCESS chunk (0,-4) now resident. loaded_from_persist=0
[PROCESS] Adoption result: adopted=1 for cx=0 cz=-4
[WORLD_CELLS] Entry: chunk=(4,-3) enabled=1 registry=0000020FA2E7C890
[WORLD_CELLS] Proceeding with construction cell generation
[STREAMER] Chunk (4,-3): blocks=0000020FC8254070, impl=0000020FB301AE70, construction_cells_enabled=1, registry=0000020FA2E7C890
[WORLD_CELLS] Entry: chunk=(4,-3) enabled=1 registry=0000020FA2E7C890
[WORLD_CELLS] Proceeding with construction cell generation
[WORKER] Meshing cx=4 cz=-3 (persisted=0)
[WORKER] Mesh complete cx=1 cz=-3 built=0000020FC1CF9750
[WORKER] Queuing result cx=1 cz=-3 gen=2 built=0000020FC1CF9750 results=0/768
[WORKER] Processing job cx=3 cz=-2 gen=2 type=GENERATE
[PROCESS] Popped result cx=1 cz=-3 gen=2 type=GENERATE built=0000020FC1CF9750
[ADOPT] Adopting chunk (1,-3) gen=2 role=1
[ADOPT] SUCCESS chunk (1,-3) now resident. loaded_from_persist=0
[PROCESS] Adoption result: adopted=1 for cx=1 cz=-3
[WORLD_CELLS] Entry: chunk=(4,-4) enabled=1 registry=0000020FA2E7C890
[WORLD_CELLS] Proceeding with construction cell generation
[WORKER] Mesh complete cx=1 cz=-5 built=0000020FC1CF8130
[WORKER] Queuing result cx=1 cz=-5 gen=2 built=0000020FC1CF8130 results=0/768
[WORKER] Processing job cx=4 cz=-5 gen=2 type=GENERATE
[PROCESS] Popped result cx=1 cz=-5 gen=2 type=GENERATE built=0000020FC1CF8130
[ADOPT] Adopting chunk (1,-5) gen=2 role=1
[ADOPT] SUCCESS chunk (1,-5) now resident. loaded_from_persist=0
[PROCESS] Adoption result: adopted=1 for cx=1 cz=-5
[WORKER] Mesh complete cx=1 cz=-4 built=0000020FC1CFE4C0
[WORKER] Queuing result cx=1 cz=-4 gen=2 built=0000020FC1CFE4C0 results=0/768
[WORKER] Processing job cx=0 cz=-3 gen=2 type=GENERATE
[STREAMER] Chunk (4,-4): blocks=0000020FC7A46070, impl=0000020FB3019670, construction_cells_enabled=1, registry=0000020FA2E7C890
[WORLD_CELLS] Entry: chunk=(4,-4) enabled=1 registry=0000020FA2E7C890
[WORLD_CELLS] Proceeding with construction cell generation
[PROCESS] Popped result cx=1 cz=-4 gen=2 type=GENERATE built=0000020FC1CFE4C0
[ADOPT] Adopting chunk (1,-4) gen=2 role=1
[ADOPT] SUCCESS chunk (1,-4) now resident. loaded_from_persist=0
[PROCESS] Adoption result: adopted=1 for cx=1 cz=-4
[WORKER] Mesh complete cx=1 cz=-2 built=0000020FC1CFC390
[WORKER] Queuing result cx=1 cz=-2 gen=2 built=0000020FC1CFC390 results=0/768
[WORKER] Processing job cx=0 cz=-5 gen=2 type=GENERATE
[PROCESS] Popped result cx=1 cz=-2 gen=2 type=GENERATE built=0000020FC1CFC390
[ADOPT] Adopting chunk (1,-2) gen=2 role=1
[ADOPT] SUCCESS chunk (1,-2) now resident. loaded_from_persist=0
[PROCESS] Adoption result: adopted=1 for cx=1 cz=-2
[WORKER] Meshing cx=4 cz=-4 (persisted=0)
[READINESS] desired=9 resident=3 gpu_ready=0 | skips: not_primary=144 outside_radius=247 no_chunk=6 no_blocks=0 | pending: jobs=4 results=0
[WORLD_CELLS] Entry: chunk=(0,-3) enabled=1 registry=0000020FA2E7C890
[WORLD_CELLS] Proceeding with construction cell generation
[STREAMER] Chunk (0,-3): blocks=0000020FDBCE9070, impl=0000020FB3018D70, construction_cells_enabled=1, registry=0000020FA2E7C890
[WORLD_CELLS] Entry: chunk=(0,-3) enabled=1 registry=0000020FA2E7C890
[WORLD_CELLS] Proceeding with construction cell generation
[WORLD_CELLS] Entry: chunk=(0,-5) enabled=1 registry=0000020FA2E7C890
[WORLD_CELLS] Proceeding with construction cell generation
[WORKER] Meshing cx=0 cz=-3 (persisted=0)
[STREAMER] Chunk (0,-5): blocks=0000020FDCB1B070, impl=0000020FB3018A70, construction_cells_enabled=1, registry=0000020FA2E7C890
[WORLD_CELLS] Entry: chunk=(0,-5) enabled=1 registry=0000020FA2E7C890
[WORLD_CELLS] Proceeding with construction cell generation
[WORKER] Meshing cx=0 cz=-5 (persisted=0)
[WORKER] Mesh complete cx=2 cz=-2 built=0000020FC1CFB880
[WORKER] Queuing result cx=2 cz=-2 gen=2 built=0000020FC1CFB880 results=0/768
[WORKER] Processing job cx=4 cz=-2 gen=2 type=GENERATE
[PROCESS] Popped result cx=2 cz=-2 gen=2 type=GENERATE built=0000020FC1CFB880
[ADOPT] Adopting chunk (2,-2) gen=2 role=1
[ADOPT] SUCCESS chunk (2,-2) now resident. loaded_from_persist=0
[PROCESS] Adoption result: adopted=1 for cx=2 cz=-2
[WORKER] Mesh complete cx=2 cz=-5 built=0000020FC1CFD9B0
[WORKER] Queuing result cx=2 cz=-5 gen=2 built=0000020FC1CFD9B0 results=0/768
[WORKER] Processing job cx=4 cz=-6 gen=2 type=GENERATE
[PROCESS] Popped result cx=2 cz=-5 gen=2 type=GENERATE built=0000020FC1CFD9B0
[ADOPT] Adopting chunk (2,-5) gen=2 role=1
[WORKER] Mesh complete cx=2 cz=-4 built=0000020FCA49BDE0
[WORKER] Queuing result cx=2 cz=-4 gen=2 built=0000020FCA49BDE0 results=0/768
[WORKER] Processing job cx=0 cz=-2 gen=2 type=GENERATE
[ADOPT] SUCCESS chunk (2,-5) now resident. loaded_from_persist=0
[PROCESS] Adoption result: adopted=1 for cx=2 cz=-5
[WORKER] Mesh complete cx=2 cz=-3 built=0000020FCA49D400
[WORKER] Queuing result cx=2 cz=-3 gen=2 built=0000020FCA49D400 results=1/768
[WORKER] Processing job cx=0 cz=-6 gen=2 type=GENERATE
[PROCESS] Popped result cx=2 cz=-4 gen=2 type=GENERATE built=0000020FCA49BDE0
[ADOPT] Adopting chunk (2,-4) gen=2 role=1
[ADOPT] SUCCESS chunk (2,-4) now resident. loaded_from_persist=0
[PROCESS] Adoption result: adopted=1 for cx=2 cz=-4
[WORKER] Mesh complete cx=2 cz=-6 built=0000020FCA49B2D0
[WORKER] Queuing result cx=2 cz=-6 gen=2 built=0000020FCA49B2D0 results=1/768
[PROCESS] Popped result cx=2 cz=-3 gen=2 type=GENERATE built=0000020FCA49D400
[ADOPT] Adopting chunk (2,-3) gen=2 role=1
[ADOPT] SUCCESS chunk (2,-3) now resident. loaded_from_persist=0
[PROCESS] Adoption result: adopted=1 for cx=2 cz=-3
[PROCESS] Popped result cx=2 cz=-6 gen=2 type=GENERATE built=0000020FCA49B2D0
[ADOPT] Adopting chunk (2,-6) gen=2 role=1
[ADOPT] SUCCESS chunk (2,-6) now resident. loaded_from_persist=0
[PROCESS] Adoption result: adopted=1 for cx=2 cz=-6
[WORLD_CELLS] Entry: chunk=(0,-2) enabled=1 registry=0000020FA2E7C890
[WORLD_CELLS] Proceeding with construction cell generation
[WORLD_CELLS] Entry: chunk=(0,-6) enabled=1 registry=0000020FA2E7C890
[WORLD_CELLS] Proceeding with construction cell generation
[STREAMER] Chunk (0,-2): blocks=0000020FE1E25070, impl=0000020FB301B170, construction_cells_enabled=1, registry=0000020FA2E7C890
[WORLD_CELLS] Entry: chunk=(0,-2) enabled=1 registry=0000020FA2E7C890
[WORLD_CELLS] Proceeding with construction cell generation
[STREAMER] Chunk (0,-6): blocks=0000020FE263F070, impl=0000020FB301A270, construction_cells_enabled=1, registry=0000020FA2E7C890
[WORLD_CELLS] Entry: chunk=(0,-6) enabled=1 registry=0000020FA2E7C890
[WORLD_CELLS] Proceeding with construction cell generation
[WORKER] Meshing cx=0 cz=-2 (persisted=0)
[WORKER] Meshing cx=0 cz=-6 (persisted=0)
[WORKER] Mesh complete cx=3 cz=-3 built=0000020FCA499CB0
[WORKER] Queuing result cx=3 cz=-3 gen=2 built=0000020FCA499CB0 results=0/768
[PROCESS] Popped result cx=3 cz=-3 gen=2 type=GENERATE built=0000020FCA499CB0
[ADOPT] Adopting chunk (3,-3) gen=2 role=1
[ADOPT] SUCCESS chunk (3,-3) now resident. loaded_from_persist=0
[PROCESS] Adoption result: adopted=1 for cx=3 cz=-3
[WORKER] Mesh complete cx=3 cz=-5 built=0000020FCA49A7C0
[WORKER] Queuing result cx=3 cz=-5 gen=2 built=0000020FCA49A7C0 results=0/768
[PROCESS] Popped result cx=3 cz=-5 gen=2 type=GENERATE built=0000020FCA49A7C0
[ADOPT] Adopting chunk (3,-5) gen=2 role=1
[WORKER] Mesh complete cx=3 cz=-4 built=0000020FCA4A0B50
[WORKER] Queuing result cx=3 cz=-4 gen=2 built=0000020FCA4A0B50 results=0/768
[ADOPT] SUCCESS chunk (3,-5) now resident. loaded_from_persist=0
[PROCESS] Adoption result: adopted=1 for cx=3 cz=-5
[PROCESS] Popped result cx=3 cz=-4 gen=2 type=GENERATE built=0000020FCA4A0B50
[ADOPT] Adopting chunk (3,-4) gen=2 role=1
[ADOPT] SUCCESS chunk (3,-4) now resident. loaded_from_persist=0
[PROCESS] Adoption result: adopted=1 for cx=3 cz=-4
[WORKER] Mesh complete cx=3 cz=-6 built=0000020FCA49DF10
[WORKER] Queuing result cx=3 cz=-6 gen=2 built=0000020FCA49DF10 results=0/768
[WORKER] Mesh complete cx=4 cz=-3 built=0000020FCA49F530
[WORKER] Queuing result cx=4 cz=-3 gen=2 built=0000020FCA49F530 results=1/768
[WORKER] Mesh complete cx=4 cz=-4 built=0000020FCA4A0040
[WORKER] Queuing result cx=4 cz=-4 gen=2 built=0000020FCA4A0040 results=2/768
[WORLD_CELLS] Entry: chunk=(1,-6) enabled=1 registry=0000020FA2E7C890
[WORLD_CELLS] Proceeding with construction cell generation
[STREAMER] Chunk (1,-6): blocks=0000020FD5C82070, impl=0000020FB3019970, construction_cells_enabled=1, registry=0000020FA2E7C890
[WORLD_CELLS] Entry: chunk=(1,-6) enabled=1 registry=0000020FA2E7C890
[WORLD_CELLS] Proceeding with construction cell generation
[WORKER] Meshing cx=1 cz=-6 (persisted=0)
[WORKER] Mesh complete cx=0 cz=-3 built=0000020FCA4A1660
[WORKER] Queuing result cx=0 cz=-3 gen=2 built=0000020FCA4A1660 results=3/768
[WORKER] Mesh complete cx=0 cz=-5 built=0000020FCA49EA20
[WORKER] Queuing result cx=0 cz=-5 gen=2 built=0000020FCA49EA20 results=4/768
[WORKER] Mesh complete cx=0 cz=-2 built=0000020FCA4A3790
[WORKER] Queuing result cx=0 cz=-2 gen=2 built=0000020FCA4A3790 results=5/768
[WORLD_CELLS] Entry: chunk=(3,-2) enabled=1 registry=0000020FA2E7C890
[WORLD_CELLS] Proceeding with construction cell generation
[STREAMER] Chunk (3,-2): blocks=0000020FD9566070, impl=0000020FB3017E70, construction_cells_enabled=1, registry=0000020FA2E7C890
[WORLD_CELLS] Entry: chunk=(3,-2) enabled=1 registry=0000020FA2E7C890
[WORLD_CELLS] Proceeding with construction cell generation
[WORKER] Mesh complete cx=0 cz=-6 built=0000020FCA4A2C80
[WORKER] Queuing result cx=0 cz=-6 gen=2 built=0000020FCA4A2C80 results=6/768
[WORKER] Meshing cx=3 cz=-2 (persisted=0)
[WORKER] Mesh complete cx=1 cz=-6 built=0000020FCA4A42A0
[WORKER] Queuing result cx=1 cz=-6 gen=2 built=0000020FCA4A42A0 results=7/768
[WORLD_CELLS] Entry: chunk=(4,-5) enabled=1 registry=0000020FA2E7C890
[WORLD_CELLS] Proceeding with construction cell generation
[STREAMER] Chunk (4,-5): blocks=0000020FDAAD6070, impl=0000020FB3019070, construction_cells_enabled=1, registry=0000020FA2E7C890
[WORLD_CELLS] Entry: chunk=(4,-5) enabled=1 registry=0000020FA2E7C890
[WORLD_CELLS] Proceeding with construction cell generation
[WORKER] Meshing cx=4 cz=-5 (persisted=0)
[WORLD_CELLS] Entry: chunk=(4,-6) enabled=1 registry=0000020FA2E7C890
[WORLD_CELLS] Proceeding with construction cell generation
[STREAMER] Chunk (4,-6): blocks=0000020FE161E070, impl=0000020FB3018170, construction_cells_enabled=1, registry=0000020FA2E7C890
[WORLD_CELLS] Entry: chunk=(4,-6) enabled=1 registry=0000020FA2E7C890
[WORLD_CELLS] Proceeding with construction cell generation
[WORKER] Meshing cx=4 cz=-6 (persisted=0)
[WORLD_CELLS] Entry: chunk=(4,-2) enabled=1 registry=0000020FA2E7C890
[WORLD_CELLS] Proceeding with construction cell generation
[STREAMER] Chunk (4,-2): blocks=0000020FE0726070, impl=0000020FB3019370, construction_cells_enabled=1, registry=0000020FA2E7C890
[WORLD_CELLS] Entry: chunk=(4,-2) enabled=1 registry=0000020FA2E7C890
[WORLD_CELLS] Proceeding with construction cell generation
[WORKER] Meshing cx=4 cz=-2 (persisted=0)
[WORKER] Mesh complete cx=3 cz=-2 built=0000020FCA49C8F0
[WORKER] Queuing result cx=3 cz=-2 gen=2 built=0000020FCA49C8F0 results=8/768
[WORKER] Mesh complete cx=4 cz=-5 built=0000020FCA4A4DB0
[WORKER] Queuing result cx=4 cz=-5 gen=2 built=0000020FCA4A4DB0 results=9/768
[WORKER] Mesh complete cx=4 cz=-6 built=0000020FCA4A2170
[WORKER] Queuing result cx=4 cz=-6 gen=2 built=0000020FCA4A2170 results=10/768
[WORKER] Mesh complete cx=4 cz=-2 built=0000020FCA4A6EE0
[WORKER] Queuing result cx=4 cz=-2 gen=2 built=0000020FCA4A6EE0 results=11/768
[READINESS] desired=9 resident=9 gpu_ready=9 | skips: not_primary=144 outside_radius=247 no_chunk=0 no_blocks=0 | pending: jobs=0 results=12
[PROCESS] Popped result cx=3 cz=-6 gen=2 type=GENERATE built=0000020FCA49DF10
[ADOPT] Adopting chunk (3,-6) gen=2 role=1
[ADOPT] SUCCESS chunk (3,-6) now resident. loaded_from_persist=0
[PROCESS] Adoption result: adopted=1 for cx=3 cz=-6
[GEN_STAGE] end idx=8 name="Loading nearby chunks" duration=19359ms chunks=14 data_kb=0
[READINESS] desired=9 resident=9 gpu_ready=7 | skips: not_primary=144 outside_radius=247 no_chunk=0 no_blocks=0 | pending: jobs=0 results=11
[PROCESS] Popped result cx=4 cz=-3 gen=2 type=GENERATE built=0000020FCA49F530
[ADOPT] Adopting chunk (4,-3) gen=2 role=1
[ADOPT] SUCCESS chunk (4,-3) now resident. loaded_from_persist=0
[PROCESS] Adoption result: adopted=1 for cx=4 cz=-3
[STARTUP] terrain desired=9 resident=9 ready=5 jobs=0 results=10 no_cpu=4 upload=0 stale=0 far_only=0 other=0
[PROCESS] Popped result cx=4 cz=-4 gen=2 type=GENERATE built=0000020FCA4A0040
[ADOPT] Adopting chunk (4,-4) gen=2 role=1
[ADOPT] SUCCESS chunk (4,-4) now resident. loaded_from_persist=0
[PROCESS] Adoption result: adopted=1 for cx=4 cz=-4
[PROCESS] Popped result cx=0 cz=-3 gen=2 type=GENERATE built=0000020FCA4A1660
[ADOPT] Adopting chunk (0,-3) gen=2 role=2
[ADOPT] SUCCESS chunk (0,-3) now resident. loaded_from_persist=0
[PROCESS] Adoption result: adopted=1 for cx=0 cz=-3
[PROCESS] Popped result cx=0 cz=-5 gen=2 type=GENERATE built=0000020FCA49EA20
[ADOPT] Adopting chunk (0,-5) gen=2 role=2
[ADOPT] SUCCESS chunk (0,-5) now resident. loaded_from_persist=0
[PROCESS] Adoption result: adopted=1 for cx=0 cz=-5
[PROCESS] Popped result cx=0 cz=-2 gen=2 type=GENERATE built=0000020FCA4A3790
[ADOPT] Adopting chunk (0,-2) gen=2 role=2
[ADOPT] SUCCESS chunk (0,-2) now resident. loaded_from_persist=0
[PROCESS] Adoption result: adopted=1 for cx=0 cz=-2
[PROCESS] Popped result cx=0 cz=-6 gen=2 type=GENERATE built=0000020FCA4A2C80
[ADOPT] Adopting chunk (0,-6) gen=2 role=2
[ADOPT] SUCCESS chunk (0,-6) now resident. loaded_from_persist=0
[PROCESS] Adoption result: adopted=1 for cx=0 cz=-6
[PROCESS] Popped result cx=1 cz=-6 gen=2 type=GENERATE built=0000020FCA4A42A0
[ADOPT] Adopting chunk (1,-6) gen=2 role=1
[ADOPT] SUCCESS chunk (1,-6) now resident. loaded_from_persist=0
[PROCESS] Adoption result: adopted=1 for cx=1 cz=-6
[PROCESS] Popped result cx=3 cz=-2 gen=2 type=GENERATE built=0000020FCA49C8F0
[ADOPT] Adopting chunk (3,-2) gen=2 role=1
[ADOPT] SUCCESS chunk (3,-2) now resident. loaded_from_persist=0
[PROCESS] Adoption result: adopted=1 for cx=3 cz=-2
[PROCESS] Popped result cx=4 cz=-5 gen=2 type=GENERATE built=0000020FCA4A4DB0
[ADOPT] Adopting chunk (4,-5) gen=2 role=1
[ADOPT] SUCCESS chunk (4,-5) now resident. loaded_from_persist=0
[PROCESS] Adoption result: adopted=1 for cx=4 cz=-5
[PROCESS] Popped result cx=4 cz=-6 gen=2 type=GENERATE built=0000020FCA4A2170
[ADOPT] Adopting chunk (4,-6) gen=2 role=1
[ADOPT] SUCCESS chunk (4,-6) now resident. loaded_from_persist=0
[PROCESS] Adoption result: adopted=1 for cx=4 cz=-6
[PROCESS] Popped result cx=4 cz=-2 gen=2 type=GENERATE built=0000020FCA4A6EE0
[ADOPT] Adopting chunk (4,-2) gen=2 role=1
[ADOPT] SUCCESS chunk (4,-2) now resident. loaded_from_persist=0
[PROCESS] Adoption result: adopted=1 for cx=4 cz=-2
[RESIDENCY] STALL mode=superchunk desired=400(P256/F140/T4) resident=25(P20/F5/T0/E0) jobs=0 results=0 primary=(0,-1) desired_sc=(0,-1) transition=0
[RESIDENCY] missing desired chunks primary=236 ring=135 transition=4 desired=400 active=25
[READINESS] desired=9 resident=9 gpu_ready=1 | skips: not_primary=144 outside_radius=247 no_chunk=0 no_blocks=0 | pending: jobs=0 results=0
[STARTUP] terrain desired=9 resident=9 ready=1 jobs=0 results=0 no_cpu=8 upload=0 stale=0 far_only=0 other=0
[RESIDENCY] STALL mode=superchunk desired=400(P256/F140/T4) resident=25(P20/F5/T0/E0) jobs=0 results=0 primary=(0,-1) desired_sc=(0,-1) transition=0
[RESIDENCY] missing desired chunks primary=236 ring=135 transition=4 desired=400 active=25
[READINESS] desired=9 resident=9 gpu_ready=1 | skips: not_primary=144 outside_radius=247 no_chunk=0 no_blocks=0 | pending: jobs=0 results=0
[STARTUP] terrain desired=9 resident=9 ready=1 jobs=0 results=0 no_cpu=8 upload=0 stale=0 far_only=0 other=0
[RESIDENCY] STALL mode=superchunk desired=400(P256/F140/T4) resident=25(P20/F5/T0/E0) jobs=0 results=0 primary=(0,-1) desired_sc=(0,-1) transition=0
[RESIDENCY] missing desired chunks primary=236 ring=135 transition=4 desired=400 active=25
[WORKER] Processing job cx=2 cz=-7 gen=2 type=GENERATE
[WORKER] Processing job cx=5 cz=-4 gen=2 type=GENERATE
[WORKER] Processing job cx=2 cz=-1 gen=2 type=GENERATE
[WALL] HEALTH W=16/5/0 N=16/0/0 E=16/0/0 S=16/0/0 (desired/resident/ready)
[WORKER] Processing job cx=1 cz=-1 gen=2 type=GENERATE
[WORKER] Processing job cx=3 cz=-7 gen=2 type=GENERATE
[WORKER] Processing job cx=5 cz=-3 gen=2 type=GENERATE
[WORKER] Processing job cx=1 cz=-7 gen=2 type=GENERATE
[WORKER] Processing job cx=5 cz=-6 gen=2 type=GENERATE
[WORKER] Processing job cx=4 cz=-1 gen=2 type=GENERATE
[WORKER] Processing job cx=4 cz=-7 gen=2 type=GENERATE
[WORKER] Processing job cx=2 cz=-8 gen=2 type=GENERATE
[WORKER] Processing job cx=6 cz=-5 gen=2 type=GENERATE
[WORKER] Processing job cx=5 cz=-2 gen=2 type=GENERATE
[WORKER] Processing job cx=6 cz=-4 gen=2 type=GENERATE
[WORKER] Processing job cx=5 cz=-5 gen=2 type=GENERATE
[WORKER] Processing job cx=3 cz=-1 gen=2 type=GENERATE
[READINESS] desired=9 resident=9 gpu_ready=1 | skips: not_primary=144 outside_radius=247 no_chunk=0 no_blocks=0 | pending: jobs=359 results=0
[READINESS] desired=9 resident=9 gpu_ready=1 | skips: not_primary=144 outside_radius=247 no_chunk=0 no_blocks=0 | pending: jobs=359 results=0
[READINESS] desired=9 resident=9 gpu_ready=1 | skips: not_primary=144 outside_radius=247 no_chunk=0 no_blocks=0 | pending: jobs=359 results=0
[WORLD_CELLS] Entry: chunk=(1,-1) enabled=1 registry=0000020FA2E7C890
[WORLD_CELLS] Proceeding with construction cell generation
[WORLD_CELLS] Entry: chunk=(1,-7) enabled=1 registry=0000020FA2E7C890
[WORLD_CELLS] Proceeding with construction cell generation
[STREAMER] Chunk (1,-1): blocks=0000021008D82070, impl=0000020FB301A870, construction_cells_enabled=1, registry=0000020FA2E7C890
[WORLD_CELLS] Entry: chunk=(1,-1) enabled=1 registry=0000020FA2E7C890
[WORLD_CELLS] Proceeding with construction cell generation
[STREAMER] Chunk (1,-7): blocks=0000021006D49070, impl=0000020FB3018A70, construction_cells_enabled=1, registry=0000020FA2E7C890
[WORLD_CELLS] Entry: chunk=(1,-7) enabled=1 registry=0000020FA2E7C890
[WORLD_CELLS] Proceeding with construction cell generation
[WORLD_CELLS] Entry: chunk=(2,-1) enabled=1 registry=0000020FA2E7C890
[WORLD_CELLS] Proceeding with construction cell generation
[WORKER] Meshing cx=1 cz=-1 (persisted=0)
[WORKER] Meshing cx=1 cz=-7 (persisted=0)
[STREAMER] Chunk (2,-1): blocks=0000021007D69070, impl=0000020FBC93DF00, construction_cells_enabled=1, registry=0000020FA2E7C890
[WORLD_CELLS] Entry: chunk=(2,-1) enabled=1 registry=0000020FA2E7C890
[WORLD_CELLS] Proceeding with construction cell generation
[WORKER] Meshing cx=2 cz=-1 (persisted=0)
[WORLD_CELLS] Entry: chunk=(2,-8) enabled=1 registry=0000020FA2E7C890
[WORLD_CELLS] Proceeding with construction cell generation
[WORLD_CELLS] Entry: chunk=(2,-7) enabled=1 registry=0000020FA2E7C890
[WORLD_CELLS] Proceeding with construction cell generation
[STREAMER] Chunk (2,-7): blocks=0000021005D28070, impl=0000020FBC93DC00, construction_cells_enabled=1, registry=0000020FA2E7C890
[WORLD_CELLS] Entry: chunk=(2,-7) enabled=1 registry=0000020FA2E7C890
[WORLD_CELLS] Proceeding with construction cell generation
[STREAMER] Chunk (2,-8): blocks=000002100ADC0070, impl=0000020FB3018170, construction_cells_enabled=1, registry=0000020FA2E7C890
[WORLD_CELLS] Entry: chunk=(2,-8) enabled=1 registry=0000020FA2E7C890
[WORLD_CELLS] Proceeding with construction cell generation
[WORKER] Meshing cx=2 cz=-7 (persisted=0)
[WORKER] Meshing cx=2 cz=-8 (persisted=0)
[READINESS] desired=9 resident=9 gpu_ready=1 | skips: not_primary=144 outside_radius=247 no_chunk=0 no_blocks=0 | pending: jobs=359 results=0
[WORLD_CELLS] Entry: chunk=(3,-1) enabled=1 registry=0000020FA2E7C890
[WORLD_CELLS] Proceeding with construction cell generation
[WORLD_CELLS] Entry: chunk=(3,-7) enabled=1 registry=0000020FA2E7C890
[WORLD_CELLS] Proceeding with construction cell generation
[STREAMER] Chunk (3,-1): blocks=000002100CE0B070, impl=0000020FB3018770, construction_cells_enabled=1, registry=0000020FA2E7C890
[WORLD_CELLS] Entry: chunk=(3,-1) enabled=1 registry=0000020FA2E7C890
[WORLD_CELLS] Proceeding with construction cell generation
[STREAMER] Chunk (3,-7): blocks=0000021006539070, impl=0000020FB301AE70, construction_cells_enabled=1, registry=0000020FA2E7C890
[WORLD_CELLS] Entry: chunk=(3,-7) enabled=1 registry=0000020FA2E7C890
[WORLD_CELLS] Proceeding with construction cell generation
[WORKER] Meshing cx=3 cz=-1 (persisted=0)
[WORKER] Meshing cx=3 cz=-7 (persisted=0)
[WORLD_CELLS] Entry: chunk=(4,-1) enabled=1 registry=0000020FA2E7C890
[WORLD_CELLS] Proceeding with construction cell generation
[WORKER] Mesh complete cx=1 cz=-1 built=0000020FC1675850
[WORKER] Queuing result cx=1 cz=-1 gen=2 built=0000020FC1675850 results=0/768
[WORKER] Processing job cx=6 cz=-3 gen=2 type=GENERATE
[PROCESS] Popped result cx=1 cz=-1 gen=2 type=GENERATE built=0000020FC1675850
[ADOPT] Adopting chunk (1,-1) gen=2 role=1
[ADOPT] SUCCESS chunk (1,-1) now resident. loaded_from_persist=0
[PROCESS] Adoption result: adopted=1 for cx=1 cz=-1
[STREAMER] Chunk (4,-1): blocks=0000021007555070, impl=0000020FB3019970, construction_cells_enabled=1, registry=0000020FA2E7C890
[WORLD_CELLS] Entry: chunk=(4,-1) enabled=1 registry=0000020FA2E7C890
[WORLD_CELLS] Proceeding with construction cell generation
[WORKER] Mesh complete cx=1 cz=-7 built=0000020FC1676E70
[WORKER] Queuing result cx=1 cz=-7 gen=2 built=0000020FC1676E70 results=0/768
[WORKER] Processing job cx=3 cz=-8 gen=2 type=GENERATE
[PROCESS] Popped result cx=1 cz=-7 gen=2 type=GENERATE built=0000020FC1676E70
[ADOPT] Adopting chunk (1,-7) gen=2 role=1
[ADOPT] SUCCESS chunk (1,-7) now resident. loaded_from_persist=0
[PROCESS] Adoption result: adopted=1 for cx=1 cz=-7
[WORKER] Meshing cx=4 cz=-1 (persisted=0)
[WORLD_CELLS] Entry: chunk=(4,-7) enabled=1 registry=0000020FA2E7C890
[WORLD_CELLS] Proceeding with construction cell generation
[STREAMER] Chunk (4,-7): blocks=000002100BDEC070, impl=0000020FB3019370, construction_cells_enabled=1, registry=0000020FA2E7C890
[WORLD_CELLS] Entry: chunk=(4,-7) enabled=1 registry=0000020FA2E7C890
[WORLD_CELLS] Proceeding with construction cell generation
[WORKER] Meshing cx=4 cz=-7 (persisted=0)
[WORKER] Mesh complete cx=2 cz=-1 built=0000020FC167BBE0
[WORKER] Queuing result cx=2 cz=-1 gen=2 built=0000020FC167BBE0 results=0/768
[WORKER] Processing job cx=1 cz=-8 gen=2 type=GENERATE
[READINESS] desired=9 resident=9 gpu_ready=1 | skips: not_primary=144 outside_radius=247 no_chunk=0 no_blocks=0 | pending: jobs=356 results=1
[PROCESS] Popped result cx=2 cz=-1 gen=2 type=GENERATE built=0000020FC167BBE0
[ADOPT] Adopting chunk (2,-1) gen=2 role=1
[ADOPT] SUCCESS chunk (2,-1) now resident. loaded_from_persist=0
[PROCESS] Adoption result: adopted=1 for cx=2 cz=-1
[WORLD_CELLS] Entry: chunk=(5,-2) enabled=1 registry=0000020FA2E7C890
[WORLD_CELLS] Proceeding with construction cell generation
[WORLD_CELLS] Entry: chunk=(5,-3) enabled=1 registry=0000020FA2E7C890
[WORLD_CELLS] Proceeding with construction cell generation
[WORLD_CELLS] Entry: chunk=(5,-4) enabled=1 registry=0000020FA2E7C890
[WORLD_CELLS] Proceeding with construction cell generation
[STREAMER] Chunk (5,-2): blocks=0000021009DA7070, impl=0000020FB301B170, construction_cells_enabled=1, registry=0000020FA2E7C890
[WORLD_CELLS] Entry: chunk=(5,-2) enabled=1 registry=0000020FA2E7C890
[WORLD_CELLS] Proceeding with construction cell generation
[STREAMER] Chunk (5,-3): blocks=000002100959A070, impl=0000020FB3019670, construction_cells_enabled=1, registry=0000020FA2E7C890
[WORLD_CELLS] Entry: chunk=(5,-3) enabled=1 registry=0000020FA2E7C890
[WORLD_CELLS] Proceeding with construction cell generation
[WORKER] Mesh complete cx=2 cz=-8 built=0000020FC1679AB0
[WORKER] Queuing result cx=2 cz=-8 gen=2 built=0000020FC1679AB0 results=0/768
[WORKER] Processing job cx=5 cz=-1 gen=2 type=GENERATE
[STREAMER] Chunk (5,-4): blocks=0000021008578070, impl=0000020FB301AB70, construction_cells_enabled=1, registry=0000020FA2E7C890
[WORLD_CELLS] Entry: chunk=(5,-4) enabled=1 registry=0000020FA2E7C890
[WORLD_CELLS] Proceeding with construction cell generation
[WORKER] Meshing cx=5 cz=-2 (persisted=0)
[PROCESS] Popped result cx=2 cz=-8 gen=2 type=GENERATE built=0000020FC1679AB0
[ADOPT] Adopting chunk (2,-8) gen=2 role=1
[ADOPT] SUCCESS chunk (2,-8) now resident. loaded_from_persist=0
[PROCESS] Adoption result: adopted=1 for cx=2 cz=-8
[WORKER] Meshing cx=5 cz=-3 (persisted=0)
[WORKER] Meshing cx=5 cz=-4 (persisted=0)
[WORKER] Mesh complete cx=2 cz=-7 built=0000020FC167DD10
[WORKER] Queuing result cx=2 cz=-7 gen=2 built=0000020FC167DD10 results=0/768
[WORKER] Processing job cx=5 cz=-7 gen=2 type=GENERATE
[WORLD_CELLS] Entry: chunk=(5,-5) enabled=1 registry=0000020FA2E7C890
[WORLD_CELLS] Proceeding with construction cell generation
[PROCESS] Popped result cx=2 cz=-7 gen=2 type=GENERATE built=0000020FC167DD10
[ADOPT] Adopting chunk (2,-7) gen=2 role=1
[ADOPT] SUCCESS chunk (2,-7) now resident. loaded_from_persist=0
[PROCESS] Adoption result: adopted=1 for cx=2 cz=-7
[STREAMER] Chunk (5,-5): blocks=000002100D612070, impl=0000020FB3018D70, construction_cells_enabled=1, registry=0000020FA2E7C890
[WORLD_CELLS] Entry: chunk=(5,-5) enabled=1 registry=0000020FA2E7C890
[WORLD_CELLS] Proceeding with construction cell generation
[WORKER] Meshing cx=5 cz=-5 (persisted=0)
[WORLD_CELLS] Entry: chunk=(6,-4) enabled=1 registry=0000020FA2E7C890
[WORLD_CELLS] Proceeding with construction cell generation
[WORLD_CELLS] Entry: chunk=(5,-6) enabled=1 registry=0000020FA2E7C890
[WORLD_CELLS] Proceeding with construction cell generation
[WORLD_CELLS] Entry: chunk=(6,-5) enabled=1 registry=0000020FA2E7C890
[WORLD_CELLS] Proceeding with construction cell generation
[STREAMER] Chunk (6,-4): blocks=000002100A5B7070, impl=0000020FB3017E70, construction_cells_enabled=1, registry=0000020FA2E7C890
[WORLD_CELLS] Entry: chunk=(6,-4) enabled=1 registry=0000020FA2E7C890
[WORLD_CELLS] Proceeding with construction cell generation
[STREAMER] Chunk (5,-6): blocks=000002100B5D4070, impl=0000020FB301A270, construction_cells_enabled=1, registry=0000020FA2E7C890
[WORLD_CELLS] Entry: chunk=(5,-6) enabled=1 registry=0000020FA2E7C890
[WORLD_CELLS] Proceeding with construction cell generation
[STREAMER] Chunk (6,-5): blocks=000002100C5F3070, impl=0000020FB3019070, construction_cells_enabled=1, registry=0000020FA2E7C890
[WORLD_CELLS] Entry: chunk=(6,-5) enabled=1 registry=0000020FA2E7C890
[WORLD_CELLS] Proceeding with construction cell generation
[WORKER] Meshing cx=6 cz=-4 (persisted=0)
[WORKER] Meshing cx=6 cz=-5 (persisted=0)
[WORKER] Meshing cx=5 cz=-6 (persisted=0)
[WORKER] Mesh complete cx=3 cz=-7 built=0000020FC1674230
[WORKER] Queuing result cx=3 cz=-7 gen=2 built=0000020FC1674230 results=0/768
[WORKER] Processing job cx=6 cz=-6 gen=2 type=GENERATE
[WORKER] Mesh complete cx=3 cz=-1 built=0000020FC1674D40
[WORKER] Queuing result cx=3 cz=-1 gen=2 built=0000020FC1674D40 results=1/768
[WORKER] Processing job cx=6 cz=-2 gen=2 type=GENERATE
[PROCESS] Popped result cx=3 cz=-7 gen=2 type=GENERATE built=0000020FC1674230
[ADOPT] Adopting chunk (3,-7) gen=2 role=1
[ADOPT] SUCCESS chunk (3,-7) now resident. loaded_from_persist=0
[PROCESS] Adoption result: adopted=1 for cx=3 cz=-7
[PROCESS] Popped result cx=3 cz=-1 gen=2 type=GENERATE built=0000020FC1674D40
[ADOPT] Adopting chunk (3,-1) gen=2 role=1
[ADOPT] SUCCESS chunk (3,-1) now resident. loaded_from_persist=0
[PROCESS] Adoption result: adopted=1 for cx=3 cz=-1
[WALL] HEALTH W=16/5/0 N=16/0/0 E=16/0/0 S=16/0/0 (desired/resident/ready)
[READINESS] desired=9 resident=9 gpu_ready=1 | skips: not_primary=144 outside_radius=247 no_chunk=0 no_blocks=0 | pending: jobs=352 results=0
[WORKER] Mesh complete cx=4 cz=-1 built=0000020FC167E820
[WORKER] Queuing result cx=4 cz=-1 gen=2 built=0000020FC167E820 results=0/768
[WORKER] Processing job cx=4 cz=-8 gen=2 type=GENERATE
[PROCESS] Popped result cx=4 cz=-1 gen=2 type=GENERATE built=0000020FC167E820
[ADOPT] Adopting chunk (4,-1) gen=2 role=1
[ADOPT] SUCCESS chunk (4,-1) now resident. loaded_from_persist=0
[PROCESS] Adoption result: adopted=1 for cx=4 cz=-1
[WORKER] Mesh complete cx=4 cz=-7 built=0000020FC167FE40
[WORKER] Queuing result cx=4 cz=-7 gen=2 built=0000020FC167FE40 results=0/768
[WORKER] Processing job cx=6 cz=-1 gen=2 type=GENERATE
[PROCESS] Popped result cx=4 cz=-7 gen=2 type=GENERATE built=0000020FC167FE40
[ADOPT] Adopting chunk (4,-7) gen=2 role=1
[ADOPT] SUCCESS chunk (4,-7) now resident. loaded_from_persist=0
[PROCESS] Adoption result: adopted=1 for cx=4 cz=-7
[READINESS] desired=9 resident=9 gpu_ready=1 | skips: not_primary=144 outside_radius=247 no_chunk=0 no_blocks=0 | pending: jobs=350 results=0
[WORKER] Mesh complete cx=5 cz=-2 built=0000020FC1681F70
[WORKER] Queuing result cx=5 cz=-2 gen=2 built=0000020FC1681F70 results=0/768
[WORKER] Processing job cx=2 cz=-9 gen=2 type=GENERATE
[PROCESS] Popped result cx=5 cz=-2 gen=2 type=GENERATE built=0000020FC1681F70
[ADOPT] Adopting chunk (5,-2) gen=2 role=1
[ADOPT] SUCCESS chunk (5,-2) now resident. loaded_from_persist=0
[PROCESS] Adoption result: adopted=1 for cx=5 cz=-2
[WORKER] Mesh complete cx=5 cz=-4 built=0000020FC1683590
[WORKER] Queuing result cx=5 cz=-4 gen=2 built=0000020FC1683590 results=0/768
[WORKER] Processing job cx=5 cz=-8 gen=2 type=GENERATE
[PROCESS] Popped result cx=5 cz=-4 gen=2 type=GENERATE built=0000020FC1683590
[ADOPT] Adopting chunk (5,-4) gen=2 role=1
[ADOPT] SUCCESS chunk (5,-4) now resident. loaded_from_persist=0
[PROCESS] Adoption result: adopted=1 for cx=5 cz=-4
[WORKER] Mesh complete cx=5 cz=-3 built=0000020FC1681460
[WORKER] Queuing result cx=5 cz=-3 gen=2 built=0000020FC1681460 results=0/768
[WORKER] Processing job cx=7 cz=-4 gen=2 type=GENERATE
[PROCESS] Popped result cx=5 cz=-3 gen=2 type=GENERATE built=0000020FC1681460
[ADOPT] Adopting chunk (5,-3) gen=2 role=1
[ADOPT] SUCCESS chunk (5,-3) now resident. loaded_from_persist=0
[PROCESS] Adoption result: adopted=1 for cx=5 cz=-3
[WORLD_CELLS] Entry: chunk=(1,-8) enabled=1 registry=0000020FA2E7C890
[WORLD_CELLS] Proceeding with construction cell generation
[WORKER] Mesh complete cx=5 cz=-5 built=0000020FCAA28090
[WORKER] Queuing result cx=5 cz=-5 gen=2 built=0000020FCAA28090 results=0/768
[WORKER] Processing job cx=6 cz=-7 gen=2 type=GENERATE
[PROCESS] Popped result cx=5 cz=-5 gen=2 type=GENERATE built=0000020FCAA28090
[ADOPT] Adopting chunk (5,-5) gen=2 role=1
[ADOPT] SUCCESS chunk (5,-5) now resident. loaded_from_persist=0
[PROCESS] Adoption result: adopted=1 for cx=5 cz=-5
[STREAMER] Chunk (1,-8): blocks=0000021014386070, impl=0000020FBC93DF00, construction_cells_enabled=1, registry=0000020FA2E7C890
[WORLD_CELLS] Entry: chunk=(1,-8) enabled=1 registry=0000020FA2E7C890
[WORLD_CELLS] Proceeding with construction cell generation
[WORKER] Meshing cx=1 cz=-8 (persisted=0)
[WORKER] Mesh complete cx=6 cz=-5 built=0000020FCAA2ACD0
[WORKER] Queuing result cx=6 cz=-5 gen=2 built=0000020FCAA2ACD0 results=0/768
[WORKER] Processing job cx=7 cz=-3 gen=2 type=GENERATE
[WORKER] Mesh complete cx=6 cz=-4 built=0000020FCAA296B0
[WORKER] Queuing result cx=6 cz=-4 gen=2 built=0000020FCAA296B0 results=1/768
[WORKER] Processing job cx=3 cz=-9 gen=2 type=GENERATE
[PROCESS] Popped result cx=6 cz=-5 gen=2 type=GENERATE built=0000020FCAA2ACD0
[ADOPT] Adopting chunk (6,-5) gen=2 role=1
[ADOPT] SUCCESS chunk (6,-5) now resident. loaded_from_persist=0
[PROCESS] Adoption result: adopted=1 for cx=6 cz=-5
[WORKER] Mesh complete cx=5 cz=-6 built=0000020FCAA2A1C0
[WORKER] Queuing result cx=5 cz=-6 gen=2 built=0000020FCAA2A1C0 results=1/768
[PROCESS] Popped result cx=6 cz=-4 gen=2 type=GENERATE built=0000020FCAA296B0
[WORKER] Processing job cx=7 cz=-5 gen=2 type=GENERATE
[ADOPT] Adopting chunk (6,-4) gen=2 role=1
[ADOPT] SUCCESS chunk (6,-4) now resident. loaded_from_persist=0
[PROCESS] Adoption result: adopted=1 for cx=6 cz=-4
[PROCESS] Popped result cx=5 cz=-6 gen=2 type=GENERATE built=0000020FCAA2A1C0
[ADOPT] Adopting chunk (5,-6) gen=2 role=1
[ADOPT] SUCCESS chunk (5,-6) now resident. loaded_from_persist=0
[PROCESS] Adoption result: adopted=1 for cx=5 cz=-6
[READINESS] desired=9 resident=9 gpu_ready=1 | skips: not_primary=144 outside_radius=247 no_chunk=0 no_blocks=0 | pending: jobs=343 results=0
[WORLD_CELLS] Entry: chunk=(3,-8) enabled=1 registry=0000020FA2E7C890
[WORLD_CELLS] Proceeding with construction cell generation
[STREAMER] Chunk (3,-8): blocks=0000021012B8E070, impl=0000020FB3018A70, construction_cells_enabled=1, registry=0000020FA2E7C890
[WORLD_CELLS] Entry: chunk=(3,-8) enabled=1 registry=0000020FA2E7C890
[WORLD_CELLS] Proceeding with construction cell generation
[WORKER] Meshing cx=3 cz=-8 (persisted=0)
[WORKER] Mesh complete cx=1 cz=-8 built=0000020FCAA2D910
[WORKER] Queuing result cx=1 cz=-8 gen=2 built=0000020FCAA2D910 results=0/768
[WORKER] Processing job cx=1 cz=-9 gen=2 type=GENERATE
[PROCESS] Popped result cx=1 cz=-8 gen=2 type=GENERATE built=0000020FCAA2D910
[ADOPT] Adopting chunk (1,-8) gen=2 role=1
[ADOPT] SUCCESS chunk (1,-8) now resident. loaded_from_persist=0
[PROCESS] Adoption result: adopted=1 for cx=1 cz=-8
[WORLD_CELLS] Entry: chunk=(6,-3) enabled=1 registry=0000020FA2E7C890
[WORLD_CELLS] Proceeding with construction cell generation
[STREAMER] Chunk (6,-3): blocks=000002101205E070, impl=0000020FB301A870, construction_cells_enabled=1, registry=0000020FA2E7C890
[WORLD_CELLS] Entry: chunk=(6,-3) enabled=1 registry=0000020FA2E7C890
[WORLD_CELLS] Proceeding with construction cell generation
[WORKER] Meshing cx=6 cz=-3 (persisted=0)
[READINESS] desired=9 resident=9 gpu_ready=1 | skips: not_primary=144 outside_radius=247 no_chunk=0 no_blocks=0 | pending: jobs=342 results=0
[WORLD_CELLS] Entry: chunk=(5,-1) enabled=1 registry=0000020FA2E7C890
[WORLD_CELLS] Proceeding with construction cell generation
[STREAMER] Chunk (5,-1): blocks=0000021015AF8070, impl=0000020FB3018170, construction_cells_enabled=1, registry=0000020FA2E7C890
[WORLD_CELLS] Entry: chunk=(5,-1) enabled=1 registry=0000020FA2E7C890
[WORLD_CELLS] Proceeding with construction cell generation
[WORKER] Meshing cx=5 cz=-1 (persisted=0)
[WORLD_CELLS] Entry: chunk=(5,-7) enabled=1 registry=0000020FA2E7C890
[WORLD_CELLS] Proceeding with construction cell generation
[STREAMER] Chunk (5,-7): blocks=0000021016301070, impl=0000020FBC93DC00, construction_cells_enabled=1, registry=0000020FA2E7C890
[WORLD_CELLS] Entry: chunk=(5,-7) enabled=1 registry=0000020FA2E7C890
[WORLD_CELLS] Proceeding with construction cell generation
[WORKER] Meshing cx=5 cz=-7 (persisted=0)
[WORLD_CELLS] Entry: chunk=(2,-9) enabled=1 registry=0000020FA2E7C890
[WORLD_CELLS] Proceeding with construction cell generation
[PLAYER] Test flight enabled (double SPACE, testing only)
[STREAMER] Chunk (2,-9): blocks=00000210244B8070, impl=0000020FB301B170, construction_cells_enabled=1, registry=0000020FA2E7C890
[WORLD_CELLS] Entry: chunk=(2,-9) enabled=1 registry=0000020FA2E7C890
[WORLD_CELLS] Proceeding with construction cell generation
[WORKER] Mesh complete cx=3 cz=-8 built=0000020FCAA2EF30
[WORKER] Queuing result cx=3 cz=-8 gen=2 built=0000020FCAA2EF30 results=0/768
[WORKER] Processing job cx=7 cz=-2 gen=2 type=GENERATE
[PROCESS] Popped result cx=3 cz=-8 gen=2 type=GENERATE built=0000020FCAA2EF30
[ADOPT] Adopting chunk (3,-8) gen=2 role=1
[ADOPT] SUCCESS chunk (3,-8) now resident. loaded_from_persist=0
[PROCESS] Adoption result: adopted=1 for cx=3 cz=-8
[READINESS] desired=9 resident=9 gpu_ready=1 | skips: not_primary=144 outside_radius=247 no_chunk=0 no_blocks=0 | pending: jobs=341 results=0
[WORKER] Meshing cx=2 cz=-9 (persisted=0)
[WORLD_CELLS] Entry: chunk=(6,-2) enabled=1 registry=0000020FA2E7C890
[WORLD_CELLS] Proceeding with construction cell generation
[STREAMER] Chunk (6,-2): blocks=000002101E598070, impl=0000020FB3018770, construction_cells_enabled=1, registry=0000020FA2E7C890
[WORLD_CELLS] Entry: chunk=(6,-2) enabled=1 registry=0000020FA2E7C890
[WORLD_CELLS] Proceeding with construction cell generation
[WORKER] Meshing cx=6 cz=-2 (persisted=0)
[WORLD_CELLS] Entry: chunk=(4,-8) enabled=1 registry=0000020FA2E7C890
[WORLD_CELLS] Proceeding with construction cell generation
[WORLD_CELLS] Entry: chunk=(6,-6) enabled=1 registry=0000020FA2E7C890
[WORLD_CELLS] Proceeding with construction cell generation
[STREAMER] Chunk (4,-8): blocks=0000021023494070, impl=0000020FB3019970, construction_cells_enabled=1, registry=0000020FA2E7C890
[WORLD_CELLS] Entry: chunk=(4,-8) enabled=1 registry=0000020FA2E7C890
[WORLD_CELLS] Proceeding with construction cell generation
[STREAMER] Chunk (6,-6): blocks=000002101D924070, impl=0000020FB301AE70, construction_cells_enabled=1, registry=0000020FA2E7C890
[WORLD_CELLS] Entry: chunk=(6,-6) enabled=1 registry=0000020FA2E7C890
[WORLD_CELLS] Proceeding with construction cell generation
[WORKER] Meshing cx=4 cz=-8 (persisted=0)
[WORKER] Meshing cx=6 cz=-6 (persisted=0)
[WORLD_CELLS] Entry: chunk=(3,-9) enabled=1 registry=0000020FA2E7C890
[WORLD_CELLS] Proceeding with construction cell generation
[WALL] HEALTH W=16/5/0 N=16/0/0 E=16/0/0 S=16/0/0 (desired/resident/ready)
[STREAMER] Chunk (3,-9): blocks=00000210270DE070, impl=0000020FB3017E70, construction_cells_enabled=1, registry=0000020FA2E7C890
[WORLD_CELLS] Entry: chunk=(3,-9) enabled=1 registry=0000020FA2E7C890
[WORLD_CELLS] Proceeding with construction cell generation
[READINESS] desired=9 resident=9 gpu_ready=1 | skips: not_primary=144 outside_radius=247 no_chunk=0 no_blocks=0 | pending: jobs=341 results=0
[WORKER] Mesh complete cx=6 cz=-3 built=0000020FCAA31B70
[WORKER] Queuing result cx=6 cz=-3 gen=2 built=0000020FCAA31B70 results=0/768
[WORKER] Processing job cx=7 cz=-6 gen=2 type=GENERATE
[PROCESS] Popped result cx=6 cz=-3 gen=2 type=GENERATE built=0000020FCAA31B70
[ADOPT] Adopting chunk (6,-3) gen=2 role=1
[ADOPT] SUCCESS chunk (6,-3) now resident. loaded_from_persist=0
[PROCESS] Adoption result: adopted=1 for cx=6 cz=-3
[WORLD_CELLS] Entry: chunk=(6,-1) enabled=1 registry=0000020FA2E7C890
[WORLD_CELLS] Proceeding with construction cell generation
[WORKER] Meshing cx=3 cz=-9 (persisted=0)
[WORLD_CELLS] Entry: chunk=(1,-9) enabled=1 registry=0000020FA2E7C890
[WORLD_CELLS] Proceeding with construction cell generation
[STREAMER] Chunk (6,-1): blocks=0000021023CAD070, impl=0000020FB3019370, construction_cells_enabled=1, registry=0000020FA2E7C890
[WORLD_CELLS] Entry: chunk=(6,-1) enabled=1 registry=0000020FA2E7C890
[WORLD_CELLS] Proceeding with construction cell generation
[STREAMER] Chunk (1,-9): blocks=0000021029C04070, impl=0000020FBC93DF00, construction_cells_enabled=1, registry=0000020FA2E7C890
[WORLD_CELLS] Entry: chunk=(1,-9) enabled=1 registry=0000020FA2E7C890
[WORLD_CELLS] Proceeding with construction cell generation
[WORKER] Meshing cx=6 cz=-1 (persisted=0)
[WORKER] Meshing cx=1 cz=-9 (persisted=0)
[WORKER] Mesh complete cx=5 cz=-1 built=0000020FCAA2E420
[WORKER] Queuing result cx=5 cz=-1 gen=2 built=0000020FCAA2E420 results=0/768
[WORKER] Processing job cx=4 cz=-9 gen=2 type=GENERATE
[PROCESS] Popped result cx=5 cz=-1 gen=2 type=GENERATE built=0000020FCAA2E420
[ADOPT] Adopting chunk (5,-1) gen=2 role=1
[ADOPT] SUCCESS chunk (5,-1) now resident. loaded_from_persist=0
[PROCESS] Adoption result: adopted=1 for cx=5 cz=-1
[WORKER] Mesh complete cx=2 cz=-9 built=0000020FCAA32680
[WORKER] Queuing result cx=2 cz=-9 gen=2 built=0000020FCAA32680 results=0/768
[WORKER] Processing job cx=6 cz=-8 gen=2 type=GENERATE
[PROCESS] Popped result cx=2 cz=-9 gen=2 type=GENERATE built=0000020FCAA32680
[ADOPT] Adopting chunk (2,-9) gen=2 role=1
[ADOPT] SUCCESS chunk (2,-9) now resident. loaded_from_persist=0
[PROCESS] Adoption result: adopted=1 for cx=2 cz=-9
[WORLD_CELLS] Entry: chunk=(5,-8) enabled=1 registry=0000020FA2E7C890
[WORLD_CELLS] Proceeding with construction cell generation
[WORLD_CELLS] Entry: chunk=(7,-4) enabled=1 registry=0000020FA2E7C890
[WORLD_CELLS] Proceeding with construction cell generation
[STREAMER] Chunk (5,-8): blocks=0000021024CC9070, impl=0000020FB301AB70, construction_cells_enabled=1, registry=0000020FA2E7C890
[WORLD_CELLS] Entry: chunk=(5,-8) enabled=1 registry=0000020FA2E7C890
[WORLD_CELLS] Proceeding with construction cell generation
[STREAMER] Chunk (7,-4): blocks=00000210254D3070, impl=0000020FB3019670, construction_cells_enabled=1, registry=0000020FA2E7C890
[WORLD_CELLS] Entry: chunk=(7,-4) enabled=1 registry=0000020FA2E7C890
[WORLD_CELLS] Proceeding with construction cell generation
[WORKER] Meshing cx=5 cz=-8 (persisted=0)
[WORKER] Meshing cx=7 cz=-4 (persisted=0)
[WORKER] Mesh complete cx=5 cz=-7 built=0000020FCAA28BA0
[WORKER] Queuing result cx=5 cz=-7 gen=2 built=0000020FCAA28BA0 results=0/768
[WORKER] Processing job cx=7 cz=-7 gen=2 type=GENERATE
[PROCESS] Popped result cx=5 cz=-7 gen=2 type=GENERATE built=0000020FCAA28BA0
[ADOPT] Adopting chunk (5,-7) gen=2 role=1
[ADOPT] SUCCESS chunk (5,-7) now resident. loaded_from_persist=0
[PROCESS] Adoption result: adopted=1 for cx=5 cz=-7
[WORLD_CELLS] Entry: chunk=(6,-7) enabled=1 registry=0000020FA2E7C890
[WORLD_CELLS] Proceeding with construction cell generation
[WORLD_CELLS] Entry: chunk=(7,-3) enabled=1 registry=0000020FA2E7C890
[WORLD_CELLS] Proceeding with construction cell generation
[READINESS] desired=9 resident=9 gpu_ready=1 | skips: not_primary=144 outside_radius=247 no_chunk=0 no_blocks=0 | pending: jobs=337 results=0
[STREAMER] Chunk (6,-7): blocks=0000021025CE9070, impl=0000020FB3018D70, construction_cells_enabled=1, registry=0000020FA2E7C890
[WORLD_CELLS] Entry: chunk=(6,-7) enabled=1 registry=0000020FA2E7C890
[WORLD_CELLS] Proceeding with construction cell generation
[STREAMER] Chunk (7,-3): blocks=00000210268C1070, impl=0000020FB3019070, construction_cells_enabled=1, registry=0000020FA2E7C890
[WORLD_CELLS] Entry: chunk=(7,-3) enabled=1 registry=0000020FA2E7C890
[WORLD_CELLS] Proceeding with construction cell generation
[WORKER] Meshing cx=6 cz=-7 (persisted=0)
[WORKER] Meshing cx=7 cz=-3 (persisted=0)
[WORLD_CELLS] Entry: chunk=(7,-5) enabled=1 registry=0000020FA2E7C890
[WORLD_CELLS] Proceeding with construction cell generation
[STREAMER] Chunk (7,-5): blocks=00000210278E3070, impl=0000020FB301A270, construction_cells_enabled=1, registry=0000020FA2E7C890
[WORLD_CELLS] Entry: chunk=(7,-5) enabled=1 registry=0000020FA2E7C890
[WORLD_CELLS] Proceeding with construction cell generation
[WORKER] Meshing cx=7 cz=-5 (persisted=0)
[WORKER] Mesh complete cx=6 cz=-2 built=0000020FC1678490
[WORKER] Queuing result cx=6 cz=-2 gen=2 built=0000020FC1678490 results=0/768
[WORKER] Processing job cx=7 cz=-1 gen=2 type=GENERATE
[PROCESS] Popped result cx=6 cz=-2 gen=2 type=GENERATE built=0000020FC1678490
[ADOPT] Adopting chunk (6,-2) gen=2 role=1
[ADOPT] SUCCESS chunk (6,-2) now resident. loaded_from_persist=0
[PROCESS] Adoption result: adopted=1 for cx=6 cz=-2
[WORKER] Mesh complete cx=4 cz=-8 built=0000020FC1678FA0
[WORKER] Queuing result cx=4 cz=-8 gen=2 built=0000020FC1678FA0 results=0/768
[WORKER] Processing job cx=5 cz=-9 gen=2 type=GENERATE
[PROCESS] Popped result cx=4 cz=-8 gen=2 type=GENERATE built=0000020FC1678FA0
[ADOPT] Adopting chunk (4,-8) gen=2 role=1
[WORKER] Mesh complete cx=1 cz=-9 built=0000020FC167B0D0
[WORKER] Queuing result cx=1 cz=-9 gen=2 built=0000020FC167B0D0 results=0/768
[WORKER] Processing job cx=2 cz=-10 gen=2 type=GENERATE
[ADOPT] SUCCESS chunk (4,-8) now resident. loaded_from_persist=0
[PROCESS] Adoption result: adopted=1 for cx=4 cz=-8
[PROCESS] Popped result cx=1 cz=-9 gen=2 type=GENERATE built=0000020FC167B0D0
[ADOPT] Adopting chunk (1,-9) gen=2 role=1
[ADOPT] SUCCESS chunk (1,-9) now resident. loaded_from_persist=0
[PROCESS] Adoption result: adopted=1 for cx=1 cz=-9
[WORKER] Mesh complete cx=6 cz=-6 built=0000020FC167C6F0
[WORKER] Queuing result cx=6 cz=-6 gen=2 built=0000020FC167C6F0 results=0/768
[WORKER] Processing job cx=8 cz=-4 gen=2 type=GENERATE
[PROCESS] Popped result cx=6 cz=-6 gen=2 type=GENERATE built=0000020FC167C6F0
[ADOPT] Adopting chunk (6,-6) gen=2 role=1
[ADOPT] SUCCESS chunk (6,-6) now resident. loaded_from_persist=0
[PROCESS] Adoption result: adopted=1 for cx=6 cz=-6
[WORKER] Mesh complete cx=3 cz=-9 built=0000020FC1680950
[WORKER] Queuing result cx=3 cz=-9 gen=2 built=0000020FC1680950 results=0/768
[WORKER] Processing job cx=1 cz=-10 gen=2 type=GENERATE
[PROCESS] Popped result cx=3 cz=-9 gen=2 type=GENERATE built=0000020FC1680950
[ADOPT] Adopting chunk (3,-9) gen=2 role=1
[ADOPT] SUCCESS chunk (3,-9) now resident. loaded_from_persist=0
[PROCESS] Adoption result: adopted=1 for cx=3 cz=-9
[READINESS] desired=9 resident=9 gpu_ready=1 | skips: not_primary=144 outside_radius=247 no_chunk=0 no_blocks=0 | pending: jobs=332 results=0
[WORKER] Mesh complete cx=6 cz=-1 built=0000020FF96CD680
[WORKER] Queuing result cx=6 cz=-1 gen=2 built=0000020FF96CD680 results=0/768
[WORKER] Processing job cx=8 cz=-3 gen=2 type=GENERATE
[PROCESS] Popped result cx=6 cz=-1 gen=2 type=GENERATE built=0000020FF96CD680
[ADOPT] Adopting chunk (6,-1) gen=2 role=1
[ADOPT] SUCCESS chunk (6,-1) now resident. loaded_from_persist=0
[PROCESS] Adoption result: adopted=1 for cx=6 cz=-1
[WORKER] Mesh complete cx=5 cz=-8 built=0000020FF96CAA40
[WORKER] Queuing result cx=5 cz=-8 gen=2 built=0000020FF96CAA40 results=0/768
[WORKER] Processing job cx=3 cz=-10 gen=2 type=GENERATE
[PROCESS] Popped result cx=5 cz=-8 gen=2 type=GENERATE built=0000020FF96CAA40
[ADOPT] Adopting chunk (5,-8) gen=2 role=1
[ADOPT] SUCCESS chunk (5,-8) now resident. loaded_from_persist=0
[PROCESS] Adoption result: adopted=1 for cx=5 cz=-8
[WORKER] Mesh complete cx=7 cz=-4 built=0000020FF96CF7B0
[WORKER] Queuing result cx=7 cz=-4 gen=2 built=0000020FF96CF7B0 results=0/768
[WORKER] Processing job cx=8 cz=-5 gen=2 type=GENERATE
[PROCESS] Popped result cx=7 cz=-4 gen=2 type=GENERATE built=0000020FF96CF7B0
[ADOPT] Adopting chunk (7,-4) gen=2 role=1
[ADOPT] SUCCESS chunk (7,-4) now resident. loaded_from_persist=0
[PROCESS] Adoption result: adopted=1 for cx=7 cz=-4
[READINESS] desired=9 resident=9 gpu_ready=1 | skips: not_primary=144 outside_radius=247 no_chunk=0 no_blocks=0 | pending: jobs=329 results=0
[WORKER] Mesh complete cx=7 cz=-3 built=0000020FF96D0DD0
[WORKER] Queuing result cx=7 cz=-3 gen=2 built=0000020FF96D0DD0 results=0/768
[WORKER] Processing job cx=4 cz=-10 gen=2 type=GENERATE
[PROCESS] Popped result cx=7 cz=-3 gen=2 type=GENERATE built=0000020FF96D0DD0
[ADOPT] Adopting chunk (7,-3) gen=2 role=1
[ADOPT] SUCCESS chunk (7,-3) now resident. loaded_from_persist=0
[PROCESS] Adoption result: adopted=1 for cx=7 cz=-3
[WORKER] Mesh complete cx=6 cz=-7 built=0000020FF96D23F0
[WORKER] Queuing result cx=6 cz=-7 gen=2 built=0000020FF96D23F0 results=0/768
[WORKER] Processing job cx=8 cz=-6 gen=2 type=GENERATE
[PROCESS] Popped result cx=6 cz=-7 gen=2 type=GENERATE built=0000020FF96D23F0
[ADOPT] Adopting chunk (6,-7) gen=2 role=1
[ADOPT] SUCCESS chunk (6,-7) now resident. loaded_from_persist=0
[PROCESS] Adoption result: adopted=1 for cx=6 cz=-7
[WORLD_CELLS] Entry: chunk=(7,-2) enabled=1 registry=0000020FA2E7C890
[WORLD_CELLS] Proceeding with construction cell generation
[STREAMER] Chunk (7,-2): blocks=000002102C4A7070, impl=0000020FB3018A70, construction_cells_enabled=1, registry=0000020FA2E7C890
[WORLD_CELLS] Entry: chunk=(7,-2) enabled=1 registry=0000020FA2E7C890
[WORLD_CELLS] Proceeding with construction cell generation
[WORKER] Meshing cx=7 cz=-2 (persisted=0)
[WORKER] Mesh complete cx=7 cz=-5 built=0000020FCA4A58C0
[WORKER] Queuing result cx=7 cz=-5 gen=2 built=0000020FCA4A58C0 results=0/768
[WORKER] Processing job cx=8 cz=-2 gen=2 type=GENERATE
[PROCESS] Popped result cx=7 cz=-5 gen=2 type=GENERATE built=0000020FCA4A58C0
[ADOPT] Adopting chunk (7,-5) gen=2 role=1
[ADOPT] SUCCESS chunk (7,-5) now resident. loaded_from_persist=0
[PROCESS] Adoption result: adopted=1 for cx=7 cz=-5
[READINESS] desired=9 resident=9 gpu_ready=1 | skips: not_primary=144 outside_radius=247 no_chunk=0 no_blocks=0 | pending: jobs=326 results=0
[WORLD_CELLS] Entry: chunk=(1,-10) enabled=1 registry=0000020FA2E7C890
[WORLD_CELLS] Proceeding with construction cell generation
[WORLD_CELLS] Entry: chunk=(4,-9) enabled=1 registry=0000020FA2E7C890
[WORLD_CELLS] Proceeding with construction cell generation
[STREAMER] Chunk (1,-10): blocks=0000021041D03070, impl=0000020FB3017E70, construction_cells_enabled=1, registry=0000020FA2E7C890
[WORLD_CELLS] Entry: chunk=(1,-10) enabled=1 registry=0000020FA2E7C890
[WORLD_CELLS] Proceeding with construction cell generation
[STREAMER] Chunk (4,-9): blocks=0000021035236070, impl=0000020FB3018170, construction_cells_enabled=1, registry=0000020FA2E7C890
[WORLD_CELLS] Entry: chunk=(4,-9) enabled=1 registry=0000020FA2E7C890
[WORLD_CELLS] Proceeding with construction cell generation
[WORLD_CELLS] Entry: chunk=(2,-10) enabled=1 registry=0000020FA2E7C890
[WORLD_CELLS] Proceeding with construction cell generation
[WORKER] Meshing cx=4 cz=-9 (persisted=0)
[WORKER] Meshing cx=1 cz=-10 (persisted=0)
[STREAMER] Chunk (2,-10): blocks=000002103FA86070, impl=0000020FBC93DF00, construction_cells_enabled=1, registry=0000020FA2E7C890
[WORLD_CELLS] Entry: chunk=(2,-10) enabled=1 registry=0000020FA2E7C890
[WORLD_CELLS] Proceeding with construction cell generation
[WORKER] Meshing cx=2 cz=-10 (persisted=0)
[WORLD_CELLS] Entry: chunk=(7,-6) enabled=1 registry=0000020FA2E7C890
[WORLD_CELLS] Proceeding with construction cell generation
[STREAMER] Chunk (7,-6): blocks=0000021031CEE070, impl=0000020FB301A870, construction_cells_enabled=1, registry=0000020FA2E7C890
[WORLD_CELLS] Entry: chunk=(7,-6) enabled=1 registry=0000020FA2E7C890
[WORLD_CELLS] Proceeding with construction cell generation
[WORKER] Meshing cx=7 cz=-6 (persisted=0)
[WALL] HEALTH W=16/5/0 N=16/0/0 E=16/0/0 S=16/0/0 (desired/resident/ready)
[READINESS] desired=9 resident=9 gpu_ready=1 | skips: not_primary=144 outside_radius=247 no_chunk=0 no_blocks=0 | pending: jobs=326 results=0
[WORLD_CELLS] Entry: chunk=(6,-8) enabled=1 registry=0000020FA2E7C890
[WORLD_CELLS] Proceeding with construction cell generation
[STREAMER] Chunk (6,-8): blocks=00000210370B6070, impl=0000020FB301B170, construction_cells_enabled=1, registry=0000020FA2E7C890
[WORLD_CELLS] Entry: chunk=(6,-8) enabled=1 registry=0000020FA2E7C890
[WORLD_CELLS] Proceeding with construction cell generation
[WORLD_CELLS] Entry: chunk=(7,-7) enabled=1 registry=0000020FA2E7C890
[WORLD_CELLS] Proceeding with construction cell generation
[WORKER] Meshing cx=6 cz=-8 (persisted=0)
[STREAMER] Chunk (7,-7): blocks=000002103884C070, impl=0000020FBC93DC00, construction_cells_enabled=1, registry=0000020FA2E7C890
[WORLD_CELLS] Entry: chunk=(7,-7) enabled=1 registry=0000020FA2E7C890
[WORLD_CELLS] Proceeding with construction cell generation
[WORKER] Meshing cx=7 cz=-7 (persisted=0)
[WORKER] Mesh complete cx=7 cz=-2 built=0000020FCA4A8500
[WORKER] Queuing result cx=7 cz=-2 gen=2 built=0000020FCA4A8500 results=0/768
[WORKER] Processing job cx=7 cz=-8 gen=2 type=GENERATE
[PROCESS] Popped result cx=7 cz=-2 gen=2 type=GENERATE built=0000020FCA4A8500
[ADOPT] Adopting chunk (7,-2) gen=2 role=1
[ADOPT] SUCCESS chunk (7,-2) now resident. loaded_from_persist=0
[PROCESS] Adoption result: adopted=1 for cx=7 cz=-2
[WORKER] Mesh complete cx=1 cz=-10 built=0000020FCA4A63D0
[WORKER] Queuing result cx=1 cz=-10 gen=2 built=0000020FCA4A63D0 results=0/768
[WORKER] Processing job cx=6 cz=-9 gen=2 type=GENERATE
[PROCESS] Popped result cx=1 cz=-10 gen=2 type=GENERATE built=0000020FCA4A63D0
[ADOPT] Adopting chunk (1,-10) gen=2 role=1
[ADOPT] SUCCESS chunk (1,-10) now resident. loaded_from_persist=0
[PROCESS] Adoption result: adopted=1 for cx=1 cz=-10
[WORLD_CELLS] Entry: chunk=(7,-1) enabled=1 registry=0000020FA2E7C890
[WORLD_CELLS] Proceeding with construction cell generation
[STREAMER] Chunk (7,-1): blocks=000002103D7D0070, impl=0000020FB3018770, construction_cells_enabled=1, registry=0000020FA2E7C890
[WORLD_CELLS] Entry: chunk=(7,-1) enabled=1 registry=0000020FA2E7C890
[WORLD_CELLS] Proceeding with construction cell generation
[WORKER] Meshing cx=7 cz=-1 (persisted=0)
[WORKER] Mesh complete cx=2 cz=-10 built=0000020FCAA2B7E0
[WORKER] Queuing result cx=2 cz=-10 gen=2 built=0000020FCAA2B7E0 results=0/768
[WORKER] Processing job cx=8 cz=-7 gen=2 type=GENERATE
[PROCESS] Popped result cx=2 cz=-10 gen=2 type=GENERATE built=0000020FCAA2B7E0
[ADOPT] Adopting chunk (2,-10) gen=2 role=1
[ADOPT] SUCCESS chunk (2,-10) now resident. loaded_from_persist=0
[PROCESS] Adoption result: adopted=1 for cx=2 cz=-10
[READINESS] desired=9 resident=9 gpu_ready=1 | skips: not_primary=144 outside_radius=247 no_chunk=0 no_blocks=0 | pending: jobs=323 results=0
[WORLD_CELLS] Entry: chunk=(3,-10) enabled=1 registry=0000020FA2E7C890
[WORLD_CELLS] Proceeding with construction cell generation
[WORLD_CELLS] Entry: chunk=(5,-9) enabled=1 registry=0000020FA2E7C890
[WORLD_CELLS] Proceeding with construction cell generation
[WORLD_CELLS] Entry: chunk=(8,-4) enabled=1 registry=0000020FA2E7C890
[WORLD_CELLS] Proceeding with construction cell generation
[STREAMER] Chunk (3,-10): blocks=0000021045A55070, impl=0000020FB301AB70, construction_cells_enabled=1, registry=0000020FA2E7C890
[WORLD_CELLS] Entry: chunk=(3,-10) enabled=1 registry=0000020FA2E7C890
[WORLD_CELLS] Proceeding with construction cell generation
[STREAMER] Chunk (5,-9): blocks=000002103EF4A070, impl=0000020FB3019970, construction_cells_enabled=1, registry=0000020FA2E7C890
[WORLD_CELLS] Entry: chunk=(5,-9) enabled=1 registry=0000020FA2E7C890
[WORLD_CELLS] Proceeding with construction cell generation
[STREAMER] Chunk (8,-4): blocks=000002104123A070, impl=0000020FB301AE70, construction_cells_enabled=1, registry=0000020FA2E7C890
[WORLD_CELLS] Entry: chunk=(8,-4) enabled=1 registry=0000020FA2E7C890
[WORLD_CELLS] Proceeding with construction cell generation
[WORKER] Meshing cx=5 cz=-9 (persisted=0)
[WORKER] Meshing cx=3 cz=-10 (persisted=0)
[WORKER] Meshing cx=8 cz=-4 (persisted=0)
[WORKER] Mesh complete cx=4 cz=-9 built=0000020FCAA31060
[WORKER] Queuing result cx=4 cz=-9 gen=2 built=0000020FCAA31060 results=0/768
[WORKER] Processing job cx=5 cz=-10 gen=2 type=GENERATE
[PROCESS] Popped result cx=4 cz=-9 gen=2 type=GENERATE built=0000020FCAA31060
[ADOPT] Adopting chunk (4,-9) gen=2 role=1
[ADOPT] SUCCESS chunk (4,-9) now resident. loaded_from_persist=0
[PROCESS] Adoption result: adopted=1 for cx=4 cz=-9
[WORLD_CELLS] Entry: chunk=(8,-3) enabled=1 registry=0000020FA2E7C890
[WORLD_CELLS] Proceeding with construction cell generation
[STREAMER] Chunk (8,-3): blocks=0000021045246070, impl=0000020FB3019370, construction_cells_enabled=1, registry=0000020FA2E7C890
[WORLD_CELLS] Entry: chunk=(8,-3) enabled=1 registry=0000020FA2E7C890
[WORLD_CELLS] Proceeding with construction cell generation
[WORKER] Meshing cx=8 cz=-3 (persisted=0)
[WORKER] Mesh complete cx=7 cz=-6 built=0000020FCAA30550
[WORKER] Queuing result cx=7 cz=-6 gen=2 built=0000020FCAA30550 results=0/768
[WORKER] Processing job cx=8 cz=-1 gen=2 type=GENERATE
[PROCESS] Popped result cx=7 cz=-6 gen=2 type=GENERATE built=0000020FCAA30550
[ADOPT] Adopting chunk (7,-6) gen=2 role=1
[ADOPT] SUCCESS chunk (7,-6) now resident. loaded_from_persist=0
[PROCESS] Adoption result: adopted=1 for cx=7 cz=-6
[READINESS] desired=6 resident=6 gpu_ready=1 | skips: not_primary=144 outside_radius=250 no_chunk=0 no_blocks=0 | pending: jobs=321 results=0
[WORLD_CELLS] Entry: chunk=(4,-10) enabled=1 registry=0000020FA2E7C890
[WORLD_CELLS] Proceeding with construction cell generation
[STREAMER] Chunk (4,-10): blocks=0000021046A7E070, impl=0000020FB3019070, construction_cells_enabled=1, registry=0000020FA2E7C890
[WORLD_CELLS] Entry: chunk=(4,-10) enabled=1 registry=0000020FA2E7C890
[WORLD_CELLS] Proceeding with construction cell generation
[WORKER] Meshing cx=4 cz=-10 (persisted=0)
[WORLD_CELLS] Entry: chunk=(8,-5) enabled=1 registry=0000020FA2E7C890
[WORLD_CELLS] Proceeding with construction cell generation
[STREAMER] Chunk (8,-5): blocks=000002104626B070, impl=0000020FB3019670, construction_cells_enabled=1, registry=0000020FA2E7C890
[WORLD_CELLS] Entry: chunk=(8,-5) enabled=1 registry=0000020FA2E7C890
[WORLD_CELLS] Proceeding with construction cell generation
[WORKER] Meshing cx=8 cz=-5 (persisted=0)
[WORKER] Mesh complete cx=6 cz=-8 built=0000020FC1676360
[WORKER] Queuing result cx=6 cz=-8 gen=2 built=0000020FC1676360 results=0/768
[WORKER] Processing job cx=9 cz=-4 gen=2 type=GENERATE
[PROCESS] Popped result cx=6 cz=-8 gen=2 type=GENERATE built=0000020FC1676360
[ADOPT] Adopting chunk (6,-8) gen=2 role=1
[ADOPT] SUCCESS chunk (6,-8) now resident. loaded_from_persist=0
[PROCESS] Adoption result: adopted=1 for cx=6 cz=-8
[WORKER] Mesh complete cx=7 cz=-7 built=0000020FC1677980
[WORKER] Queuing result cx=7 cz=-7 gen=2 built=0000020FC1677980 results=0/768
[WORKER] Processing job cx=2 cz=-11 gen=2 type=GENERATE
[PROCESS] Popped result cx=7 cz=-7 gen=2 type=GENERATE built=0000020FC1677980
[ADOPT] Adopting chunk (7,-7) gen=2 role=1
[ADOPT] SUCCESS chunk (7,-7) now resident. loaded_from_persist=0
[PROCESS] Adoption result: adopted=1 for cx=7 cz=-7
[WORLD_CELLS] Entry: chunk=(8,-6) enabled=1 registry=0000020FA2E7C890
[WORLD_CELLS] Proceeding with construction cell generation
[STREAMER] Chunk (8,-6): blocks=000002104728F070, impl=0000020FB3018D70, construction_cells_enabled=1, registry=0000020FA2E7C890
[WORLD_CELLS] Entry: chunk=(8,-6) enabled=1 registry=0000020FA2E7C890
[WORLD_CELLS] Proceeding with construction cell generation
[READINESS] desired=6 resident=6 gpu_ready=1 | skips: not_primary=144 outside_radius=250 no_chunk=0 no_blocks=0 | pending: jobs=319 results=0
[WORKER] Meshing cx=8 cz=-6 (persisted=0)
[WORKER] Mesh complete cx=3 cz=-10 built=0000020FC167D200
[WORKER] Queuing result cx=3 cz=-10 gen=2 built=0000020FC167D200 results=0/768
[WORKER] Processing job cx=7 cz=-9 gen=2 type=GENERATE
[WORLD_CELLS] Entry: chunk=(8,-2) enabled=1 registry=0000020FA2E7C890
[WORLD_CELLS] Proceeding with construction cell generation
[PROCESS] Popped result cx=3 cz=-10 gen=2 type=GENERATE built=0000020FC167D200
[ADOPT] Adopting chunk (3,-10) gen=2 role=1
[ADOPT] SUCCESS chunk (3,-10) now resident. loaded_from_persist=0
[PROCESS] Adoption result: adopted=1 for cx=3 cz=-10
[WORKER] Mesh complete cx=7 cz=-1 built=0000020FF96CCB70
[WORKER] Queuing result cx=7 cz=-1 gen=2 built=0000020FF96CCB70 results=0/768
[WORKER] Processing job cx=9 cz=-5 gen=2 type=GENERATE
[PROCESS] Popped result cx=7 cz=-1 gen=2 type=GENERATE built=0000020FF96CCB70
[ADOPT] Adopting chunk (7,-1) gen=2 role=1
[ADOPT] SUCCESS chunk (7,-1) now resident. loaded_from_persist=0
[PROCESS] Adoption result: adopted=1 for cx=7 cz=-1
[STREAMER] Chunk (8,-2): blocks=0000021047AA1070, impl=0000020FB301A270, construction_cells_enabled=1, registry=0000020FA2E7C890
[WORLD_CELLS] Entry: chunk=(8,-2) enabled=1 registry=0000020FA2E7C890
[WORLD_CELLS] Proceeding with construction cell generation
[WORKER] Meshing cx=8 cz=-2 (persisted=0)
[WORKER] Mesh complete cx=8 cz=-4 built=0000020FF96CECA0
[WORKER] Queuing result cx=8 cz=-4 gen=2 built=0000020FF96CECA0 results=0/768
[WORKER] Processing job cx=3 cz=-11 gen=2 type=GENERATE
[PROCESS] Popped result cx=8 cz=-4 gen=2 type=GENERATE built=0000020FF96CECA0
[ADOPT] Adopting chunk (8,-4) gen=2 role=1
[ADOPT] SUCCESS chunk (8,-4) now resident. loaded_from_persist=0
[PROCESS] Adoption result: adopted=1 for cx=8 cz=-4
[WORKER] Mesh complete cx=5 cz=-9 built=0000020FF96D18E0
[WORKER] Queuing result cx=5 cz=-9 gen=2 built=0000020FF96D18E0 results=0/768
[WORKER] Processing job cx=9 cz=-3 gen=2 type=GENERATE
[PROCESS] Popped result cx=5 cz=-9 gen=2 type=GENERATE built=0000020FF96D18E0
[ADOPT] Adopting chunk (5,-9) gen=2 role=1
[ADOPT] SUCCESS chunk (5,-9) now resident. loaded_from_persist=0
[PROCESS] Adoption result: adopted=1 for cx=5 cz=-9
[READINESS] desired=6 resident=6 gpu_ready=1 | skips: not_primary=144 outside_radius=250 no_chunk=0 no_blocks=0 | pending: jobs=315 results=0
[WORKER] Mesh complete cx=8 cz=-3 built=0000020FC1CF7620
[WORKER] Queuing result cx=8 cz=-3 gen=2 built=0000020FC1CF7620 results=0/768
[WORKER] Processing job cx=1 cz=-11 gen=2 type=GENERATE
[PROCESS] Popped result cx=8 cz=-3 gen=2 type=GENERATE built=0000020FC1CF7620
[ADOPT] Adopting chunk (8,-3) gen=2 role=1
[ADOPT] SUCCESS chunk (8,-3) now resident. loaded_from_persist=0
[PROCESS] Adoption result: adopted=1 for cx=8 cz=-3
[WORKER] Mesh complete cx=4 cz=-10 built=0000020FC1CFAD70
[WORKER] Queuing result cx=4 cz=-10 gen=2 built=0000020FC1CFAD70 results=0/768
[WORKER] Processing job cx=8 cz=-8 gen=2 type=GENERATE
[PROCESS] Popped result cx=4 cz=-10 gen=2 type=GENERATE built=0000020FC1CFAD70
[ADOPT] Adopting chunk (4,-10) gen=2 role=1
[ADOPT] SUCCESS chunk (4,-10) now resident. loaded_from_persist=0
[PROCESS] Adoption result: adopted=1 for cx=4 cz=-10
[WORKER] Mesh complete cx=8 cz=-5 built=0000020FF84BCBE0
[WORKER] Queuing result cx=8 cz=-5 gen=2 built=0000020FF84BCBE0 results=0/768
[WORKER] Processing job cx=6 cz=-10 gen=2 type=GENERATE
[PROCESS] Popped result cx=8 cz=-5 gen=2 type=GENERATE built=0000020FF84BCBE0
[ADOPT] Adopting chunk (8,-5) gen=2 role=1
[ADOPT] SUCCESS chunk (8,-5) now resident. loaded_from_persist=0
[PROCESS] Adoption result: adopted=1 for cx=8 cz=-5
[WALL] HEALTH W=16/5/0 N=16/0/0 E=16/0/0 S=16/0/0 (desired/resident/ready)
[READINESS] desired=6 resident=6 gpu_ready=1 | skips: not_primary=144 outside_radius=250 no_chunk=0 no_blocks=0 | pending: jobs=312 results=0
[WORKER] Mesh complete cx=8 cz=-6 built=0000020FF84BE200
[WORKER] Queuing result cx=8 cz=-6 gen=2 built=0000020FF84BE200 results=0/768
[WORKER] Processing job cx=4 cz=-11 gen=2 type=GENERATE
[PROCESS] Popped result cx=8 cz=-6 gen=2 type=GENERATE built=0000020FF84BE200
[ADOPT] Adopting chunk (8,-6) gen=2 role=1
[ADOPT] SUCCESS chunk (8,-6) now resident. loaded_from_persist=0
[PROCESS] Adoption result: adopted=1 for cx=8 cz=-6
[WORKER] Mesh complete cx=8 cz=-2 built=0000020FF84C0E40
[WORKER] Queuing result cx=8 cz=-2 gen=2 built=0000020FF84C0E40 results=0/768
[WORKER] Processing job cx=9 cz=-2 gen=2 type=GENERATE
[PROCESS] Popped result cx=8 cz=-2 gen=2 type=GENERATE built=0000020FF84C0E40
[ADOPT] Adopting chunk (8,-2) gen=2 role=1
[ADOPT] SUCCESS chunk (8,-2) now resident. loaded_from_persist=0
[PROCESS] Adoption result: adopted=1 for cx=8 cz=-2
[WORLD_CELLS] Entry: chunk=(6,-9) enabled=1 registry=0000020FA2E7C890
[WORLD_CELLS] Proceeding with construction cell generation
[WORLD_CELLS] Entry: chunk=(7,-8) enabled=1 registry=0000020FA2E7C890
[WORLD_CELLS] Proceeding with construction cell generation
[STREAMER] Chunk (6,-9): blocks=000002104F9D9070, impl=0000020FB3017E70, construction_cells_enabled=1, registry=0000020FA2E7C890
[WORLD_CELLS] Entry: chunk=(6,-9) enabled=1 registry=0000020FA2E7C890
[WORLD_CELLS] Proceeding with construction cell generation
[STREAMER] Chunk (7,-8): blocks=000002104E76C070, impl=0000020FB3018A70, construction_cells_enabled=1, registry=0000020FA2E7C890
[WORLD_CELLS] Entry: chunk=(7,-8) enabled=1 registry=0000020FA2E7C890
[WORLD_CELLS] Proceeding with construction cell generation
[WORKER] Meshing cx=6 cz=-9 (persisted=0)
[WORLD_CELLS] Entry: chunk=(8,-7) enabled=1 registry=0000020FA2E7C890
[WORLD_CELLS] Proceeding with construction cell generation
[WORKER] Meshing cx=7 cz=-8 (persisted=0)
[WORLD_CELLS] Entry: chunk=(2,-11) enabled=1 registry=0000020FA2E7C890
[WORLD_CELLS] Proceeding with construction cell generation
[STREAMER] Chunk (8,-7): blocks=00000210518F3070, impl=0000020FBC93DF00, construction_cells_enabled=1, registry=0000020FA2E7C890
[WORLD_CELLS] Entry: chunk=(8,-7) enabled=1 registry=0000020FA2E7C890
[WORLD_CELLS] Proceeding with construction cell generation
[STREAMER] Chunk (2,-11): blocks=000002105DAB7070, impl=0000020FBC93DC00, construction_cells_enabled=1, registry=0000020FA2E7C890
[WORLD_CELLS] Entry: chunk=(2,-11) enabled=1 registry=0000020FA2E7C890
[WORLD_CELLS] Proceeding with construction cell generation
[WORKER] Meshing cx=8 cz=-7 (persisted=0)
[WORKER] Meshing cx=2 cz=-11 (persisted=0)
[READINESS] desired=6 resident=6 gpu_ready=1 | skips: not_primary=144 outside_radius=250 no_chunk=0 no_blocks=0 | pending: jobs=310 results=0
[WORLD_CELLS] Entry: chunk=(5,-10) enabled=1 registry=0000020FA2E7C890
[WORLD_CELLS] Proceeding with construction cell generation
[WORLD_CELLS] Entry: chunk=(8,-1) enabled=1 registry=0000020FA2E7C890
[WORLD_CELLS] Proceeding with construction cell generation
[STREAMER] Chunk (5,-10): blocks=0000021053671070, impl=0000020FB3018170, construction_cells_enabled=1, registry=0000020FA2E7C890
[WORLD_CELLS] Entry: chunk=(5,-10) enabled=1 registry=0000020FA2E7C890
[WORLD_CELLS] Proceeding with construction cell generation
[WORKER] Meshing cx=5 cz=-10 (persisted=0)
[STREAMER] Chunk (8,-1): blocks=0000021057F1E070, impl=0000020FB301A870, construction_cells_enabled=1, registry=0000020FA2E7C890
[WORLD_CELLS] Entry: chunk=(8,-1) enabled=1 registry=0000020FA2E7C890
[WORLD_CELLS] Proceeding with construction cell generation
[WORKER] Meshing cx=8 cz=-1 (persisted=0)
[WORLD_CELLS] Entry: chunk=(1,-11) enabled=1 registry=0000020FA2E7C890
[WORLD_CELLS] Proceeding with construction cell generation
[STREAMER] Chunk (1,-11): blocks=0000021065436070, impl=0000020FB3019370, construction_cells_enabled=1, registry=0000020FA2E7C890
[WORLD_CELLS] Entry: chunk=(1,-11) enabled=1 registry=0000020FA2E7C890
[WORLD_CELLS] Proceeding with construction cell generation
[WORKER] Meshing cx=1 cz=-11 (persisted=0)
[READINESS] desired=6 resident=6 gpu_ready=1 | skips: not_primary=144 outside_radius=250 no_chunk=0 no_blocks=0 | pending: jobs=310 results=0
[WORLD_CELLS] Entry: chunk=(3,-11) enabled=1 registry=0000020FA2E7C890
[WORLD_CELLS] Proceeding with construction cell generation
[STREAMER] Chunk (3,-11): blocks=0000021062511070, impl=0000020FB301AE70, construction_cells_enabled=1, registry=0000020FA2E7C890
[WORLD_CELLS] Entry: chunk=(3,-11) enabled=1 registry=0000020FA2E7C890
[WORLD_CELLS] Proceeding with construction cell generation
[WORKER] Meshing cx=3 cz=-11 (persisted=0)
[WORKER] Mesh complete cx=2 cz=-11 built=0000020FF84BF820
[WORKER] Queuing result cx=2 cz=-11 gen=2 built=0000020FF84BF820 results=0/768
[WORKER] Processing job cx=9 cz=-6 gen=2 type=GENERATE
[PROCESS] Popped result cx=2 cz=-11 gen=2 type=GENERATE built=0000020FF84BF820
[ADOPT] Adopting chunk (2,-11) gen=2 role=1
[ADOPT] SUCCESS chunk (2,-11) now resident. loaded_from_persist=0
[PROCESS] Adoption result: adopted=1 for cx=2 cz=-11
[WORLD_CELLS] Entry: chunk=(9,-4) enabled=1 registry=0000020FA2E7C890
[WORLD_CELLS] Proceeding with construction cell generation
[STREAMER] Chunk (9,-4): blocks=000002105D2A9070, impl=0000020FB301B170, construction_cells_enabled=1, registry=0000020FA2E7C890
[WORLD_CELLS] Entry: chunk=(9,-4) enabled=1 registry=0000020FA2E7C890
[WORLD_CELLS] Proceeding with construction cell generation
[WORKER] Meshing cx=9 cz=-4 (persisted=0)
[READINESS] desired=6 resident=6 gpu_ready=1 | skips: not_primary=144 outside_radius=250 no_chunk=0 no_blocks=0 | pending: jobs=309 results=0
[WORLD_CELLS] Entry: chunk=(9,-5) enabled=1 registry=0000020FA2E7C890
[WORLD_CELLS] Proceeding with construction cell generation
[WORKER] Mesh complete cx=7 cz=-8 built=0000020FF84C2460
[WORKER] Queuing result cx=7 cz=-8 gen=2 built=0000020FF84C2460 results=0/768
[WORKER] Processing job cx=9 cz=-7 gen=2 type=GENERATE
[STREAMER] Chunk (9,-5): blocks=000002105FFA1070, impl=0000020FB3018770, construction_cells_enabled=1, registry=0000020FA2E7C890
[WORLD_CELLS] Entry: chunk=(9,-5) enabled=1 registry=0000020FA2E7C890
[WORLD_CELLS] Proceeding with construction cell generation
[PROCESS] Popped result cx=7 cz=-8 gen=2 type=GENERATE built=0000020FF84C2460
[ADOPT] Adopting chunk (7,-8) gen=2 role=1
[ADOPT] SUCCESS chunk (7,-8) now resident. loaded_from_persist=0
[PROCESS] Adoption result: adopted=1 for cx=7 cz=-8
[WORLD_CELLS] Entry: chunk=(7,-9) enabled=1 registry=0000020FA2E7C890
[WORLD_CELLS] Proceeding with construction cell generation
[WORKER] Meshing cx=9 cz=-5 (persisted=0)
[STREAMER] Chunk (7,-9): blocks=000002105EEA5070, impl=0000020FB301AB70, construction_cells_enabled=1, registry=0000020FA2E7C890
[WORLD_CELLS] Entry: chunk=(7,-9) enabled=1 registry=0000020FA2E7C890
[WORLD_CELLS] Proceeding with construction cell generation
[WORKER] Meshing cx=7 cz=-9 (persisted=0)
[WORKER] Mesh complete cx=6 cz=-9 built=0000020FF84C5BB0
[WORKER] Queuing result cx=6 cz=-9 gen=2 built=0000020FF84C5BB0 results=0/768
[WORKER] Processing job cx=9 cz=-1 gen=2 type=GENERATE
[PROCESS] Popped result cx=6 cz=-9 gen=2 type=GENERATE built=0000020FF84C5BB0
[ADOPT] Adopting chunk (6,-9) gen=2 role=1
[ADOPT] SUCCESS chunk (6,-9) now resident. loaded_from_persist=0
[PROCESS] Adoption result: adopted=1 for cx=6 cz=-9
[WORKER] Mesh complete cx=8 cz=-7 built=0000020FF84C3A80
[WORKER] Queuing result cx=8 cz=-7 gen=2 built=0000020FF84C3A80 results=0/768
[WORKER] Processing job cx=5 cz=-11 gen=2 type=GENERATE
[PROCESS] Popped result cx=8 cz=-7 gen=2 type=GENERATE built=0000020FF84C3A80
[ADOPT] Adopting chunk (8,-7) gen=2 role=1
[ADOPT] SUCCESS chunk (8,-7) now resident. loaded_from_persist=0
[PROCESS] Adoption result: adopted=1 for cx=8 cz=-7
[WORLD_CELLS] Entry: chunk=(9,-3) enabled=1 registry=0000020FA2E7C890
[WORLD_CELLS] Proceeding with construction cell generation
[STREAMER] Chunk (9,-3): blocks=0000021063655070, impl=0000020FB3019970, construction_cells_enabled=1, registry=0000020FA2E7C890
[WORLD_CELLS] Entry: chunk=(9,-3) enabled=1 registry=0000020FA2E7C890
[WORLD_CELLS] Proceeding with construction cell generation
[WORKER] Mesh complete cx=1 cz=-11 built=0000020FF84C50A0
[WORKER] Queuing result cx=1 cz=-11 gen=2 built=0000020FF84C50A0 results=0/768
[WORKER] Processing job cx=7 cz=-10 gen=2 type=GENERATE
[PROCESS] Popped result cx=1 cz=-11 gen=2 type=GENERATE built=0000020FF84C50A0
[ADOPT] Adopting chunk (1,-11) gen=2 role=1
[ADOPT] SUCCESS chunk (1,-11) now resident. loaded_from_persist=0
[PROCESS] Adoption result: adopted=1 for cx=1 cz=-11
[WORKER] Meshing cx=9 cz=-3 (persisted=0)
[WORKER] Mesh complete cx=5 cz=-10 built=0000020FF84C66C0
[WORKER] Queuing result cx=5 cz=-10 gen=2 built=0000020FF84C66C0 results=0/768
[WORKER] Processing job cx=8 cz=-9 gen=2 type=GENERATE
[PROCESS] Popped result cx=5 cz=-10 gen=2 type=GENERATE built=0000020FF84C66C0
[ADOPT] Adopting chunk (5,-10) gen=2 role=1
[ADOPT] SUCCESS chunk (5,-10) now resident. loaded_from_persist=0
[PROCESS] Adoption result: adopted=1 for cx=5 cz=-10
[WORKER] Mesh complete cx=8 cz=-1 built=0000020FF84C71D0
[WORKER] Queuing result cx=8 cz=-1 gen=2 built=0000020FF84C71D0 results=0/768
[WORKER] Processing job cx=10 cz=-4 gen=2 type=GENERATE
[PROCESS] Popped result cx=8 cz=-1 gen=2 type=GENERATE built=0000020FF84C71D0
[ADOPT] Adopting chunk (8,-1) gen=2 role=1
[ADOPT] SUCCESS chunk (8,-1) now resident. loaded_from_persist=0
[PROCESS] Adoption result: adopted=1 for cx=8 cz=-1
[READINESS] desired=6 resident=6 gpu_ready=1 | skips: not_primary=144 outside_radius=250 no_chunk=0 no_blocks=0 | pending: jobs=303 results=0
[WORKER] Mesh complete cx=3 cz=-11 built=0000020FF84CA920
[WORKER] Queuing result cx=3 cz=-11 gen=2 built=0000020FF84CA920 results=0/768
[WORKER] Processing job cx=2 cz=-12 gen=2 type=GENERATE
[PROCESS] Popped result cx=3 cz=-11 gen=2 type=GENERATE built=0000020FF84CA920
[ADOPT] Adopting chunk (3,-11) gen=2 role=1
[ADOPT] SUCCESS chunk (3,-11) now resident. loaded_from_persist=0
[PROCESS] Adoption result: adopted=1 for cx=3 cz=-11
[WORLD_CELLS] Entry: chunk=(8,-8) enabled=1 registry=0000020FA2E7C890
[WORLD_CELLS] Proceeding with construction cell generation
[STREAMER] Chunk (8,-8): blocks=0000021066206070, impl=0000020FB3019070, construction_cells_enabled=1, registry=0000020FA2E7C890
[WORLD_CELLS] Entry: chunk=(8,-8) enabled=1 registry=0000020FA2E7C890
[WORLD_CELLS] Proceeding with construction cell generation
[WORKER] Meshing cx=8 cz=-8 (persisted=0)
[WORLD_CELLS] Entry: chunk=(4,-11) enabled=1 registry=0000020FA2E7C890
[WORLD_CELLS] Proceeding with construction cell generation
[WALL] HEALTH W=16/5/0 N=16/0/0 E=16/0/0 S=16/0/0 (desired/resident/ready)
[READINESS] desired=6 resident=6 gpu_ready=1 | skips: not_primary=144 outside_radius=250 no_chunk=0 no_blocks=0 | pending: jobs=302 results=0
[STREAMER] Chunk (4,-11): blocks=0000021067229070, impl=0000020FB3018D70, construction_cells_enabled=1, registry=0000020FA2E7C890
[WORLD_CELLS] Entry: chunk=(4,-11) enabled=1 registry=0000020FA2E7C890
[WORLD_CELLS] Proceeding with construction cell generation
[WORKER] Meshing cx=4 cz=-11 (persisted=0)
[WORLD_CELLS] Entry: chunk=(6,-10) enabled=1 registry=0000020FA2E7C890
[WORLD_CELLS] Proceeding with construction cell generation
[STREAMER] Chunk (6,-10): blocks=0000021066A1C070, impl=0000020FB3019670, construction_cells_enabled=1, registry=0000020FA2E7C890
[WORLD_CELLS] Entry: chunk=(6,-10) enabled=1 registry=0000020FA2E7C890
[WORLD_CELLS] Proceeding with construction cell generation
[WORKER] Meshing cx=6 cz=-10 (persisted=0)
[WORLD_CELLS] Entry: chunk=(9,-2) enabled=1 registry=0000020FA2E7C890
[WORLD_CELLS] Proceeding with construction cell generation
[WORKER] Mesh complete cx=9 cz=-4 built=0000020FF84BC0D0
[WORKER] Queuing result cx=9 cz=-4 gen=2 built=0000020FF84BC0D0 results=0/768
[WORKER] Processing job cx=10 cz=-5 gen=2 type=GENERATE
[PROCESS] Popped result cx=9 cz=-4 gen=2 type=GENERATE built=0000020FF84BC0D0
[ADOPT] Adopting chunk (9,-4) gen=2 role=1
[ADOPT] SUCCESS chunk (9,-4) now resident. loaded_from_persist=0
[PROCESS] Adoption result: adopted=1 for cx=9 cz=-4
[STREAMER] Chunk (9,-2): blocks=0000021067A37070, impl=0000020FB301A270, construction_cells_enabled=1, registry=0000020FA2E7C890
[WORLD_CELLS] Entry: chunk=(9,-2) enabled=1 registry=0000020FA2E7C890
[WORLD_CELLS] Proceeding with construction cell generation
[WORKER] Meshing cx=9 cz=-2 (persisted=0)
[WORKER] Mesh complete cx=9 cz=-5 built=0000020FF84BED10
[WORKER] Queuing result cx=9 cz=-5 gen=2 built=0000020FF84BED10 results=0/768
[WORKER] Processing job cx=10 cz=-3 gen=2 type=GENERATE
[PROCESS] Popped result cx=9 cz=-5 gen=2 type=GENERATE built=0000020FF84BED10
[ADOPT] Adopting chunk (9,-5) gen=2 role=1
[ADOPT] SUCCESS chunk (9,-5) now resident. loaded_from_persist=0
[PROCESS] Adoption result: adopted=1 for cx=9 cz=-5
[READINESS] desired=6 resident=6 gpu_ready=1 | skips: not_primary=144 outside_radius=250 no_chunk=0 no_blocks=0 | pending: jobs=300 results=0
The thread 'D3D Background Thread 0' (43000) has exited with code 0 (0x0).
The thread 32276 has exited with code 0 (0x0).
The thread 46812 has exited with code 0 (0x0).
The thread 'Internal D3D12 Sync Thread' (39300) has exited with code 0 (0x0).
The thread 7244 has exited with code 0 (0x0).
The thread 11816 has exited with code 0 (0x0).
The thread 'D3D Background Thread 1' (43572) has exited with code 0 (0x0).
The thread 18036 has exited with code 0 (0x0).
The thread 'D3D Background Thread 3' (27396) has exited with code 0 (0x0).
The thread 'D3D Background Thread 2' (23764) has exited with code 0 (0x0).
The thread 42568 has exited with code 0 (0x0).
The thread 'Internal D3D12 Sync Thread' (43120) has exited with code 0 (0x0).
The thread 35184 has exited with code 0 (0x0).
The thread 32528 has exited with code 0 (0x0).
The thread 39208 has exited with code 0 (0x0).
The thread 38340 has exited with code 0 (0x0).
The thread 30200 has exited with code 0 (0x0).
The thread 11132 has exited with code 0 (0x0).
The thread 27656 has exited with code 0 (0x0).
The thread 30604 has exited with code 0 (0x0).
The thread 33724 has exited with code 0 (0x0).
The thread 12340 has exited with code 0 (0x0).
The thread 31404 has exited with code 0 (0x0).
The thread 45236 has exited with code 0 (0x0).
The thread 2152 has exited with code 0 (0x0).
The thread 35796 has exited with code 0 (0x0).
The thread 7576 has exited with code 0 (0x0).
The thread 33284 has exited with code 0 (0x0).
The thread 42056 has exited with code 0 (0x0).
The thread 42440 has exited with code 0 (0x0).
The thread 23632 has exited with code 0 (0x0).
The thread 32488 has exited with code 0 (0x0).
The thread 29624 has exited with code 0 (0x0).
The thread 32356 has exited with code 0 (0x0).
The thread 46976 has exited with code 0 (0x0).
The thread 46016 has exited with code 0 (0x0).
The thread 23404 has exited with code 0 (0x0).
The thread 10676 has exited with code 0 (0x0).
The thread 38268 has exited with code 0 (0x0).
The thread 27268 has exited with code 0 (0x0).
The thread 38460 has exited with code 0 (0x0).
The thread 46028 has exited with code 0 (0x0).
The thread 41708 has exited with code 0 (0x0).
The thread 44868 has exited with code 0 (0x0).
The thread 44932 has exited with code 0 (0x0).
The thread 4416 has exited with code 0 (0x0).
The program '[27028] NqlSDK.exe' has exited with code 0 (0x0).
