'NqlSDK.exe' (Win32): Loaded 'C:\GitHub\CPSS\PrimeNumberTools\Viewers\C\Windows\Windows\NQL\SDK\x64\Debug\NqlSDK.exe'. Symbols loaded.
'NqlSDK.exe' (Win32): Loaded 'C:\Windows\System32\ntdll.dll'. Symbol loading disabled by Include/Exclude setting.
'NqlSDK.exe' (Win32): Loaded 'C:\Windows\System32\kernel32.dll'. Symbol loading disabled by Include/Exclude setting.
'NqlSDK.exe' (Win32): Loaded 'C:\Windows\System32\KernelBase.dll'. Symbol loading disabled by Include/Exclude setting.
'NqlSDK.exe' (Win32): Loaded 'C:\Windows\System32\user32.dll'. Symbol loading disabled by Include/Exclude setting.
'NqlSDK.exe' (Win32): Loaded 'C:\Windows\System32\D3D12.dll'. Symbol loading disabled by Include/Exclude setting.
'NqlSDK.exe' (Win32): Loaded 'C:\Windows\System32\win32u.dll'. Symbol loading disabled by Include/Exclude setting.
'NqlSDK.exe' (Win32): Loaded 'C:\Windows\System32\dxgi.dll'. Symbol loading disabled by Include/Exclude setting.
'NqlSDK.exe' (Win32): Loaded 'C:\Windows\System32\msvcp_win.dll'. Symbol loading disabled by Include/Exclude setting.
'NqlSDK.exe' (Win32): Loaded 'C:\Windows\System32\gdi32.dll'. Symbol loading disabled by Include/Exclude setting.
'NqlSDK.exe' (Win32): Loaded 'C:\Windows\System32\D3DCompiler_47.dll'. Symbol loading disabled by Include/Exclude setting.
'NqlSDK.exe' (Win32): Loaded 'C:\Windows\System32\ucrtbase.dll'. Symbol loading disabled by Include/Exclude setting.
'NqlSDK.exe' (Win32): Loaded 'C:\Windows\System32\gdi32full.dll'. Symbol loading disabled by Include/Exclude setting.
'NqlSDK.exe' (Win32): Loaded 'C:\Windows\System32\ucrtbase.dll'. Symbol loading disabled by Include/Exclude setting.
'NqlSDK.exe' (Win32): Unloaded 'C:\Windows\System32\ucrtbase.dll'
'NqlSDK.exe' (Win32): Loaded 'C:\Windows\System32\ole32.dll'. Symbol loading disabled by Include/Exclude setting.
'NqlSDK.exe' (Win32): Loaded 'C:\Windows\System32\rpcrt4.dll'. Symbol loading disabled by Include/Exclude setting.
'NqlSDK.exe' (Win32): Loaded 'C:\Windows\System32\combase.dll'. Symbol loading disabled by Include/Exclude setting.
'NqlSDK.exe' (Win32): Loaded 'C:\Windows\System32\powrprof.dll'. Symbol loading disabled by Include/Exclude setting.
'NqlSDK.exe' (Win32): Loaded 'C:\Windows\System32\vcruntime140d.dll'. Symbol loading disabled by Include/Exclude setting.
'NqlSDK.exe' (Win32): Loaded 'C:\Windows\System32\msvcp140d.dll'. Symbol loading disabled by Include/Exclude setting.
'NqlSDK.exe' (Win32): Loaded 'C:\Windows\System32\vcruntime140_1d.dll'. Symbol loading disabled by Include/Exclude setting.
'NqlSDK.exe' (Win32): Loaded 'C:\Windows\System32\cryptsp.dll'. Symbol loading disabled by Include/Exclude setting.
'NqlSDK.exe' (Win32): Loaded 'C:\Windows\System32\ucrtbased.dll'. Symbol loading disabled by Include/Exclude setting.
'NqlSDK.exe' (Win32): Loaded 'C:\Windows\System32\ucrtbased.dll'. Symbol loading disabled by Include/Exclude setting.
'NqlSDK.exe' (Win32): Unloaded 'C:\Windows\System32\ucrtbased.dll'
'NqlSDK.exe' (Win32): Loaded 'C:\Windows\System32\umpdc.dll'. Symbol loading disabled by Include/Exclude setting.
'NqlSDK.exe' (Win32): Loaded 'C:\Windows\System32\imm32.dll'. Symbol loading disabled by Include/Exclude setting.
[SHARED_CACHE] Initialized global worldgen cache
'NqlSDK.exe' (Win32): Loaded 'C:\Windows\System32\uxtheme.dll'. Symbol loading disabled by Include/Exclude setting.
'NqlSDK.exe' (Win32): Loaded 'C:\Windows\System32\msctf.dll'. Symbol loading disabled by Include/Exclude setting.
'NqlSDK.exe' (Win32): Loaded 'C:\Windows\System32\msvcrt.dll'. Symbol loading disabled by Include/Exclude setting.
'NqlSDK.exe' (Win32): Loaded 'C:\Windows\System32\kernel.appcore.dll'. Symbol loading disabled by Include/Exclude setting.
'NqlSDK.exe' (Win32): Loaded 'C:\Windows\System32\bcryptprimitives.dll'. Symbol loading disabled by Include/Exclude setting.
'NqlSDK.exe' (Win32): Loaded 'C:\Windows\System32\oleaut32.dll'. Symbol loading disabled by Include/Exclude setting.
'NqlSDK.exe' (Win32): Loaded 'C:\Windows\System32\sechost.dll'. Symbol loading disabled by Include/Exclude setting.
'NqlSDK.exe' (Win32): Loaded 'C:\Windows\System32\TextInputFramework.dll'. Symbol loading disabled by Include/Exclude setting.
'NqlSDK.exe' (Win32): Loaded 'C:\Windows\System32\CoreMessaging.dll'. Symbol loading disabled by Include/Exclude setting.
'NqlSDK.exe' (Win32): Loaded 'C:\Windows\System32\CoreUIComponents.dll'. Symbol loading disabled by Include/Exclude setting.
'NqlSDK.exe' (Win32): Loaded 'C:\Windows\System32\WinTypes.dll'. Symbol loading disabled by Include/Exclude setting.
'NqlSDK.exe' (Win32): Loaded 'C:\Windows\System32\advapi32.dll'. Symbol loading disabled by Include/Exclude setting.
'NqlSDK.exe' (Win32): Loaded 'C:\Windows\System32\cryptbase.dll'. Symbol loading disabled by Include/Exclude setting.
'NqlSDK.exe' (Win32): Loaded 'C:\Windows\System32\oleacc.dll'. Symbol loading disabled by Include/Exclude setting.
The thread 'ShellHandwriting Delegate Thread' (36712) has exited with code 0 (0x0).
'NqlSDK.exe' (Win32): Loaded 'C:\Windows\System32\D3D12Core.dll'. Symbol loading disabled by Include/Exclude setting.
'NqlSDK.exe' (Win32): Loaded 'C:\Windows\System32\DXGIDebug.dll'. Symbol loading disabled by Include/Exclude setting.
'NqlSDK.exe' (Win32): Loaded 'C:\Windows\System32\d3d12SDKLayers.dll'. Symbol loading disabled by Include/Exclude setting.
'NqlSDK.exe' (Win32): Unloaded 'C:\Windows\System32\DXGIDebug.dll'
'NqlSDK.exe' (Win32): Unloaded 'C:\Windows\System32\d3d12SDKLayers.dll'
'NqlSDK.exe' (Win32): Loaded 'C:\Windows\System32\DXGIDebug.dll'. Symbol loading disabled by Include/Exclude setting.
'NqlSDK.exe' (Win32): Loaded 'C:\Windows\System32\DXCore.dll'. Symbol loading disabled by Include/Exclude setting.
'NqlSDK.exe' (Win32): Loaded 'C:\Windows\System32\ResourcePolicyClient.dll'. Symbol loading disabled by Include/Exclude setting.
'NqlSDK.exe' (Win32): Unloaded 'C:\Windows\System32\ResourcePolicyClient.dll'
'NqlSDK.exe' (Win32): Loaded 'C:\Windows\System32\directxdatabasehelper.dll'. Symbol loading disabled by Include/Exclude setting.
'NqlSDK.exe' (Win32): Loaded 'C:\Windows\System32\cfgmgr32.dll'. Symbol loading disabled by Include/Exclude setting.
'NqlSDK.exe' (Win32): Loaded 'C:\Windows\System32\DriverStore\FileRepository\nvamsi.inf_amd64_82cd5f0af3386fea\nvdlistx.dll'. Symbol loading disabled by Include/Exclude setting.
'NqlSDK.exe' (Win32): Loaded 'C:\Windows\System32\version.dll'. Symbol loading disabled by Include/Exclude setting.
'NqlSDK.exe' (Win32): Unloaded 'C:\Windows\System32\version.dll'
'NqlSDK.exe' (Win32): Unloaded 'C:\Windows\System32\DriverStore\FileRepository\nvamsi.inf_amd64_82cd5f0af3386fea\nvdlistx.dll'
'NqlSDK.exe' (Win32): Loaded 'C:\Windows\System32\DriverStore\FileRepository\nvamsi.inf_amd64_82cd5f0af3386fea\nvdlistx.dll'. Symbol loading disabled by Include/Exclude setting.
'NqlSDK.exe' (Win32): Loaded 'C:\Windows\System32\version.dll'. Symbol loading disabled by Include/Exclude setting.
'NqlSDK.exe' (Win32): Loaded 'C:\Windows\System32\DriverStore\FileRepository\u0414671.inf_amd64_d35a7e787428e027\B414600\amdxc64.dll'. Symbol loading disabled by Include/Exclude setting.
'NqlSDK.exe' (Win32): Loaded 'C:\Windows\System32\winmm.dll'. Symbol loading disabled by Include/Exclude setting.
'NqlSDK.exe' (Win32): Loaded 'C:\Windows\System32\shell32.dll'. Symbol loading disabled by Include/Exclude setting.
'NqlSDK.exe' (Win32): Loaded 'C:\Windows\System32\windows.storage.dll'. Symbol loading disabled by Include/Exclude setting.
'NqlSDK.exe' (Win32): Unloaded 'C:\Windows\System32\DriverStore\FileRepository\nvamsi.inf_amd64_82cd5f0af3386fea\nvdlistx.dll'
'NqlSDK.exe' (Win32): Loaded 'C:\Windows\System32\SHCore.dll'. Symbol loading disabled by Include/Exclude setting.
The thread 43624 has exited with code 0 (0x0).
'NqlSDK.exe' (Win32): Loaded 'C:\Windows\System32\shlwapi.dll'. Symbol loading disabled by Include/Exclude setting.
'NqlSDK.exe' (Win32): Loaded 'C:\Windows\System32\bcrypt.dll'. Symbol loading disabled by Include/Exclude setting.
'NqlSDK.exe' (Win32): Loaded 'C:\Windows\System32\DriverStore\FileRepository\u0414671.inf_amd64_d35a7e787428e027\B414600\amdihk64.dll'. Module was built without symbols.
'NqlSDK.exe' (Win32): Loaded 'C:\Windows\System32\d3d12SDKLayers.dll'. Symbol loading disabled by Include/Exclude setting.
'NqlSDK.exe' (Win32): Unloaded 'C:\Windows\System32\d3d12SDKLayers.dll'
'NqlSDK.exe' (Win32): Unloaded 'C:\Windows\System32\DriverStore\FileRepository\u0414671.inf_amd64_d35a7e787428e027\B414600\amdihk64.dll'
'NqlSDK.exe' (Win32): Unloaded 'C:\Windows\System32\winmm.dll'
'NqlSDK.exe' (Win32): Unloaded 'C:\Windows\System32\version.dll'
'NqlSDK.exe' (Win32): Unloaded 'C:\Windows\System32\DriverStore\FileRepository\u0414671.inf_amd64_d35a7e787428e027\B414600\amdxc64.dll'
'NqlSDK.exe' (Win32): Loaded 'C:\Windows\System32\DriverStore\FileRepository\u0414671.inf_amd64_d35a7e787428e027\B414600\amdxc64.dll'. Symbol loading disabled by Include/Exclude setting.
'NqlSDK.exe' (Win32): Loaded 'C:\Windows\System32\winmm.dll'. Symbol loading disabled by Include/Exclude setting.
'NqlSDK.exe' (Win32): Loaded 'C:\Windows\System32\version.dll'. Symbol loading disabled by Include/Exclude setting.
'NqlSDK.exe' (Win32): Loaded 'C:\Windows\System32\DriverStore\FileRepository\u0414671.inf_amd64_d35a7e787428e027\B414600\amdihk64.dll'. Module was built without symbols.
'NqlSDK.exe' (Win32): Loaded 'C:\Windows\System32\d3d12SDKLayers.dll'. Symbol loading disabled by Include/Exclude setting.
'NqlSDK.exe' (Win32): Loaded 'C:\Windows\System32\D3DSCache.dll'. Symbol loading disabled by Include/Exclude setting.
'NqlSDK.exe' (Win32): Loaded 'C:\Windows\System32\userenv.dll'. Symbol loading disabled by Include/Exclude setting.
'NqlSDK.exe' (Win32): Loaded 'C:\Windows\System32\dxilconv.dll'. Symbol loading disabled by Include/Exclude setting.
'NqlSDK.exe' (Win32): Unloaded 'C:\Windows\System32\dxilconv.dll'
'NqlSDK.exe' (Win32): Loaded 'C:\Windows\System32\dcomp.dll'. Symbol loading disabled by Include/Exclude setting.
'NqlSDK.exe' (Win32): Loaded 'C:\Windows\System32\Microsoft.Internal.WarpPal.dll'. Symbol loading disabled by Include/Exclude setting.
'NqlSDK.exe' (Win32): Loaded 'C:\Windows\System32\dwmapi.dll'. Symbol loading disabled by Include/Exclude setting.
'NqlSDK.exe' (Win32): Loaded 'C:\Windows\System32\rsaenh.dll'. Symbol loading disabled by Include/Exclude setting.
'NqlSDK.exe' (Win32): Loaded 'C:\Windows\System32\dxilconv.dll'. Symbol loading disabled by Include/Exclude setting.
'NqlSDK.exe' (Win32): Loaded 'C:\Windows\System32\clbcatq.dll'. Symbol loading disabled by Include/Exclude setting.
'NqlSDK.exe' (Win32): Loaded 'C:\Windows\System32\WindowsCodecs.dll'. Symbol loading disabled by Include/Exclude setting.
'NqlSDK.exe' (Win32): Loaded 'C:\Windows\System32\TextShaping.dll'. Symbol loading disabled by Include/Exclude setting.
[NQL SDK] Camera init: pos(0.00,200.00,0.00) tgt(0.00,180.00,64.00)
'NqlSDK.exe' (Win32): Loaded 'C:\Windows\System32\ApplicationTargetedFeatureDatabase.dll'. Symbol loading disabled by Include/Exclude setting.
'NqlSDK.exe' (Win32): Loaded 'C:\Windows\System32\twinapi.appcore.dll'. Symbol loading disabled by Include/Exclude setting.
The thread 'ShellHandwriting Delegate Thread' (12356) has exited with code 0 (0x0).
[GEN_STAGE] begin idx=0/16 name="Opening world save"
[GEN_STAGE] end idx=0 name="Opening world save" duration=16ms chunks=0 data_kb=0
[GEN_STAGE] begin idx=1/16 name="Initializing world generator"
[GEN_STAGE] end idx=1 name="Initializing world generator" duration=16ms chunks=0 data_kb=0
[GEN_STAGE] begin idx=2/16 name="Preparing world systems"
[GEN_STAGE] end idx=2 name="Preparing world systems" duration=47ms chunks=0 data_kb=0
[GEN_STAGE] begin idx=3/16 name="Loading station state"
[GEN_STAGE] end idx=3 name="Loading station state" duration=0ms chunks=0 data_kb=0
[GEN_STAGE] begin idx=4/16 name="Preparing chunk systems"
[STREAMER] Initializing with 16 worker threads
[GEN_STAGE] end idx=4 name="Preparing chunk systems" duration=15ms chunks=0 data_kb=0
[GEN_STAGE] begin idx=5/16 name="Initializing entities"
[GEN_STAGE] end idx=5 name="Initializing entities" duration=0ms chunks=0 data_kb=0
[GEN_STAGE] begin idx=6/16 name="Restoring world state"
[SPAWN] Random spawn at (196,220) top=236 surface=234 water=0 province=8 moisture=0 relief=0 score=0
[GEN_STAGE] end idx=6 name="Restoring world state" duration=578ms chunks=0 data_kb=0
[GEN_STAGE] begin idx=7/16 name="Planning visible chunks"
[GEN_STAGE] end idx=7 name="Planning visible chunks" duration=0ms chunks=0 data_kb=0
[GEN_STAGE] begin idx=8/16 name="Loading nearby chunks"
[BOOTSTRAP] sync_target_total=9 safety_radius=1
[READINESS] desired=9 resident=0 gpu_ready=0 | skips: not_primary=144 outside_radius=247 no_chunk=9 no_blocks=0 | pending: jobs=24 results=0
[WORKER] Processing job cx=3 cz=4 gen=2 type=GENERATE
[WORKER] Processing job cx=4 cz=3 gen=2 type=GENERATE
[WORKER] Processing job cx=2 cz=2 gen=2 type=GENERATE
[WORKER] Processing job cx=4 cz=4 gen=2 type=GENERATE
[WORKER] Processing job cx=4 cz=2 gen=2 type=GENERATE
[WORKER] Processing job cx=1 cz=3 gen=2 type=GENERATE
[WORKER] Processing job cx=5 cz=3 gen=2 type=GENERATE
[WORKER] Processing job cx=2 cz=3 gen=2 type=GENERATE
[WORKER] Processing job cx=3 cz=5 gen=2 type=GENERATE
[WORKER] Processing job cx=2 cz=4 gen=2 type=GENERATE
[WORKER] Processing job cx=3 cz=3 gen=2 type=GENERATE
[WORKER] Processing job cx=1 cz=2 gen=2 type=GENERATE
[WORKER] Processing job cx=5 cz=2 gen=2 type=GENERATE
[WORKER] Processing job cx=1 cz=4 gen=2 type=GENERATE
[WORKER] Processing job cx=3 cz=1 gen=2 type=GENERATE
[WORKER] Processing job cx=3 cz=2 gen=2 type=GENERATE
[READINESS] desired=9 resident=0 gpu_ready=0 | skips: not_primary=144 outside_radius=247 no_chunk=9 no_blocks=0 | pending: jobs=9 results=0
[READINESS] desired=9 resident=0 gpu_ready=0 | skips: not_primary=144 outside_radius=247 no_chunk=9 no_blocks=0 | pending: jobs=9 results=0
[WORKER] Meshing cx=4 cz=3 (persisted=0)
[WORKER] Meshing cx=3 cz=4 (persisted=0)
[WORKER] Meshing cx=5 cz=2 (persisted=0)
[WORKER] Meshing cx=3 cz=5 (persisted=0)
[WORKER] Meshing cx=5 cz=3 (persisted=0)
[WORKER] Meshing cx=4 cz=4 (persisted=0)
[WORKER] Meshing cx=4 cz=2 (persisted=0)
[WORKER] Meshing cx=3 cz=3 (persisted=0)
[WORKER] Meshing cx=3 cz=2 (persisted=0)
[WORKER] Meshing cx=3 cz=1 (persisted=0)
[WORKER] Meshing cx=2 cz=3 (persisted=0)
[WORKER] Meshing cx=1 cz=2 (persisted=0)
[WORKER] Meshing cx=1 cz=3 (persisted=0)
[WORKER] Meshing cx=2 cz=4 (persisted=0)
[WORKER] Meshing cx=1 cz=4 (persisted=0)
[WORKER] Meshing cx=2 cz=2 (persisted=0)
[READINESS] desired=9 resident=0 gpu_ready=0 | skips: not_primary=144 outside_radius=247 no_chunk=9 no_blocks=0 | pending: jobs=9 results=0
[WORKER] Mesh complete cx=4 cz=3 built=000002A04A18B470
[WORKER] Queuing result cx=4 cz=3 gen=2 built=000002A04A18B470 results=0/768
[WORKER] Processing job cx=4 cz=1 gen=2 type=GENERATE
[PROCESS] Popped result cx=4 cz=3 gen=2 type=GENERATE built=000002A04A18B470
[ADOPT] Adopting chunk (4,3) gen=2 role=1
[ADOPT] SUCCESS chunk (4,3) now resident. loaded_from_persist=0
[PROCESS] Adoption result: adopted=1 for cx=4 cz=3
[WORKER] Mesh complete cx=5 cz=3 built=000002A04A18BF80
[WORKER] Queuing result cx=5 cz=3 gen=2 built=000002A04A18BF80 results=0/768
[WORKER] Processing job cx=2 cz=1 gen=2 type=GENERATE
[PROCESS] Popped result cx=5 cz=3 gen=2 type=GENERATE built=000002A04A18BF80
[ADOPT] Adopting chunk (5,3) gen=2 role=1
[ADOPT] SUCCESS chunk (5,3) now resident. loaded_from_persist=0
[PROCESS] Adoption result: adopted=1 for cx=5 cz=3
[WORKER] Mesh complete cx=4 cz=2 built=000002A04A18E0B0
[WORKER] Queuing result cx=4 cz=2 gen=2 built=000002A04A18E0B0 results=0/768
[WORKER] Processing job cx=4 cz=5 gen=2 type=GENERATE
[WORKER] Mesh complete cx=3 cz=2 built=000002A04A18F6D0
[WORKER] Queuing result cx=3 cz=2 gen=2 built=000002A04A18F6D0 results=1/768
[WORKER] Processing job cx=5 cz=4 gen=2 type=GENERATE
[PROCESS] Popped result cx=4 cz=2 gen=2 type=GENERATE built=000002A04A18E0B0
[ADOPT] Adopting chunk (4,2) gen=2 role=1
[ADOPT] SUCCESS chunk (4,2) now resident. loaded_from_persist=0
[PROCESS] Adoption result: adopted=1 for cx=4 cz=2
[PROCESS] Popped result cx=3 cz=2 gen=2 type=GENERATE built=000002A04A18F6D0
[ADOPT] Adopting chunk (3,2) gen=2 role=1
[ADOPT] SUCCESS chunk (3,2) now resident. loaded_from_persist=0
[PROCESS] Adoption result: adopted=1 for cx=3 cz=2
[WORKER] Mesh complete cx=3 cz=3 built=000002A04A18D5A0
[WORKER] Queuing result cx=3 cz=3 gen=2 built=000002A04A18D5A0 results=0/768
[WORKER] Processing job cx=2 cz=5 gen=2 type=GENERATE
[PROCESS] Popped result cx=3 cz=3 gen=2 type=GENERATE built=000002A04A18D5A0
[ADOPT] Adopting chunk (3,3) gen=2 role=1
[ADOPT] SUCCESS chunk (3,3) now resident. loaded_from_persist=0
[PROCESS] Adoption result: adopted=1 for cx=3 cz=3
[WORKER] Mesh complete cx=5 cz=2 built=000002A04A190CF0
[WORKER] Queuing result cx=5 cz=2 gen=2 built=000002A04A190CF0 results=0/768
[WORKER] Processing job cx=1 cz=1 gen=2 type=GENERATE
[PROCESS] Popped result cx=5 cz=2 gen=2 type=GENERATE built=000002A04A190CF0
[ADOPT] Adopting chunk (5,2) gen=2 role=1
[ADOPT] SUCCESS chunk (5,2) now resident. loaded_from_persist=0
[PROCESS] Adoption result: adopted=1 for cx=5 cz=2
[WORKER] Mesh complete cx=3 cz=5 built=000002A052AE7F90
[WORKER] Queuing result cx=3 cz=5 gen=2 built=000002A052AE7F90 results=0/768
[WORKER] Processing job cx=5 cz=1 gen=2 type=GENERATE
[PROCESS] Popped result cx=3 cz=5 gen=2 type=GENERATE built=000002A052AE7F90
[ADOPT] Adopting chunk (3,5) gen=2 role=1
[ADOPT] SUCCESS chunk (3,5) now resident. loaded_from_persist=0
[PROCESS] Adoption result: adopted=1 for cx=3 cz=5
[WORKER] Mesh complete cx=4 cz=4 built=000002A052AE6970
[WORKER] Queuing result cx=4 cz=4 gen=2 built=000002A052AE6970 results=0/768
[WORKER] Processing job cx=1 cz=5 gen=2 type=GENERATE
[WORKER] Mesh complete cx=3 cz=4 built=000002A052AE5350
[WORKER] Queuing result cx=3 cz=4 gen=2 built=000002A052AE5350 results=1/768
[WORKER] Processing job cx=5 cz=5 gen=2 type=GENERATE
[PROCESS] Popped result cx=4 cz=4 gen=2 type=GENERATE built=000002A052AE6970
[ADOPT] Adopting chunk (4,4) gen=2 role=1
[ADOPT] SUCCESS chunk (4,4) now resident. loaded_from_persist=0
[PROCESS] Adoption result: adopted=1 for cx=4 cz=4
[PROCESS] Popped result cx=3 cz=4 gen=2 type=GENERATE built=000002A052AE5350
[ADOPT] Adopting chunk (3,4) gen=2 role=1
[ADOPT] SUCCESS chunk (3,4) now resident. loaded_from_persist=0
[PROCESS] Adoption result: adopted=1 for cx=3 cz=4
[WORKER] Mesh complete cx=3 cz=1 built=000002A052AEABD0
[WORKER] Queuing result cx=3 cz=1 gen=2 built=000002A052AEABD0 results=0/768
[PROCESS] Popped result cx=3 cz=1 gen=2 type=GENERATE built=000002A052AEABD0
[ADOPT] Adopting chunk (3,1) gen=2 role=1
[ADOPT] SUCCESS chunk (3,1) now resident. loaded_from_persist=0
[PROCESS] Adoption result: adopted=1 for cx=3 cz=1
[WORKER] Mesh complete cx=2 cz=4 built=000002A052AE95B0
[WORKER] Queuing result cx=2 cz=4 gen=2 built=000002A052AE95B0 results=0/768
[PROCESS] Popped result cx=2 cz=4 gen=2 type=GENERATE built=000002A052AE95B0
[ADOPT] Adopting chunk (2,4) gen=2 role=1
[ADOPT] SUCCESS chunk (2,4) now resident. loaded_from_persist=0
[PROCESS] Adoption result: adopted=1 for cx=2 cz=4
[WORKER] Mesh complete cx=2 cz=3 built=000002A052AE8AA0
[WORKER] Queuing result cx=2 cz=3 gen=2 built=000002A052AE8AA0 results=0/768
[PROCESS] Popped result cx=2 cz=3 gen=2 type=GENERATE built=000002A052AE8AA0
[ADOPT] Adopting chunk (2,3) gen=2 role=1
[ADOPT] SUCCESS chunk (2,3) now resident. loaded_from_persist=0
[PROCESS] Adoption result: adopted=1 for cx=2 cz=3
[WORKER] Mesh complete cx=1 cz=2 built=000002A052AEC1F0
[WORKER] Queuing result cx=1 cz=2 gen=2 built=000002A052AEC1F0 results=0/768
[WORKER] Mesh complete cx=2 cz=2 built=000002A052AECD00
[WORKER] Queuing result cx=2 cz=2 gen=2 built=000002A052AECD00 results=1/768
[PROCESS] Popped result cx=1 cz=2 gen=2 type=GENERATE built=000002A052AEC1F0
[ADOPT] Adopting chunk (1,2) gen=2 role=1
[ADOPT] SUCCESS chunk (1,2) now resident. loaded_from_persist=0
[PROCESS] Adoption result: adopted=1 for cx=1 cz=2
[WORKER] Mesh complete cx=1 cz=3 built=000002A052AEA0C0
[WORKER] Queuing result cx=1 cz=3 gen=2 built=000002A052AEA0C0 results=1/768
[PROCESS] Popped result cx=2 cz=2 gen=2 type=GENERATE built=000002A052AECD00
[ADOPT] Adopting chunk (2,2) gen=2 role=1
[ADOPT] SUCCESS chunk (2,2) now resident. loaded_from_persist=0
[PROCESS] Adoption result: adopted=1 for cx=2 cz=2
[PROCESS] Popped result cx=1 cz=3 gen=2 type=GENERATE built=000002A052AEA0C0
[ADOPT] Adopting chunk (1,3) gen=2 role=1
[ADOPT] SUCCESS chunk (1,3) now resident. loaded_from_persist=0
[PROCESS] Adoption result: adopted=1 for cx=1 cz=3
[WORKER] Mesh complete cx=1 cz=4 built=000002A052AEEE30
[WORKER] Queuing result cx=1 cz=4 gen=2 built=000002A052AEEE30 results=0/768
[WORKER] Meshing cx=5 cz=5 (persisted=0)
[WORKER] Meshing cx=5 cz=4 (persisted=0)
[WORKER] Meshing cx=4 cz=1 (persisted=0)
[WORKER] Meshing cx=4 cz=5 (persisted=0)
[WORKER] Meshing cx=5 cz=1 (persisted=0)
[WORKER] Meshing cx=1 cz=5 (persisted=0)
[WORKER] Meshing cx=2 cz=5 (persisted=0)
[WORKER] Meshing cx=2 cz=1 (persisted=0)
[WORKER] Meshing cx=1 cz=1 (persisted=0)
[WORKER] Mesh complete cx=5 cz=5 built=000002A052AE5E60
[WORKER] Queuing result cx=5 cz=5 gen=2 built=000002A052AE5E60 results=1/768
[WORKER] Mesh complete cx=5 cz=4 built=000002A052AE7480
[WORKER] Queuing result cx=5 cz=4 gen=2 built=000002A052AE7480 results=2/768
[WORKER] Mesh complete cx=4 cz=1 built=000002A052AE4840
[WORKER] Queuing result cx=4 cz=1 gen=2 built=000002A052AE4840 results=3/768
[WORKER] Mesh complete cx=4 cz=5 built=000002A052AED810
[WORKER] Queuing result cx=4 cz=5 gen=2 built=000002A052AED810 results=4/768
[WORKER] Mesh complete cx=1 cz=5 built=000002A052AEE320
[WORKER] Queuing result cx=1 cz=5 gen=2 built=000002A052AEE320 results=5/768
[WORKER] Mesh complete cx=5 cz=1 built=000002A052AEB6E0
[WORKER] Queuing result cx=5 cz=1 gen=2 built=000002A052AEB6E0 results=6/768
[WORKER] Mesh complete cx=2 cz=5 built=000002A052AEF940
[WORKER] Queuing result cx=2 cz=5 gen=2 built=000002A052AEF940 results=7/768
[WORKER] Mesh complete cx=2 cz=1 built=000002A052AF0450
[WORKER] Queuing result cx=2 cz=1 gen=2 built=000002A052AF0450 results=8/768
[WORKER] Mesh complete cx=1 cz=1 built=000002A052AF2580
[WORKER] Queuing result cx=1 cz=1 gen=2 built=000002A052AF2580 results=9/768
[READINESS] desired=9 resident=9 gpu_ready=9 | skips: not_primary=144 outside_radius=247 no_chunk=0 no_blocks=0 | pending: jobs=0 results=10
[PROCESS] Popped result cx=1 cz=4 gen=2 type=GENERATE built=000002A052AEEE30
[ADOPT] Adopting chunk (1,4) gen=2 role=1
[ADOPT] SUCCESS chunk (1,4) now resident. loaded_from_persist=0
[PROCESS] Adoption result: adopted=1 for cx=1 cz=4
[GEN_STAGE] end idx=8 name="Loading nearby chunks" duration=18047ms chunks=16 data_kb=0
[READINESS] desired=9 resident=9 gpu_ready=7 | skips: not_primary=144 outside_radius=247 no_chunk=0 no_blocks=0 | pending: jobs=0 results=9
[PROCESS] Popped result cx=5 cz=5 gen=2 type=GENERATE built=000002A052AE5E60
[ADOPT] Adopting chunk (5,5) gen=2 role=1
[ADOPT] SUCCESS chunk (5,5) now resident. loaded_from_persist=0
[PROCESS] Adoption result: adopted=1 for cx=5 cz=5
[PROCESS] Popped result cx=5 cz=4 gen=2 type=GENERATE built=000002A052AE7480
[ADOPT] Adopting chunk (5,4) gen=2 role=1
[ADOPT] SUCCESS chunk (5,4) now resident. loaded_from_persist=0
[PROCESS] Adoption result: adopted=1 for cx=5 cz=4
[STARTUP] terrain desired=9 resident=9 ready=5 jobs=0 results=7 no_cpu=4 upload=0 stale=0 far_only=0 other=0
[PROCESS] Popped result cx=4 cz=1 gen=2 type=GENERATE built=000002A052AE4840
[ADOPT] Adopting chunk (4,1) gen=2 role=1
[ADOPT] SUCCESS chunk (4,1) now resident. loaded_from_persist=0
[PROCESS] Adoption result: adopted=1 for cx=4 cz=1
[PROCESS] Popped result cx=4 cz=5 gen=2 type=GENERATE built=000002A052AED810
[ADOPT] Adopting chunk (4,5) gen=2 role=1
[ADOPT] SUCCESS chunk (4,5) now resident. loaded_from_persist=0
[PROCESS] Adoption result: adopted=1 for cx=4 cz=5
[PROCESS] Popped result cx=1 cz=5 gen=2 type=GENERATE built=000002A052AEE320
[ADOPT] Adopting chunk (1,5) gen=2 role=1
[ADOPT] SUCCESS chunk (1,5) now resident. loaded_from_persist=0
[PROCESS] Adoption result: adopted=1 for cx=1 cz=5
[PROCESS] Popped result cx=5 cz=1 gen=2 type=GENERATE built=000002A052AEB6E0
[ADOPT] Adopting chunk (5,1) gen=2 role=1
[ADOPT] SUCCESS chunk (5,1) now resident. loaded_from_persist=0
[PROCESS] Adoption result: adopted=1 for cx=5 cz=1
[PROCESS] Popped result cx=2 cz=5 gen=2 type=GENERATE built=000002A052AEF940
[ADOPT] Adopting chunk (2,5) gen=2 role=1
[ADOPT] SUCCESS chunk (2,5) now resident. loaded_from_persist=0
[PROCESS] Adoption result: adopted=1 for cx=2 cz=5
[PROCESS] Popped result cx=2 cz=1 gen=2 type=GENERATE built=000002A052AF0450
[ADOPT] Adopting chunk (2,1) gen=2 role=1
[ADOPT] SUCCESS chunk (2,1) now resident. loaded_from_persist=0
[PROCESS] Adoption result: adopted=1 for cx=2 cz=1
[PROCESS] Popped result cx=1 cz=1 gen=2 type=GENERATE built=000002A052AF2580
[ADOPT] Adopting chunk (1,1) gen=2 role=1
[ADOPT] SUCCESS chunk (1,1) now resident. loaded_from_persist=0
[PROCESS] Adoption result: adopted=1 for cx=1 cz=1
[RESIDENCY] STALL mode=superchunk desired=400(P256/F140/T4) resident=25(P25/F0/T0/E0) jobs=0 results=0 primary=(0,0) desired_sc=(0,0) transition=0
[RESIDENCY] missing desired chunks primary=231 ring=140 transition=4 desired=400 active=25
[READINESS] desired=9 resident=9 gpu_ready=1 | skips: not_primary=144 outside_radius=247 no_chunk=0 no_blocks=0 | pending: jobs=0 results=0
[STARTUP] terrain desired=9 resident=9 ready=1 jobs=0 results=0 no_cpu=8 upload=0 stale=0 far_only=0 other=0
[RESIDENCY] STALL mode=superchunk desired=400(P256/F140/T4) resident=25(P25/F0/T0/E0) jobs=0 results=0 primary=(0,0) desired_sc=(0,0) transition=0
[RESIDENCY] missing desired chunks primary=231 ring=140 transition=4 desired=400 active=25
[PLAYER] Test flight enabled (double SPACE, testing only)
[READINESS] desired=9 resident=9 gpu_ready=1 | skips: not_primary=144 outside_radius=247 no_chunk=0 no_blocks=0 | pending: jobs=0 results=0
[STARTUP] terrain desired=9 resident=9 ready=1 jobs=0 results=0 no_cpu=8 upload=0 stale=0 far_only=0 other=0
[RESIDENCY] STALL mode=superchunk desired=400(P256/F140/T4) resident=25(P25/F0/T0/E0) jobs=0 results=0 primary=(0,0) desired_sc=(0,0) transition=0
[RESIDENCY] missing desired chunks primary=231 ring=140 transition=4 desired=400 active=25
[WORKER] Processing job cx=6 cz=3 gen=2 type=GENERATE
[WORKER] Processing job cx=3 cz=6 gen=2 type=GENERATE
[WALL] HEALTH W=16/0/0 N=16/0/0 E=16/0/0 S=16/0/0 (desired/resident/ready)
[WORKER] Processing job cx=6 cz=2 gen=2 type=GENERATE
[WORKER] Processing job cx=2 cz=6 gen=2 type=GENERATE
[WORKER] Processing job cx=6 cz=4 gen=2 type=GENERATE
[WORKER] Processing job cx=6 cz=1 gen=2 type=GENERATE
[WORKER] Processing job cx=1 cz=6 gen=2 type=GENERATE
[WORKER] Processing job cx=6 cz=5 gen=2 type=GENERATE
[WORKER] Processing job cx=2 cz=7 gen=2 type=GENERATE
[WORKER] Processing job cx=7 cz=3 gen=2 type=GENERATE
[WORKER] Processing job cx=4 cz=7 gen=2 type=GENERATE
[WORKER] Processing job cx=7 cz=2 gen=2 type=GENERATE
[WORKER] Processing job cx=5 cz=6 gen=2 type=GENERATE
[WORKER] Processing job cx=3 cz=7 gen=2 type=GENERATE
[WORKER] Processing job cx=4 cz=6 gen=2 type=GENERATE
[WORKER] Processing job cx=7 cz=4 gen=2 type=GENERATE
[READINESS] desired=9 resident=9 gpu_ready=1 | skips: not_primary=144 outside_radius=247 no_chunk=0 no_blocks=0 | pending: jobs=359 results=0
[READINESS] desired=9 resident=9 gpu_ready=1 | skips: not_primary=144 outside_radius=247 no_chunk=0 no_blocks=0 | pending: jobs=359 results=0
[WORKER] Meshing cx=5 cz=6 (persisted=0)
[WORKER] Meshing cx=6 cz=5 (persisted=0)
[WORKER] Meshing cx=4 cz=6 (persisted=0)
[WORKER] Meshing cx=6 cz=2 (persisted=0)
[WORKER] Meshing cx=7 cz=4 (persisted=0)
[WORKER] Meshing cx=3 cz=7 (persisted=0)
[WORKER] Meshing cx=2 cz=7 (persisted=0)
[READINESS] desired=9 resident=9 gpu_ready=1 | skips: not_primary=144 outside_radius=247 no_chunk=0 no_blocks=0 | pending: jobs=359 results=0
[WORKER] Meshing cx=7 cz=2 (persisted=0)
[WORKER] Meshing cx=4 cz=7 (persisted=0)
[WORKER] Meshing cx=3 cz=6 (persisted=0)
[WORKER] Meshing cx=7 cz=3 (persisted=0)
[WORKER] Meshing cx=1 cz=6 (persisted=0)
[WORKER] Meshing cx=6 cz=4 (persisted=0)
[WORKER] Meshing cx=6 cz=3 (persisted=0)
[WORKER] Meshing cx=6 cz=1 (persisted=0)
[WORKER] Mesh complete cx=5 cz=6 built=000002A0396607E0
[WORKER] Queuing result cx=5 cz=6 gen=2 built=000002A0396607E0 results=0/768
[WORKER] Processing job cx=6 cz=6 gen=2 type=GENERATE
[WORKER] Meshing cx=2 cz=6 (persisted=0)
[PROCESS] Popped result cx=5 cz=6 gen=2 type=GENERATE built=000002A0396607E0
[ADOPT] Adopting chunk (5,6) gen=2 role=1
[ADOPT] SUCCESS chunk (5,6) now resident. loaded_from_persist=0
[PROCESS] Adoption result: adopted=1 for cx=5 cz=6
[WORKER] Mesh complete cx=6 cz=5 built=000002A039664A40
[WORKER] Queuing result cx=6 cz=5 gen=2 built=000002A039664A40 results=0/768
[WORKER] Processing job cx=7 cz=1 gen=2 type=GENERATE
[PROCESS] Popped result cx=6 cz=5 gen=2 type=GENERATE built=000002A039664A40
[ADOPT] Adopting chunk (6,5) gen=2 role=1
[ADOPT] SUCCESS chunk (6,5) now resident. loaded_from_persist=0
[PROCESS] Adoption result: adopted=1 for cx=6 cz=5
[READINESS] desired=9 resident=9 gpu_ready=1 | skips: not_primary=144 outside_radius=247 no_chunk=0 no_blocks=0 | pending: jobs=357 results=0
[WORKER] Mesh complete cx=4 cz=6 built=000002A039665550
[WORKER] Queuing result cx=4 cz=6 gen=2 built=000002A039665550 results=0/768
[WORKER] Processing job cx=1 cz=7 gen=2 type=GENERATE
[PROCESS] Popped result cx=4 cz=6 gen=2 type=GENERATE built=000002A039665550
[ADOPT] Adopting chunk (4,6) gen=2 role=1
[ADOPT] SUCCESS chunk (4,6) now resident. loaded_from_persist=0
[PROCESS] Adoption result: adopted=1 for cx=4 cz=6
[WORKER] Mesh complete cx=6 cz=2 built=000002A039662910
[WORKER] Queuing result cx=6 cz=2 gen=2 built=000002A039662910 results=0/768
[WORKER] Processing job cx=5 cz=7 gen=2 type=GENERATE
[PROCESS] Popped result cx=6 cz=2 gen=2 type=GENERATE built=000002A039662910
[ADOPT] Adopting chunk (6,2) gen=2 role=1
[ADOPT] SUCCESS chunk (6,2) now resident. loaded_from_persist=0
[PROCESS] Adoption result: adopted=1 for cx=6 cz=2
[WORKER] Mesh complete cx=7 cz=4 built=000002A039667680
[WORKER] Queuing result cx=7 cz=4 gen=2 built=000002A039667680 results=0/768
[WORKER] Processing job cx=7 cz=5 gen=2 type=GENERATE
[PROCESS] Popped result cx=7 cz=4 gen=2 type=GENERATE built=000002A039667680
[ADOPT] Adopting chunk (7,4) gen=2 role=1
[ADOPT] SUCCESS chunk (7,4) now resident. loaded_from_persist=0
[PROCESS] Adoption result: adopted=1 for cx=7 cz=4
[WORKER] Mesh complete cx=3 cz=7 built=000002A039666060
[WORKER] Queuing result cx=3 cz=7 gen=2 built=000002A039666060 results=0/768
[WORKER] Processing job cx=8 cz=3 gen=2 type=GENERATE
[PROCESS] Popped result cx=3 cz=7 gen=2 type=GENERATE built=000002A039666060
[ADOPT] Adopting chunk (3,7) gen=2 role=1
[ADOPT] SUCCESS chunk (3,7) now resident. loaded_from_persist=0
[PROCESS] Adoption result: adopted=1 for cx=3 cz=7
[WORKER] Mesh complete cx=3 cz=6 built=000002A0396697B0
[WORKER] Queuing result cx=3 cz=6 gen=2 built=000002A0396697B0 results=0/768
[WORKER] Processing job cx=3 cz=8 gen=2 type=GENERATE
[WORKER] Mesh complete cx=7 cz=2 built=000002A03966B8E0
[WORKER] Queuing result cx=7 cz=2 gen=2 built=000002A03966B8E0 results=1/768
[WORKER] Processing job cx=6 cz=7 gen=2 type=GENERATE
[PROCESS] Popped result cx=3 cz=6 gen=2 type=GENERATE built=000002A0396697B0
[ADOPT] Adopting chunk (3,6) gen=2 role=1
[WORKER] Mesh complete cx=4 cz=7 built=000002A03966F030
[WORKER] Queuing result cx=4 cz=7 gen=2 built=000002A03966F030 results=1/768
[WORKER] Processing job cx=7 cz=6 gen=2 type=GENERATE
[ADOPT] SUCCESS chunk (3,6) now resident. loaded_from_persist=0
[PROCESS] Adoption result: adopted=1 for cx=3 cz=6
[PROCESS] Popped result cx=7 cz=2 gen=2 type=GENERATE built=000002A03966B8E0
[ADOPT] Adopting chunk (7,2) gen=2 role=1
[ADOPT] SUCCESS chunk (7,2) now resident. loaded_from_persist=0
[PROCESS] Adoption result: adopted=1 for cx=7 cz=2
[PROCESS] Popped result cx=4 cz=7 gen=2 type=GENERATE built=000002A03966F030
[ADOPT] Adopting chunk (4,7) gen=2 role=1
[WORKER] Mesh complete cx=7 cz=3 built=000002A03966C3F0
[WORKER] Queuing result cx=7 cz=3 gen=2 built=000002A03966C3F0 results=0/768
[WORKER] Processing job cx=8 cz=4 gen=2 type=GENERATE
[ADOPT] SUCCESS chunk (4,7) now resident. loaded_from_persist=0
[PROCESS] Adoption result: adopted=1 for cx=4 cz=7
[PROCESS] Popped result cx=7 cz=3 gen=2 type=GENERATE built=000002A03966C3F0
[ADOPT] Adopting chunk (7,3) gen=2 role=1
[ADOPT] SUCCESS chunk (7,3) now resident. loaded_from_persist=0
[PROCESS] Adoption result: adopted=1 for cx=7 cz=3
[WORKER] Mesh complete cx=6 cz=3 built=000002A03966FB40
[WORKER] Queuing result cx=6 cz=3 gen=2 built=000002A03966FB40 results=0/768
[WORKER] Processing job cx=2 cz=8 gen=2 type=GENERATE
[PROCESS] Popped result cx=6 cz=3 gen=2 type=GENERATE built=000002A03966FB40
[ADOPT] Adopting chunk (6,3) gen=2 role=1
[ADOPT] SUCCESS chunk (6,3) now resident. loaded_from_persist=0
[PROCESS] Adoption result: adopted=1 for cx=6 cz=3
[WORKER] Mesh complete cx=2 cz=7 built=000002A077732BB0
[WORKER] Queuing result cx=2 cz=7 gen=2 built=000002A077732BB0 results=0/768
[WORKER] Processing job cx=4 cz=8 gen=2 type=GENERATE
[WORKER] Mesh complete cx=6 cz=4 built=000002A0777320A0
[WORKER] Queuing result cx=6 cz=4 gen=2 built=000002A0777320A0 results=1/768
[WORKER] Processing job cx=8 cz=2 gen=2 type=GENERATE
[PROCESS] Popped result cx=2 cz=7 gen=2 type=GENERATE built=000002A077732BB0
[ADOPT] Adopting chunk (2,7) gen=2 role=1
[ADOPT] SUCCESS chunk (2,7) now resident. loaded_from_persist=0
[PROCESS] Adoption result: adopted=1 for cx=2 cz=7
[PROCESS] Popped result cx=6 cz=4 gen=2 type=GENERATE built=000002A0777320A0
[ADOPT] Adopting chunk (6,4) gen=2 role=1
[ADOPT] SUCCESS chunk (6,4) now resident. loaded_from_persist=0
[PROCESS] Adoption result: adopted=1 for cx=6 cz=4
[WORKER] Mesh complete cx=6 cz=1 built=000002A0777341D0
[WORKER] Queuing result cx=6 cz=1 gen=2 built=000002A0777341D0 results=0/768
[WORKER] Processing job cx=1 cz=8 gen=2 type=GENERATE
[PROCESS] Popped result cx=6 cz=1 gen=2 type=GENERATE built=000002A0777341D0
[ADOPT] Adopting chunk (6,1) gen=2 role=1
[ADOPT] SUCCESS chunk (6,1) now resident. loaded_from_persist=0
[PROCESS] Adoption result: adopted=1 for cx=6 cz=1
[WORKER] Mesh complete cx=1 cz=6 built=000002A0777357F0
[WORKER] Queuing result cx=1 cz=6 gen=2 built=000002A0777357F0 results=0/768
[WORKER] Processing job cx=8 cz=5 gen=2 type=GENERATE
[PROCESS] Popped result cx=1 cz=6 gen=2 type=GENERATE built=000002A0777357F0
[ADOPT] Adopting chunk (1,6) gen=2 role=1
[ADOPT] SUCCESS chunk (1,6) now resident. loaded_from_persist=0
[PROCESS] Adoption result: adopted=1 for cx=1 cz=6
[WORKER] Mesh complete cx=2 cz=6 built=000002A07773A560
[WORKER] Queuing result cx=2 cz=6 gen=2 built=000002A07773A560 results=0/768
[WORKER] Processing job cx=5 cz=8 gen=2 type=GENERATE
[PROCESS] Popped result cx=2 cz=6 gen=2 type=GENERATE built=000002A07773A560
[ADOPT] Adopting chunk (2,6) gen=2 role=1
[ADOPT] SUCCESS chunk (2,6) now resident. loaded_from_persist=0
[PROCESS] Adoption result: adopted=1 for cx=2 cz=6
[WORKER] Meshing cx=6 cz=6 (persisted=0)
[READINESS] desired=9 resident=9 gpu_ready=1 | skips: not_primary=144 outside_radius=247 no_chunk=0 no_blocks=0 | pending: jobs=343 results=0
[WORKER] Meshing cx=1 cz=7 (persisted=0)
[WORKER] Meshing cx=8 cz=4 (persisted=0)
[WORKER] Meshing cx=7 cz=1 (persisted=0)
[WORKER] Meshing cx=8 cz=5 (persisted=0)
[WORKER] Meshing cx=8 cz=3 (persisted=0)
[WORKER] Meshing cx=7 cz=5 (persisted=0)
[WALL] HEALTH W=16/0/0 N=16/0/0 E=16/0/0 S=16/0/0 (desired/resident/ready)
[WORKER] Mesh complete cx=6 cz=6 built=000002A077736E10
[WORKER] Queuing result cx=6 cz=6 gen=2 built=000002A077736E10 results=0/768
[WORKER] Processing job cx=8 cz=1 gen=2 type=GENERATE
[PROCESS] Popped result cx=6 cz=6 gen=2 type=GENERATE built=000002A077736E10
[ADOPT] Adopting chunk (6,6) gen=2 role=1
[ADOPT] SUCCESS chunk (6,6) now resident. loaded_from_persist=0
[PROCESS] Adoption result: adopted=1 for cx=6 cz=6
[READINESS] desired=9 resident=9 gpu_ready=1 | skips: not_primary=144 outside_radius=247 no_chunk=0 no_blocks=0 | pending: jobs=342 results=0
[WORKER] Meshing cx=5 cz=7 (persisted=0)
[WORKER] Meshing cx=7 cz=6 (persisted=0)
[WORKER] Meshing cx=2 cz=8 (persisted=0)
[WORKER] Meshing cx=3 cz=8 (persisted=0)
[WORKER] Meshing cx=6 cz=7 (persisted=0)
[WORKER] Meshing cx=8 cz=2 (persisted=0)
[WORKER] Meshing cx=1 cz=8 (persisted=0)
[WORKER] Meshing cx=4 cz=8 (persisted=0)
[WORKER] Mesh complete cx=8 cz=4 built=000002A077734CE0
[WORKER] Queuing result cx=8 cz=4 gen=2 built=000002A077734CE0 results=0/768
[WORKER] Processing job cx=7 cz=7 gen=2 type=GENERATE
[PROCESS] Popped result cx=8 cz=4 gen=2 type=GENERATE built=000002A077734CE0
[ADOPT] Adopting chunk (8,4) gen=2 role=1
[ADOPT] SUCCESS chunk (8,4) now resident. loaded_from_persist=0
[PROCESS] Adoption result: adopted=1 for cx=8 cz=4
[WORKER] Meshing cx=5 cz=8 (persisted=0)
[WORKER] Mesh complete cx=1 cz=7 built=000002A0777336C0
[WORKER] Queuing result cx=1 cz=7 gen=2 built=000002A0777336C0 results=0/768
[WORKER] Processing job cx=8 cz=6 gen=2 type=GENERATE
[PROCESS] Popped result cx=1 cz=7 gen=2 type=GENERATE built=000002A0777336C0
[ADOPT] Adopting chunk (1,7) gen=2 role=1
[ADOPT] SUCCESS chunk (1,7) now resident. loaded_from_persist=0
[PROCESS] Adoption result: adopted=1 for cx=1 cz=7
[WORKER] Mesh complete cx=8 cz=5 built=000002A077739A50
[WORKER] Queuing result cx=8 cz=5 gen=2 built=000002A077739A50 results=0/768
[WORKER] Processing job cx=6 cz=8 gen=2 type=GENERATE
[PROCESS] Popped result cx=8 cz=5 gen=2 type=GENERATE built=000002A077739A50
[ADOPT] Adopting chunk (8,5) gen=2 role=1
[ADOPT] SUCCESS chunk (8,5) now resident. loaded_from_persist=0
[PROCESS] Adoption result: adopted=1 for cx=8 cz=5
[WORKER] Mesh complete cx=7 cz=1 built=000002A07773D1A0
[WORKER] Queuing result cx=7 cz=1 gen=2 built=000002A07773D1A0 results=0/768
[WORKER] Processing job cx=3 cz=9 gen=2 type=GENERATE
[PROCESS] Popped result cx=7 cz=1 gen=2 type=GENERATE built=000002A07773D1A0
[ADOPT] Adopting chunk (7,1) gen=2 role=1
[ADOPT] SUCCESS chunk (7,1) now resident. loaded_from_persist=0
[PROCESS] Adoption result: adopted=1 for cx=7 cz=1
[WORKER] Mesh complete cx=8 cz=3 built=000002A07773B070
[WORKER] Queuing result cx=8 cz=3 gen=2 built=000002A07773B070 results=0/768
[WORKER] Processing job cx=9 cz=3 gen=2 type=GENERATE
[PROCESS] Popped result cx=8 cz=3 gen=2 type=GENERATE built=000002A07773B070
[ADOPT] Adopting chunk (8,3) gen=2 role=1
[ADOPT] SUCCESS chunk (8,3) now resident. loaded_from_persist=0
[PROCESS] Adoption result: adopted=1 for cx=8 cz=3
[WORKER] Mesh complete cx=7 cz=5 built=000002A07773C690
[WORKER] Queuing result cx=7 cz=5 gen=2 built=000002A07773C690 results=0/768
[WORKER] Processing job cx=9 cz=4 gen=2 type=GENERATE
[PROCESS] Popped result cx=7 cz=5 gen=2 type=GENERATE built=000002A07773C690
[ADOPT] Adopting chunk (7,5) gen=2 role=1
[ADOPT] SUCCESS chunk (7,5) now resident. loaded_from_persist=0
[PROCESS] Adoption result: adopted=1 for cx=7 cz=5
[READINESS] desired=9 resident=9 gpu_ready=1 | skips: not_primary=144 outside_radius=247 no_chunk=0 no_blocks=0 | pending: jobs=336 results=0
[WORKER] Mesh complete cx=5 cz=7 built=000002A039663420
[WORKER] Queuing result cx=5 cz=7 gen=2 built=000002A039663420 results=0/768
[WORKER] Processing job cx=9 cz=2 gen=2 type=GENERATE
[PROCESS] Popped result cx=5 cz=7 gen=2 type=GENERATE built=000002A039663420
[ADOPT] Adopting chunk (5,7) gen=2 role=1
[ADOPT] SUCCESS chunk (5,7) now resident. loaded_from_persist=0
[PROCESS] Adoption result: adopted=1 for cx=5 cz=7
[WORKER] Mesh complete cx=7 cz=6 built=000002A039663F30
[WORKER] Queuing result cx=7 cz=6 gen=2 built=000002A039663F30 results=0/768
[WORKER] Processing job cx=4 cz=9 gen=2 type=GENERATE
[PROCESS] Popped result cx=7 cz=6 gen=2 type=GENERATE built=000002A039663F30
[ADOPT] Adopting chunk (7,6) gen=2 role=1
[ADOPT] SUCCESS chunk (7,6) now resident. loaded_from_persist=0
[PROCESS] Adoption result: adopted=1 for cx=7 cz=6
[WORKER] Mesh complete cx=3 cz=8 built=000002A03966A2C0
[WORKER] Queuing result cx=3 cz=8 gen=2 built=000002A03966A2C0 results=0/768
[WORKER] Processing job cx=2 cz=9 gen=2 type=GENERATE
[WORKER] Mesh complete cx=2 cz=8 built=000002A039668CA0
[WORKER] Queuing result cx=2 cz=8 gen=2 built=000002A039668CA0 results=1/768
[WORKER] Processing job cx=5 cz=9 gen=2 type=GENERATE
[PROCESS] Popped result cx=3 cz=8 gen=2 type=GENERATE built=000002A03966A2C0
[ADOPT] Adopting chunk (3,8) gen=2 role=1
[ADOPT] SUCCESS chunk (3,8) now resident. loaded_from_persist=0
[PROCESS] Adoption result: adopted=1 for cx=3 cz=8
[PROCESS] Popped result cx=2 cz=8 gen=2 type=GENERATE built=000002A039668CA0
[ADOPT] Adopting chunk (2,8) gen=2 role=1
[ADOPT] SUCCESS chunk (2,8) now resident. loaded_from_persist=0
[PROCESS] Adoption result: adopted=1 for cx=2 cz=8
[WORKER] Mesh complete cx=8 cz=2 built=000002A03966CF00
[WORKER] Queuing result cx=8 cz=2 gen=2 built=000002A03966CF00 results=0/768
[WORKER] Processing job cx=1 cz=9 gen=2 type=GENERATE
[WORKER] Mesh complete cx=6 cz=7 built=000002A04A18A960
[WORKER] Queuing result cx=6 cz=7 gen=2 built=000002A04A18A960 results=1/768
[WORKER] Processing job cx=9 cz=5 gen=2 type=GENERATE
[PROCESS] Popped result cx=8 cz=2 gen=2 type=GENERATE built=000002A03966CF00
[ADOPT] Adopting chunk (8,2) gen=2 role=1
[ADOPT] SUCCESS chunk (8,2) now resident. loaded_from_persist=0
[PROCESS] Adoption result: adopted=1 for cx=8 cz=2
[PROCESS] Popped result cx=6 cz=7 gen=2 type=GENERATE built=000002A04A18A960
[ADOPT] Adopting chunk (6,7) gen=2 role=1
[ADOPT] SUCCESS chunk (6,7) now resident. loaded_from_persist=0
[PROCESS] Adoption result: adopted=1 for cx=6 cz=7
[WORKER] Mesh complete cx=1 cz=8 built=000002A04A18CA90
[WORKER] Queuing result cx=1 cz=8 gen=2 built=000002A04A18CA90 results=0/768
[WORKER] Processing job cx=9 cz=1 gen=2 type=GENERATE
[PROCESS] Popped result cx=1 cz=8 gen=2 type=GENERATE built=000002A04A18CA90
[ADOPT] Adopting chunk (1,8) gen=2 role=1
[ADOPT] SUCCESS chunk (1,8) now resident. loaded_from_persist=0
[PROCESS] Adoption result: adopted=1 for cx=1 cz=8
[WORKER] Mesh complete cx=4 cz=8 built=000002A04A1901E0
[WORKER] Queuing result cx=4 cz=8 gen=2 built=000002A04A1901E0 results=0/768
[WORKER] Processing job cx=8 cz=7 gen=2 type=GENERATE
[PROCESS] Popped result cx=4 cz=8 gen=2 type=GENERATE built=000002A04A1901E0
[ADOPT] Adopting chunk (4,8) gen=2 role=1
[ADOPT] SUCCESS chunk (4,8) now resident. loaded_from_persist=0
[PROCESS] Adoption result: adopted=1 for cx=4 cz=8
[WORKER] Mesh complete cx=5 cz=8 built=000002A052AF0F60
[WORKER] Queuing result cx=5 cz=8 gen=2 built=000002A052AF0F60 results=0/768
[WORKER] Processing job cx=7 cz=8 gen=2 type=GENERATE
[PROCESS] Popped result cx=5 cz=8 gen=2 type=GENERATE built=000002A052AF0F60
[ADOPT] Adopting chunk (5,8) gen=2 role=1
[ADOPT] SUCCESS chunk (5,8) now resident. loaded_from_persist=0
[PROCESS] Adoption result: adopted=1 for cx=5 cz=8
[WORKER] Meshing cx=9 cz=4 (persisted=0)
[WORKER] Meshing cx=9 cz=3 (persisted=0)
[WORKER] Meshing cx=8 cz=1 (persisted=0)
[READINESS] desired=9 resident=9 gpu_ready=1 | skips: not_primary=144 outside_radius=247 no_chunk=0 no_blocks=0 | pending: jobs=327 results=0
[WORKER] Meshing cx=7 cz=7 (persisted=0)
[WORKER] Meshing cx=8 cz=6 (persisted=0)
[WORKER] Meshing cx=6 cz=8 (persisted=0)
[WORKER] Meshing cx=3 cz=9 (persisted=0)
[WORKER] Meshing cx=9 cz=2 (persisted=0)
[WORKER] Meshing cx=9 cz=5 (persisted=0)
[READINESS] desired=9 resident=9 gpu_ready=1 | skips: not_primary=144 outside_radius=247 no_chunk=0 no_blocks=0 | pending: jobs=327 results=0
[WORKER] Mesh complete cx=9 cz=4 built=000002A052AF1A70
[WORKER] Queuing result cx=9 cz=4 gen=2 built=000002A052AF1A70 results=0/768
[WORKER] Processing job cx=6 cz=9 gen=2 type=GENERATE
[PROCESS] Popped result cx=9 cz=4 gen=2 type=GENERATE built=000002A052AF1A70
[ADOPT] Adopting chunk (9,4) gen=2 role=1
[ADOPT] SUCCESS chunk (9,4) now resident. loaded_from_persist=0
[PROCESS] Adoption result: adopted=1 for cx=9 cz=4
[WORKER] Mesh complete cx=9 cz=3 built=000002A077736300
[WORKER] Queuing result cx=9 cz=3 gen=2 built=000002A077736300 results=0/768
[WORKER] Processing job cx=9 cz=6 gen=2 type=GENERATE
[PROCESS] Popped result cx=9 cz=3 gen=2 type=GENERATE built=000002A077736300
[ADOPT] Adopting chunk (9,3) gen=2 role=1
[ADOPT] SUCCESS chunk (9,3) now resident. loaded_from_persist=0
[PROCESS] Adoption result: adopted=1 for cx=9 cz=3
[WORKER] Mesh complete cx=8 cz=1 built=000002A077737920
[WORKER] Queuing result cx=8 cz=1 gen=2 built=000002A077737920 results=0/768
[WORKER] Processing job cx=10 cz=3 gen=2 type=GENERATE
[PROCESS] Popped result cx=8 cz=1 gen=2 type=GENERATE built=000002A077737920
[ADOPT] Adopting chunk (8,1) gen=2 role=1
[ADOPT] SUCCESS chunk (8,1) now resident. loaded_from_persist=0
[PROCESS] Adoption result: adopted=1 for cx=8 cz=1
[WORKER] Meshing cx=4 cz=9 (persisted=0)
[WORKER] Meshing cx=5 cz=9 (persisted=0)
[WORKER] Meshing cx=2 cz=9 (persisted=0)
[WORKER] Meshing cx=1 cz=9 (persisted=0)
[WORKER] Meshing cx=9 cz=1 (persisted=0)
[WORKER] Meshing cx=8 cz=7 (persisted=0)
[WORKER] Mesh complete cx=7 cz=7 built=000002A07773DCB0
[WORKER] Queuing result cx=7 cz=7 gen=2 built=000002A07773DCB0 results=0/768
[WORKER] Processing job cx=3 cz=10 gen=2 type=GENERATE
[PROCESS] Popped result cx=7 cz=7 gen=2 type=GENERATE built=000002A07773DCB0
[ADOPT] Adopting chunk (7,7) gen=2 role=1
[ADOPT] SUCCESS chunk (7,7) now resident. loaded_from_persist=0
[PROCESS] Adoption result: adopted=1 for cx=7 cz=7
[WORKER] Meshing cx=7 cz=8 (persisted=0)
[WORKER] Mesh complete cx=8 cz=6 built=000002A039666B70
[WORKER] Queuing result cx=8 cz=6 gen=2 built=000002A039666B70 results=0/768
[WORKER] Processing job cx=4 cz=10 gen=2 type=GENERATE
[PROCESS] Popped result cx=8 cz=6 gen=2 type=GENERATE built=000002A039666B70
[ADOPT] Adopting chunk (8,6) gen=2 role=1
[ADOPT] SUCCESS chunk (8,6) now resident. loaded_from_persist=0
[PROCESS] Adoption result: adopted=1 for cx=8 cz=6
[WORKER] Mesh complete cx=6 cz=8 built=000002A03966DA10
[WORKER] Queuing result cx=6 cz=8 gen=2 built=000002A03966DA10 results=0/768
[WORKER] Processing job cx=2 cz=10 gen=2 type=GENERATE
[PROCESS] Popped result cx=6 cz=8 gen=2 type=GENERATE built=000002A03966DA10
[ADOPT] Adopting chunk (6,8) gen=2 role=1
[ADOPT] SUCCESS chunk (6,8) now resident. loaded_from_persist=0
[PROCESS] Adoption result: adopted=1 for cx=6 cz=8
[WORKER] Mesh complete cx=9 cz=2 built=000002A03966E520
[WORKER] Queuing result cx=9 cz=2 gen=2 built=000002A03966E520 results=0/768
[WORKER] Processing job cx=8 cz=8 gen=2 type=GENERATE
[PROCESS] Popped result cx=9 cz=2 gen=2 type=GENERATE built=000002A03966E520
[ADOPT] Adopting chunk (9,2) gen=2 role=1
[ADOPT] SUCCESS chunk (9,2) now resident. loaded_from_persist=0
[PROCESS] Adoption result: adopted=1 for cx=9 cz=2
[WORKER] Mesh complete cx=3 cz=9 built=000002A052AF3BA0
[WORKER] Queuing result cx=3 cz=9 gen=2 built=000002A052AF3BA0 results=0/768
[WORKER] Processing job cx=10 cz=4 gen=2 type=GENERATE
[PROCESS] Popped result cx=3 cz=9 gen=2 type=GENERATE built=000002A052AF3BA0
[ADOPT] Adopting chunk (3,9) gen=2 role=1
[ADOPT] SUCCESS chunk (3,9) now resident. loaded_from_persist=0
[PROCESS] Adoption result: adopted=1 for cx=3 cz=9
[WORKER] Meshing cx=10 cz=3 (persisted=0)
[READINESS] desired=9 resident=9 gpu_ready=1 | skips: not_primary=144 outside_radius=247 no_chunk=0 no_blocks=0 | pending: jobs=319 results=0
[WORKER] Mesh complete cx=9 cz=5 built=000002A04A18EBC0
[WORKER] Queuing result cx=9 cz=5 gen=2 built=000002A04A18EBC0 results=0/768
[WORKER] Processing job cx=10 cz=2 gen=2 type=GENERATE
[PROCESS] Popped result cx=9 cz=5 gen=2 type=GENERATE built=000002A04A18EBC0
[ADOPT] Adopting chunk (9,5) gen=2 role=1
[ADOPT] SUCCESS chunk (9,5) now resident. loaded_from_persist=0
[PROCESS] Adoption result: adopted=1 for cx=9 cz=5
[WORKER] Mesh complete cx=4 cz=9 built=000002A076B4B3E0
[WORKER] Queuing result cx=4 cz=9 gen=2 built=000002A076B4B3E0 results=0/768
[WORKER] Processing job cx=7 cz=9 gen=2 type=GENERATE
[PROCESS] Popped result cx=4 cz=9 gen=2 type=GENERATE built=000002A076B4B3E0
[ADOPT] Adopting chunk (4,9) gen=2 role=1
[ADOPT] SUCCESS chunk (4,9) now resident. loaded_from_persist=0
[PROCESS] Adoption result: adopted=1 for cx=4 cz=9
[WORKER] Mesh complete cx=2 cz=9 built=000002A076B4A8D0
[WORKER] Queuing result cx=2 cz=9 gen=2 built=000002A076B4A8D0 results=0/768
[WORKER] Processing job cx=9 cz=7 gen=2 type=GENERATE
[PROCESS] Popped result cx=2 cz=9 gen=2 type=GENERATE built=000002A076B4A8D0
[ADOPT] Adopting chunk (2,9) gen=2 role=1
[ADOPT] SUCCESS chunk (2,9) now resident. loaded_from_persist=0
[PROCESS] Adoption result: adopted=1 for cx=2 cz=9
[WORKER] Mesh complete cx=5 cz=9 built=000002A076B4CA00
[WORKER] Queuing result cx=5 cz=9 gen=2 built=000002A076B4CA00 results=0/768
[WORKER] Processing job cx=10 cz=5 gen=2 type=GENERATE
[PROCESS] Popped result cx=5 cz=9 gen=2 type=GENERATE built=000002A076B4CA00
[ADOPT] Adopting chunk (5,9) gen=2 role=1
[ADOPT] SUCCESS chunk (5,9) now resident. loaded_from_persist=0
[PROCESS] Adoption result: adopted=1 for cx=5 cz=9
[WORKER] Mesh complete cx=1 cz=9 built=000002A076B50150
[WORKER] Queuing result cx=1 cz=9 gen=2 built=000002A076B50150 results=0/768
[WORKER] Processing job cx=5 cz=10 gen=2 type=GENERATE
[PROCESS] Popped result cx=1 cz=9 gen=2 type=GENERATE built=000002A076B50150
[ADOPT] Adopting chunk (1,9) gen=2 role=1
[ADOPT] SUCCESS chunk (1,9) now resident. loaded_from_persist=0
[PROCESS] Adoption result: adopted=1 for cx=1 cz=9
[WORKER] Mesh complete cx=8 cz=7 built=000002A076B50C60
[WORKER] Queuing result cx=8 cz=7 gen=2 built=000002A076B50C60 results=0/768
[WORKER] Processing job cx=1 cz=10 gen=2 type=GENERATE
[WORKER] Mesh complete cx=9 cz=1 built=000002A076B52280
[WORKER] Queuing result cx=9 cz=1 gen=2 built=000002A076B52280 results=1/768
[WORKER] Processing job cx=10 cz=1 gen=2 type=GENERATE
[PROCESS] Popped result cx=8 cz=7 gen=2 type=GENERATE built=000002A076B50C60
[ADOPT] Adopting chunk (8,7) gen=2 role=1
[ADOPT] SUCCESS chunk (8,7) now resident. loaded_from_persist=0
[PROCESS] Adoption result: adopted=1 for cx=8 cz=7
[PROCESS] Popped result cx=9 cz=1 gen=2 type=GENERATE built=000002A076B52280
[ADOPT] Adopting chunk (9,1) gen=2 role=1
[ADOPT] SUCCESS chunk (9,1) now resident. loaded_from_persist=0
[PROCESS] Adoption result: adopted=1 for cx=9 cz=1
[WORKER] Mesh complete cx=7 cz=8 built=000002A076B52D90
[WORKER] Queuing result cx=7 cz=8 gen=2 built=000002A076B52D90 results=0/768
[WORKER] Processing job cx=6 cz=10 gen=2 type=GENERATE
[PROCESS] Popped result cx=7 cz=8 gen=2 type=GENERATE built=000002A076B52D90
[ADOPT] Adopting chunk (7,8) gen=2 role=1
[ADOPT] SUCCESS chunk (7,8) now resident. loaded_from_persist=0
[PROCESS] Adoption result: adopted=1 for cx=7 cz=8
[WORKER] Meshing cx=9 cz=6 (persisted=0)
[WORKER] Meshing cx=6 cz=9 (persisted=0)
[WALL] HEALTH W=16/0/0 N=16/0/0 E=16/0/0 S=16/0/0 (desired/resident/ready)
[WORKER] Meshing cx=10 cz=4 (persisted=0)
[READINESS] desired=9 resident=9 gpu_ready=1 | skips: not_primary=144 outside_radius=247 no_chunk=0 no_blocks=0 | pending: jobs=311 results=0
[WORKER] Meshing cx=10 cz=2 (persisted=0)
[WORKER] Mesh complete cx=10 cz=3 built=000002A076B51770
[WORKER] Queuing result cx=10 cz=3 gen=2 built=000002A076B51770 results=0/768
[WORKER] Processing job cx=10 cz=6 gen=2 type=GENERATE
[PROCESS] Popped result cx=10 cz=3 gen=2 type=GENERATE built=000002A076B51770
[ADOPT] Adopting chunk (10,3) gen=2 role=1
[ADOPT] SUCCESS chunk (10,3) now resident. loaded_from_persist=0
[PROCESS] Adoption result: adopted=1 for cx=10 cz=3
[WORKER] Meshing cx=3 cz=10 (persisted=0)
[WORKER] Meshing cx=4 cz=10 (persisted=0)
[WORKER] Meshing cx=2 cz=10 (persisted=0)
[WORKER] Meshing cx=8 cz=8 (persisted=0)
[READINESS] desired=9 resident=9 gpu_ready=1 | skips: not_primary=144 outside_radius=247 no_chunk=0 no_blocks=0 | pending: jobs=310 results=0
[WORKER] Mesh complete cx=9 cz=6 built=000002A076B57B00
[WORKER] Queuing result cx=9 cz=6 gen=2 built=000002A076B57B00 results=0/768
[WORKER] Processing job cx=9 cz=8 gen=2 type=GENERATE
[PROCESS] Popped result cx=9 cz=6 gen=2 type=GENERATE built=000002A076B57B00
[ADOPT] Adopting chunk (9,6) gen=2 role=1
[ADOPT] SUCCESS chunk (9,6) now resident. loaded_from_persist=0
[PROCESS] Adoption result: adopted=1 for cx=9 cz=6
[WORKER] Mesh complete cx=10 cz=4 built=000002A076B54EC0
[WORKER] Queuing result cx=10 cz=4 gen=2 built=000002A076B54EC0 results=0/768
[WORKER] Processing job cx=8 cz=9 gen=2 type=GENERATE
[PROCESS] Popped result cx=10 cz=4 gen=2 type=GENERATE built=000002A076B54EC0
[ADOPT] Adopting chunk (10,4) gen=2 role=1
[ADOPT] SUCCESS chunk (10,4) now resident. loaded_from_persist=0
[PROCESS] Adoption result: adopted=1 for cx=10 cz=4
[WORKER] Mesh complete cx=10 cz=2 built=000002A076B559D0
[WORKER] Queuing result cx=10 cz=2 gen=2 built=000002A076B559D0 results=0/768
[WORKER] Processing job cx=3 cz=11 gen=2 type=GENERATE
[PROCESS] Popped result cx=10 cz=2 gen=2 type=GENERATE built=000002A076B559D0
[ADOPT] Adopting chunk (10,2) gen=2 role=1
[ADOPT] SUCCESS chunk (10,2) now resident. loaded_from_persist=0
[PROCESS] Adoption result: adopted=1 for cx=10 cz=2
[WORKER] Meshing cx=10 cz=1 (persisted=0)
[WORKER] Meshing cx=7 cz=9 (persisted=0)
[WORKER] Mesh complete cx=6 cz=9 built=000002A076B4D510
[WORKER] Queuing result cx=6 cz=9 gen=2 built=000002A076B4D510 results=0/768
[WORKER] Processing job cx=11 cz=3 gen=2 type=GENERATE
[PROCESS] Popped result cx=6 cz=9 gen=2 type=GENERATE built=000002A076B4D510
[ADOPT] Adopting chunk (6,9) gen=2 role=1
[ADOPT] SUCCESS chunk (6,9) now resident. loaded_from_persist=0
[PROCESS] Adoption result: adopted=1 for cx=6 cz=9
[WORKER] Meshing cx=9 cz=7 (persisted=0)
[WORKER] Meshing cx=10 cz=5 (persisted=0)
[WORKER] Meshing cx=5 cz=10 (persisted=0)
[WORKER] Meshing cx=1 cz=10 (persisted=0)
[WORKER] Mesh complete cx=3 cz=10 built=000002A076B4BEF0
[WORKER] Queuing result cx=3 cz=10 gen=2 built=000002A076B4BEF0 results=0/768
[WORKER] Processing job cx=11 cz=4 gen=2 type=GENERATE
[PROCESS] Popped result cx=3 cz=10 gen=2 type=GENERATE built=000002A076B4BEF0
[ADOPT] Adopting chunk (3,10) gen=2 role=1
[ADOPT] SUCCESS chunk (3,10) now resident. loaded_from_persist=0
[PROCESS] Adoption result: adopted=1 for cx=3 cz=10
[READINESS] desired=9 resident=9 gpu_ready=1 | skips: not_primary=144 outside_radius=247 no_chunk=0 no_blocks=0 | pending: jobs=305 results=0
[WORKER] Meshing cx=6 cz=10 (persisted=0)
[WORKER] Mesh complete cx=4 cz=10 built=000002A076B4F640
[WORKER] Queuing result cx=4 cz=10 gen=2 built=000002A076B4F640 results=0/768
[WORKER] Processing job cx=10 cz=7 gen=2 type=GENERATE
[PROCESS] Popped result cx=4 cz=10 gen=2 type=GENERATE built=000002A076B4F640
[ADOPT] Adopting chunk (4,10) gen=2 role=1
[ADOPT] SUCCESS chunk (4,10) now resident. loaded_from_persist=0
[PROCESS] Adoption result: adopted=1 for cx=4 cz=10
[WORKER] Mesh complete cx=2 cz=10 built=000002A076B543B0
[WORKER] Queuing result cx=2 cz=10 gen=2 built=000002A076B543B0 results=0/768
[WORKER] Processing job cx=7 cz=10 gen=2 type=GENERATE
[PROCESS] Popped result cx=2 cz=10 gen=2 type=GENERATE built=000002A076B543B0
[ADOPT] Adopting chunk (2,10) gen=2 role=1
[ADOPT] SUCCESS chunk (2,10) now resident. loaded_from_persist=0
[PROCESS] Adoption result: adopted=1 for cx=2 cz=10
[WORKER] Mesh complete cx=8 cz=8 built=000002A077738430
[WORKER] Queuing result cx=8 cz=8 gen=2 built=000002A077738430 results=0/768
[WORKER] Processing job cx=2 cz=11 gen=2 type=GENERATE
[PROCESS] Popped result cx=8 cz=8 gen=2 type=GENERATE built=000002A077738430
[ADOPT] Adopting chunk (8,8) gen=2 role=1
[WORKER] Meshing cx=10 cz=6 (persisted=0)
[ADOPT] SUCCESS chunk (8,8) now resident. loaded_from_persist=0
[PROCESS] Adoption result: adopted=1 for cx=8 cz=8
[WORKER] Meshing cx=11 cz=3 (persisted=0)
[WORKER] Mesh complete cx=10 cz=1 built=000002A077738F40
[WORKER] Queuing result cx=10 cz=1 gen=2 built=000002A077738F40 results=0/768
[WORKER] Processing job cx=4 cz=11 gen=2 type=GENERATE
[PROCESS] Popped result cx=10 cz=1 gen=2 type=GENERATE built=000002A077738F40
[ADOPT] Adopting chunk (10,1) gen=2 role=1
[ADOPT] SUCCESS chunk (10,1) now resident. loaded_from_persist=0
[PROCESS] Adoption result: adopted=1 for cx=10 cz=1
[WORKER] Mesh complete cx=7 cz=9 built=000002A039668190
[WORKER] Queuing result cx=7 cz=9 gen=2 built=000002A039668190 results=0/768
[WORKER] Processing job cx=11 cz=2 gen=2 type=GENERATE
[PROCESS] Popped result cx=7 cz=9 gen=2 type=GENERATE built=000002A039668190
[ADOPT] Adopting chunk (7,9) gen=2 role=1
[ADOPT] SUCCESS chunk (7,9) now resident. loaded_from_persist=0
[PROCESS] Adoption result: adopted=1 for cx=7 cz=9
[WORKER] Mesh complete cx=10 cz=5 built=000002A076B538A0
[WORKER] Queuing result cx=10 cz=5 gen=2 built=000002A076B538A0 results=0/768
[WORKER] Processing job cx=5 cz=11 gen=2 type=GENERATE
[PROCESS] Popped result cx=10 cz=5 gen=2 type=GENERATE built=000002A076B538A0
[ADOPT] Adopting chunk (10,5) gen=2 role=1
[WORKER] Mesh complete cx=9 cz=7 built=000002A04A191800
[WORKER] Queuing result cx=9 cz=7 gen=2 built=000002A04A191800 results=0/768
[WORKER] Processing job cx=11 cz=1 gen=2 type=GENERATE
[ADOPT] SUCCESS chunk (10,5) now resident. loaded_from_persist=0
[PROCESS] Adoption result: adopted=1 for cx=10 cz=5
[PROCESS] Popped result cx=9 cz=7 gen=2 type=GENERATE built=000002A04A191800
[ADOPT] Adopting chunk (9,7) gen=2 role=1
[ADOPT] SUCCESS chunk (9,7) now resident. loaded_from_persist=0
[PROCESS] Adoption result: adopted=1 for cx=9 cz=7
[READINESS] desired=9 resident=9 gpu_ready=1 | skips: not_primary=144 outside_radius=247 no_chunk=0 no_blocks=0 | pending: jobs=298 results=0
[WORKER] Mesh complete cx=5 cz=10 built=000002A075E09200
[WORKER] Queuing result cx=5 cz=10 gen=2 built=000002A075E09200 results=0/768
[WORKER] Processing job cx=1 cz=11 gen=2 type=GENERATE
[PROCESS] Popped result cx=5 cz=10 gen=2 type=GENERATE built=000002A075E09200
[ADOPT] Adopting chunk (5,10) gen=2 role=1
[ADOPT] SUCCESS chunk (5,10) now resident. loaded_from_persist=0
[PROCESS] Adoption result: adopted=1 for cx=5 cz=10
[WORKER] Mesh complete cx=1 cz=10 built=000002A075E09D10
[WORKER] Queuing result cx=1 cz=10 gen=2 built=000002A075E09D10 results=0/768
[WORKER] Processing job cx=11 cz=5 gen=2 type=GENERATE
[PROCESS] Popped result cx=1 cz=10 gen=2 type=GENERATE built=000002A075E09D10
[ADOPT] Adopting chunk (1,10) gen=2 role=1
[ADOPT] SUCCESS chunk (1,10) now resident. loaded_from_persist=0
[PROCESS] Adoption result: adopted=1 for cx=1 cz=10
[WORKER] Mesh complete cx=6 cz=10 built=000002A075E07BE0
[WORKER] Queuing result cx=6 cz=10 gen=2 built=000002A075E07BE0 results=0/768
[WORKER] Processing job cx=9 cz=9 gen=2 type=GENERATE
[PROCESS] Popped result cx=6 cz=10 gen=2 type=GENERATE built=000002A075E07BE0
[ADOPT] Adopting chunk (6,10) gen=2 role=1
[ADOPT] SUCCESS chunk (6,10) now resident. loaded_from_persist=0
[PROCESS] Adoption result: adopted=1 for cx=6 cz=10
[WORKER] Meshing cx=9 cz=8 (persisted=0)
[WORKER] Meshing cx=8 cz=9 (persisted=0)
[WORKER] Mesh complete cx=10 cz=6 built=000002A075E0A820
[WORKER] Queuing result cx=10 cz=6 gen=2 built=000002A075E0A820 results=0/768
[WORKER] Processing job cx=11 cz=6 gen=2 type=GENERATE
[PROCESS] Popped result cx=10 cz=6 gen=2 type=GENERATE built=000002A075E0A820
[ADOPT] Adopting chunk (10,6) gen=2 role=1
[ADOPT] SUCCESS chunk (10,6) now resident. loaded_from_persist=0
[PROCESS] Adoption result: adopted=1 for cx=10 cz=6
[WORKER] Meshing cx=11 cz=4 (persisted=0)
[WORKER] Meshing cx=3 cz=11 (persisted=0)
[WORKER] Mesh complete cx=11 cz=3 built=000002A075E0B330
[WORKER] Queuing result cx=11 cz=3 gen=2 built=000002A075E0B330 results=0/768
[WORKER] Processing job cx=6 cz=11 gen=2 type=GENERATE
[PROCESS] Popped result cx=11 cz=3 gen=2 type=GENERATE built=000002A075E0B330
[ADOPT] Adopting chunk (11,3) gen=2 role=1
[ADOPT] SUCCESS chunk (11,3) now resident. loaded_from_persist=0
[PROCESS] Adoption result: adopted=1 for cx=11 cz=3
[WORKER] Meshing cx=11 cz=2 (persisted=0)
[READINESS] desired=9 resident=9 gpu_ready=1 | skips: not_primary=144 outside_radius=247 no_chunk=0 no_blocks=0 | pending: jobs=293 results=0
[WORKER] Meshing cx=11 cz=1 (persisted=0)
The thread 'D3D Background Thread 0' (31708) has exited with code 0 (0x0).
The thread 28132 has exited with code 0 (0x0).
The thread 33920 has exited with code 0 (0x0).
The thread 'Internal D3D12 Sync Thread' (40328) has exited with code 0 (0x0).
The thread 'Internal D3D12 Sync Thread' (34856) has exited with code 0 (0x0).
The thread 30360 has exited with code 0 (0x0).
The thread 27184 has exited with code 0 (0x0).
The thread 'D3D Background Thread 2' (23792) has exited with code 0 (0x0).
The thread 'D3D Background Thread 1' (18424) has exited with code 0 (0x0).
The thread 29380 has exited with code 0 (0x0).
The thread 'D3D Background Thread 3' (21192) has exited with code 0 (0x0).
The thread 44980 has exited with code 0 (0x0).
The thread 37452 has exited with code 0 (0x0).
The thread 39400 has exited with code 0 (0x0).
The thread 28780 has exited with code 0 (0x0).
The thread 29392 has exited with code 0 (0x0).
The thread 30036 has exited with code 0 (0x0).
The thread 27744 has exited with code 0 (0x0).
The thread 43128 has exited with code 0 (0x0).
The thread 43752 has exited with code 0 (0x0).
The thread 12456 has exited with code 0 (0x0).
The thread 23764 has exited with code 0 (0x0).
The thread 42132 has exited with code 0 (0x0).
The thread 23568 has exited with code 0 (0x0).
The thread 32712 has exited with code 0 (0x0).
The thread 46716 has exited with code 0 (0x0).
The thread 17056 has exited with code 0 (0x0).
The thread 30572 has exited with code 0 (0x0).
The thread 44220 has exited with code 0 (0x0).
The thread 26028 has exited with code 0 (0x0).
The thread 40804 has exited with code 0 (0x0).
The thread 46640 has exited with code 0 (0x0).
The thread 3812 has exited with code 0 (0x0).
The thread 30556 has exited with code 0 (0x0).
The thread 28720 has exited with code 0 (0x0).
The thread 37996 has exited with code 0 (0x0).
The thread 42880 has exited with code 0 (0x0).
The thread 35964 has exited with code 0 (0x0).
The thread 37808 has exited with code 0 (0x0).
The thread 46284 has exited with code 0 (0x0).
The thread 12692 has exited with code 0 (0x0).
The thread 37784 has exited with code 0 (0x0).
The thread 39000 has exited with code 0 (0x0).
The thread 23140 has exited with code 0 (0x0).
The thread 8328 has exited with code 0 (0x0).
The program '[44420] NqlSDK.exe' has exited with code 0 (0x0).
